ERROR - 2024-04-03 11:27:07 --> Error connecting to the database: mysqli_sql_exception: No connection could be made because the target machine actively refused it in D:\laragon\www\citypeso\system\Database\MySQLi\Connection.php:185
Stack trace:
#0 D:\laragon\www\citypeso\system\Database\MySQLi\Connection.php(185): mysqli->real_connect('localhost', 'root', '', 'citypeso', 3306, '', 0)
#1 D:\laragon\www\citypeso\system\Database\BaseConnection.php(392): CodeIgniter\Database\MySQLi\Connection->connect(false)
#2 D:\laragon\www\citypeso\system\Database\BaseConnection.php(575): CodeIgniter\Database\BaseConnection->initialize()
#3 D:\laragon\www\citypeso\system\Database\BaseBuilder.php(1613): CodeIgniter\Database\BaseConnection->query('SELECT *\nFROM `...', Array, false)
#4 D:\laragon\www\citypeso\system\Model.php(270): CodeIgniter\Database\BaseBuilder->get()
#5 D:\laragon\www\citypeso\system\BaseModel.php(676): CodeIgniter\Model->doFirst()
#6 D:\laragon\www\citypeso\app\Controllers\JobseekerController.php(308): CodeIgniter\BaseModel->first()
#7 D:\laragon\www\citypeso\system\CodeIgniter.php(941): App\Controllers\JobseekerController->jloginprocess()
#8 D:\laragon\www\citypeso\system\CodeIgniter.php(502): CodeIgniter\CodeIgniter->runController(Object(App\Controllers\JobseekerController))
#9 D:\laragon\www\citypeso\system\CodeIgniter.php(361): CodeIgniter\CodeIgniter->handleRequest(NULL, Object(Config\Cache), false)
#10 D:\laragon\www\citypeso\public\index.php(79): CodeIgniter\CodeIgniter->run()
#11 D:\laragon\www\citypeso\system\Commands\Server\rewrite.php(47): require_once('D:\\laragon\\www\\...')
#12 {main}

Next CodeIgniter\Database\Exceptions\DatabaseException: No connection could be made because the target machine actively refused it in D:\laragon\www\citypeso\system\Database\MySQLi\Connection.php:229
Stack trace:
#0 D:\laragon\www\citypeso\system\Database\BaseConnection.php(392): CodeIgniter\Database\MySQLi\Connection->connect(false)
#1 D:\laragon\www\citypeso\system\Database\BaseConnection.php(575): CodeIgniter\Database\BaseConnection->initialize()
#2 D:\laragon\www\citypeso\system\Database\BaseBuilder.php(1613): CodeIgniter\Database\BaseConnection->query('SELECT *\nFROM `...', Array, false)
#3 D:\laragon\www\citypeso\system\Model.php(270): CodeIgniter\Database\BaseBuilder->get()
#4 D:\laragon\www\citypeso\system\BaseModel.php(676): CodeIgniter\Model->doFirst()
#5 D:\laragon\www\citypeso\app\Controllers\JobseekerController.php(308): CodeIgniter\BaseModel->first()
#6 D:\laragon\www\citypeso\system\CodeIgniter.php(941): App\Controllers\JobseekerController->jloginprocess()
#7 D:\laragon\www\citypeso\system\CodeIgniter.php(502): CodeIgniter\CodeIgniter->runController(Object(App\Controllers\JobseekerController))
#8 D:\laragon\www\citypeso\system\CodeIgniter.php(361): CodeIgniter\CodeIgniter->handleRequest(NULL, Object(Config\Cache), false)
#9 D:\laragon\www\citypeso\public\index.php(79): CodeIgniter\CodeIgniter->run()
#10 D:\laragon\www\citypeso\system\Commands\Server\rewrite.php(47): require_once('D:\\laragon\\www\\...')
#11 {main}
CRITICAL - 2024-04-03 11:27:07 --> CodeIgniter\Database\Exceptions\DatabaseException: Unable to connect to the database.
Main connection [MySQLi]: No connection could be made because the target machine actively refused it
in SYSTEMPATH\Database\BaseConnection.php on line 428.
 1 SYSTEMPATH\Database\BaseConnection.php(575): CodeIgniter\Database\BaseConnection->initialize()
 2 SYSTEMPATH\Database\BaseBuilder.php(1613): CodeIgniter\Database\BaseConnection->query('SELECT *
FROM `jobseekerlogin`
WHERE `emailAddress` = :emailAddress:
 LIMIT 1', [...], false)
 3 SYSTEMPATH\Model.php(270): CodeIgniter\Database\BaseBuilder->get()
 4 SYSTEMPATH\BaseModel.php(676): CodeIgniter\Model->doFirst()
 5 APPPATH\Controllers\JobseekerController.php(308): CodeIgniter\BaseModel->first()
 6 SYSTEMPATH\CodeIgniter.php(941): App\Controllers\JobseekerController->jloginprocess()
 7 SYSTEMPATH\CodeIgniter.php(502): CodeIgniter\CodeIgniter->runController(Object(App\Controllers\JobseekerController))
 8 SYSTEMPATH\CodeIgniter.php(361): CodeIgniter\CodeIgniter->handleRequest(null, Object(Config\Cache), false)
 9 FCPATH\index.php(79): CodeIgniter\CodeIgniter->run()
10 SYSTEMPATH\Commands\Server\rewrite.php(47): require_once('D:\\laragon\\www\\citypeso\\public\\index.php')
