CRITICAL - 2024-03-06 01:57:12 --> ParseError: syntax error, unexpected token ")"
in APPPATH\Views\employer\pages\joblist.php on line 17.
 1 SYSTEMPATH\View\View.php(231): CodeIgniter\View\View->CodeIgniter\View\{closure}()
 2 SYSTEMPATH\Common.php(1178): CodeIgniter\View\View->render('employer/pages/joblist', [], true)
 3 APPPATH\Controllers\EmployerController.php(58): view('employer/pages/joblist', [...])
 4 SYSTEMPATH\CodeIgniter.php(941): App\Controllers\EmployerController->employerjobs()
 5 SYSTEMPATH\CodeIgniter.php(502): CodeIgniter\CodeIgniter->runController(Object(App\Controllers\EmployerController))
 6 SYSTEMPATH\CodeIgniter.php(361): CodeIgniter\CodeIgniter->handleRequest(null, Object(Config\Cache), false)
 7 FCPATH\index.php(79): CodeIgniter\CodeIgniter->run()
 8 SYSTEMPATH\Commands\Server\rewrite.php(47): require_once('D:\\laragon\\www\\citypeso\\public\\index.php')
CRITICAL - 2024-03-06 02:00:33 --> ParseError: syntax error, unexpected token "<"
in APPPATH\Views\employer\pages\joblist.php on line 18.
 1 SYSTEMPATH\View\View.php(231): CodeIgniter\View\View->CodeIgniter\View\{closure}()
 2 SYSTEMPATH\Common.php(1178): CodeIgniter\View\View->render('employer/pages/joblist', [], true)
 3 APPPATH\Controllers\EmployerController.php(58): view('employer/pages/joblist', [...])
 4 SYSTEMPATH\CodeIgniter.php(941): App\Controllers\EmployerController->employerjobs()
 5 SYSTEMPATH\CodeIgniter.php(502): CodeIgniter\CodeIgniter->runController(Object(App\Controllers\EmployerController))
 6 SYSTEMPATH\CodeIgniter.php(361): CodeIgniter\CodeIgniter->handleRequest(null, Object(Config\Cache), false)
 7 FCPATH\index.php(79): CodeIgniter\CodeIgniter->run()
 8 SYSTEMPATH\Commands\Server\rewrite.php(47): require_once('D:\\laragon\\www\\citypeso\\public\\index.php')
CRITICAL - 2024-03-06 02:01:29 --> ErrorException: Undefined array key "profileStatus"
in APPPATH\Views\employer\pages\joblist.php on line 17.
 1 APPPATH\Views\employer\pages\joblist.php(17): CodeIgniter\Debug\Exceptions->errorHandler(2, 'Undefined array key "profileStatus"', 'D:\\laragon\\www\\citypeso\\app\\Views\\employer\\pages\\joblist.php', 17)
 2 SYSTEMPATH\View\View.php(228): include('D:\\laragon\\www\\citypeso\\app\\Views\\employer\\pages\\joblist.php')
 3 SYSTEMPATH\View\View.php(231): CodeIgniter\View\View->CodeIgniter\View\{closure}()
 4 SYSTEMPATH\Common.php(1178): CodeIgniter\View\View->render('employer/pages/joblist', [], true)
 5 APPPATH\Controllers\EmployerController.php(58): view('employer/pages/joblist', [...])
 6 SYSTEMPATH\CodeIgniter.php(941): App\Controllers\EmployerController->employerjobs()
 7 SYSTEMPATH\CodeIgniter.php(502): CodeIgniter\CodeIgniter->runController(Object(App\Controllers\EmployerController))
 8 SYSTEMPATH\CodeIgniter.php(361): CodeIgniter\CodeIgniter->handleRequest(null, Object(Config\Cache), false)
 9 FCPATH\index.php(79): CodeIgniter\CodeIgniter->run()
10 SYSTEMPATH\Commands\Server\rewrite.php(47): require_once('D:\\laragon\\www\\citypeso\\public\\index.php')
CRITICAL - 2024-03-06 02:03:03 --> ErrorException: Undefined array key "profileStatus"
in APPPATH\Views\employer\pages\joblist.php on line 17.
 1 APPPATH\Views\employer\pages\joblist.php(17): CodeIgniter\Debug\Exceptions->errorHandler(2, 'Undefined array key "profileStatus"', 'D:\\laragon\\www\\citypeso\\app\\Views\\employer\\pages\\joblist.php', 17)
 2 SYSTEMPATH\View\View.php(228): include('D:\\laragon\\www\\citypeso\\app\\Views\\employer\\pages\\joblist.php')
 3 SYSTEMPATH\View\View.php(231): CodeIgniter\View\View->CodeIgniter\View\{closure}()
 4 SYSTEMPATH\Common.php(1178): CodeIgniter\View\View->render('employer/pages/joblist', [], true)
 5 APPPATH\Controllers\EmployerController.php(58): view('employer/pages/joblist', [...])
 6 SYSTEMPATH\CodeIgniter.php(941): App\Controllers\EmployerController->employerjobs()
 7 SYSTEMPATH\CodeIgniter.php(502): CodeIgniter\CodeIgniter->runController(Object(App\Controllers\EmployerController))
 8 SYSTEMPATH\CodeIgniter.php(361): CodeIgniter\CodeIgniter->handleRequest(null, Object(Config\Cache), false)
 9 FCPATH\index.php(79): CodeIgniter\CodeIgniter->run()
10 SYSTEMPATH\Commands\Server\rewrite.php(47): require_once('D:\\laragon\\www\\citypeso\\public\\index.php')
CRITICAL - 2024-03-06 02:03:04 --> ErrorException: Undefined array key "profileStatus"
in APPPATH\Views\employer\pages\joblist.php on line 17.
 1 APPPATH\Views\employer\pages\joblist.php(17): CodeIgniter\Debug\Exceptions->errorHandler(2, 'Undefined array key "profileStatus"', 'D:\\laragon\\www\\citypeso\\app\\Views\\employer\\pages\\joblist.php', 17)
 2 SYSTEMPATH\View\View.php(228): include('D:\\laragon\\www\\citypeso\\app\\Views\\employer\\pages\\joblist.php')
 3 SYSTEMPATH\View\View.php(231): CodeIgniter\View\View->CodeIgniter\View\{closure}()
 4 SYSTEMPATH\Common.php(1178): CodeIgniter\View\View->render('employer/pages/joblist', [], true)
 5 APPPATH\Controllers\EmployerController.php(58): view('employer/pages/joblist', [...])
 6 SYSTEMPATH\CodeIgniter.php(941): App\Controllers\EmployerController->employerjobs()
 7 SYSTEMPATH\CodeIgniter.php(502): CodeIgniter\CodeIgniter->runController(Object(App\Controllers\EmployerController))
 8 SYSTEMPATH\CodeIgniter.php(361): CodeIgniter\CodeIgniter->handleRequest(null, Object(Config\Cache), false)
 9 FCPATH\index.php(79): CodeIgniter\CodeIgniter->run()
10 SYSTEMPATH\Commands\Server\rewrite.php(47): require_once('D:\\laragon\\www\\citypeso\\public\\index.php')
CRITICAL - 2024-03-06 02:03:04 --> ErrorException: Undefined array key "profileStatus"
in APPPATH\Views\employer\pages\joblist.php on line 17.
 1 APPPATH\Views\employer\pages\joblist.php(17): CodeIgniter\Debug\Exceptions->errorHandler(2, 'Undefined array key "profileStatus"', 'D:\\laragon\\www\\citypeso\\app\\Views\\employer\\pages\\joblist.php', 17)
 2 SYSTEMPATH\View\View.php(228): include('D:\\laragon\\www\\citypeso\\app\\Views\\employer\\pages\\joblist.php')
 3 SYSTEMPATH\View\View.php(231): CodeIgniter\View\View->CodeIgniter\View\{closure}()
 4 SYSTEMPATH\Common.php(1178): CodeIgniter\View\View->render('employer/pages/joblist', [], true)
 5 APPPATH\Controllers\EmployerController.php(58): view('employer/pages/joblist', [...])
 6 SYSTEMPATH\CodeIgniter.php(941): App\Controllers\EmployerController->employerjobs()
 7 SYSTEMPATH\CodeIgniter.php(502): CodeIgniter\CodeIgniter->runController(Object(App\Controllers\EmployerController))
 8 SYSTEMPATH\CodeIgniter.php(361): CodeIgniter\CodeIgniter->handleRequest(null, Object(Config\Cache), false)
 9 FCPATH\index.php(79): CodeIgniter\CodeIgniter->run()
10 SYSTEMPATH\Commands\Server\rewrite.php(47): require_once('D:\\laragon\\www\\citypeso\\public\\index.php')
CRITICAL - 2024-03-06 02:05:45 --> ErrorException: Undefined array key "profileStatus"
in APPPATH\Views\employer\pages\joblist.php on line 17.
 1 APPPATH\Views\employer\pages\joblist.php(17): CodeIgniter\Debug\Exceptions->errorHandler(2, 'Undefined array key "profileStatus"', 'D:\\laragon\\www\\citypeso\\app\\Views\\employer\\pages\\joblist.php', 17)
 2 SYSTEMPATH\View\View.php(228): include('D:\\laragon\\www\\citypeso\\app\\Views\\employer\\pages\\joblist.php')
 3 SYSTEMPATH\View\View.php(231): CodeIgniter\View\View->CodeIgniter\View\{closure}()
 4 SYSTEMPATH\Common.php(1178): CodeIgniter\View\View->render('employer/pages/joblist', [], true)
 5 APPPATH\Controllers\EmployerController.php(58): view('employer/pages/joblist', [...])
 6 SYSTEMPATH\CodeIgniter.php(941): App\Controllers\EmployerController->employerjobs()
 7 SYSTEMPATH\CodeIgniter.php(502): CodeIgniter\CodeIgniter->runController(Object(App\Controllers\EmployerController))
 8 SYSTEMPATH\CodeIgniter.php(361): CodeIgniter\CodeIgniter->handleRequest(null, Object(Config\Cache), false)
 9 FCPATH\index.php(79): CodeIgniter\CodeIgniter->run()
10 SYSTEMPATH\Commands\Server\rewrite.php(47): require_once('D:\\laragon\\www\\citypeso\\public\\index.php')
