CRITICAL - 2024-03-04 15:06:17 --> ErrorException: Undefined array key "SurName"
in APPPATH\Views\jobseeker\pages\personaldata.php on line 23.
 1 APPPATH\Views\jobseeker\pages\personaldata.php(23): CodeIgniter\Debug\Exceptions->errorHandler(2, 'Undefined array key "SurName"', 'D:\\laragon\\www\\citypeso\\app\\Views\\jobseeker\\pages\\personaldata.php', 23)
 2 SYSTEMPATH\View\View.php(228): include('D:\\laragon\\www\\citypeso\\app\\Views\\jobseeker\\pages\\personaldata.php')
 3 SYSTEMPATH\View\View.php(231): CodeIgniter\View\View->CodeIgniter\View\{closure}()
 4 SYSTEMPATH\Common.php(1178): CodeIgniter\View\View->render('jobseeker/pages/personaldata', [], true)
 5 APPPATH\Controllers\JobseekerController.php(1150): view('jobseeker/pages/personaldata', [...])
 6 SYSTEMPATH\CodeIgniter.php(941): App\Controllers\JobseekerController->mypersonalinfo()
 7 SYSTEMPATH\CodeIgniter.php(502): CodeIgniter\CodeIgniter->runController(Object(App\Controllers\JobseekerController))
 8 SYSTEMPATH\CodeIgniter.php(361): CodeIgniter\CodeIgniter->handleRequest(null, Object(Config\Cache), false)
 9 FCPATH\index.php(79): CodeIgniter\CodeIgniter->run()
10 SYSTEMPATH\Commands\Server\rewrite.php(47): require_once('D:\\laragon\\www\\citypeso\\public\\index.php')
CRITICAL - 2024-03-04 15:07:39 --> ErrorException: Undefined array key "PreferredOccu1"
in APPPATH\Views\jobseeker\pages\personaldata.php on line 351.
 1 APPPATH\Views\jobseeker\pages\personaldata.php(351): CodeIgniter\Debug\Exceptions->errorHandler(2, 'Undefined array key "PreferredOccu1"', 'D:\\laragon\\www\\citypeso\\app\\Views\\jobseeker\\pages\\personaldata.php', 351)
 2 SYSTEMPATH\View\View.php(228): include('D:\\laragon\\www\\citypeso\\app\\Views\\jobseeker\\pages\\personaldata.php')
 3 SYSTEMPATH\View\View.php(231): CodeIgniter\View\View->CodeIgniter\View\{closure}()
 4 SYSTEMPATH\Common.php(1178): CodeIgniter\View\View->render('jobseeker/pages/personaldata', [], true)
 5 APPPATH\Controllers\JobseekerController.php(1149): view('jobseeker/pages/personaldata', [...])
 6 SYSTEMPATH\CodeIgniter.php(941): App\Controllers\JobseekerController->mypersonalinfo()
 7 SYSTEMPATH\CodeIgniter.php(502): CodeIgniter\CodeIgniter->runController(Object(App\Controllers\JobseekerController))
 8 SYSTEMPATH\CodeIgniter.php(361): CodeIgniter\CodeIgniter->handleRequest(null, Object(Config\Cache), false)
 9 FCPATH\index.php(79): CodeIgniter\CodeIgniter->run()
10 SYSTEMPATH\Commands\Server\rewrite.php(47): require_once('D:\\laragon\\www\\citypeso\\public\\index.php')
CRITICAL - 2024-03-04 15:08:55 --> ErrorException: Undefined array key "SurName"
in APPPATH\Views\jobseeker\pages\personaldata.php on line 23.
 1 APPPATH\Views\jobseeker\pages\personaldata.php(23): CodeIgniter\Debug\Exceptions->errorHandler(2, 'Undefined array key "SurName"', 'D:\\laragon\\www\\citypeso\\app\\Views\\jobseeker\\pages\\personaldata.php', 23)
 2 SYSTEMPATH\View\View.php(228): include('D:\\laragon\\www\\citypeso\\app\\Views\\jobseeker\\pages\\personaldata.php')
 3 SYSTEMPATH\View\View.php(231): CodeIgniter\View\View->CodeIgniter\View\{closure}()
 4 SYSTEMPATH\Common.php(1178): CodeIgniter\View\View->render('jobseeker/pages/personaldata', [], true)
 5 APPPATH\Controllers\JobseekerController.php(1150): view('jobseeker/pages/personaldata', [...])
 6 SYSTEMPATH\CodeIgniter.php(941): App\Controllers\JobseekerController->mypersonalinfo()
 7 SYSTEMPATH\CodeIgniter.php(502): CodeIgniter\CodeIgniter->runController(Object(App\Controllers\JobseekerController))
 8 SYSTEMPATH\CodeIgniter.php(361): CodeIgniter\CodeIgniter->handleRequest(null, Object(Config\Cache), false)
 9 FCPATH\index.php(79): CodeIgniter\CodeIgniter->run()
10 SYSTEMPATH\Commands\Server\rewrite.php(47): require_once('D:\\laragon\\www\\citypeso\\public\\index.php')
CRITICAL - 2024-03-04 15:38:24 --> ParseError: syntax error, unexpected token "$"
in APPPATH\Controllers\JobseekerController.php on line 1149.
 1 SYSTEMPATH\Autoloader\Autoloader.php(288): CodeIgniter\Autoloader\Autoloader->includeFile('D:\\laragon\\www\\citypeso\\app\\Controllers\\JobseekerController.php')
 2 SYSTEMPATH\Autoloader\Autoloader.php(266): CodeIgniter\Autoloader\Autoloader->loadInNamespace('App\\Controllers\\JobseekerController')
 3 [internal function]: CodeIgniter\Autoloader\Autoloader->loadClass('App\\Controllers\\JobseekerController')
 4 SYSTEMPATH\CodeIgniter.php(899): class_exists('\\App\\Controllers\\JobseekerController', true)
 5 SYSTEMPATH\CodeIgniter.php(489): CodeIgniter\CodeIgniter->startController()
 6 SYSTEMPATH\CodeIgniter.php(361): CodeIgniter\CodeIgniter->handleRequest(null, Object(Config\Cache), false)
 7 FCPATH\index.php(79): CodeIgniter\CodeIgniter->run()
 8 SYSTEMPATH\Commands\Server\rewrite.php(47): require_once('D:\\laragon\\www\\citypeso\\public\\index.php')
CRITICAL - 2024-03-04 15:38:41 --> ErrorException: Undefined variable $info
in APPPATH\Views\jobseeker\pages\personaldata.php on line 351.
 1 APPPATH\Views\jobseeker\pages\personaldata.php(351): CodeIgniter\Debug\Exceptions->errorHandler(2, 'Undefined variable $info', 'D:\\laragon\\www\\citypeso\\app\\Views\\jobseeker\\pages\\personaldata.php', 351)
 2 SYSTEMPATH\View\View.php(228): include('D:\\laragon\\www\\citypeso\\app\\Views\\jobseeker\\pages\\personaldata.php')
 3 SYSTEMPATH\View\View.php(231): CodeIgniter\View\View->CodeIgniter\View\{closure}()
 4 SYSTEMPATH\Common.php(1178): CodeIgniter\View\View->render('jobseeker/pages/personaldata', [], true)
 5 APPPATH\Controllers\JobseekerController.php(1154): view('jobseeker/pages/personaldata', [...])
 6 SYSTEMPATH\CodeIgniter.php(941): App\Controllers\JobseekerController->mypersonalinfo()
 7 SYSTEMPATH\CodeIgniter.php(502): CodeIgniter\CodeIgniter->runController(Object(App\Controllers\JobseekerController))
 8 SYSTEMPATH\CodeIgniter.php(361): CodeIgniter\CodeIgniter->handleRequest(null, Object(Config\Cache), false)
 9 FCPATH\index.php(79): CodeIgniter\CodeIgniter->run()
10 SYSTEMPATH\Commands\Server\rewrite.php(47): require_once('D:\\laragon\\www\\citypeso\\public\\index.php')
CRITICAL - 2024-03-04 15:39:22 --> TypeError: strtoupper(): Argument #1 ($string) must be of type string, array given
in APPPATH\Views\jobseeker\pages\personaldata.php on line 351.
 1 APPPATH\Views\jobseeker\pages\personaldata.php(351): strtoupper([...])
 2 SYSTEMPATH\View\View.php(228): include('D:\\laragon\\www\\citypeso\\app\\Views\\jobseeker\\pages\\personaldata.php')
 3 SYSTEMPATH\View\View.php(231): CodeIgniter\View\View->CodeIgniter\View\{closure}()
 4 SYSTEMPATH\Common.php(1178): CodeIgniter\View\View->render('jobseeker/pages/personaldata', [], true)
 5 APPPATH\Controllers\JobseekerController.php(1154): view('jobseeker/pages/personaldata', [...])
 6 SYSTEMPATH\CodeIgniter.php(941): App\Controllers\JobseekerController->mypersonalinfo()
 7 SYSTEMPATH\CodeIgniter.php(502): CodeIgniter\CodeIgniter->runController(Object(App\Controllers\JobseekerController))
 8 SYSTEMPATH\CodeIgniter.php(361): CodeIgniter\CodeIgniter->handleRequest(null, Object(Config\Cache), false)
 9 FCPATH\index.php(79): CodeIgniter\CodeIgniter->run()
10 SYSTEMPATH\Commands\Server\rewrite.php(47): require_once('D:\\laragon\\www\\citypeso\\public\\index.php')
CRITICAL - 2024-03-04 15:43:44 --> ErrorException: Undefined array key "HouseNoOrStreet"
in APPPATH\Views\jobseeker\pages\personaldata.php on line 351.
 1 APPPATH\Views\jobseeker\pages\personaldata.php(351): CodeIgniter\Debug\Exceptions->errorHandler(2, 'Undefined array key "HouseNoOrStreet"', 'D:\\laragon\\www\\citypeso\\app\\Views\\jobseeker\\pages\\personaldata.php', 351)
 2 SYSTEMPATH\View\View.php(228): include('D:\\laragon\\www\\citypeso\\app\\Views\\jobseeker\\pages\\personaldata.php')
 3 SYSTEMPATH\View\View.php(231): CodeIgniter\View\View->CodeIgniter\View\{closure}()
 4 SYSTEMPATH\Common.php(1178): CodeIgniter\View\View->render('jobseeker/pages/personaldata', [], true)
 5 APPPATH\Controllers\JobseekerController.php(1154): view('jobseeker/pages/personaldata', [...])
 6 SYSTEMPATH\CodeIgniter.php(941): App\Controllers\JobseekerController->mypersonalinfo()
 7 SYSTEMPATH\CodeIgniter.php(502): CodeIgniter\CodeIgniter->runController(Object(App\Controllers\JobseekerController))
 8 SYSTEMPATH\CodeIgniter.php(361): CodeIgniter\CodeIgniter->handleRequest(null, Object(Config\Cache), false)
 9 FCPATH\index.php(79): CodeIgniter\CodeIgniter->run()
10 SYSTEMPATH\Commands\Server\rewrite.php(47): require_once('D:\\laragon\\www\\citypeso\\public\\index.php')
CRITICAL - 2024-03-04 16:08:13 --> ErrorException: Undefined array key "Sex"
in APPPATH\Views\jobseeker\pages\personaldata.php on line 516.
 1 APPPATH\Views\jobseeker\pages\personaldata.php(516): CodeIgniter\Debug\Exceptions->errorHandler(2, 'Undefined array key "Sex"', 'D:\\laragon\\www\\citypeso\\app\\Views\\jobseeker\\pages\\personaldata.php', 516)
 2 SYSTEMPATH\View\View.php(228): include('D:\\laragon\\www\\citypeso\\app\\Views\\jobseeker\\pages\\personaldata.php')
 3 SYSTEMPATH\View\View.php(231): CodeIgniter\View\View->CodeIgniter\View\{closure}()
 4 SYSTEMPATH\Common.php(1178): CodeIgniter\View\View->render('jobseeker/pages/personaldata', [], true)
 5 APPPATH\Controllers\JobseekerController.php(1156): view('jobseeker/pages/personaldata', [...])
 6 SYSTEMPATH\CodeIgniter.php(941): App\Controllers\JobseekerController->mypersonalinfo()
 7 SYSTEMPATH\CodeIgniter.php(502): CodeIgniter\CodeIgniter->runController(Object(App\Controllers\JobseekerController))
 8 SYSTEMPATH\CodeIgniter.php(361): CodeIgniter\CodeIgniter->handleRequest(null, Object(Config\Cache), false)
 9 FCPATH\index.php(79): CodeIgniter\CodeIgniter->run()
10 SYSTEMPATH\Commands\Server\rewrite.php(47): require_once('D:\\laragon\\www\\citypeso\\public\\index.php')
