CRITICAL - 2024-02-06 00:09:51 --> ErrorException: Undefined variable $JobseekerModel
in APPPATH\Controllers\EmployerController.php on line 80.
 1 APPPATH\Controllers\EmployerController.php(80): CodeIgniter\Debug\Exceptions->errorHandler(2, 'Undefined variable $JobseekerModel', 'D:\\laragon\\www\\citypeso\\app\\Controllers\\EmployerController.php', 80)
 2 SYSTEMPATH\CodeIgniter.php(941): App\Controllers\EmployerController->forgotEmployerLink('bc288a30d8cecd1210620ae3ddbc19066e3351f72a6b3ca75c5223330618c94b10c7ff2599b353969e84244b63bde3a80eab')
 3 SYSTEMPATH\CodeIgniter.php(502): CodeIgniter\CodeIgniter->runController(Object(App\Controllers\EmployerController))
 4 SYSTEMPATH\CodeIgniter.php(361): CodeIgniter\CodeIgniter->handleRequest(null, Object(Config\Cache), false)
 5 FCPATH\index.php(79): CodeIgniter\CodeIgniter->run()
 6 SYSTEMPATH\Commands\Server\rewrite.php(47): require_once('D:\\laragon\\www\\citypeso\\public\\index.php')
CRITICAL - 2024-02-06 00:10:22 --> ErrorException: Undefined array key "id"
in APPPATH\Controllers\EmployerController.php on line 82.
 1 APPPATH\Controllers\EmployerController.php(82): CodeIgniter\Debug\Exceptions->errorHandler(2, 'Undefined array key "id"', 'D:\\laragon\\www\\citypeso\\app\\Controllers\\EmployerController.php', 82)
 2 SYSTEMPATH\CodeIgniter.php(941): App\Controllers\EmployerController->forgotEmployerLink('bc288a30d8cecd1210620ae3ddbc19066e3351f72a6b3ca75c5223330618c94b10c7ff2599b353969e84244b63bde3a80eab')
 3 SYSTEMPATH\CodeIgniter.php(502): CodeIgniter\CodeIgniter->runController(Object(App\Controllers\EmployerController))
 4 SYSTEMPATH\CodeIgniter.php(361): CodeIgniter\CodeIgniter->handleRequest(null, Object(Config\Cache), false)
 5 FCPATH\index.php(79): CodeIgniter\CodeIgniter->run()
 6 SYSTEMPATH\Commands\Server\rewrite.php(47): require_once('D:\\laragon\\www\\citypeso\\public\\index.php')
CRITICAL - 2024-02-06 00:12:03 --> ErrorException: Undefined array key "id"
in APPPATH\Controllers\EmployerController.php on line 82.
 1 APPPATH\Controllers\EmployerController.php(82): CodeIgniter\Debug\Exceptions->errorHandler(2, 'Undefined array key "id"', 'D:\\laragon\\www\\citypeso\\app\\Controllers\\EmployerController.php', 82)
 2 SYSTEMPATH\CodeIgniter.php(941): App\Controllers\EmployerController->forgotEmployerLink('bc288a30d8cecd1210620ae3ddbc19066e3351f72a6b3ca75c5223330618c94b10c7ff2599b353969e84244b63bde3a80eab')
 3 SYSTEMPATH\CodeIgniter.php(502): CodeIgniter\CodeIgniter->runController(Object(App\Controllers\EmployerController))
 4 SYSTEMPATH\CodeIgniter.php(361): CodeIgniter\CodeIgniter->handleRequest(null, Object(Config\Cache), false)
 5 FCPATH\index.php(79): CodeIgniter\CodeIgniter->run()
 6 SYSTEMPATH\Commands\Server\rewrite.php(47): require_once('D:\\laragon\\www\\citypeso\\public\\index.php')
