<<<<<<< Updated upstream
CRITICAL - 2024-04-06 01:50:51 --> ErrorException: Undefined array key "PreferredLocation"
in APPPATH\Views\jobseeker\pages\profile.php on line 542.
 1 APPPATH\Views\jobseeker\pages\profile.php(542): CodeIgniter\Debug\Exceptions->errorHandler(2, 'Undefined array key "PreferredLocation"', 'D:\\laragon\\www\\citypeso\\app\\Views\\jobseeker\\pages\\profile.php', 542)
 2 SYSTEMPATH\View\View.php(228): include('D:\\laragon\\www\\citypeso\\app\\Views\\jobseeker\\pages\\profile.php')
 3 SYSTEMPATH\View\View.php(231): CodeIgniter\View\View->CodeIgniter\View\{closure}()
 4 SYSTEMPATH\Common.php(1178): CodeIgniter\View\View->render('jobseeker/pages/profile', [], true)
 5 APPPATH\Controllers\JobseekerController.php(146): view('jobseeker/pages/profile', [...])
 6 SYSTEMPATH\CodeIgniter.php(941): App\Controllers\JobseekerController->myprofile()
 7 SYSTEMPATH\CodeIgniter.php(502): CodeIgniter\CodeIgniter->runController(Object(App\Controllers\JobseekerController))
 8 SYSTEMPATH\CodeIgniter.php(361): CodeIgniter\CodeIgniter->handleRequest(null, Object(Config\Cache), false)
 9 FCPATH\index.php(79): CodeIgniter\CodeIgniter->run()
10 SYSTEMPATH\Commands\Server\rewrite.php(47): require_once('D:\\laragon\\www\\citypeso\\public\\index.php')
CRITICAL - 2024-04-06 06:32:09 --> TypeError: number_format(): Argument #1 ($num) must be of type float, string given
in APPPATH\Views\jobseeker\pages\profile.php on line 619.
 1 APPPATH\Views\jobseeker\pages\profile.php(619): number_format('', 2)
 2 SYSTEMPATH\View\View.php(228): include('D:\\laragon\\www\\citypeso\\app\\Views\\jobseeker\\pages\\profile.php')
 3 SYSTEMPATH\View\View.php(231): CodeIgniter\View\View->CodeIgniter\View\{closure}()
 4 SYSTEMPATH\Common.php(1178): CodeIgniter\View\View->render('jobseeker/pages/profile', [], true)
 5 APPPATH\Controllers\JobseekerController.php(146): view('jobseeker/pages/profile', [...])
 6 SYSTEMPATH\CodeIgniter.php(941): App\Controllers\JobseekerController->myprofile()
 7 SYSTEMPATH\CodeIgniter.php(502): CodeIgniter\CodeIgniter->runController(Object(App\Controllers\JobseekerController))
 8 SYSTEMPATH\CodeIgniter.php(361): CodeIgniter\CodeIgniter->handleRequest(null, Object(Config\Cache), false)
 9 FCPATH\index.php(79): CodeIgniter\CodeIgniter->run()
10 SYSTEMPATH\Commands\Server\rewrite.php(47): require_once('D:\\laragon\\www\\citypeso\\public\\index.php')
CRITICAL - 2024-04-06 06:36:41 --> ErrorException: Uninitialized string offset 0
in APPPATH\Views\jobseeker\pages\profile.php on line 619.
 1 APPPATH\Views\jobseeker\pages\profile.php(619): CodeIgniter\Debug\Exceptions->errorHandler(2, 'Uninitialized string offset 0', 'D:\\laragon\\www\\citypeso\\app\\Views\\jobseeker\\pages\\profile.php', 619)
 2 SYSTEMPATH\View\View.php(228): include('D:\\laragon\\www\\citypeso\\app\\Views\\jobseeker\\pages\\profile.php')
 3 SYSTEMPATH\View\View.php(231): CodeIgniter\View\View->CodeIgniter\View\{closure}()
 4 SYSTEMPATH\Common.php(1178): CodeIgniter\View\View->render('jobseeker/pages/profile', [], true)
 5 APPPATH\Controllers\JobseekerController.php(146): view('jobseeker/pages/profile', [...])
 6 SYSTEMPATH\CodeIgniter.php(941): App\Controllers\JobseekerController->myprofile()
 7 SYSTEMPATH\CodeIgniter.php(502): CodeIgniter\CodeIgniter->runController(Object(App\Controllers\JobseekerController))
 8 SYSTEMPATH\CodeIgniter.php(361): CodeIgniter\CodeIgniter->handleRequest(null, Object(Config\Cache), false)
 9 FCPATH\index.php(79): CodeIgniter\CodeIgniter->run()
10 SYSTEMPATH\Commands\Server\rewrite.php(47): require_once('D:\\laragon\\www\\citypeso\\public\\index.php')
CRITICAL - 2024-04-06 06:36:44 --> ErrorException: Uninitialized string offset 0
in APPPATH\Views\jobseeker\pages\profile.php on line 619.
 1 APPPATH\Views\jobseeker\pages\profile.php(619): CodeIgniter\Debug\Exceptions->errorHandler(2, 'Uninitialized string offset 0', 'D:\\laragon\\www\\citypeso\\app\\Views\\jobseeker\\pages\\profile.php', 619)
 2 SYSTEMPATH\View\View.php(228): include('D:\\laragon\\www\\citypeso\\app\\Views\\jobseeker\\pages\\profile.php')
 3 SYSTEMPATH\View\View.php(231): CodeIgniter\View\View->CodeIgniter\View\{closure}()
 4 SYSTEMPATH\Common.php(1178): CodeIgniter\View\View->render('jobseeker/pages/profile', [], true)
 5 APPPATH\Controllers\JobseekerController.php(146): view('jobseeker/pages/profile', [...])
 6 SYSTEMPATH\CodeIgniter.php(941): App\Controllers\JobseekerController->myprofile()
 7 SYSTEMPATH\CodeIgniter.php(502): CodeIgniter\CodeIgniter->runController(Object(App\Controllers\JobseekerController))
 8 SYSTEMPATH\CodeIgniter.php(361): CodeIgniter\CodeIgniter->handleRequest(null, Object(Config\Cache), false)
 9 FCPATH\index.php(79): CodeIgniter\CodeIgniter->run()
10 SYSTEMPATH\Commands\Server\rewrite.php(47): require_once('D:\\laragon\\www\\citypeso\\public\\index.php')
CRITICAL - 2024-04-06 06:37:23 --> ErrorException: Uninitialized string offset 0
in APPPATH\Views\jobseeker\pages\profile.php on line 619.
 1 APPPATH\Views\jobseeker\pages\profile.php(619): CodeIgniter\Debug\Exceptions->errorHandler(2, 'Uninitialized string offset 0', 'D:\\laragon\\www\\citypeso\\app\\Views\\jobseeker\\pages\\profile.php', 619)
 2 SYSTEMPATH\View\View.php(228): include('D:\\laragon\\www\\citypeso\\app\\Views\\jobseeker\\pages\\profile.php')
 3 SYSTEMPATH\View\View.php(231): CodeIgniter\View\View->CodeIgniter\View\{closure}()
 4 SYSTEMPATH\Common.php(1178): CodeIgniter\View\View->render('jobseeker/pages/profile', [], true)
 5 APPPATH\Controllers\JobseekerController.php(146): view('jobseeker/pages/profile', [...])
 6 SYSTEMPATH\CodeIgniter.php(941): App\Controllers\JobseekerController->myprofile()
 7 SYSTEMPATH\CodeIgniter.php(502): CodeIgniter\CodeIgniter->runController(Object(App\Controllers\JobseekerController))
 8 SYSTEMPATH\CodeIgniter.php(361): CodeIgniter\CodeIgniter->handleRequest(null, Object(Config\Cache), false)
 9 FCPATH\index.php(79): CodeIgniter\CodeIgniter->run()
10 SYSTEMPATH\Commands\Server\rewrite.php(47): require_once('D:\\laragon\\www\\citypeso\\public\\index.php')
CRITICAL - 2024-04-06 06:37:28 --> ErrorException: Uninitialized string offset 0
in APPPATH\Views\jobseeker\pages\profile.php on line 619.
 1 APPPATH\Views\jobseeker\pages\profile.php(619): CodeIgniter\Debug\Exceptions->errorHandler(2, 'Uninitialized string offset 0', 'D:\\laragon\\www\\citypeso\\app\\Views\\jobseeker\\pages\\profile.php', 619)
 2 SYSTEMPATH\View\View.php(228): include('D:\\laragon\\www\\citypeso\\app\\Views\\jobseeker\\pages\\profile.php')
 3 SYSTEMPATH\View\View.php(231): CodeIgniter\View\View->CodeIgniter\View\{closure}()
 4 SYSTEMPATH\Common.php(1178): CodeIgniter\View\View->render('jobseeker/pages/profile', [], true)
 5 APPPATH\Controllers\JobseekerController.php(146): view('jobseeker/pages/profile', [...])
 6 SYSTEMPATH\CodeIgniter.php(941): App\Controllers\JobseekerController->myprofile()
 7 SYSTEMPATH\CodeIgniter.php(502): CodeIgniter\CodeIgniter->runController(Object(App\Controllers\JobseekerController))
 8 SYSTEMPATH\CodeIgniter.php(361): CodeIgniter\CodeIgniter->handleRequest(null, Object(Config\Cache), false)
 9 FCPATH\index.php(79): CodeIgniter\CodeIgniter->run()
10 SYSTEMPATH\Commands\Server\rewrite.php(47): require_once('D:\\laragon\\www\\citypeso\\public\\index.php')
CRITICAL - 2024-04-06 11:08:55 --> ErrorException: Undefined array key "EnglishRead"
in APPPATH\Views\jobseeker\pages\profile.php on line 680.
 1 APPPATH\Views\jobseeker\pages\profile.php(680): CodeIgniter\Debug\Exceptions->errorHandler(2, 'Undefined array key "EnglishRead"', 'D:\\laragon\\www\\citypeso\\app\\Views\\jobseeker\\pages\\profile.php', 680)
 2 SYSTEMPATH\View\View.php(228): include('D:\\laragon\\www\\citypeso\\app\\Views\\jobseeker\\pages\\profile.php')
 3 SYSTEMPATH\View\View.php(231): CodeIgniter\View\View->CodeIgniter\View\{closure}()
 4 SYSTEMPATH\Common.php(1178): CodeIgniter\View\View->render('jobseeker/pages/profile', [], true)
 5 APPPATH\Controllers\JobseekerController.php(146): view('jobseeker/pages/profile', [...])
 6 SYSTEMPATH\CodeIgniter.php(941): App\Controllers\JobseekerController->myprofile()
 7 SYSTEMPATH\CodeIgniter.php(502): CodeIgniter\CodeIgniter->runController(Object(App\Controllers\JobseekerController))
 8 SYSTEMPATH\CodeIgniter.php(361): CodeIgniter\CodeIgniter->handleRequest(null, Object(Config\Cache), false)
 9 FCPATH\index.php(79): CodeIgniter\CodeIgniter->run()
10 SYSTEMPATH\Commands\Server\rewrite.php(47): require_once('D:\\laragon\\www\\citypeso\\public\\index.php')
=======
ERROR - 2024-04-06 00:20:28 --> Error connecting to the database: mysqli_sql_exception: No connection could be made because the target machine actively refused it in C:\laragon\www\citypeso\system\Database\MySQLi\Connection.php:185
Stack trace:
#0 C:\laragon\www\citypeso\system\Database\MySQLi\Connection.php(185): mysqli->real_connect('localhost', 'root', '', 'citypeso', 3306, '', 0)
#1 C:\laragon\www\citypeso\system\Database\BaseConnection.php(392): CodeIgniter\Database\MySQLi\Connection->connect(false)
#2 C:\laragon\www\citypeso\system\Database\BaseConnection.php(575): CodeIgniter\Database\BaseConnection->initialize()
#3 C:\laragon\www\citypeso\system\Database\BaseBuilder.php(1613): CodeIgniter\Database\BaseConnection->query('SELECT *\nFROM `...', Array, false)
#4 C:\laragon\www\citypeso\system\Model.php(270): CodeIgniter\Database\BaseBuilder->get()
#5 C:\laragon\www\citypeso\system\BaseModel.php(676): CodeIgniter\Model->doFirst()
#6 C:\laragon\www\citypeso\app\Controllers\EmployerController.php(314): CodeIgniter\BaseModel->first()
#7 C:\laragon\www\citypeso\system\CodeIgniter.php(941): App\Controllers\EmployerController->employerLoginProcess()
#8 C:\laragon\www\citypeso\system\CodeIgniter.php(502): CodeIgniter\CodeIgniter->runController(Object(App\Controllers\EmployerController))
#9 C:\laragon\www\citypeso\system\CodeIgniter.php(361): CodeIgniter\CodeIgniter->handleRequest(NULL, Object(Config\Cache), false)
#10 C:\laragon\www\citypeso\public\index.php(79): CodeIgniter\CodeIgniter->run()
#11 C:\laragon\www\citypeso\system\Commands\Server\rewrite.php(47): require_once('C:\\laragon\\www\\...')
#12 {main}

Next CodeIgniter\Database\Exceptions\DatabaseException: No connection could be made because the target machine actively refused it in C:\laragon\www\citypeso\system\Database\MySQLi\Connection.php:229
Stack trace:
#0 C:\laragon\www\citypeso\system\Database\BaseConnection.php(392): CodeIgniter\Database\MySQLi\Connection->connect(false)
#1 C:\laragon\www\citypeso\system\Database\BaseConnection.php(575): CodeIgniter\Database\BaseConnection->initialize()
#2 C:\laragon\www\citypeso\system\Database\BaseBuilder.php(1613): CodeIgniter\Database\BaseConnection->query('SELECT *\nFROM `...', Array, false)
#3 C:\laragon\www\citypeso\system\Model.php(270): CodeIgniter\Database\BaseBuilder->get()
#4 C:\laragon\www\citypeso\system\BaseModel.php(676): CodeIgniter\Model->doFirst()
#5 C:\laragon\www\citypeso\app\Controllers\EmployerController.php(314): CodeIgniter\BaseModel->first()
#6 C:\laragon\www\citypeso\system\CodeIgniter.php(941): App\Controllers\EmployerController->employerLoginProcess()
#7 C:\laragon\www\citypeso\system\CodeIgniter.php(502): CodeIgniter\CodeIgniter->runController(Object(App\Controllers\EmployerController))
#8 C:\laragon\www\citypeso\system\CodeIgniter.php(361): CodeIgniter\CodeIgniter->handleRequest(NULL, Object(Config\Cache), false)
#9 C:\laragon\www\citypeso\public\index.php(79): CodeIgniter\CodeIgniter->run()
#10 C:\laragon\www\citypeso\system\Commands\Server\rewrite.php(47): require_once('C:\\laragon\\www\\...')
#11 {main}
CRITICAL - 2024-04-06 00:20:28 --> CodeIgniter\Database\Exceptions\DatabaseException: Unable to connect to the database.
Main connection [MySQLi]: No connection could be made because the target machine actively refused it
in SYSTEMPATH\Database\BaseConnection.php on line 428.
 1 SYSTEMPATH\Database\BaseConnection.php(575): CodeIgniter\Database\BaseConnection->initialize()
 2 SYSTEMPATH\Database\BaseBuilder.php(1613): CodeIgniter\Database\BaseConnection->query('SELECT *
FROM `employerlogin`
WHERE `emailAddress` = :emailAddress:
 LIMIT 1', [...], false)
 3 SYSTEMPATH\Model.php(270): CodeIgniter\Database\BaseBuilder->get()
 4 SYSTEMPATH\BaseModel.php(676): CodeIgniter\Model->doFirst()
 5 APPPATH\Controllers\EmployerController.php(314): CodeIgniter\BaseModel->first()
 6 SYSTEMPATH\CodeIgniter.php(941): App\Controllers\EmployerController->employerLoginProcess()
 7 SYSTEMPATH\CodeIgniter.php(502): CodeIgniter\CodeIgniter->runController(Object(App\Controllers\EmployerController))
 8 SYSTEMPATH\CodeIgniter.php(361): CodeIgniter\CodeIgniter->handleRequest(null, Object(Config\Cache), false)
 9 FCPATH\index.php(79): CodeIgniter\CodeIgniter->run()
10 SYSTEMPATH\Commands\Server\rewrite.php(47): require_once('C:\\laragon\\www\\citypeso\\public\\index.php')
>>>>>>> Stashed changes
