CRITICAL - 2024-04-14 05:05:09 --> ParseError: syntax error, unexpected token "}", expecting ";"
in APPPATH\Controllers\JobseekerController.php on line 39.
 1 SYSTEMPATH\Autoloader\Autoloader.php(288): CodeIgniter\Autoloader\Autoloader->includeFile('D:\\laragon\\www\\citypeso\\app\\Controllers\\JobseekerController.php')
 2 SYSTEMPATH\Autoloader\Autoloader.php(266): CodeIgniter\Autoloader\Autoloader->loadInNamespace('App\\Controllers\\JobseekerController')
 3 [internal function]: CodeIgniter\Autoloader\Autoloader->loadClass('App\\Controllers\\JobseekerController')
 4 SYSTEMPATH\CodeIgniter.php(899): class_exists('\\App\\Controllers\\JobseekerController', true)
 5 SYSTEMPATH\CodeIgniter.php(489): CodeIgniter\CodeIgniter->startController()
 6 SYSTEMPATH\CodeIgniter.php(361): CodeIgniter\CodeIgniter->handleRequest(null, Object(Config\Cache), false)
 7 FCPATH\index.php(79): CodeIgniter\CodeIgniter->run()
 8 SYSTEMPATH\Commands\Server\rewrite.php(47): require_once('D:\\laragon\\www\\citypeso\\public\\index.php')
CRITICAL - 2024-04-14 05:05:12 --> ParseError: syntax error, unexpected token "}", expecting ";"
in APPPATH\Controllers\JobseekerController.php on line 39.
 1 SYSTEMPATH\Autoloader\Autoloader.php(288): CodeIgniter\Autoloader\Autoloader->includeFile('D:\\laragon\\www\\citypeso\\app\\Controllers\\JobseekerController.php')
 2 SYSTEMPATH\Autoloader\Autoloader.php(266): CodeIgniter\Autoloader\Autoloader->loadInNamespace('App\\Controllers\\JobseekerController')
 3 [internal function]: CodeIgniter\Autoloader\Autoloader->loadClass('App\\Controllers\\JobseekerController')
 4 SYSTEMPATH\CodeIgniter.php(899): class_exists('\\App\\Controllers\\JobseekerController', true)
 5 SYSTEMPATH\CodeIgniter.php(489): CodeIgniter\CodeIgniter->startController()
 6 SYSTEMPATH\CodeIgniter.php(361): CodeIgniter\CodeIgniter->handleRequest(null, Object(Config\Cache), false)
 7 FCPATH\index.php(79): CodeIgniter\CodeIgniter->run()
 8 SYSTEMPATH\Commands\Server\rewrite.php(47): require_once('D:\\laragon\\www\\citypeso\\public\\index.php')
CRITICAL - 2024-04-14 05:26:54 --> ErrorException: Undefined array key "id"
in APPPATH\Views\default\lists.php on line 311.
 1 APPPATH\Views\default\lists.php(311): CodeIgniter\Debug\Exceptions->errorHandler(2, 'Undefined array key "id"', 'D:\\laragon\\www\\citypeso\\app\\Views\\default\\lists.php', 311)
 2 SYSTEMPATH\View\View.php(228): include('D:\\laragon\\www\\citypeso\\app\\Views\\default\\lists.php')
 3 SYSTEMPATH\View\View.php(231): CodeIgniter\View\View->CodeIgniter\View\{closure}()
 4 SYSTEMPATH\Common.php(1178): CodeIgniter\View\View->render('default/lists', [], true)
 5 APPPATH\Controllers\JobseekerController.php(122): view('default/lists', [...])
 6 SYSTEMPATH\CodeIgniter.php(941): App\Controllers\JobseekerController->joblists()
 7 SYSTEMPATH\CodeIgniter.php(502): CodeIgniter\CodeIgniter->runController(Object(App\Controllers\JobseekerController))
 8 SYSTEMPATH\CodeIgniter.php(361): CodeIgniter\CodeIgniter->handleRequest(null, Object(Config\Cache), false)
 9 FCPATH\index.php(79): CodeIgniter\CodeIgniter->run()
10 SYSTEMPATH\Commands\Server\rewrite.php(47): require_once('D:\\laragon\\www\\citypeso\\public\\index.php')
CRITICAL - 2024-04-14 09:14:27 --> ErrorException: Undefined array key "jobPostId"
in APPPATH\Views\employer\pages\joblist.php on line 87.
 1 APPPATH\Views\employer\pages\joblist.php(87): CodeIgniter\Debug\Exceptions->errorHandler(2, 'Undefined array key "jobPostId"', 'C:\\laragon\\www\\citypeso\\app\\Views\\employer\\pages\\joblist.php', 87)
 2 SYSTEMPATH\View\View.php(228): include('C:\\laragon\\www\\citypeso\\app\\Views\\employer\\pages\\joblist.php')
 3 SYSTEMPATH\View\View.php(231): CodeIgniter\View\View->CodeIgniter\View\{closure}()
 4 SYSTEMPATH\Common.php(1178): CodeIgniter\View\View->render('employer/pages/joblist', [], true)
 5 APPPATH\Controllers\EmployerController.php(95): view('employer/pages/joblist', [...])
 6 SYSTEMPATH\CodeIgniter.php(941): App\Controllers\EmployerController->employerjobs()
 7 SYSTEMPATH\CodeIgniter.php(502): CodeIgniter\CodeIgniter->runController(Object(App\Controllers\EmployerController))
 8 SYSTEMPATH\CodeIgniter.php(361): CodeIgniter\CodeIgniter->handleRequest(null, Object(Config\Cache), false)
 9 FCPATH\index.php(79): CodeIgniter\CodeIgniter->run()
10 SYSTEMPATH\Commands\Server\rewrite.php(47): require_once('C:\\laragon\\www\\citypeso\\public\\index.php')
CRITICAL - 2024-04-14 09:15:50 --> ErrorException: Undefined array key "jobPostId"
in APPPATH\Views\employer\pages\joblist.php on line 87.
 1 APPPATH\Views\employer\pages\joblist.php(87): CodeIgniter\Debug\Exceptions->errorHandler(2, 'Undefined array key "jobPostId"', 'C:\\laragon\\www\\citypeso\\app\\Views\\employer\\pages\\joblist.php', 87)
 2 SYSTEMPATH\View\View.php(228): include('C:\\laragon\\www\\citypeso\\app\\Views\\employer\\pages\\joblist.php')
 3 SYSTEMPATH\View\View.php(231): CodeIgniter\View\View->CodeIgniter\View\{closure}()
 4 SYSTEMPATH\Common.php(1178): CodeIgniter\View\View->render('employer/pages/joblist', [], true)
 5 APPPATH\Controllers\EmployerController.php(95): view('employer/pages/joblist', [...])
 6 SYSTEMPATH\CodeIgniter.php(941): App\Controllers\EmployerController->employerjobs()
 7 SYSTEMPATH\CodeIgniter.php(502): CodeIgniter\CodeIgniter->runController(Object(App\Controllers\EmployerController))
 8 SYSTEMPATH\CodeIgniter.php(361): CodeIgniter\CodeIgniter->handleRequest(null, Object(Config\Cache), false)
 9 FCPATH\index.php(79): CodeIgniter\CodeIgniter->run()
10 SYSTEMPATH\Commands\Server\rewrite.php(47): require_once('C:\\laragon\\www\\citypeso\\public\\index.php')
ERROR - 2024-04-14 09:18:25 --> mysqli_sql_exception: Unknown column 'jobPostId' in 'where clause' in C:\laragon\www\citypeso\system\Database\MySQLi\Connection.php:306
Stack trace:
#0 C:\laragon\www\citypeso\system\Database\MySQLi\Connection.php(306): mysqli->query('SELECT *\nFROM `...', 0)
#1 C:\laragon\www\citypeso\system\Database\BaseConnection.php(693): CodeIgniter\Database\MySQLi\Connection->execute('SELECT *\nFROM `...')
#2 C:\laragon\www\citypeso\system\Database\BaseConnection.php(607): CodeIgniter\Database\BaseConnection->simpleQuery('SELECT *\nFROM `...')
#3 C:\laragon\www\citypeso\system\Database\BaseBuilder.php(1613): CodeIgniter\Database\BaseConnection->query('SELECT *\nFROM `...', Array, false)
#4 C:\laragon\www\citypeso\system\Model.php(242): CodeIgniter\Database\BaseBuilder->get()
#5 C:\laragon\www\citypeso\system\BaseModel.php(638): CodeIgniter\Model->doFindAll(0, 0)
#6 C:\laragon\www\citypeso\app\Controllers\EmployerController.php(135): CodeIgniter\BaseModel->findAll()
#7 C:\laragon\www\citypeso\system\CodeIgniter.php(941): App\Controllers\EmployerController->viewemployerapplicants('12')
#8 C:\laragon\www\citypeso\system\CodeIgniter.php(502): CodeIgniter\CodeIgniter->runController(Object(App\Controllers\EmployerController))
#9 C:\laragon\www\citypeso\system\CodeIgniter.php(361): CodeIgniter\CodeIgniter->handleRequest(NULL, Object(Config\Cache), false)
#10 C:\laragon\www\citypeso\public\index.php(79): CodeIgniter\CodeIgniter->run()
#11 C:\laragon\www\citypeso\system\Commands\Server\rewrite.php(47): require_once('C:\\laragon\\www\\...')
#12 {main}
CRITICAL - 2024-04-14 09:18:25 --> CodeIgniter\Database\Exceptions\DatabaseException: Unknown column 'jobPostId' in 'where clause'
in SYSTEMPATH\Database\BaseConnection.php on line 647.
 1 SYSTEMPATH\Database\BaseBuilder.php(1613): CodeIgniter\Database\BaseConnection->query('SELECT *
FROM `jobseekerlogin`
WHERE `jobPostId` = :jobPostId:', [...], false)
 2 SYSTEMPATH\Model.php(242): CodeIgniter\Database\BaseBuilder->get()
 3 SYSTEMPATH\BaseModel.php(638): CodeIgniter\Model->doFindAll(0, 0)
 4 APPPATH\Controllers\EmployerController.php(135): CodeIgniter\BaseModel->findAll()
 5 SYSTEMPATH\CodeIgniter.php(941): App\Controllers\EmployerController->viewemployerapplicants('12')
 6 SYSTEMPATH\CodeIgniter.php(502): CodeIgniter\CodeIgniter->runController(Object(App\Controllers\EmployerController))
 7 SYSTEMPATH\CodeIgniter.php(361): CodeIgniter\CodeIgniter->handleRequest(null, Object(Config\Cache), false)
 8 FCPATH\index.php(79): CodeIgniter\CodeIgniter->run()
 9 SYSTEMPATH\Commands\Server\rewrite.php(47): require_once('C:\\laragon\\www\\citypeso\\public\\index.php')
CRITICAL - 2024-04-14 09:18:25 --> [Caused by] CodeIgniter\Database\Exceptions\DatabaseException: Unknown column 'jobPostId' in 'where clause'
in SYSTEMPATH\Database\MySQLi\Connection.php on line 311.
 1 SYSTEMPATH\Database\BaseConnection.php(693): CodeIgniter\Database\MySQLi\Connection->execute('SELECT *
FROM `jobseekerlogin`
WHERE `jobPostId` = \'12\'')
 2 SYSTEMPATH\Database\BaseConnection.php(607): CodeIgniter\Database\BaseConnection->simpleQuery('SELECT *
FROM `jobseekerlogin`
WHERE `jobPostId` = \'12\'')
 3 SYSTEMPATH\Database\BaseBuilder.php(1613): CodeIgniter\Database\BaseConnection->query('SELECT *
FROM `jobseekerlogin`
WHERE `jobPostId` = :jobPostId:', [...], false)
 4 SYSTEMPATH\Model.php(242): CodeIgniter\Database\BaseBuilder->get()
 5 SYSTEMPATH\BaseModel.php(638): CodeIgniter\Model->doFindAll(0, 0)
 6 APPPATH\Controllers\EmployerController.php(135): CodeIgniter\BaseModel->findAll()
 7 SYSTEMPATH\CodeIgniter.php(941): App\Controllers\EmployerController->viewemployerapplicants('12')
 8 SYSTEMPATH\CodeIgniter.php(502): CodeIgniter\CodeIgniter->runController(Object(App\Controllers\EmployerController))
 9 SYSTEMPATH\CodeIgniter.php(361): CodeIgniter\CodeIgniter->handleRequest(null, Object(Config\Cache), false)
10 FCPATH\index.php(79): CodeIgniter\CodeIgniter->run()
11 SYSTEMPATH\Commands\Server\rewrite.php(47): require_once('C:\\laragon\\www\\citypeso\\public\\index.php')
CRITICAL - 2024-04-14 09:18:25 --> [Caused by] mysqli_sql_exception: Unknown column 'jobPostId' in 'where clause'
in SYSTEMPATH\Database\MySQLi\Connection.php on line 306.
 1 SYSTEMPATH\Database\MySQLi\Connection.php(306): mysqli->query('SELECT *
FROM `jobseekerlogin`
WHERE `jobPostId` = \'12\'', 0)
 2 SYSTEMPATH\Database\BaseConnection.php(693): CodeIgniter\Database\MySQLi\Connection->execute('SELECT *
FROM `jobseekerlogin`
WHERE `jobPostId` = \'12\'')
 3 SYSTEMPATH\Database\BaseConnection.php(607): CodeIgniter\Database\BaseConnection->simpleQuery('SELECT *
FROM `jobseekerlogin`
WHERE `jobPostId` = \'12\'')
 4 SYSTEMPATH\Database\BaseBuilder.php(1613): CodeIgniter\Database\BaseConnection->query('SELECT *
FROM `jobseekerlogin`
WHERE `jobPostId` = :jobPostId:', [...], false)
 5 SYSTEMPATH\Model.php(242): CodeIgniter\Database\BaseBuilder->get()
 6 SYSTEMPATH\BaseModel.php(638): CodeIgniter\Model->doFindAll(0, 0)
 7 APPPATH\Controllers\EmployerController.php(135): CodeIgniter\BaseModel->findAll()
 8 SYSTEMPATH\CodeIgniter.php(941): App\Controllers\EmployerController->viewemployerapplicants('12')
 9 SYSTEMPATH\CodeIgniter.php(502): CodeIgniter\CodeIgniter->runController(Object(App\Controllers\EmployerController))
10 SYSTEMPATH\CodeIgniter.php(361): CodeIgniter\CodeIgniter->handleRequest(null, Object(Config\Cache), false)
11 FCPATH\index.php(79): CodeIgniter\CodeIgniter->run()
12 SYSTEMPATH\Commands\Server\rewrite.php(47): require_once('C:\\laragon\\www\\citypeso\\public\\index.php')
CRITICAL - 2024-04-14 09:21:24 --> ErrorException: Undefined variable $empdata
in APPPATH\Views\employer\inc\sidebar.php on line 27.
 1 APPPATH\Views\employer\inc\sidebar.php(27): CodeIgniter\Debug\Exceptions->errorHandler(2, 'Undefined variable $empdata', 'C:\\laragon\\www\\citypeso\\app\\Views\\employer\\inc\\sidebar.php', 27)
 2 SYSTEMPATH\View\View.php(228): include('C:\\laragon\\www\\citypeso\\app\\Views\\employer\\inc\\sidebar.php')
 3 SYSTEMPATH\View\View.php(231): CodeIgniter\View\View->CodeIgniter\View\{closure}()
 4 SYSTEMPATH\View\View.php(469): CodeIgniter\View\View->render('employer/inc/sidebar', null, true)
 5 APPPATH\Views\employer\pages\viewapplicants.php(7): CodeIgniter\View\View->include('employer/inc/sidebar')
 6 SYSTEMPATH\View\View.php(228): include('C:\\laragon\\www\\citypeso\\app\\Views\\employer\\pages\\viewapplicants.php')
 7 SYSTEMPATH\View\View.php(231): CodeIgniter\View\View->CodeIgniter\View\{closure}()
 8 SYSTEMPATH\Common.php(1178): CodeIgniter\View\View->render('employer/pages/viewapplicants', [], true)
 9 APPPATH\Controllers\EmployerController.php(141): view('employer/pages/viewapplicants', [...])
10 SYSTEMPATH\CodeIgniter.php(941): App\Controllers\EmployerController->viewemployerapplicants('12')
11 SYSTEMPATH\CodeIgniter.php(502): CodeIgniter\CodeIgniter->runController(Object(App\Controllers\EmployerController))
12 SYSTEMPATH\CodeIgniter.php(361): CodeIgniter\CodeIgniter->handleRequest(null, Object(Config\Cache), false)
13 FCPATH\index.php(79): CodeIgniter\CodeIgniter->run()
14 SYSTEMPATH\Commands\Server\rewrite.php(47): require_once('C:\\laragon\\www\\citypeso\\public\\index.php')
CRITICAL - 2024-04-14 09:33:17 --> ErrorException: Trying to access array offset on value of type null
in APPPATH\Controllers\EmployerController.php on line 141.
 1 APPPATH\Controllers\EmployerController.php(141): CodeIgniter\Debug\Exceptions->errorHandler(2, 'Trying to access array offset on value of type null', 'C:\\laragon\\www\\citypeso\\app\\Controllers\\EmployerController.php', 141)
 2 SYSTEMPATH\CodeIgniter.php(941): App\Controllers\EmployerController->viewemployerapplicants()
 3 SYSTEMPATH\CodeIgniter.php(502): CodeIgniter\CodeIgniter->runController(Object(App\Controllers\EmployerController))
 4 SYSTEMPATH\CodeIgniter.php(361): CodeIgniter\CodeIgniter->handleRequest(null, Object(Config\Cache), false)
 5 FCPATH\index.php(79): CodeIgniter\CodeIgniter->run()
 6 SYSTEMPATH\Commands\Server\rewrite.php(47): require_once('C:\\laragon\\www\\citypeso\\public\\index.php')
CRITICAL - 2024-04-14 09:34:46 --> ErrorException: Trying to access array offset on value of type null
in APPPATH\Controllers\EmployerController.php on line 141.
 1 APPPATH\Controllers\EmployerController.php(141): CodeIgniter\Debug\Exceptions->errorHandler(2, 'Trying to access array offset on value of type null', 'C:\\laragon\\www\\citypeso\\app\\Controllers\\EmployerController.php', 141)
 2 SYSTEMPATH\CodeIgniter.php(941): App\Controllers\EmployerController->viewemployerapplicants()
 3 SYSTEMPATH\CodeIgniter.php(502): CodeIgniter\CodeIgniter->runController(Object(App\Controllers\EmployerController))
 4 SYSTEMPATH\CodeIgniter.php(361): CodeIgniter\CodeIgniter->handleRequest(null, Object(Config\Cache), false)
 5 FCPATH\index.php(79): CodeIgniter\CodeIgniter->run()
 6 SYSTEMPATH\Commands\Server\rewrite.php(47): require_once('C:\\laragon\\www\\citypeso\\public\\index.php')
CRITICAL - 2024-04-14 09:37:41 --> ErrorException: Trying to access array offset on value of type null
in APPPATH\Controllers\EmployerController.php on line 141.
 1 APPPATH\Controllers\EmployerController.php(141): CodeIgniter\Debug\Exceptions->errorHandler(2, 'Trying to access array offset on value of type null', 'C:\\laragon\\www\\citypeso\\app\\Controllers\\EmployerController.php', 141)
 2 SYSTEMPATH\CodeIgniter.php(941): App\Controllers\EmployerController->viewemployerapplicants()
 3 SYSTEMPATH\CodeIgniter.php(502): CodeIgniter\CodeIgniter->runController(Object(App\Controllers\EmployerController))
 4 SYSTEMPATH\CodeIgniter.php(361): CodeIgniter\CodeIgniter->handleRequest(null, Object(Config\Cache), false)
 5 FCPATH\index.php(79): CodeIgniter\CodeIgniter->run()
 6 SYSTEMPATH\Commands\Server\rewrite.php(47): require_once('C:\\laragon\\www\\citypeso\\public\\index.php')
CRITICAL - 2024-04-14 09:37:48 --> ErrorException: Trying to access array offset on value of type null
in APPPATH\Controllers\EmployerController.php on line 141.
 1 APPPATH\Controllers\EmployerController.php(141): CodeIgniter\Debug\Exceptions->errorHandler(2, 'Trying to access array offset on value of type null', 'C:\\laragon\\www\\citypeso\\app\\Controllers\\EmployerController.php', 141)
 2 SYSTEMPATH\CodeIgniter.php(941): App\Controllers\EmployerController->viewemployerapplicants()
 3 SYSTEMPATH\CodeIgniter.php(502): CodeIgniter\CodeIgniter->runController(Object(App\Controllers\EmployerController))
 4 SYSTEMPATH\CodeIgniter.php(361): CodeIgniter\CodeIgniter->handleRequest(null, Object(Config\Cache), false)
 5 FCPATH\index.php(79): CodeIgniter\CodeIgniter->run()
 6 SYSTEMPATH\Commands\Server\rewrite.php(47): require_once('C:\\laragon\\www\\citypeso\\public\\index.php')
CRITICAL - 2024-04-14 09:38:35 --> ErrorException: Undefined variable $empdata
in APPPATH\Views\employer\inc\sidebar.php on line 27.
 1 APPPATH\Views\employer\inc\sidebar.php(27): CodeIgniter\Debug\Exceptions->errorHandler(2, 'Undefined variable $empdata', 'C:\\laragon\\www\\citypeso\\app\\Views\\employer\\inc\\sidebar.php', 27)
 2 SYSTEMPATH\View\View.php(228): include('C:\\laragon\\www\\citypeso\\app\\Views\\employer\\inc\\sidebar.php')
 3 SYSTEMPATH\View\View.php(231): CodeIgniter\View\View->CodeIgniter\View\{closure}()
 4 SYSTEMPATH\View\View.php(469): CodeIgniter\View\View->render('employer/inc/sidebar', null, true)
 5 APPPATH\Views\employer\pages\viewapplicants.php(7): CodeIgniter\View\View->include('employer/inc/sidebar')
 6 SYSTEMPATH\View\View.php(228): include('C:\\laragon\\www\\citypeso\\app\\Views\\employer\\pages\\viewapplicants.php')
 7 SYSTEMPATH\View\View.php(231): CodeIgniter\View\View->CodeIgniter\View\{closure}()
 8 SYSTEMPATH\Common.php(1178): CodeIgniter\View\View->render('employer/pages/viewapplicants', [], true)
 9 APPPATH\Controllers\EmployerController.php(148): view('employer/pages/viewapplicants', [...])
10 SYSTEMPATH\CodeIgniter.php(941): App\Controllers\EmployerController->viewemployerapplicants()
11 SYSTEMPATH\CodeIgniter.php(502): CodeIgniter\CodeIgniter->runController(Object(App\Controllers\EmployerController))
12 SYSTEMPATH\CodeIgniter.php(361): CodeIgniter\CodeIgniter->handleRequest(null, Object(Config\Cache), false)
13 FCPATH\index.php(79): CodeIgniter\CodeIgniter->run()
14 SYSTEMPATH\Commands\Server\rewrite.php(47): require_once('C:\\laragon\\www\\citypeso\\public\\index.php')
CRITICAL - 2024-04-14 09:48:08 --> ErrorException: Undefined variable $count
in APPPATH\Views\employer\pages\joblist.php on line 90.
 1 APPPATH\Views\employer\pages\joblist.php(90): CodeIgniter\Debug\Exceptions->errorHandler(2, 'Undefined variable $count', 'C:\\laragon\\www\\citypeso\\app\\Views\\employer\\pages\\joblist.php', 90)
 2 SYSTEMPATH\View\View.php(228): include('C:\\laragon\\www\\citypeso\\app\\Views\\employer\\pages\\joblist.php')
 3 SYSTEMPATH\View\View.php(231): CodeIgniter\View\View->CodeIgniter\View\{closure}()
 4 SYSTEMPATH\Common.php(1178): CodeIgniter\View\View->render('employer/pages/joblist', [], true)
 5 APPPATH\Controllers\EmployerController.php(93): view('employer/pages/joblist', [...])
 6 SYSTEMPATH\CodeIgniter.php(941): App\Controllers\EmployerController->employerjobs()
 7 SYSTEMPATH\CodeIgniter.php(502): CodeIgniter\CodeIgniter->runController(Object(App\Controllers\EmployerController))
 8 SYSTEMPATH\CodeIgniter.php(361): CodeIgniter\CodeIgniter->handleRequest(null, Object(Config\Cache), false)
 9 FCPATH\index.php(79): CodeIgniter\CodeIgniter->run()
10 SYSTEMPATH\Commands\Server\rewrite.php(47): require_once('C:\\laragon\\www\\citypeso\\public\\index.php')
CRITICAL - 2024-04-14 09:49:40 --> ErrorException: Undefined variable $count
in APPPATH\Views\employer\pages\joblist.php on line 90.
 1 APPPATH\Views\employer\pages\joblist.php(90): CodeIgniter\Debug\Exceptions->errorHandler(2, 'Undefined variable $count', 'C:\\laragon\\www\\citypeso\\app\\Views\\employer\\pages\\joblist.php', 90)
 2 SYSTEMPATH\View\View.php(228): include('C:\\laragon\\www\\citypeso\\app\\Views\\employer\\pages\\joblist.php')
 3 SYSTEMPATH\View\View.php(231): CodeIgniter\View\View->CodeIgniter\View\{closure}()
 4 SYSTEMPATH\Common.php(1178): CodeIgniter\View\View->render('employer/pages/joblist', [], true)
 5 APPPATH\Controllers\EmployerController.php(93): view('employer/pages/joblist', [...])
 6 SYSTEMPATH\CodeIgniter.php(941): App\Controllers\EmployerController->employerjobs()
 7 SYSTEMPATH\CodeIgniter.php(502): CodeIgniter\CodeIgniter->runController(Object(App\Controllers\EmployerController))
 8 SYSTEMPATH\CodeIgniter.php(361): CodeIgniter\CodeIgniter->handleRequest(null, Object(Config\Cache), false)
 9 FCPATH\index.php(79): CodeIgniter\CodeIgniter->run()
10 SYSTEMPATH\Commands\Server\rewrite.php(47): require_once('C:\\laragon\\www\\citypeso\\public\\index.php')
CRITICAL - 2024-04-14 13:17:33 --> ErrorException: Undefined variable $myAppliedJobs
in APPPATH\Views\jobseeker\pages\appliedjobs.php on line 110.
 1 APPPATH\Views\jobseeker\pages\appliedjobs.php(110): CodeIgniter\Debug\Exceptions->errorHandler(2, 'Undefined variable $myAppliedJobs', 'C:\\laragon\\www\\citypeso\\app\\Views\\jobseeker\\pages\\appliedjobs.php', 110)
 2 SYSTEMPATH\View\View.php(228): include('C:\\laragon\\www\\citypeso\\app\\Views\\jobseeker\\pages\\appliedjobs.php')
 3 SYSTEMPATH\View\View.php(231): CodeIgniter\View\View->CodeIgniter\View\{closure}()
 4 SYSTEMPATH\Common.php(1178): CodeIgniter\View\View->render('jobseeker/pages/appliedjobs', [], true)
 5 APPPATH\Controllers\JobseekerController.php(261): view('jobseeker/pages/appliedjobs', [...])
 6 SYSTEMPATH\CodeIgniter.php(941): App\Controllers\JobseekerController->myappliedjobs()
 7 SYSTEMPATH\CodeIgniter.php(502): CodeIgniter\CodeIgniter->runController(Object(App\Controllers\JobseekerController))
 8 SYSTEMPATH\CodeIgniter.php(361): CodeIgniter\CodeIgniter->handleRequest(null, Object(Config\Cache), false)
 9 FCPATH\index.php(79): CodeIgniter\CodeIgniter->run()
10 SYSTEMPATH\Commands\Server\rewrite.php(47): require_once('C:\\laragon\\www\\citypeso\\public\\index.php')
CRITICAL - 2024-04-14 13:22:55 --> ErrorException: Undefined variable $myAppliedJobs
in APPPATH\Views\jobseeker\pages\appliedjobs.php on line 110.
 1 APPPATH\Views\jobseeker\pages\appliedjobs.php(110): CodeIgniter\Debug\Exceptions->errorHandler(2, 'Undefined variable $myAppliedJobs', 'C:\\laragon\\www\\citypeso\\app\\Views\\jobseeker\\pages\\appliedjobs.php', 110)
 2 SYSTEMPATH\View\View.php(228): include('C:\\laragon\\www\\citypeso\\app\\Views\\jobseeker\\pages\\appliedjobs.php')
 3 SYSTEMPATH\View\View.php(231): CodeIgniter\View\View->CodeIgniter\View\{closure}()
 4 SYSTEMPATH\Common.php(1178): CodeIgniter\View\View->render('jobseeker/pages/appliedjobs', [], true)
 5 APPPATH\Controllers\JobseekerController.php(255): view('jobseeker/pages/appliedjobs', [...])
 6 SYSTEMPATH\CodeIgniter.php(941): App\Controllers\JobseekerController->myappliedjobs()
 7 SYSTEMPATH\CodeIgniter.php(502): CodeIgniter\CodeIgniter->runController(Object(App\Controllers\JobseekerController))
 8 SYSTEMPATH\CodeIgniter.php(361): CodeIgniter\CodeIgniter->handleRequest(null, Object(Config\Cache), false)
 9 FCPATH\index.php(79): CodeIgniter\CodeIgniter->run()
10 SYSTEMPATH\Commands\Server\rewrite.php(47): require_once('C:\\laragon\\www\\citypeso\\public\\index.php')
CRITICAL - 2024-04-14 13:22:57 --> ErrorException: Undefined variable $myAppliedJobs
in APPPATH\Views\jobseeker\pages\appliedjobs.php on line 110.
 1 APPPATH\Views\jobseeker\pages\appliedjobs.php(110): CodeIgniter\Debug\Exceptions->errorHandler(2, 'Undefined variable $myAppliedJobs', 'C:\\laragon\\www\\citypeso\\app\\Views\\jobseeker\\pages\\appliedjobs.php', 110)
 2 SYSTEMPATH\View\View.php(228): include('C:\\laragon\\www\\citypeso\\app\\Views\\jobseeker\\pages\\appliedjobs.php')
 3 SYSTEMPATH\View\View.php(231): CodeIgniter\View\View->CodeIgniter\View\{closure}()
 4 SYSTEMPATH\Common.php(1178): CodeIgniter\View\View->render('jobseeker/pages/appliedjobs', [], true)
 5 APPPATH\Controllers\JobseekerController.php(255): view('jobseeker/pages/appliedjobs', [...])
 6 SYSTEMPATH\CodeIgniter.php(941): App\Controllers\JobseekerController->myappliedjobs()
 7 SYSTEMPATH\CodeIgniter.php(502): CodeIgniter\CodeIgniter->runController(Object(App\Controllers\JobseekerController))
 8 SYSTEMPATH\CodeIgniter.php(361): CodeIgniter\CodeIgniter->handleRequest(null, Object(Config\Cache), false)
 9 FCPATH\index.php(79): CodeIgniter\CodeIgniter->run()
10 SYSTEMPATH\Commands\Server\rewrite.php(47): require_once('C:\\laragon\\www\\citypeso\\public\\index.php')
CRITICAL - 2024-04-14 13:22:58 --> ErrorException: Undefined variable $myAppliedJobs
in APPPATH\Views\jobseeker\pages\appliedjobs.php on line 110.
 1 APPPATH\Views\jobseeker\pages\appliedjobs.php(110): CodeIgniter\Debug\Exceptions->errorHandler(2, 'Undefined variable $myAppliedJobs', 'C:\\laragon\\www\\citypeso\\app\\Views\\jobseeker\\pages\\appliedjobs.php', 110)
 2 SYSTEMPATH\View\View.php(228): include('C:\\laragon\\www\\citypeso\\app\\Views\\jobseeker\\pages\\appliedjobs.php')
 3 SYSTEMPATH\View\View.php(231): CodeIgniter\View\View->CodeIgniter\View\{closure}()
 4 SYSTEMPATH\Common.php(1178): CodeIgniter\View\View->render('jobseeker/pages/appliedjobs', [], true)
 5 APPPATH\Controllers\JobseekerController.php(255): view('jobseeker/pages/appliedjobs', [...])
 6 SYSTEMPATH\CodeIgniter.php(941): App\Controllers\JobseekerController->myappliedjobs()
 7 SYSTEMPATH\CodeIgniter.php(502): CodeIgniter\CodeIgniter->runController(Object(App\Controllers\JobseekerController))
 8 SYSTEMPATH\CodeIgniter.php(361): CodeIgniter\CodeIgniter->handleRequest(null, Object(Config\Cache), false)
 9 FCPATH\index.php(79): CodeIgniter\CodeIgniter->run()
10 SYSTEMPATH\Commands\Server\rewrite.php(47): require_once('C:\\laragon\\www\\citypeso\\public\\index.php')
CRITICAL - 2024-04-14 13:23:42 --> ErrorException: Undefined variable $myAppliedJobs
in APPPATH\Views\jobseeker\pages\appliedjobs.php on line 110.
 1 APPPATH\Views\jobseeker\pages\appliedjobs.php(110): CodeIgniter\Debug\Exceptions->errorHandler(2, 'Undefined variable $myAppliedJobs', 'C:\\laragon\\www\\citypeso\\app\\Views\\jobseeker\\pages\\appliedjobs.php', 110)
 2 SYSTEMPATH\View\View.php(228): include('C:\\laragon\\www\\citypeso\\app\\Views\\jobseeker\\pages\\appliedjobs.php')
 3 SYSTEMPATH\View\View.php(231): CodeIgniter\View\View->CodeIgniter\View\{closure}()
 4 SYSTEMPATH\Common.php(1178): CodeIgniter\View\View->render('jobseeker/pages/appliedjobs', [], true)
 5 APPPATH\Controllers\JobseekerController.php(255): view('jobseeker/pages/appliedjobs', [...])
 6 SYSTEMPATH\CodeIgniter.php(941): App\Controllers\JobseekerController->myappliedjobs()
 7 SYSTEMPATH\CodeIgniter.php(502): CodeIgniter\CodeIgniter->runController(Object(App\Controllers\JobseekerController))
 8 SYSTEMPATH\CodeIgniter.php(361): CodeIgniter\CodeIgniter->handleRequest(null, Object(Config\Cache), false)
 9 FCPATH\index.php(79): CodeIgniter\CodeIgniter->run()
10 SYSTEMPATH\Commands\Server\rewrite.php(47): require_once('C:\\laragon\\www\\citypeso\\public\\index.php')
CRITICAL - 2024-04-14 13:23:44 --> ErrorException: Undefined variable $myAppliedJobs
in APPPATH\Views\jobseeker\pages\appliedjobs.php on line 110.
 1 APPPATH\Views\jobseeker\pages\appliedjobs.php(110): CodeIgniter\Debug\Exceptions->errorHandler(2, 'Undefined variable $myAppliedJobs', 'C:\\laragon\\www\\citypeso\\app\\Views\\jobseeker\\pages\\appliedjobs.php', 110)
 2 SYSTEMPATH\View\View.php(228): include('C:\\laragon\\www\\citypeso\\app\\Views\\jobseeker\\pages\\appliedjobs.php')
 3 SYSTEMPATH\View\View.php(231): CodeIgniter\View\View->CodeIgniter\View\{closure}()
 4 SYSTEMPATH\Common.php(1178): CodeIgniter\View\View->render('jobseeker/pages/appliedjobs', [], true)
 5 APPPATH\Controllers\JobseekerController.php(255): view('jobseeker/pages/appliedjobs', [...])
 6 SYSTEMPATH\CodeIgniter.php(941): App\Controllers\JobseekerController->myappliedjobs()
 7 SYSTEMPATH\CodeIgniter.php(502): CodeIgniter\CodeIgniter->runController(Object(App\Controllers\JobseekerController))
 8 SYSTEMPATH\CodeIgniter.php(361): CodeIgniter\CodeIgniter->handleRequest(null, Object(Config\Cache), false)
 9 FCPATH\index.php(79): CodeIgniter\CodeIgniter->run()
10 SYSTEMPATH\Commands\Server\rewrite.php(47): require_once('C:\\laragon\\www\\citypeso\\public\\index.php')
CRITICAL - 2024-04-14 13:23:44 --> ErrorException: Undefined variable $myAppliedJobs
in APPPATH\Views\jobseeker\pages\appliedjobs.php on line 110.
 1 APPPATH\Views\jobseeker\pages\appliedjobs.php(110): CodeIgniter\Debug\Exceptions->errorHandler(2, 'Undefined variable $myAppliedJobs', 'C:\\laragon\\www\\citypeso\\app\\Views\\jobseeker\\pages\\appliedjobs.php', 110)
 2 SYSTEMPATH\View\View.php(228): include('C:\\laragon\\www\\citypeso\\app\\Views\\jobseeker\\pages\\appliedjobs.php')
 3 SYSTEMPATH\View\View.php(231): CodeIgniter\View\View->CodeIgniter\View\{closure}()
 4 SYSTEMPATH\Common.php(1178): CodeIgniter\View\View->render('jobseeker/pages/appliedjobs', [], true)
 5 APPPATH\Controllers\JobseekerController.php(255): view('jobseeker/pages/appliedjobs', [...])
 6 SYSTEMPATH\CodeIgniter.php(941): App\Controllers\JobseekerController->myappliedjobs()
 7 SYSTEMPATH\CodeIgniter.php(502): CodeIgniter\CodeIgniter->runController(Object(App\Controllers\JobseekerController))
 8 SYSTEMPATH\CodeIgniter.php(361): CodeIgniter\CodeIgniter->handleRequest(null, Object(Config\Cache), false)
 9 FCPATH\index.php(79): CodeIgniter\CodeIgniter->run()
10 SYSTEMPATH\Commands\Server\rewrite.php(47): require_once('C:\\laragon\\www\\citypeso\\public\\index.php')
CRITICAL - 2024-04-14 13:23:48 --> ErrorException: Undefined variable $myAppliedJobs
in APPPATH\Views\jobseeker\pages\appliedjobs.php on line 110.
 1 APPPATH\Views\jobseeker\pages\appliedjobs.php(110): CodeIgniter\Debug\Exceptions->errorHandler(2, 'Undefined variable $myAppliedJobs', 'C:\\laragon\\www\\citypeso\\app\\Views\\jobseeker\\pages\\appliedjobs.php', 110)
 2 SYSTEMPATH\View\View.php(228): include('C:\\laragon\\www\\citypeso\\app\\Views\\jobseeker\\pages\\appliedjobs.php')
 3 SYSTEMPATH\View\View.php(231): CodeIgniter\View\View->CodeIgniter\View\{closure}()
 4 SYSTEMPATH\Common.php(1178): CodeIgniter\View\View->render('jobseeker/pages/appliedjobs', [], true)
 5 APPPATH\Controllers\JobseekerController.php(255): view('jobseeker/pages/appliedjobs', [...])
 6 SYSTEMPATH\CodeIgniter.php(941): App\Controllers\JobseekerController->myappliedjobs()
 7 SYSTEMPATH\CodeIgniter.php(502): CodeIgniter\CodeIgniter->runController(Object(App\Controllers\JobseekerController))
 8 SYSTEMPATH\CodeIgniter.php(361): CodeIgniter\CodeIgniter->handleRequest(null, Object(Config\Cache), false)
 9 FCPATH\index.php(79): CodeIgniter\CodeIgniter->run()
10 SYSTEMPATH\Commands\Server\rewrite.php(47): require_once('C:\\laragon\\www\\citypeso\\public\\index.php')
CRITICAL - 2024-04-14 14:05:44 --> ParseError: syntax error, unexpected end of file, expecting "elseif" or "else" or "endif"
in APPPATH\Views\jobseeker\inc\end.php on line 85.
 1 SYSTEMPATH\View\View.php(231): CodeIgniter\View\View->CodeIgniter\View\{closure}()
 2 SYSTEMPATH\View\View.php(469): CodeIgniter\View\View->render('jobseeker/inc/end', null, true)
 3 APPPATH\Views\jobseeker\pages\appliedjobs.php(167): CodeIgniter\View\View->include('jobseeker/inc/end')
 4 SYSTEMPATH\View\View.php(228): include('C:\\laragon\\www\\citypeso\\app\\Views\\jobseeker\\pages\\appliedjobs.php')
 5 SYSTEMPATH\View\View.php(231): CodeIgniter\View\View->CodeIgniter\View\{closure}()
 6 SYSTEMPATH\Common.php(1178): CodeIgniter\View\View->render('jobseeker/pages/appliedjobs', [], true)
 7 APPPATH\Controllers\JobseekerController.php(255): view('jobseeker/pages/appliedjobs', [...])
 8 SYSTEMPATH\CodeIgniter.php(941): App\Controllers\JobseekerController->myappliedjobs()
 9 SYSTEMPATH\CodeIgniter.php(502): CodeIgniter\CodeIgniter->runController(Object(App\Controllers\JobseekerController))
10 SYSTEMPATH\CodeIgniter.php(361): CodeIgniter\CodeIgniter->handleRequest(null, Object(Config\Cache), false)
11 FCPATH\index.php(79): CodeIgniter\CodeIgniter->run()
12 SYSTEMPATH\Commands\Server\rewrite.php(47): require_once('C:\\laragon\\www\\citypeso\\public\\index.php')
CRITICAL - 2024-04-14 14:28:44 --> ErrorException: require_once(C:\laragon\www\citypeso\app\../vendor/autoload.php): Failed to open stream: No such file or directory
in APPPATH\Controllers\JobseekerController.php on line 1374.
 1 APPPATH\Controllers\JobseekerController.php(1374): CodeIgniter\Debug\Exceptions->errorHandler(2, 'require_once(C:\\laragon\\www\\citypeso\\app\\../vendor/autoload.php): Failed to open stream: No such file or directory', 'C:\\laragon\\www\\citypeso\\app\\Controllers\\JobseekerController.php', 1374)
 2 APPPATH\Controllers\JobseekerController.php(1374): require_once()
 3 SYSTEMPATH\CodeIgniter.php(941): App\Controllers\JobseekerController->generatePdf()
 4 SYSTEMPATH\CodeIgniter.php(502): CodeIgniter\CodeIgniter->runController(Object(App\Controllers\JobseekerController))
 5 SYSTEMPATH\CodeIgniter.php(361): CodeIgniter\CodeIgniter->handleRequest(null, Object(Config\Cache), false)
 6 FCPATH\index.php(79): CodeIgniter\CodeIgniter->run()
 7 SYSTEMPATH\Commands\Server\rewrite.php(47): require_once('C:\\laragon\\www\\citypeso\\public\\index.php')
CRITICAL - 2024-04-14 14:58:56 --> ErrorException: Undefined array key "typeEmployment"
in APPPATH\Views\jobseeker\pages\appliedjobs.php on line 54.
 1 APPPATH\Views\jobseeker\pages\appliedjobs.php(54): CodeIgniter\Debug\Exceptions->errorHandler(2, 'Undefined array key "typeEmployment"', 'D:\\laragon\\www\\citypeso\\app\\Views\\jobseeker\\pages\\appliedjobs.php', 54)
 2 SYSTEMPATH\View\View.php(228): include('D:\\laragon\\www\\citypeso\\app\\Views\\jobseeker\\pages\\appliedjobs.php')
 3 SYSTEMPATH\View\View.php(231): CodeIgniter\View\View->CodeIgniter\View\{closure}()
 4 SYSTEMPATH\Common.php(1178): CodeIgniter\View\View->render('jobseeker/pages/appliedjobs', [], true)
 5 APPPATH\Controllers\JobseekerController.php(255): view('jobseeker/pages/appliedjobs', [...])
 6 SYSTEMPATH\CodeIgniter.php(941): App\Controllers\JobseekerController->myappliedjobs()
 7 SYSTEMPATH\CodeIgniter.php(502): CodeIgniter\CodeIgniter->runController(Object(App\Controllers\JobseekerController))
 8 SYSTEMPATH\CodeIgniter.php(361): CodeIgniter\CodeIgniter->handleRequest(null, Object(Config\Cache), false)
 9 FCPATH\index.php(79): CodeIgniter\CodeIgniter->run()
10 SYSTEMPATH\Commands\Server\rewrite.php(47): require_once('D:\\laragon\\www\\citypeso\\public\\index.php')
CRITICAL - 2024-04-14 14:59:53 --> ErrorException: Undefined array key "location"
in APPPATH\Views\jobseeker\pages\appliedjobs.php on line 55.
 1 APPPATH\Views\jobseeker\pages\appliedjobs.php(55): CodeIgniter\Debug\Exceptions->errorHandler(2, 'Undefined array key "location"', 'D:\\laragon\\www\\citypeso\\app\\Views\\jobseeker\\pages\\appliedjobs.php', 55)
 2 SYSTEMPATH\View\View.php(228): include('D:\\laragon\\www\\citypeso\\app\\Views\\jobseeker\\pages\\appliedjobs.php')
 3 SYSTEMPATH\View\View.php(231): CodeIgniter\View\View->CodeIgniter\View\{closure}()
 4 SYSTEMPATH\Common.php(1178): CodeIgniter\View\View->render('jobseeker/pages/appliedjobs', [], true)
 5 APPPATH\Controllers\JobseekerController.php(255): view('jobseeker/pages/appliedjobs', [...])
 6 SYSTEMPATH\CodeIgniter.php(941): App\Controllers\JobseekerController->myappliedjobs()
 7 SYSTEMPATH\CodeIgniter.php(502): CodeIgniter\CodeIgniter->runController(Object(App\Controllers\JobseekerController))
 8 SYSTEMPATH\CodeIgniter.php(361): CodeIgniter\CodeIgniter->handleRequest(null, Object(Config\Cache), false)
 9 FCPATH\index.php(79): CodeIgniter\CodeIgniter->run()
10 SYSTEMPATH\Commands\Server\rewrite.php(47): require_once('D:\\laragon\\www\\citypeso\\public\\index.php')
CRITICAL - 2024-04-14 14:59:56 --> ErrorException: Undefined array key "location"
in APPPATH\Views\jobseeker\pages\appliedjobs.php on line 55.
 1 APPPATH\Views\jobseeker\pages\appliedjobs.php(55): CodeIgniter\Debug\Exceptions->errorHandler(2, 'Undefined array key "location"', 'D:\\laragon\\www\\citypeso\\app\\Views\\jobseeker\\pages\\appliedjobs.php', 55)
 2 SYSTEMPATH\View\View.php(228): include('D:\\laragon\\www\\citypeso\\app\\Views\\jobseeker\\pages\\appliedjobs.php')
 3 SYSTEMPATH\View\View.php(231): CodeIgniter\View\View->CodeIgniter\View\{closure}()
 4 SYSTEMPATH\Common.php(1178): CodeIgniter\View\View->render('jobseeker/pages/appliedjobs', [], true)
 5 APPPATH\Controllers\JobseekerController.php(255): view('jobseeker/pages/appliedjobs', [...])
 6 SYSTEMPATH\CodeIgniter.php(941): App\Controllers\JobseekerController->myappliedjobs()
 7 SYSTEMPATH\CodeIgniter.php(502): CodeIgniter\CodeIgniter->runController(Object(App\Controllers\JobseekerController))
 8 SYSTEMPATH\CodeIgniter.php(361): CodeIgniter\CodeIgniter->handleRequest(null, Object(Config\Cache), false)
 9 FCPATH\index.php(79): CodeIgniter\CodeIgniter->run()
10 SYSTEMPATH\Commands\Server\rewrite.php(47): require_once('D:\\laragon\\www\\citypeso\\public\\index.php')
CRITICAL - 2024-04-14 15:00:31 --> ErrorException: Undefined array key "dateApplied"
in APPPATH\Views\jobseeker\pages\appliedjobs.php on line 58.
 1 APPPATH\Views\jobseeker\pages\appliedjobs.php(58): CodeIgniter\Debug\Exceptions->errorHandler(2, 'Undefined array key "dateApplied"', 'D:\\laragon\\www\\citypeso\\app\\Views\\jobseeker\\pages\\appliedjobs.php', 58)
 2 SYSTEMPATH\View\View.php(228): include('D:\\laragon\\www\\citypeso\\app\\Views\\jobseeker\\pages\\appliedjobs.php')
 3 SYSTEMPATH\View\View.php(231): CodeIgniter\View\View->CodeIgniter\View\{closure}()
 4 SYSTEMPATH\Common.php(1178): CodeIgniter\View\View->render('jobseeker/pages/appliedjobs', [], true)
 5 APPPATH\Controllers\JobseekerController.php(255): view('jobseeker/pages/appliedjobs', [...])
 6 SYSTEMPATH\CodeIgniter.php(941): App\Controllers\JobseekerController->myappliedjobs()
 7 SYSTEMPATH\CodeIgniter.php(502): CodeIgniter\CodeIgniter->runController(Object(App\Controllers\JobseekerController))
 8 SYSTEMPATH\CodeIgniter.php(361): CodeIgniter\CodeIgniter->handleRequest(null, Object(Config\Cache), false)
 9 FCPATH\index.php(79): CodeIgniter\CodeIgniter->run()
10 SYSTEMPATH\Commands\Server\rewrite.php(47): require_once('D:\\laragon\\www\\citypeso\\public\\index.php')
CRITICAL - 2024-04-14 15:16:39 --> ErrorException: Undefined array key "message"
in APPPATH\Views\jobseeker\pages\appliedjobs.php on line 103.
 1 APPPATH\Views\jobseeker\pages\appliedjobs.php(103): CodeIgniter\Debug\Exceptions->errorHandler(2, 'Undefined array key "message"', 'D:\\laragon\\www\\citypeso\\app\\Views\\jobseeker\\pages\\appliedjobs.php', 103)
 2 SYSTEMPATH\View\View.php(228): include('D:\\laragon\\www\\citypeso\\app\\Views\\jobseeker\\pages\\appliedjobs.php')
 3 SYSTEMPATH\View\View.php(231): CodeIgniter\View\View->CodeIgniter\View\{closure}()
 4 SYSTEMPATH\Common.php(1178): CodeIgniter\View\View->render('jobseeker/pages/appliedjobs', [], true)
 5 APPPATH\Controllers\JobseekerController.php(255): view('jobseeker/pages/appliedjobs', [...])
 6 SYSTEMPATH\CodeIgniter.php(941): App\Controllers\JobseekerController->myappliedjobs()
 7 SYSTEMPATH\CodeIgniter.php(502): CodeIgniter\CodeIgniter->runController(Object(App\Controllers\JobseekerController))
 8 SYSTEMPATH\CodeIgniter.php(361): CodeIgniter\CodeIgniter->handleRequest(null, Object(Config\Cache), false)
 9 FCPATH\index.php(79): CodeIgniter\CodeIgniter->run()
10 SYSTEMPATH\Commands\Server\rewrite.php(47): require_once('D:\\laragon\\www\\citypeso\\public\\index.php')
CRITICAL - 2024-04-14 15:16:51 --> ErrorException: Undefined array key "message"
in APPPATH\Views\jobseeker\pages\appliedjobs.php on line 103.
 1 APPPATH\Views\jobseeker\pages\appliedjobs.php(103): CodeIgniter\Debug\Exceptions->errorHandler(2, 'Undefined array key "message"', 'D:\\laragon\\www\\citypeso\\app\\Views\\jobseeker\\pages\\appliedjobs.php', 103)
 2 SYSTEMPATH\View\View.php(228): include('D:\\laragon\\www\\citypeso\\app\\Views\\jobseeker\\pages\\appliedjobs.php')
 3 SYSTEMPATH\View\View.php(231): CodeIgniter\View\View->CodeIgniter\View\{closure}()
 4 SYSTEMPATH\Common.php(1178): CodeIgniter\View\View->render('jobseeker/pages/appliedjobs', [], true)
 5 APPPATH\Controllers\JobseekerController.php(255): view('jobseeker/pages/appliedjobs', [...])
 6 SYSTEMPATH\CodeIgniter.php(941): App\Controllers\JobseekerController->myappliedjobs()
 7 SYSTEMPATH\CodeIgniter.php(502): CodeIgniter\CodeIgniter->runController(Object(App\Controllers\JobseekerController))
 8 SYSTEMPATH\CodeIgniter.php(361): CodeIgniter\CodeIgniter->handleRequest(null, Object(Config\Cache), false)
 9 FCPATH\index.php(79): CodeIgniter\CodeIgniter->run()
10 SYSTEMPATH\Commands\Server\rewrite.php(47): require_once('D:\\laragon\\www\\citypeso\\public\\index.php')
CRITICAL - 2024-04-14 15:16:52 --> ErrorException: Undefined array key "message"
in APPPATH\Views\jobseeker\pages\appliedjobs.php on line 103.
 1 APPPATH\Views\jobseeker\pages\appliedjobs.php(103): CodeIgniter\Debug\Exceptions->errorHandler(2, 'Undefined array key "message"', 'D:\\laragon\\www\\citypeso\\app\\Views\\jobseeker\\pages\\appliedjobs.php', 103)
 2 SYSTEMPATH\View\View.php(228): include('D:\\laragon\\www\\citypeso\\app\\Views\\jobseeker\\pages\\appliedjobs.php')
 3 SYSTEMPATH\View\View.php(231): CodeIgniter\View\View->CodeIgniter\View\{closure}()
 4 SYSTEMPATH\Common.php(1178): CodeIgniter\View\View->render('jobseeker/pages/appliedjobs', [], true)
 5 APPPATH\Controllers\JobseekerController.php(255): view('jobseeker/pages/appliedjobs', [...])
 6 SYSTEMPATH\CodeIgniter.php(941): App\Controllers\JobseekerController->myappliedjobs()
 7 SYSTEMPATH\CodeIgniter.php(502): CodeIgniter\CodeIgniter->runController(Object(App\Controllers\JobseekerController))
 8 SYSTEMPATH\CodeIgniter.php(361): CodeIgniter\CodeIgniter->handleRequest(null, Object(Config\Cache), false)
 9 FCPATH\index.php(79): CodeIgniter\CodeIgniter->run()
10 SYSTEMPATH\Commands\Server\rewrite.php(47): require_once('D:\\laragon\\www\\citypeso\\public\\index.php')
