CRITICAL - 2024-03-08 12:47:55 --> ParseError: syntax error, unexpected token ":"
in APPPATH\Views\employer\pages\joblist.php on line 25.
 1 SYSTEMPATH\View\View.php(231): CodeIgniter\View\View->CodeIgniter\View\{closure}()
 2 SYSTEMPATH\Common.php(1178): CodeIgniter\View\View->render('employer/pages/joblist', [], true)
 3 APPPATH\Controllers\EmployerController.php(58): view('employer/pages/joblist', [...])
 4 SYSTEMPATH\CodeIgniter.php(941): App\Controllers\EmployerController->employerjobs()
 5 SYSTEMPATH\CodeIgniter.php(502): CodeIgniter\CodeIgniter->runController(Object(App\Controllers\EmployerController))
 6 SYSTEMPATH\CodeIgniter.php(361): CodeIgniter\CodeIgniter->handleRequest(null, Object(Config\Cache), false)
 7 FCPATH\index.php(79): CodeIgniter\CodeIgniter->run()
 8 SYSTEMPATH\Commands\Server\rewrite.php(47): require_once('D:\\laragon\\www\\citypeso\\public\\index.php')
CRITICAL - 2024-03-08 12:48:06 --> ParseError: syntax error, unexpected token "endif", expecting end of file
in APPPATH\Views\employer\pages\joblist.php on line 29.
 1 SYSTEMPATH\View\View.php(231): CodeIgniter\View\View->CodeIgniter\View\{closure}()
 2 SYSTEMPATH\Common.php(1178): CodeIgniter\View\View->render('employer/pages/joblist', [], true)
 3 APPPATH\Controllers\EmployerController.php(58): view('employer/pages/joblist', [...])
 4 SYSTEMPATH\CodeIgniter.php(941): App\Controllers\EmployerController->employerjobs()
 5 SYSTEMPATH\CodeIgniter.php(502): CodeIgniter\CodeIgniter->runController(Object(App\Controllers\EmployerController))
 6 SYSTEMPATH\CodeIgniter.php(361): CodeIgniter\CodeIgniter->handleRequest(null, Object(Config\Cache), false)
 7 FCPATH\index.php(79): CodeIgniter\CodeIgniter->run()
 8 SYSTEMPATH\Commands\Server\rewrite.php(47): require_once('D:\\laragon\\www\\citypeso\\public\\index.php')
CRITICAL - 2024-03-08 12:48:07 --> ParseError: syntax error, unexpected token "endif", expecting end of file
in APPPATH\Views\employer\pages\joblist.php on line 29.
 1 SYSTEMPATH\View\View.php(231): CodeIgniter\View\View->CodeIgniter\View\{closure}()
 2 SYSTEMPATH\Common.php(1178): CodeIgniter\View\View->render('employer/pages/joblist', [], true)
 3 APPPATH\Controllers\EmployerController.php(58): view('employer/pages/joblist', [...])
 4 SYSTEMPATH\CodeIgniter.php(941): App\Controllers\EmployerController->employerjobs()
 5 SYSTEMPATH\CodeIgniter.php(502): CodeIgniter\CodeIgniter->runController(Object(App\Controllers\EmployerController))
 6 SYSTEMPATH\CodeIgniter.php(361): CodeIgniter\CodeIgniter->handleRequest(null, Object(Config\Cache), false)
 7 FCPATH\index.php(79): CodeIgniter\CodeIgniter->run()
 8 SYSTEMPATH\Commands\Server\rewrite.php(47): require_once('D:\\laragon\\www\\citypeso\\public\\index.php')
CRITICAL - 2024-03-08 12:56:52 --> ParseError: syntax error, unexpected identifier "employerLoginProcess", expecting "," or ";"
in APPPATH\Views\employer\pages\joblist.php on line 26.
 1 SYSTEMPATH\View\View.php(231): CodeIgniter\View\View->CodeIgniter\View\{closure}()
 2 SYSTEMPATH\Common.php(1178): CodeIgniter\View\View->render('employer/pages/joblist', [], true)
 3 APPPATH\Controllers\EmployerController.php(58): view('employer/pages/joblist', [...])
 4 SYSTEMPATH\CodeIgniter.php(941): App\Controllers\EmployerController->employerjobs()
 5 SYSTEMPATH\CodeIgniter.php(502): CodeIgniter\CodeIgniter->runController(Object(App\Controllers\EmployerController))
 6 SYSTEMPATH\CodeIgniter.php(361): CodeIgniter\CodeIgniter->handleRequest(null, Object(Config\Cache), false)
 7 FCPATH\index.php(79): CodeIgniter\CodeIgniter->run()
 8 SYSTEMPATH\Commands\Server\rewrite.php(47): require_once('D:\\laragon\\www\\citypeso\\public\\index.php')
CRITICAL - 2024-03-08 13:01:30 --> ErrorException: Cannot redeclare App\Controllers\EmployerController::employerForgotForm()
in APPPATH\Controllers\EmployerController.php on line 104.
 1 [internal function]: CodeIgniter\Debug\Exceptions->shutdownHandler()
