CRITICAL - 2024-05-14 02:19:39 --> Error: Call to undefined function App\Controllers\route()
in APPPATH\Controllers\JobseekerController.php on line 148.
 1 SYSTEMPATH\CodeIgniter.php(941): App\Controllers\JobseekerController->jobseekerhome()
 2 SYSTEMPATH\CodeIgniter.php(502): CodeIgniter\CodeIgniter->runController(Object(App\Controllers\JobseekerController))
 3 SYSTEMPATH\CodeIgniter.php(361): CodeIgniter\CodeIgniter->handleRequest(null, Object(Config\Cache), false)
 4 FCPATH\index.php(79): CodeIgniter\CodeIgniter->run()
 5 SYSTEMPATH\Commands\Server\rewrite.php(47): require_once('C:\\laragon\\www\\citypeso\\public\\index.php')
CRITICAL - 2024-05-14 02:21:37 --> Error: Call to undefined function App\Controllers\route()
in APPPATH\Controllers\EmployerController.php on line 118.
 1 SYSTEMPATH\CodeIgniter.php(941): App\Controllers\EmployerController->employerhome()
 2 SYSTEMPATH\CodeIgniter.php(502): CodeIgniter\CodeIgniter->runController(Object(App\Controllers\EmployerController))
 3 SYSTEMPATH\CodeIgniter.php(361): CodeIgniter\CodeIgniter->handleRequest(null, Object(Config\Cache), false)
 4 FCPATH\index.php(79): CodeIgniter\CodeIgniter->run()
 5 SYSTEMPATH\Commands\Server\rewrite.php(47): require_once('C:\\laragon\\www\\citypeso\\public\\index.php')
CRITICAL - 2024-05-14 02:21:38 --> Error: Call to undefined function App\Controllers\route()
in APPPATH\Controllers\EmployerController.php on line 118.
 1 SYSTEMPATH\CodeIgniter.php(941): App\Controllers\EmployerController->employerhome()
 2 SYSTEMPATH\CodeIgniter.php(502): CodeIgniter\CodeIgniter->runController(Object(App\Controllers\EmployerController))
 3 SYSTEMPATH\CodeIgniter.php(361): CodeIgniter\CodeIgniter->handleRequest(null, Object(Config\Cache), false)
 4 FCPATH\index.php(79): CodeIgniter\CodeIgniter->run()
 5 SYSTEMPATH\Commands\Server\rewrite.php(47): require_once('C:\\laragon\\www\\citypeso\\public\\index.php')
CRITICAL - 2024-05-14 02:21:38 --> Error: Call to undefined function App\Controllers\route()
in APPPATH\Controllers\EmployerController.php on line 118.
 1 SYSTEMPATH\CodeIgniter.php(941): App\Controllers\EmployerController->employerhome()
 2 SYSTEMPATH\CodeIgniter.php(502): CodeIgniter\CodeIgniter->runController(Object(App\Controllers\EmployerController))
 3 SYSTEMPATH\CodeIgniter.php(361): CodeIgniter\CodeIgniter->handleRequest(null, Object(Config\Cache), false)
 4 FCPATH\index.php(79): CodeIgniter\CodeIgniter->run()
 5 SYSTEMPATH\Commands\Server\rewrite.php(47): require_once('C:\\laragon\\www\\citypeso\\public\\index.php')
CRITICAL - 2024-05-14 02:22:02 --> Error: Call to undefined function App\Controllers\route()
in APPPATH\Controllers\EmployerController.php on line 118.
 1 SYSTEMPATH\CodeIgniter.php(941): App\Controllers\EmployerController->employerhome()
 2 SYSTEMPATH\CodeIgniter.php(502): CodeIgniter\CodeIgniter->runController(Object(App\Controllers\EmployerController))
 3 SYSTEMPATH\CodeIgniter.php(361): CodeIgniter\CodeIgniter->handleRequest(null, Object(Config\Cache), false)
 4 FCPATH\index.php(79): CodeIgniter\CodeIgniter->run()
 5 SYSTEMPATH\Commands\Server\rewrite.php(47): require_once('C:\\laragon\\www\\citypeso\\public\\index.php')
CRITICAL - 2024-05-14 02:24:30 --> Error: Call to undefined function App\Controllers\route()
in APPPATH\Controllers\EmployerController.php on line 118.
 1 SYSTEMPATH\CodeIgniter.php(941): App\Controllers\EmployerController->employerhome()
 2 SYSTEMPATH\CodeIgniter.php(502): CodeIgniter\CodeIgniter->runController(Object(App\Controllers\EmployerController))
 3 SYSTEMPATH\CodeIgniter.php(361): CodeIgniter\CodeIgniter->handleRequest(null, Object(Config\Cache), false)
 4 FCPATH\index.php(79): CodeIgniter\CodeIgniter->run()
 5 SYSTEMPATH\Commands\Server\rewrite.php(47): require_once('C:\\laragon\\www\\citypeso\\public\\index.php')
CRITICAL - 2024-05-14 02:24:30 --> Error: Call to undefined function App\Controllers\route()
in APPPATH\Controllers\EmployerController.php on line 118.
 1 SYSTEMPATH\CodeIgniter.php(941): App\Controllers\EmployerController->employerhome()
 2 SYSTEMPATH\CodeIgniter.php(502): CodeIgniter\CodeIgniter->runController(Object(App\Controllers\EmployerController))
 3 SYSTEMPATH\CodeIgniter.php(361): CodeIgniter\CodeIgniter->handleRequest(null, Object(Config\Cache), false)
 4 FCPATH\index.php(79): CodeIgniter\CodeIgniter->run()
 5 SYSTEMPATH\Commands\Server\rewrite.php(47): require_once('C:\\laragon\\www\\citypeso\\public\\index.php')
CRITICAL - 2024-05-14 02:26:26 --> Error: Call to undefined function App\Controllers\route()
in APPPATH\Controllers\EmployerController.php on line 118.
 1 SYSTEMPATH\CodeIgniter.php(941): App\Controllers\EmployerController->employerhome()
 2 SYSTEMPATH\CodeIgniter.php(502): CodeIgniter\CodeIgniter->runController(Object(App\Controllers\EmployerController))
 3 SYSTEMPATH\CodeIgniter.php(361): CodeIgniter\CodeIgniter->handleRequest(null, Object(Config\Cache), false)
 4 FCPATH\index.php(79): CodeIgniter\CodeIgniter->run()
 5 SYSTEMPATH\Commands\Server\rewrite.php(47): require_once('C:\\laragon\\www\\citypeso\\public\\index.php')
CRITICAL - 2024-05-14 02:26:44 --> Error: Call to undefined function App\Controllers\route()
in APPPATH\Controllers\EmployerController.php on line 118.
 1 SYSTEMPATH\CodeIgniter.php(941): App\Controllers\EmployerController->employerhome()
 2 SYSTEMPATH\CodeIgniter.php(502): CodeIgniter\CodeIgniter->runController(Object(App\Controllers\EmployerController))
 3 SYSTEMPATH\CodeIgniter.php(361): CodeIgniter\CodeIgniter->handleRequest(null, Object(Config\Cache), false)
 4 FCPATH\index.php(79): CodeIgniter\CodeIgniter->run()
 5 SYSTEMPATH\Commands\Server\rewrite.php(47): require_once('C:\\laragon\\www\\citypeso\\public\\index.php')
CRITICAL - 2024-05-14 02:28:28 --> Error: Call to undefined function App\Controllers\route()
in APPPATH\Controllers\EmployerController.php on line 118.
 1 SYSTEMPATH\CodeIgniter.php(941): App\Controllers\EmployerController->employerhome()
 2 SYSTEMPATH\CodeIgniter.php(502): CodeIgniter\CodeIgniter->runController(Object(App\Controllers\EmployerController))
 3 SYSTEMPATH\CodeIgniter.php(361): CodeIgniter\CodeIgniter->handleRequest(null, Object(Config\Cache), false)
 4 FCPATH\index.php(79): CodeIgniter\CodeIgniter->run()
 5 SYSTEMPATH\Commands\Server\rewrite.php(47): require_once('C:\\laragon\\www\\citypeso\\public\\index.php')
CRITICAL - 2024-05-14 02:28:33 --> Error: Call to undefined function App\Controllers\route()
in APPPATH\Controllers\EmployerController.php on line 118.
 1 SYSTEMPATH\CodeIgniter.php(941): App\Controllers\EmployerController->employerhome()
 2 SYSTEMPATH\CodeIgniter.php(502): CodeIgniter\CodeIgniter->runController(Object(App\Controllers\EmployerController))
 3 SYSTEMPATH\CodeIgniter.php(361): CodeIgniter\CodeIgniter->handleRequest(null, Object(Config\Cache), false)
 4 FCPATH\index.php(79): CodeIgniter\CodeIgniter->run()
 5 SYSTEMPATH\Commands\Server\rewrite.php(47): require_once('C:\\laragon\\www\\citypeso\\public\\index.php')
CRITICAL - 2024-05-14 02:41:13 --> Error: Call to undefined function App\Controllers\route()
in APPPATH\Controllers\JobseekerController.php on line 148.
 1 SYSTEMPATH\CodeIgniter.php(941): App\Controllers\JobseekerController->jobseekerhome()
 2 SYSTEMPATH\CodeIgniter.php(502): CodeIgniter\CodeIgniter->runController(Object(App\Controllers\JobseekerController))
 3 SYSTEMPATH\CodeIgniter.php(361): CodeIgniter\CodeIgniter->handleRequest(null, Object(Config\Cache), false)
 4 FCPATH\index.php(79): CodeIgniter\CodeIgniter->run()
 5 SYSTEMPATH\Commands\Server\rewrite.php(47): require_once('C:\\laragon\\www\\citypeso\\public\\index.php')
CRITICAL - 2024-05-14 02:50:39 --> ErrorException: Undefined variable $empdata
in APPPATH\Views\employer\inc\sidebar.php on line 27.
 1 APPPATH\Views\employer\inc\sidebar.php(27): CodeIgniter\Debug\Exceptions->errorHandler(2, 'Undefined variable $empdata', 'C:\\laragon\\www\\citypeso\\app\\Views\\employer\\inc\\sidebar.php', 27)
 2 SYSTEMPATH\View\View.php(228): include('C:\\laragon\\www\\citypeso\\app\\Views\\employer\\inc\\sidebar.php')
 3 SYSTEMPATH\View\View.php(231): CodeIgniter\View\View->CodeIgniter\View\{closure}()
 4 SYSTEMPATH\View\View.php(469): CodeIgniter\View\View->render('employer/inc/sidebar', null, true)
 5 APPPATH\Views\employer\pages\home.php(6): CodeIgniter\View\View->include('employer/inc/sidebar')
 6 SYSTEMPATH\View\View.php(228): include('C:\\laragon\\www\\citypeso\\app\\Views\\employer\\pages\\home.php')
 7 SYSTEMPATH\View\View.php(231): CodeIgniter\View\View->CodeIgniter\View\{closure}()
 8 SYSTEMPATH\Common.php(1178): CodeIgniter\View\View->render('employer/pages/home', [], true)
 9 APPPATH\Controllers\JobseekerController.php(117): view('employer/pages/home')
10 SYSTEMPATH\CodeIgniter.php(941): App\Controllers\JobseekerController->jobseekerhome()
11 SYSTEMPATH\CodeIgniter.php(502): CodeIgniter\CodeIgniter->runController(Object(App\Controllers\JobseekerController))
12 SYSTEMPATH\CodeIgniter.php(361): CodeIgniter\CodeIgniter->handleRequest(null, Object(Config\Cache), false)
13 FCPATH\index.php(79): CodeIgniter\CodeIgniter->run()
14 SYSTEMPATH\Commands\Server\rewrite.php(47): require_once('C:\\laragon\\www\\citypeso\\public\\index.php')
CRITICAL - 2024-05-14 02:50:40 --> ErrorException: Undefined variable $empdata
in APPPATH\Views\employer\inc\sidebar.php on line 27.
 1 APPPATH\Views\employer\inc\sidebar.php(27): CodeIgniter\Debug\Exceptions->errorHandler(2, 'Undefined variable $empdata', 'C:\\laragon\\www\\citypeso\\app\\Views\\employer\\inc\\sidebar.php', 27)
 2 SYSTEMPATH\View\View.php(228): include('C:\\laragon\\www\\citypeso\\app\\Views\\employer\\inc\\sidebar.php')
 3 SYSTEMPATH\View\View.php(231): CodeIgniter\View\View->CodeIgniter\View\{closure}()
 4 SYSTEMPATH\View\View.php(469): CodeIgniter\View\View->render('employer/inc/sidebar', null, true)
 5 APPPATH\Views\employer\pages\home.php(6): CodeIgniter\View\View->include('employer/inc/sidebar')
 6 SYSTEMPATH\View\View.php(228): include('C:\\laragon\\www\\citypeso\\app\\Views\\employer\\pages\\home.php')
 7 SYSTEMPATH\View\View.php(231): CodeIgniter\View\View->CodeIgniter\View\{closure}()
 8 SYSTEMPATH\Common.php(1178): CodeIgniter\View\View->render('employer/pages/home', [], true)
 9 APPPATH\Controllers\JobseekerController.php(117): view('employer/pages/home')
10 SYSTEMPATH\CodeIgniter.php(941): App\Controllers\JobseekerController->jobseekerhome()
11 SYSTEMPATH\CodeIgniter.php(502): CodeIgniter\CodeIgniter->runController(Object(App\Controllers\JobseekerController))
12 SYSTEMPATH\CodeIgniter.php(361): CodeIgniter\CodeIgniter->handleRequest(null, Object(Config\Cache), false)
13 FCPATH\index.php(79): CodeIgniter\CodeIgniter->run()
14 SYSTEMPATH\Commands\Server\rewrite.php(47): require_once('C:\\laragon\\www\\citypeso\\public\\index.php')
CRITICAL - 2024-05-14 02:50:40 --> ErrorException: Undefined variable $empdata
in APPPATH\Views\employer\inc\sidebar.php on line 27.
 1 APPPATH\Views\employer\inc\sidebar.php(27): CodeIgniter\Debug\Exceptions->errorHandler(2, 'Undefined variable $empdata', 'C:\\laragon\\www\\citypeso\\app\\Views\\employer\\inc\\sidebar.php', 27)
 2 SYSTEMPATH\View\View.php(228): include('C:\\laragon\\www\\citypeso\\app\\Views\\employer\\inc\\sidebar.php')
 3 SYSTEMPATH\View\View.php(231): CodeIgniter\View\View->CodeIgniter\View\{closure}()
 4 SYSTEMPATH\View\View.php(469): CodeIgniter\View\View->render('employer/inc/sidebar', null, true)
 5 APPPATH\Views\employer\pages\home.php(6): CodeIgniter\View\View->include('employer/inc/sidebar')
 6 SYSTEMPATH\View\View.php(228): include('C:\\laragon\\www\\citypeso\\app\\Views\\employer\\pages\\home.php')
 7 SYSTEMPATH\View\View.php(231): CodeIgniter\View\View->CodeIgniter\View\{closure}()
 8 SYSTEMPATH\Common.php(1178): CodeIgniter\View\View->render('employer/pages/home', [], true)
 9 APPPATH\Controllers\JobseekerController.php(117): view('employer/pages/home')
10 SYSTEMPATH\CodeIgniter.php(941): App\Controllers\JobseekerController->jobseekerhome()
11 SYSTEMPATH\CodeIgniter.php(502): CodeIgniter\CodeIgniter->runController(Object(App\Controllers\JobseekerController))
12 SYSTEMPATH\CodeIgniter.php(361): CodeIgniter\CodeIgniter->handleRequest(null, Object(Config\Cache), false)
13 FCPATH\index.php(79): CodeIgniter\CodeIgniter->run()
14 SYSTEMPATH\Commands\Server\rewrite.php(47): require_once('C:\\laragon\\www\\citypeso\\public\\index.php')
CRITICAL - 2024-05-14 02:51:58 --> CodeIgniter\View\Exceptions\ViewException: Invalid file: "deafault/home.php"
in SYSTEMPATH\Exceptions\FrameworkException.php on line 39.
 1 SYSTEMPATH\View\View.php(216): CodeIgniter\Exceptions\FrameworkException::forInvalidFile('deafault/home.php')
 2 SYSTEMPATH\Common.php(1178): CodeIgniter\View\View->render('deafault/home', [], true)
 3 APPPATH\Controllers\JobseekerController.php(117): view('deafault/home')
 4 SYSTEMPATH\CodeIgniter.php(941): App\Controllers\JobseekerController->jobseekerhome()
 5 SYSTEMPATH\CodeIgniter.php(502): CodeIgniter\CodeIgniter->runController(Object(App\Controllers\JobseekerController))
 6 SYSTEMPATH\CodeIgniter.php(361): CodeIgniter\CodeIgniter->handleRequest(null, Object(Config\Cache), false)
 7 FCPATH\index.php(79): CodeIgniter\CodeIgniter->run()
 8 SYSTEMPATH\Commands\Server\rewrite.php(47): require_once('C:\\laragon\\www\\citypeso\\public\\index.php')
CRITICAL - 2024-05-14 02:51:58 --> CodeIgniter\View\Exceptions\ViewException: Invalid file: "deafault/home.php"
in SYSTEMPATH\Exceptions\FrameworkException.php on line 39.
 1 SYSTEMPATH\View\View.php(216): CodeIgniter\Exceptions\FrameworkException::forInvalidFile('deafault/home.php')
 2 SYSTEMPATH\Common.php(1178): CodeIgniter\View\View->render('deafault/home', [], true)
 3 APPPATH\Controllers\JobseekerController.php(117): view('deafault/home')
 4 SYSTEMPATH\CodeIgniter.php(941): App\Controllers\JobseekerController->jobseekerhome()
 5 SYSTEMPATH\CodeIgniter.php(502): CodeIgniter\CodeIgniter->runController(Object(App\Controllers\JobseekerController))
 6 SYSTEMPATH\CodeIgniter.php(361): CodeIgniter\CodeIgniter->handleRequest(null, Object(Config\Cache), false)
 7 FCPATH\index.php(79): CodeIgniter\CodeIgniter->run()
 8 SYSTEMPATH\Commands\Server\rewrite.php(47): require_once('C:\\laragon\\www\\citypeso\\public\\index.php')
CRITICAL - 2024-05-14 02:51:58 --> CodeIgniter\View\Exceptions\ViewException: Invalid file: "deafault/home.php"
in SYSTEMPATH\Exceptions\FrameworkException.php on line 39.
 1 SYSTEMPATH\View\View.php(216): CodeIgniter\Exceptions\FrameworkException::forInvalidFile('deafault/home.php')
 2 SYSTEMPATH\Common.php(1178): CodeIgniter\View\View->render('deafault/home', [], true)
 3 APPPATH\Controllers\JobseekerController.php(117): view('deafault/home')
 4 SYSTEMPATH\CodeIgniter.php(941): App\Controllers\JobseekerController->jobseekerhome()
 5 SYSTEMPATH\CodeIgniter.php(502): CodeIgniter\CodeIgniter->runController(Object(App\Controllers\JobseekerController))
 6 SYSTEMPATH\CodeIgniter.php(361): CodeIgniter\CodeIgniter->handleRequest(null, Object(Config\Cache), false)
 7 FCPATH\index.php(79): CodeIgniter\CodeIgniter->run()
 8 SYSTEMPATH\Commands\Server\rewrite.php(47): require_once('C:\\laragon\\www\\citypeso\\public\\index.php')
CRITICAL - 2024-05-14 02:52:08 --> Error: Call to undefined function App\Controllers\route()
in APPPATH\Controllers\JobseekerController.php on line 148.
 1 SYSTEMPATH\CodeIgniter.php(941): App\Controllers\JobseekerController->jobseekerhome()
 2 SYSTEMPATH\CodeIgniter.php(502): CodeIgniter\CodeIgniter->runController(Object(App\Controllers\JobseekerController))
 3 SYSTEMPATH\CodeIgniter.php(361): CodeIgniter\CodeIgniter->handleRequest(null, Object(Config\Cache), false)
 4 FCPATH\index.php(79): CodeIgniter\CodeIgniter->run()
 5 SYSTEMPATH\Commands\Server\rewrite.php(47): require_once('C:\\laragon\\www\\citypeso\\public\\index.php')
CRITICAL - 2024-05-14 02:52:09 --> Error: Call to undefined function App\Controllers\route()
in APPPATH\Controllers\JobseekerController.php on line 148.
 1 SYSTEMPATH\CodeIgniter.php(941): App\Controllers\JobseekerController->jobseekerhome()
 2 SYSTEMPATH\CodeIgniter.php(502): CodeIgniter\CodeIgniter->runController(Object(App\Controllers\JobseekerController))
 3 SYSTEMPATH\CodeIgniter.php(361): CodeIgniter\CodeIgniter->handleRequest(null, Object(Config\Cache), false)
 4 FCPATH\index.php(79): CodeIgniter\CodeIgniter->run()
 5 SYSTEMPATH\Commands\Server\rewrite.php(47): require_once('C:\\laragon\\www\\citypeso\\public\\index.php')
CRITICAL - 2024-05-14 02:52:09 --> Error: Call to undefined function App\Controllers\route()
in APPPATH\Controllers\JobseekerController.php on line 148.
 1 SYSTEMPATH\CodeIgniter.php(941): App\Controllers\JobseekerController->jobseekerhome()
 2 SYSTEMPATH\CodeIgniter.php(502): CodeIgniter\CodeIgniter->runController(Object(App\Controllers\JobseekerController))
 3 SYSTEMPATH\CodeIgniter.php(361): CodeIgniter\CodeIgniter->handleRequest(null, Object(Config\Cache), false)
 4 FCPATH\index.php(79): CodeIgniter\CodeIgniter->run()
 5 SYSTEMPATH\Commands\Server\rewrite.php(47): require_once('C:\\laragon\\www\\citypeso\\public\\index.php')
CRITICAL - 2024-05-14 02:52:53 --> CodeIgniter\View\Exceptions\ViewException: Invalid file: "deafault/jobseekerhome.php"
in SYSTEMPATH\Exceptions\FrameworkException.php on line 39.
 1 SYSTEMPATH\View\View.php(216): CodeIgniter\Exceptions\FrameworkException::forInvalidFile('deafault/jobseekerhome.php')
 2 SYSTEMPATH\Common.php(1178): CodeIgniter\View\View->render('deafault/jobseekerhome', [], true)
 3 APPPATH\Controllers\JobseekerController.php(117): view('deafault/jobseekerhome')
 4 SYSTEMPATH\CodeIgniter.php(941): App\Controllers\JobseekerController->jobseekerhome()
 5 SYSTEMPATH\CodeIgniter.php(502): CodeIgniter\CodeIgniter->runController(Object(App\Controllers\JobseekerController))
 6 SYSTEMPATH\CodeIgniter.php(361): CodeIgniter\CodeIgniter->handleRequest(null, Object(Config\Cache), false)
 7 FCPATH\index.php(79): CodeIgniter\CodeIgniter->run()
 8 SYSTEMPATH\Commands\Server\rewrite.php(47): require_once('C:\\laragon\\www\\citypeso\\public\\index.php')
CRITICAL - 2024-05-14 02:52:53 --> CodeIgniter\View\Exceptions\ViewException: Invalid file: "deafault/jobseekerhome.php"
in SYSTEMPATH\Exceptions\FrameworkException.php on line 39.
 1 SYSTEMPATH\View\View.php(216): CodeIgniter\Exceptions\FrameworkException::forInvalidFile('deafault/jobseekerhome.php')
 2 SYSTEMPATH\Common.php(1178): CodeIgniter\View\View->render('deafault/jobseekerhome', [], true)
 3 APPPATH\Controllers\JobseekerController.php(117): view('deafault/jobseekerhome')
 4 SYSTEMPATH\CodeIgniter.php(941): App\Controllers\JobseekerController->jobseekerhome()
 5 SYSTEMPATH\CodeIgniter.php(502): CodeIgniter\CodeIgniter->runController(Object(App\Controllers\JobseekerController))
 6 SYSTEMPATH\CodeIgniter.php(361): CodeIgniter\CodeIgniter->handleRequest(null, Object(Config\Cache), false)
 7 FCPATH\index.php(79): CodeIgniter\CodeIgniter->run()
 8 SYSTEMPATH\Commands\Server\rewrite.php(47): require_once('C:\\laragon\\www\\citypeso\\public\\index.php')
CRITICAL - 2024-05-14 02:52:54 --> CodeIgniter\View\Exceptions\ViewException: Invalid file: "deafault/jobseekerhome.php"
in SYSTEMPATH\Exceptions\FrameworkException.php on line 39.
 1 SYSTEMPATH\View\View.php(216): CodeIgniter\Exceptions\FrameworkException::forInvalidFile('deafault/jobseekerhome.php')
 2 SYSTEMPATH\Common.php(1178): CodeIgniter\View\View->render('deafault/jobseekerhome', [], true)
 3 APPPATH\Controllers\JobseekerController.php(117): view('deafault/jobseekerhome')
 4 SYSTEMPATH\CodeIgniter.php(941): App\Controllers\JobseekerController->jobseekerhome()
 5 SYSTEMPATH\CodeIgniter.php(502): CodeIgniter\CodeIgniter->runController(Object(App\Controllers\JobseekerController))
 6 SYSTEMPATH\CodeIgniter.php(361): CodeIgniter\CodeIgniter->handleRequest(null, Object(Config\Cache), false)
 7 FCPATH\index.php(79): CodeIgniter\CodeIgniter->run()
 8 SYSTEMPATH\Commands\Server\rewrite.php(47): require_once('C:\\laragon\\www\\citypeso\\public\\index.php')
CRITICAL - 2024-05-14 02:53:11 --> CodeIgniter\View\Exceptions\ViewException: Invalid file: "default/jobseekerhome.php"
in SYSTEMPATH\Exceptions\FrameworkException.php on line 39.
 1 SYSTEMPATH\View\View.php(216): CodeIgniter\Exceptions\FrameworkException::forInvalidFile('default/jobseekerhome.php')
 2 SYSTEMPATH\Common.php(1178): CodeIgniter\View\View->render('default/jobseekerhome', [], true)
 3 APPPATH\Controllers\JobseekerController.php(117): view('default/jobseekerhome')
 4 SYSTEMPATH\CodeIgniter.php(941): App\Controllers\JobseekerController->jobseekerhome()
 5 SYSTEMPATH\CodeIgniter.php(502): CodeIgniter\CodeIgniter->runController(Object(App\Controllers\JobseekerController))
 6 SYSTEMPATH\CodeIgniter.php(361): CodeIgniter\CodeIgniter->handleRequest(null, Object(Config\Cache), false)
 7 FCPATH\index.php(79): CodeIgniter\CodeIgniter->run()
 8 SYSTEMPATH\Commands\Server\rewrite.php(47): require_once('C:\\laragon\\www\\citypeso\\public\\index.php')
CRITICAL - 2024-05-14 02:53:12 --> CodeIgniter\View\Exceptions\ViewException: Invalid file: "default/jobseekerhome.php"
in SYSTEMPATH\Exceptions\FrameworkException.php on line 39.
 1 SYSTEMPATH\View\View.php(216): CodeIgniter\Exceptions\FrameworkException::forInvalidFile('default/jobseekerhome.php')
 2 SYSTEMPATH\Common.php(1178): CodeIgniter\View\View->render('default/jobseekerhome', [], true)
 3 APPPATH\Controllers\JobseekerController.php(117): view('default/jobseekerhome')
 4 SYSTEMPATH\CodeIgniter.php(941): App\Controllers\JobseekerController->jobseekerhome()
 5 SYSTEMPATH\CodeIgniter.php(502): CodeIgniter\CodeIgniter->runController(Object(App\Controllers\JobseekerController))
 6 SYSTEMPATH\CodeIgniter.php(361): CodeIgniter\CodeIgniter->handleRequest(null, Object(Config\Cache), false)
 7 FCPATH\index.php(79): CodeIgniter\CodeIgniter->run()
 8 SYSTEMPATH\Commands\Server\rewrite.php(47): require_once('C:\\laragon\\www\\citypeso\\public\\index.php')
CRITICAL - 2024-05-14 02:53:12 --> CodeIgniter\View\Exceptions\ViewException: Invalid file: "default/jobseekerhome.php"
in SYSTEMPATH\Exceptions\FrameworkException.php on line 39.
 1 SYSTEMPATH\View\View.php(216): CodeIgniter\Exceptions\FrameworkException::forInvalidFile('default/jobseekerhome.php')
 2 SYSTEMPATH\Common.php(1178): CodeIgniter\View\View->render('default/jobseekerhome', [], true)
 3 APPPATH\Controllers\JobseekerController.php(117): view('default/jobseekerhome')
 4 SYSTEMPATH\CodeIgniter.php(941): App\Controllers\JobseekerController->jobseekerhome()
 5 SYSTEMPATH\CodeIgniter.php(502): CodeIgniter\CodeIgniter->runController(Object(App\Controllers\JobseekerController))
 6 SYSTEMPATH\CodeIgniter.php(361): CodeIgniter\CodeIgniter->handleRequest(null, Object(Config\Cache), false)
 7 FCPATH\index.php(79): CodeIgniter\CodeIgniter->run()
 8 SYSTEMPATH\Commands\Server\rewrite.php(47): require_once('C:\\laragon\\www\\citypeso\\public\\index.php')
CRITICAL - 2024-05-14 02:53:12 --> CodeIgniter\View\Exceptions\ViewException: Invalid file: "default/jobseekerhome.php"
in SYSTEMPATH\Exceptions\FrameworkException.php on line 39.
 1 SYSTEMPATH\View\View.php(216): CodeIgniter\Exceptions\FrameworkException::forInvalidFile('default/jobseekerhome.php')
 2 SYSTEMPATH\Common.php(1178): CodeIgniter\View\View->render('default/jobseekerhome', [], true)
 3 APPPATH\Controllers\JobseekerController.php(117): view('default/jobseekerhome')
 4 SYSTEMPATH\CodeIgniter.php(941): App\Controllers\JobseekerController->jobseekerhome()
 5 SYSTEMPATH\CodeIgniter.php(502): CodeIgniter\CodeIgniter->runController(Object(App\Controllers\JobseekerController))
 6 SYSTEMPATH\CodeIgniter.php(361): CodeIgniter\CodeIgniter->handleRequest(null, Object(Config\Cache), false)
 7 FCPATH\index.php(79): CodeIgniter\CodeIgniter->run()
 8 SYSTEMPATH\Commands\Server\rewrite.php(47): require_once('C:\\laragon\\www\\citypeso\\public\\index.php')
CRITICAL - 2024-05-14 02:53:12 --> CodeIgniter\View\Exceptions\ViewException: Invalid file: "default/jobseekerhome.php"
in SYSTEMPATH\Exceptions\FrameworkException.php on line 39.
 1 SYSTEMPATH\View\View.php(216): CodeIgniter\Exceptions\FrameworkException::forInvalidFile('default/jobseekerhome.php')
 2 SYSTEMPATH\Common.php(1178): CodeIgniter\View\View->render('default/jobseekerhome', [], true)
 3 APPPATH\Controllers\JobseekerController.php(117): view('default/jobseekerhome')
 4 SYSTEMPATH\CodeIgniter.php(941): App\Controllers\JobseekerController->jobseekerhome()
 5 SYSTEMPATH\CodeIgniter.php(502): CodeIgniter\CodeIgniter->runController(Object(App\Controllers\JobseekerController))
 6 SYSTEMPATH\CodeIgniter.php(361): CodeIgniter\CodeIgniter->handleRequest(null, Object(Config\Cache), false)
 7 FCPATH\index.php(79): CodeIgniter\CodeIgniter->run()
 8 SYSTEMPATH\Commands\Server\rewrite.php(47): require_once('C:\\laragon\\www\\citypeso\\public\\index.php')
CRITICAL - 2024-05-14 02:53:12 --> CodeIgniter\View\Exceptions\ViewException: Invalid file: "default/jobseekerhome.php"
in SYSTEMPATH\Exceptions\FrameworkException.php on line 39.
 1 SYSTEMPATH\View\View.php(216): CodeIgniter\Exceptions\FrameworkException::forInvalidFile('default/jobseekerhome.php')
 2 SYSTEMPATH\Common.php(1178): CodeIgniter\View\View->render('default/jobseekerhome', [], true)
 3 APPPATH\Controllers\JobseekerController.php(117): view('default/jobseekerhome')
 4 SYSTEMPATH\CodeIgniter.php(941): App\Controllers\JobseekerController->jobseekerhome()
 5 SYSTEMPATH\CodeIgniter.php(502): CodeIgniter\CodeIgniter->runController(Object(App\Controllers\JobseekerController))
 6 SYSTEMPATH\CodeIgniter.php(361): CodeIgniter\CodeIgniter->handleRequest(null, Object(Config\Cache), false)
 7 FCPATH\index.php(79): CodeIgniter\CodeIgniter->run()
 8 SYSTEMPATH\Commands\Server\rewrite.php(47): require_once('C:\\laragon\\www\\citypeso\\public\\index.php')
CRITICAL - 2024-05-14 03:12:19 --> ErrorException: Undefined variable $employedCount
in APPPATH\Views\employer\pages\home.php on line 76.
 1 APPPATH\Views\employer\pages\home.php(76): CodeIgniter\Debug\Exceptions->errorHandler(2, 'Undefined variable $employedCount', 'C:\\laragon\\www\\citypeso\\app\\Views\\employer\\pages\\home.php', 76)
 2 SYSTEMPATH\View\View.php(228): include('C:\\laragon\\www\\citypeso\\app\\Views\\employer\\pages\\home.php')
 3 SYSTEMPATH\View\View.php(231): CodeIgniter\View\View->CodeIgniter\View\{closure}()
 4 SYSTEMPATH\Common.php(1178): CodeIgniter\View\View->render('employer/pages/home', [], true)
 5 APPPATH\Controllers\EmployerController.php(176): view('employer/pages/home', [...])
 6 SYSTEMPATH\CodeIgniter.php(941): App\Controllers\EmployerController->employerapplicants()
 7 SYSTEMPATH\CodeIgniter.php(502): CodeIgniter\CodeIgniter->runController(Object(App\Controllers\EmployerController))
 8 SYSTEMPATH\CodeIgniter.php(361): CodeIgniter\CodeIgniter->handleRequest(null, Object(Config\Cache), false)
 9 FCPATH\index.php(79): CodeIgniter\CodeIgniter->run()
10 SYSTEMPATH\Commands\Server\rewrite.php(47): require_once('C:\\laragon\\www\\citypeso\\public\\index.php')
CRITICAL - 2024-05-14 03:37:09 --> Error: Call to undefined function App\Controllers\route()
in APPPATH\Controllers\EmployerController.php on line 135.
 1 SYSTEMPATH\CodeIgniter.php(941): App\Controllers\EmployerController->employerhome()
 2 SYSTEMPATH\CodeIgniter.php(502): CodeIgniter\CodeIgniter->runController(Object(App\Controllers\EmployerController))
 3 SYSTEMPATH\CodeIgniter.php(361): CodeIgniter\CodeIgniter->handleRequest(null, Object(Config\Cache), false)
 4 FCPATH\index.php(79): CodeIgniter\CodeIgniter->run()
 5 SYSTEMPATH\Commands\Server\rewrite.php(47): require_once('C:\\laragon\\www\\citypeso\\public\\index.php')
CRITICAL - 2024-05-14 03:37:41 --> Error: Call to undefined function App\Controllers\route()
in APPPATH\Controllers\EmployerController.php on line 135.
 1 SYSTEMPATH\CodeIgniter.php(941): App\Controllers\EmployerController->employerhome()
 2 SYSTEMPATH\CodeIgniter.php(502): CodeIgniter\CodeIgniter->runController(Object(App\Controllers\EmployerController))
 3 SYSTEMPATH\CodeIgniter.php(361): CodeIgniter\CodeIgniter->handleRequest(null, Object(Config\Cache), false)
 4 FCPATH\index.php(79): CodeIgniter\CodeIgniter->run()
 5 SYSTEMPATH\Commands\Server\rewrite.php(47): require_once('C:\\laragon\\www\\citypeso\\public\\index.php')
CRITICAL - 2024-05-14 03:37:42 --> Error: Call to undefined function App\Controllers\route()
in APPPATH\Controllers\EmployerController.php on line 135.
 1 SYSTEMPATH\CodeIgniter.php(941): App\Controllers\EmployerController->employerhome()
 2 SYSTEMPATH\CodeIgniter.php(502): CodeIgniter\CodeIgniter->runController(Object(App\Controllers\EmployerController))
 3 SYSTEMPATH\CodeIgniter.php(361): CodeIgniter\CodeIgniter->handleRequest(null, Object(Config\Cache), false)
 4 FCPATH\index.php(79): CodeIgniter\CodeIgniter->run()
 5 SYSTEMPATH\Commands\Server\rewrite.php(47): require_once('C:\\laragon\\www\\citypeso\\public\\index.php')
CRITICAL - 2024-05-14 03:37:42 --> Error: Call to undefined function App\Controllers\route()
in APPPATH\Controllers\EmployerController.php on line 135.
 1 SYSTEMPATH\CodeIgniter.php(941): App\Controllers\EmployerController->employerhome()
 2 SYSTEMPATH\CodeIgniter.php(502): CodeIgniter\CodeIgniter->runController(Object(App\Controllers\EmployerController))
 3 SYSTEMPATH\CodeIgniter.php(361): CodeIgniter\CodeIgniter->handleRequest(null, Object(Config\Cache), false)
 4 FCPATH\index.php(79): CodeIgniter\CodeIgniter->run()
 5 SYSTEMPATH\Commands\Server\rewrite.php(47): require_once('C:\\laragon\\www\\citypeso\\public\\index.php')
CRITICAL - 2024-05-14 03:38:40 --> Error: Call to undefined function App\Controllers\route()
in APPPATH\Controllers\EmployerController.php on line 135.
 1 SYSTEMPATH\CodeIgniter.php(941): App\Controllers\EmployerController->employerhome()
 2 SYSTEMPATH\CodeIgniter.php(502): CodeIgniter\CodeIgniter->runController(Object(App\Controllers\EmployerController))
 3 SYSTEMPATH\CodeIgniter.php(361): CodeIgniter\CodeIgniter->handleRequest(null, Object(Config\Cache), false)
 4 FCPATH\index.php(79): CodeIgniter\CodeIgniter->run()
 5 SYSTEMPATH\Commands\Server\rewrite.php(47): require_once('C:\\laragon\\www\\citypeso\\public\\index.php')
CRITICAL - 2024-05-14 03:46:22 --> Error: Call to undefined function App\Controllers\route()
in APPPATH\Controllers\EmployerController.php on line 135.
 1 SYSTEMPATH\CodeIgniter.php(941): App\Controllers\EmployerController->employerhome()
 2 SYSTEMPATH\CodeIgniter.php(502): CodeIgniter\CodeIgniter->runController(Object(App\Controllers\EmployerController))
 3 SYSTEMPATH\CodeIgniter.php(361): CodeIgniter\CodeIgniter->handleRequest(null, Object(Config\Cache), false)
 4 FCPATH\index.php(79): CodeIgniter\CodeIgniter->run()
 5 SYSTEMPATH\Commands\Server\rewrite.php(47): require_once('C:\\laragon\\www\\citypeso\\public\\index.php')
CRITICAL - 2024-05-14 03:52:03 --> Error: Call to undefined function App\Controllers\route()
in APPPATH\Controllers\EmployerController.php on line 135.
 1 SYSTEMPATH\CodeIgniter.php(941): App\Controllers\EmployerController->employerhome()
 2 SYSTEMPATH\CodeIgniter.php(502): CodeIgniter\CodeIgniter->runController(Object(App\Controllers\EmployerController))
 3 SYSTEMPATH\CodeIgniter.php(361): CodeIgniter\CodeIgniter->handleRequest(null, Object(Config\Cache), false)
 4 FCPATH\index.php(79): CodeIgniter\CodeIgniter->run()
 5 SYSTEMPATH\Commands\Server\rewrite.php(47): require_once('C:\\laragon\\www\\citypeso\\public\\index.php')
CRITICAL - 2024-05-14 03:52:55 --> Error: Call to undefined function App\Controllers\route()
in APPPATH\Controllers\EmployerController.php on line 135.
 1 SYSTEMPATH\CodeIgniter.php(941): App\Controllers\EmployerController->employerhome()
 2 SYSTEMPATH\CodeIgniter.php(502): CodeIgniter\CodeIgniter->runController(Object(App\Controllers\EmployerController))
 3 SYSTEMPATH\CodeIgniter.php(361): CodeIgniter\CodeIgniter->handleRequest(null, Object(Config\Cache), false)
 4 FCPATH\index.php(79): CodeIgniter\CodeIgniter->run()
 5 SYSTEMPATH\Commands\Server\rewrite.php(47): require_once('C:\\laragon\\www\\citypeso\\public\\index.php')
CRITICAL - 2024-05-14 03:52:55 --> Error: Call to undefined function App\Controllers\route()
in APPPATH\Controllers\EmployerController.php on line 135.
 1 SYSTEMPATH\CodeIgniter.php(941): App\Controllers\EmployerController->employerhome()
 2 SYSTEMPATH\CodeIgniter.php(502): CodeIgniter\CodeIgniter->runController(Object(App\Controllers\EmployerController))
 3 SYSTEMPATH\CodeIgniter.php(361): CodeIgniter\CodeIgniter->handleRequest(null, Object(Config\Cache), false)
 4 FCPATH\index.php(79): CodeIgniter\CodeIgniter->run()
 5 SYSTEMPATH\Commands\Server\rewrite.php(47): require_once('C:\\laragon\\www\\citypeso\\public\\index.php')
CRITICAL - 2024-05-14 03:52:56 --> Error: Call to undefined function App\Controllers\route()
in APPPATH\Controllers\EmployerController.php on line 135.
 1 SYSTEMPATH\CodeIgniter.php(941): App\Controllers\EmployerController->employerhome()
 2 SYSTEMPATH\CodeIgniter.php(502): CodeIgniter\CodeIgniter->runController(Object(App\Controllers\EmployerController))
 3 SYSTEMPATH\CodeIgniter.php(361): CodeIgniter\CodeIgniter->handleRequest(null, Object(Config\Cache), false)
 4 FCPATH\index.php(79): CodeIgniter\CodeIgniter->run()
 5 SYSTEMPATH\Commands\Server\rewrite.php(47): require_once('C:\\laragon\\www\\citypeso\\public\\index.php')
CRITICAL - 2024-05-14 03:52:56 --> Error: Call to undefined function App\Controllers\route()
in APPPATH\Controllers\EmployerController.php on line 135.
 1 SYSTEMPATH\CodeIgniter.php(941): App\Controllers\EmployerController->employerhome()
 2 SYSTEMPATH\CodeIgniter.php(502): CodeIgniter\CodeIgniter->runController(Object(App\Controllers\EmployerController))
 3 SYSTEMPATH\CodeIgniter.php(361): CodeIgniter\CodeIgniter->handleRequest(null, Object(Config\Cache), false)
 4 FCPATH\index.php(79): CodeIgniter\CodeIgniter->run()
 5 SYSTEMPATH\Commands\Server\rewrite.php(47): require_once('C:\\laragon\\www\\citypeso\\public\\index.php')
CRITICAL - 2024-05-14 03:57:53 --> Error: Call to undefined function App\Controllers\route()
in APPPATH\Controllers\EmployerController.php on line 135.
 1 SYSTEMPATH\CodeIgniter.php(941): App\Controllers\EmployerController->employerhome()
 2 SYSTEMPATH\CodeIgniter.php(502): CodeIgniter\CodeIgniter->runController(Object(App\Controllers\EmployerController))
 3 SYSTEMPATH\CodeIgniter.php(361): CodeIgniter\CodeIgniter->handleRequest(null, Object(Config\Cache), false)
 4 FCPATH\index.php(79): CodeIgniter\CodeIgniter->run()
 5 SYSTEMPATH\Commands\Server\rewrite.php(47): require_once('C:\\laragon\\www\\citypeso\\public\\index.php')
CRITICAL - 2024-05-14 04:01:39 --> Error: Call to undefined function App\Controllers\route()
in APPPATH\Controllers\EmployerController.php on line 135.
 1 SYSTEMPATH\CodeIgniter.php(941): App\Controllers\EmployerController->employerhome()
 2 SYSTEMPATH\CodeIgniter.php(502): CodeIgniter\CodeIgniter->runController(Object(App\Controllers\EmployerController))
 3 SYSTEMPATH\CodeIgniter.php(361): CodeIgniter\CodeIgniter->handleRequest(null, Object(Config\Cache), false)
 4 FCPATH\index.php(79): CodeIgniter\CodeIgniter->run()
 5 SYSTEMPATH\Commands\Server\rewrite.php(47): require_once('C:\\laragon\\www\\citypeso\\public\\index.php')
CRITICAL - 2024-05-14 04:02:10 --> Error: Call to undefined function App\Controllers\route()
in APPPATH\Controllers\EmployerController.php on line 135.
 1 SYSTEMPATH\CodeIgniter.php(941): App\Controllers\EmployerController->employerhome()
 2 SYSTEMPATH\CodeIgniter.php(502): CodeIgniter\CodeIgniter->runController(Object(App\Controllers\EmployerController))
 3 SYSTEMPATH\CodeIgniter.php(361): CodeIgniter\CodeIgniter->handleRequest(null, Object(Config\Cache), false)
 4 FCPATH\index.php(79): CodeIgniter\CodeIgniter->run()
 5 SYSTEMPATH\Commands\Server\rewrite.php(47): require_once('C:\\laragon\\www\\citypeso\\public\\index.php')
CRITICAL - 2024-05-14 04:03:21 --> ParseError: syntax error, unexpected token ";"
in APPPATH\Controllers\EmployerController.php on line 106.
 1 SYSTEMPATH\Autoloader\Autoloader.php(288): CodeIgniter\Autoloader\Autoloader->includeFile('C:\\laragon\\www\\citypeso\\app\\Controllers\\EmployerController.php')
 2 SYSTEMPATH\Autoloader\Autoloader.php(266): CodeIgniter\Autoloader\Autoloader->loadInNamespace('App\\Controllers\\EmployerController')
 3 [internal function]: CodeIgniter\Autoloader\Autoloader->loadClass('App\\Controllers\\EmployerController')
 4 SYSTEMPATH\CodeIgniter.php(899): class_exists('\\App\\Controllers\\EmployerController', true)
 5 SYSTEMPATH\CodeIgniter.php(489): CodeIgniter\CodeIgniter->startController()
 6 SYSTEMPATH\CodeIgniter.php(361): CodeIgniter\CodeIgniter->handleRequest(null, Object(Config\Cache), false)
 7 FCPATH\index.php(79): CodeIgniter\CodeIgniter->run()
 8 SYSTEMPATH\Commands\Server\rewrite.php(47): require_once('C:\\laragon\\www\\citypeso\\public\\index.php')
CRITICAL - 2024-05-14 04:03:21 --> ParseError: syntax error, unexpected token ";"
in APPPATH\Controllers\EmployerController.php on line 106.
 1 SYSTEMPATH\Autoloader\Autoloader.php(288): CodeIgniter\Autoloader\Autoloader->includeFile('C:\\laragon\\www\\citypeso\\app\\Controllers\\EmployerController.php')
 2 SYSTEMPATH\Autoloader\Autoloader.php(266): CodeIgniter\Autoloader\Autoloader->loadInNamespace('App\\Controllers\\EmployerController')
 3 [internal function]: CodeIgniter\Autoloader\Autoloader->loadClass('App\\Controllers\\EmployerController')
 4 SYSTEMPATH\CodeIgniter.php(899): class_exists('\\App\\Controllers\\EmployerController', true)
 5 SYSTEMPATH\CodeIgniter.php(489): CodeIgniter\CodeIgniter->startController()
 6 SYSTEMPATH\CodeIgniter.php(361): CodeIgniter\CodeIgniter->handleRequest(null, Object(Config\Cache), false)
 7 FCPATH\index.php(79): CodeIgniter\CodeIgniter->run()
 8 SYSTEMPATH\Commands\Server\rewrite.php(47): require_once('C:\\laragon\\www\\citypeso\\public\\index.php')
CRITICAL - 2024-05-14 04:03:21 --> ParseError: syntax error, unexpected token ";"
in APPPATH\Controllers\EmployerController.php on line 106.
 1 SYSTEMPATH\Autoloader\Autoloader.php(288): CodeIgniter\Autoloader\Autoloader->includeFile('C:\\laragon\\www\\citypeso\\app\\Controllers\\EmployerController.php')
 2 SYSTEMPATH\Autoloader\Autoloader.php(266): CodeIgniter\Autoloader\Autoloader->loadInNamespace('App\\Controllers\\EmployerController')
 3 [internal function]: CodeIgniter\Autoloader\Autoloader->loadClass('App\\Controllers\\EmployerController')
 4 SYSTEMPATH\CodeIgniter.php(899): class_exists('\\App\\Controllers\\EmployerController', true)
 5 SYSTEMPATH\CodeIgniter.php(489): CodeIgniter\CodeIgniter->startController()
 6 SYSTEMPATH\CodeIgniter.php(361): CodeIgniter\CodeIgniter->handleRequest(null, Object(Config\Cache), false)
 7 FCPATH\index.php(79): CodeIgniter\CodeIgniter->run()
 8 SYSTEMPATH\Commands\Server\rewrite.php(47): require_once('C:\\laragon\\www\\citypeso\\public\\index.php')
CRITICAL - 2024-05-14 04:05:14 --> ParseError: syntax error, unexpected token ";"
in APPPATH\Controllers\EmployerController.php on line 106.
 1 SYSTEMPATH\Autoloader\Autoloader.php(288): CodeIgniter\Autoloader\Autoloader->includeFile('C:\\laragon\\www\\citypeso\\app\\Controllers\\EmployerController.php')
 2 SYSTEMPATH\Autoloader\Autoloader.php(266): CodeIgniter\Autoloader\Autoloader->loadInNamespace('App\\Controllers\\EmployerController')
 3 [internal function]: CodeIgniter\Autoloader\Autoloader->loadClass('App\\Controllers\\EmployerController')
 4 SYSTEMPATH\CodeIgniter.php(899): class_exists('\\App\\Controllers\\EmployerController', true)
 5 SYSTEMPATH\CodeIgniter.php(489): CodeIgniter\CodeIgniter->startController()
 6 SYSTEMPATH\CodeIgniter.php(361): CodeIgniter\CodeIgniter->handleRequest(null, Object(Config\Cache), false)
 7 FCPATH\index.php(79): CodeIgniter\CodeIgniter->run()
 8 SYSTEMPATH\Commands\Server\rewrite.php(47): require_once('C:\\laragon\\www\\citypeso\\public\\index.php')
CRITICAL - 2024-05-14 04:07:05 --> CodeIgniter\View\Exceptions\ViewException: Invalid file: "error.php"
in SYSTEMPATH\Exceptions\FrameworkException.php on line 39.
 1 SYSTEMPATH\View\View.php(216): CodeIgniter\Exceptions\FrameworkException::forInvalidFile('error.php')
 2 SYSTEMPATH\Common.php(1178): CodeIgniter\View\View->render('error', [], true)
 3 APPPATH\Controllers\EmployerController.php(136): view('error')
 4 SYSTEMPATH\CodeIgniter.php(941): App\Controllers\EmployerController->employerhome()
 5 SYSTEMPATH\CodeIgniter.php(502): CodeIgniter\CodeIgniter->runController(Object(App\Controllers\EmployerController))
 6 SYSTEMPATH\CodeIgniter.php(361): CodeIgniter\CodeIgniter->handleRequest(null, Object(Config\Cache), false)
 7 FCPATH\index.php(79): CodeIgniter\CodeIgniter->run()
 8 SYSTEMPATH\Commands\Server\rewrite.php(47): require_once('C:\\laragon\\www\\citypeso\\public\\index.php')
CRITICAL - 2024-05-14 04:07:06 --> CodeIgniter\View\Exceptions\ViewException: Invalid file: "error.php"
in SYSTEMPATH\Exceptions\FrameworkException.php on line 39.
 1 SYSTEMPATH\View\View.php(216): CodeIgniter\Exceptions\FrameworkException::forInvalidFile('error.php')
 2 SYSTEMPATH\Common.php(1178): CodeIgniter\View\View->render('error', [], true)
 3 APPPATH\Controllers\EmployerController.php(136): view('error')
 4 SYSTEMPATH\CodeIgniter.php(941): App\Controllers\EmployerController->employerhome()
 5 SYSTEMPATH\CodeIgniter.php(502): CodeIgniter\CodeIgniter->runController(Object(App\Controllers\EmployerController))
 6 SYSTEMPATH\CodeIgniter.php(361): CodeIgniter\CodeIgniter->handleRequest(null, Object(Config\Cache), false)
 7 FCPATH\index.php(79): CodeIgniter\CodeIgniter->run()
 8 SYSTEMPATH\Commands\Server\rewrite.php(47): require_once('C:\\laragon\\www\\citypeso\\public\\index.php')
CRITICAL - 2024-05-14 04:07:06 --> CodeIgniter\View\Exceptions\ViewException: Invalid file: "error.php"
in SYSTEMPATH\Exceptions\FrameworkException.php on line 39.
 1 SYSTEMPATH\View\View.php(216): CodeIgniter\Exceptions\FrameworkException::forInvalidFile('error.php')
 2 SYSTEMPATH\Common.php(1178): CodeIgniter\View\View->render('error', [], true)
 3 APPPATH\Controllers\EmployerController.php(136): view('error')
 4 SYSTEMPATH\CodeIgniter.php(941): App\Controllers\EmployerController->employerhome()
 5 SYSTEMPATH\CodeIgniter.php(502): CodeIgniter\CodeIgniter->runController(Object(App\Controllers\EmployerController))
 6 SYSTEMPATH\CodeIgniter.php(361): CodeIgniter\CodeIgniter->handleRequest(null, Object(Config\Cache), false)
 7 FCPATH\index.php(79): CodeIgniter\CodeIgniter->run()
 8 SYSTEMPATH\Commands\Server\rewrite.php(47): require_once('C:\\laragon\\www\\citypeso\\public\\index.php')
CRITICAL - 2024-05-14 04:07:22 --> CodeIgniter\View\Exceptions\ViewException: Invalid file: "error.php"
in SYSTEMPATH\Exceptions\FrameworkException.php on line 39.
 1 SYSTEMPATH\View\View.php(216): CodeIgniter\Exceptions\FrameworkException::forInvalidFile('error.php')
 2 SYSTEMPATH\Common.php(1178): CodeIgniter\View\View->render('error', [], true)
 3 APPPATH\Controllers\EmployerController.php(136): view('error')
 4 SYSTEMPATH\CodeIgniter.php(941): App\Controllers\EmployerController->employerhome()
 5 SYSTEMPATH\CodeIgniter.php(502): CodeIgniter\CodeIgniter->runController(Object(App\Controllers\EmployerController))
 6 SYSTEMPATH\CodeIgniter.php(361): CodeIgniter\CodeIgniter->handleRequest(null, Object(Config\Cache), false)
 7 FCPATH\index.php(79): CodeIgniter\CodeIgniter->run()
 8 SYSTEMPATH\Commands\Server\rewrite.php(47): require_once('C:\\laragon\\www\\citypeso\\public\\index.php')
CRITICAL - 2024-05-14 04:07:23 --> CodeIgniter\View\Exceptions\ViewException: Invalid file: "error.php"
in SYSTEMPATH\Exceptions\FrameworkException.php on line 39.
 1 SYSTEMPATH\View\View.php(216): CodeIgniter\Exceptions\FrameworkException::forInvalidFile('error.php')
 2 SYSTEMPATH\Common.php(1178): CodeIgniter\View\View->render('error', [], true)
 3 APPPATH\Controllers\EmployerController.php(136): view('error')
 4 SYSTEMPATH\CodeIgniter.php(941): App\Controllers\EmployerController->employerhome()
 5 SYSTEMPATH\CodeIgniter.php(502): CodeIgniter\CodeIgniter->runController(Object(App\Controllers\EmployerController))
 6 SYSTEMPATH\CodeIgniter.php(361): CodeIgniter\CodeIgniter->handleRequest(null, Object(Config\Cache), false)
 7 FCPATH\index.php(79): CodeIgniter\CodeIgniter->run()
 8 SYSTEMPATH\Commands\Server\rewrite.php(47): require_once('C:\\laragon\\www\\citypeso\\public\\index.php')
CRITICAL - 2024-05-14 04:07:23 --> CodeIgniter\View\Exceptions\ViewException: Invalid file: "error.php"
in SYSTEMPATH\Exceptions\FrameworkException.php on line 39.
 1 SYSTEMPATH\View\View.php(216): CodeIgniter\Exceptions\FrameworkException::forInvalidFile('error.php')
 2 SYSTEMPATH\Common.php(1178): CodeIgniter\View\View->render('error', [], true)
 3 APPPATH\Controllers\EmployerController.php(136): view('error')
 4 SYSTEMPATH\CodeIgniter.php(941): App\Controllers\EmployerController->employerhome()
 5 SYSTEMPATH\CodeIgniter.php(502): CodeIgniter\CodeIgniter->runController(Object(App\Controllers\EmployerController))
 6 SYSTEMPATH\CodeIgniter.php(361): CodeIgniter\CodeIgniter->handleRequest(null, Object(Config\Cache), false)
 7 FCPATH\index.php(79): CodeIgniter\CodeIgniter->run()
 8 SYSTEMPATH\Commands\Server\rewrite.php(47): require_once('C:\\laragon\\www\\citypeso\\public\\index.php')
CRITICAL - 2024-05-14 04:10:25 --> CodeIgniter\View\Exceptions\ViewException: Invalid file: "error.php"
in SYSTEMPATH\Exceptions\FrameworkException.php on line 39.
 1 SYSTEMPATH\View\View.php(216): CodeIgniter\Exceptions\FrameworkException::forInvalidFile('error.php')
 2 SYSTEMPATH\Common.php(1178): CodeIgniter\View\View->render('error', [], true)
 3 APPPATH\Controllers\EmployerController.php(136): view('error')
 4 SYSTEMPATH\CodeIgniter.php(941): App\Controllers\EmployerController->employerhome()
 5 SYSTEMPATH\CodeIgniter.php(502): CodeIgniter\CodeIgniter->runController(Object(App\Controllers\EmployerController))
 6 SYSTEMPATH\CodeIgniter.php(361): CodeIgniter\CodeIgniter->handleRequest(null, Object(Config\Cache), false)
 7 FCPATH\index.php(79): CodeIgniter\CodeIgniter->run()
 8 SYSTEMPATH\Commands\Server\rewrite.php(47): require_once('C:\\laragon\\www\\citypeso\\public\\index.php')
CRITICAL - 2024-05-14 04:10:26 --> CodeIgniter\View\Exceptions\ViewException: Invalid file: "error.php"
in SYSTEMPATH\Exceptions\FrameworkException.php on line 39.
 1 SYSTEMPATH\View\View.php(216): CodeIgniter\Exceptions\FrameworkException::forInvalidFile('error.php')
 2 SYSTEMPATH\Common.php(1178): CodeIgniter\View\View->render('error', [], true)
 3 APPPATH\Controllers\EmployerController.php(136): view('error')
 4 SYSTEMPATH\CodeIgniter.php(941): App\Controllers\EmployerController->employerhome()
 5 SYSTEMPATH\CodeIgniter.php(502): CodeIgniter\CodeIgniter->runController(Object(App\Controllers\EmployerController))
 6 SYSTEMPATH\CodeIgniter.php(361): CodeIgniter\CodeIgniter->handleRequest(null, Object(Config\Cache), false)
 7 FCPATH\index.php(79): CodeIgniter\CodeIgniter->run()
 8 SYSTEMPATH\Commands\Server\rewrite.php(47): require_once('C:\\laragon\\www\\citypeso\\public\\index.php')
CRITICAL - 2024-05-14 04:10:26 --> CodeIgniter\View\Exceptions\ViewException: Invalid file: "error.php"
in SYSTEMPATH\Exceptions\FrameworkException.php on line 39.
 1 SYSTEMPATH\View\View.php(216): CodeIgniter\Exceptions\FrameworkException::forInvalidFile('error.php')
 2 SYSTEMPATH\Common.php(1178): CodeIgniter\View\View->render('error', [], true)
 3 APPPATH\Controllers\EmployerController.php(136): view('error')
 4 SYSTEMPATH\CodeIgniter.php(941): App\Controllers\EmployerController->employerhome()
 5 SYSTEMPATH\CodeIgniter.php(502): CodeIgniter\CodeIgniter->runController(Object(App\Controllers\EmployerController))
 6 SYSTEMPATH\CodeIgniter.php(361): CodeIgniter\CodeIgniter->handleRequest(null, Object(Config\Cache), false)
 7 FCPATH\index.php(79): CodeIgniter\CodeIgniter->run()
 8 SYSTEMPATH\Commands\Server\rewrite.php(47): require_once('C:\\laragon\\www\\citypeso\\public\\index.php')
CRITICAL - 2024-05-14 04:10:27 --> CodeIgniter\View\Exceptions\ViewException: Invalid file: "error.php"
in SYSTEMPATH\Exceptions\FrameworkException.php on line 39.
 1 SYSTEMPATH\View\View.php(216): CodeIgniter\Exceptions\FrameworkException::forInvalidFile('error.php')
 2 SYSTEMPATH\Common.php(1178): CodeIgniter\View\View->render('error', [], true)
 3 APPPATH\Controllers\EmployerController.php(136): view('error')
 4 SYSTEMPATH\CodeIgniter.php(941): App\Controllers\EmployerController->employerhome()
 5 SYSTEMPATH\CodeIgniter.php(502): CodeIgniter\CodeIgniter->runController(Object(App\Controllers\EmployerController))
 6 SYSTEMPATH\CodeIgniter.php(361): CodeIgniter\CodeIgniter->handleRequest(null, Object(Config\Cache), false)
 7 FCPATH\index.php(79): CodeIgniter\CodeIgniter->run()
 8 SYSTEMPATH\Commands\Server\rewrite.php(47): require_once('C:\\laragon\\www\\citypeso\\public\\index.php')
CRITICAL - 2024-05-14 04:10:27 --> CodeIgniter\View\Exceptions\ViewException: Invalid file: "error.php"
in SYSTEMPATH\Exceptions\FrameworkException.php on line 39.
 1 SYSTEMPATH\View\View.php(216): CodeIgniter\Exceptions\FrameworkException::forInvalidFile('error.php')
 2 SYSTEMPATH\Common.php(1178): CodeIgniter\View\View->render('error', [], true)
 3 APPPATH\Controllers\EmployerController.php(136): view('error')
 4 SYSTEMPATH\CodeIgniter.php(941): App\Controllers\EmployerController->employerhome()
 5 SYSTEMPATH\CodeIgniter.php(502): CodeIgniter\CodeIgniter->runController(Object(App\Controllers\EmployerController))
 6 SYSTEMPATH\CodeIgniter.php(361): CodeIgniter\CodeIgniter->handleRequest(null, Object(Config\Cache), false)
 7 FCPATH\index.php(79): CodeIgniter\CodeIgniter->run()
 8 SYSTEMPATH\Commands\Server\rewrite.php(47): require_once('C:\\laragon\\www\\citypeso\\public\\index.php')
CRITICAL - 2024-05-14 04:13:05 --> CodeIgniter\View\Exceptions\ViewException: Invalid file: "error.php"
in SYSTEMPATH\Exceptions\FrameworkException.php on line 39.
 1 SYSTEMPATH\View\View.php(216): CodeIgniter\Exceptions\FrameworkException::forInvalidFile('error.php')
 2 SYSTEMPATH\Common.php(1178): CodeIgniter\View\View->render('error', [], true)
 3 APPPATH\Controllers\EmployerController.php(136): view('error')
 4 SYSTEMPATH\CodeIgniter.php(941): App\Controllers\EmployerController->employerhome()
 5 SYSTEMPATH\CodeIgniter.php(502): CodeIgniter\CodeIgniter->runController(Object(App\Controllers\EmployerController))
 6 SYSTEMPATH\CodeIgniter.php(361): CodeIgniter\CodeIgniter->handleRequest(null, Object(Config\Cache), false)
 7 FCPATH\index.php(79): CodeIgniter\CodeIgniter->run()
 8 SYSTEMPATH\Commands\Server\rewrite.php(47): require_once('C:\\laragon\\www\\citypeso\\public\\index.php')
CRITICAL - 2024-05-14 04:13:06 --> CodeIgniter\View\Exceptions\ViewException: Invalid file: "error.php"
in SYSTEMPATH\Exceptions\FrameworkException.php on line 39.
 1 SYSTEMPATH\View\View.php(216): CodeIgniter\Exceptions\FrameworkException::forInvalidFile('error.php')
 2 SYSTEMPATH\Common.php(1178): CodeIgniter\View\View->render('error', [], true)
 3 APPPATH\Controllers\EmployerController.php(136): view('error')
 4 SYSTEMPATH\CodeIgniter.php(941): App\Controllers\EmployerController->employerhome()
 5 SYSTEMPATH\CodeIgniter.php(502): CodeIgniter\CodeIgniter->runController(Object(App\Controllers\EmployerController))
 6 SYSTEMPATH\CodeIgniter.php(361): CodeIgniter\CodeIgniter->handleRequest(null, Object(Config\Cache), false)
 7 FCPATH\index.php(79): CodeIgniter\CodeIgniter->run()
 8 SYSTEMPATH\Commands\Server\rewrite.php(47): require_once('C:\\laragon\\www\\citypeso\\public\\index.php')
CRITICAL - 2024-05-14 04:13:06 --> CodeIgniter\View\Exceptions\ViewException: Invalid file: "error.php"
in SYSTEMPATH\Exceptions\FrameworkException.php on line 39.
 1 SYSTEMPATH\View\View.php(216): CodeIgniter\Exceptions\FrameworkException::forInvalidFile('error.php')
 2 SYSTEMPATH\Common.php(1178): CodeIgniter\View\View->render('error', [], true)
 3 APPPATH\Controllers\EmployerController.php(136): view('error')
 4 SYSTEMPATH\CodeIgniter.php(941): App\Controllers\EmployerController->employerhome()
 5 SYSTEMPATH\CodeIgniter.php(502): CodeIgniter\CodeIgniter->runController(Object(App\Controllers\EmployerController))
 6 SYSTEMPATH\CodeIgniter.php(361): CodeIgniter\CodeIgniter->handleRequest(null, Object(Config\Cache), false)
 7 FCPATH\index.php(79): CodeIgniter\CodeIgniter->run()
 8 SYSTEMPATH\Commands\Server\rewrite.php(47): require_once('C:\\laragon\\www\\citypeso\\public\\index.php')
CRITICAL - 2024-05-14 04:13:06 --> CodeIgniter\View\Exceptions\ViewException: Invalid file: "error.php"
in SYSTEMPATH\Exceptions\FrameworkException.php on line 39.
 1 SYSTEMPATH\View\View.php(216): CodeIgniter\Exceptions\FrameworkException::forInvalidFile('error.php')
 2 SYSTEMPATH\Common.php(1178): CodeIgniter\View\View->render('error', [], true)
 3 APPPATH\Controllers\EmployerController.php(136): view('error')
 4 SYSTEMPATH\CodeIgniter.php(941): App\Controllers\EmployerController->employerhome()
 5 SYSTEMPATH\CodeIgniter.php(502): CodeIgniter\CodeIgniter->runController(Object(App\Controllers\EmployerController))
 6 SYSTEMPATH\CodeIgniter.php(361): CodeIgniter\CodeIgniter->handleRequest(null, Object(Config\Cache), false)
 7 FCPATH\index.php(79): CodeIgniter\CodeIgniter->run()
 8 SYSTEMPATH\Commands\Server\rewrite.php(47): require_once('C:\\laragon\\www\\citypeso\\public\\index.php')
CRITICAL - 2024-05-14 04:13:07 --> CodeIgniter\View\Exceptions\ViewException: Invalid file: "error.php"
in SYSTEMPATH\Exceptions\FrameworkException.php on line 39.
 1 SYSTEMPATH\View\View.php(216): CodeIgniter\Exceptions\FrameworkException::forInvalidFile('error.php')
 2 SYSTEMPATH\Common.php(1178): CodeIgniter\View\View->render('error', [], true)
 3 APPPATH\Controllers\EmployerController.php(136): view('error')
 4 SYSTEMPATH\CodeIgniter.php(941): App\Controllers\EmployerController->employerhome()
 5 SYSTEMPATH\CodeIgniter.php(502): CodeIgniter\CodeIgniter->runController(Object(App\Controllers\EmployerController))
 6 SYSTEMPATH\CodeIgniter.php(361): CodeIgniter\CodeIgniter->handleRequest(null, Object(Config\Cache), false)
 7 FCPATH\index.php(79): CodeIgniter\CodeIgniter->run()
 8 SYSTEMPATH\Commands\Server\rewrite.php(47): require_once('C:\\laragon\\www\\citypeso\\public\\index.php')
CRITICAL - 2024-05-14 04:13:07 --> CodeIgniter\View\Exceptions\ViewException: Invalid file: "error.php"
in SYSTEMPATH\Exceptions\FrameworkException.php on line 39.
 1 SYSTEMPATH\View\View.php(216): CodeIgniter\Exceptions\FrameworkException::forInvalidFile('error.php')
 2 SYSTEMPATH\Common.php(1178): CodeIgniter\View\View->render('error', [], true)
 3 APPPATH\Controllers\EmployerController.php(136): view('error')
 4 SYSTEMPATH\CodeIgniter.php(941): App\Controllers\EmployerController->employerhome()
 5 SYSTEMPATH\CodeIgniter.php(502): CodeIgniter\CodeIgniter->runController(Object(App\Controllers\EmployerController))
 6 SYSTEMPATH\CodeIgniter.php(361): CodeIgniter\CodeIgniter->handleRequest(null, Object(Config\Cache), false)
 7 FCPATH\index.php(79): CodeIgniter\CodeIgniter->run()
 8 SYSTEMPATH\Commands\Server\rewrite.php(47): require_once('C:\\laragon\\www\\citypeso\\public\\index.php')
CRITICAL - 2024-05-14 04:13:30 --> ParseError: syntax error, unexpected token ";"
in APPPATH\Controllers\EmployerController.php on line 106.
 1 SYSTEMPATH\Autoloader\Autoloader.php(288): CodeIgniter\Autoloader\Autoloader->includeFile('C:\\laragon\\www\\citypeso\\app\\Controllers\\EmployerController.php')
 2 SYSTEMPATH\Autoloader\Autoloader.php(266): CodeIgniter\Autoloader\Autoloader->loadInNamespace('App\\Controllers\\EmployerController')
 3 [internal function]: CodeIgniter\Autoloader\Autoloader->loadClass('App\\Controllers\\EmployerController')
 4 SYSTEMPATH\CodeIgniter.php(899): class_exists('\\App\\Controllers\\EmployerController', true)
 5 SYSTEMPATH\CodeIgniter.php(489): CodeIgniter\CodeIgniter->startController()
 6 SYSTEMPATH\CodeIgniter.php(361): CodeIgniter\CodeIgniter->handleRequest(null, Object(Config\Cache), false)
 7 FCPATH\index.php(79): CodeIgniter\CodeIgniter->run()
 8 SYSTEMPATH\Commands\Server\rewrite.php(47): require_once('C:\\laragon\\www\\citypeso\\public\\index.php')
CRITICAL - 2024-05-14 04:13:30 --> ParseError: syntax error, unexpected token ";"
in APPPATH\Controllers\EmployerController.php on line 106.
 1 SYSTEMPATH\Autoloader\Autoloader.php(288): CodeIgniter\Autoloader\Autoloader->includeFile('C:\\laragon\\www\\citypeso\\app\\Controllers\\EmployerController.php')
 2 SYSTEMPATH\Autoloader\Autoloader.php(266): CodeIgniter\Autoloader\Autoloader->loadInNamespace('App\\Controllers\\EmployerController')
 3 [internal function]: CodeIgniter\Autoloader\Autoloader->loadClass('App\\Controllers\\EmployerController')
 4 SYSTEMPATH\CodeIgniter.php(899): class_exists('\\App\\Controllers\\EmployerController', true)
 5 SYSTEMPATH\CodeIgniter.php(489): CodeIgniter\CodeIgniter->startController()
 6 SYSTEMPATH\CodeIgniter.php(361): CodeIgniter\CodeIgniter->handleRequest(null, Object(Config\Cache), false)
 7 FCPATH\index.php(79): CodeIgniter\CodeIgniter->run()
 8 SYSTEMPATH\Commands\Server\rewrite.php(47): require_once('C:\\laragon\\www\\citypeso\\public\\index.php')
CRITICAL - 2024-05-14 04:13:30 --> ParseError: syntax error, unexpected token ";"
in APPPATH\Controllers\EmployerController.php on line 106.
 1 SYSTEMPATH\Autoloader\Autoloader.php(288): CodeIgniter\Autoloader\Autoloader->includeFile('C:\\laragon\\www\\citypeso\\app\\Controllers\\EmployerController.php')
 2 SYSTEMPATH\Autoloader\Autoloader.php(266): CodeIgniter\Autoloader\Autoloader->loadInNamespace('App\\Controllers\\EmployerController')
 3 [internal function]: CodeIgniter\Autoloader\Autoloader->loadClass('App\\Controllers\\EmployerController')
 4 SYSTEMPATH\CodeIgniter.php(899): class_exists('\\App\\Controllers\\EmployerController', true)
 5 SYSTEMPATH\CodeIgniter.php(489): CodeIgniter\CodeIgniter->startController()
 6 SYSTEMPATH\CodeIgniter.php(361): CodeIgniter\CodeIgniter->handleRequest(null, Object(Config\Cache), false)
 7 FCPATH\index.php(79): CodeIgniter\CodeIgniter->run()
 8 SYSTEMPATH\Commands\Server\rewrite.php(47): require_once('C:\\laragon\\www\\citypeso\\public\\index.php')
CRITICAL - 2024-05-14 04:13:44 --> ErrorException: Undefined variable $appliedJob
in APPPATH\Views\employer\pages\home.php on line 148.
 1 APPPATH\Views\employer\pages\home.php(148): CodeIgniter\Debug\Exceptions->errorHandler(2, 'Undefined variable $appliedJob', 'C:\\laragon\\www\\citypeso\\app\\Views\\employer\\pages\\home.php', 148)
 2 SYSTEMPATH\View\View.php(228): include('C:\\laragon\\www\\citypeso\\app\\Views\\employer\\pages\\home.php')
 3 SYSTEMPATH\View\View.php(231): CodeIgniter\View\View->CodeIgniter\View\{closure}()
 4 SYSTEMPATH\Common.php(1178): CodeIgniter\View\View->render('employer/pages/home', [], true)
 5 APPPATH\Controllers\EmployerController.php(133): view('employer/pages/home', [...])
 6 SYSTEMPATH\CodeIgniter.php(941): App\Controllers\EmployerController->employerhome()
 7 SYSTEMPATH\CodeIgniter.php(502): CodeIgniter\CodeIgniter->runController(Object(App\Controllers\EmployerController))
 8 SYSTEMPATH\CodeIgniter.php(361): CodeIgniter\CodeIgniter->handleRequest(null, Object(Config\Cache), false)
 9 FCPATH\index.php(79): CodeIgniter\CodeIgniter->run()
10 SYSTEMPATH\Commands\Server\rewrite.php(47): require_once('C:\\laragon\\www\\citypeso\\public\\index.php')
CRITICAL - 2024-05-14 04:13:45 --> ErrorException: Undefined variable $appliedJob
in APPPATH\Views\employer\pages\home.php on line 148.
 1 APPPATH\Views\employer\pages\home.php(148): CodeIgniter\Debug\Exceptions->errorHandler(2, 'Undefined variable $appliedJob', 'C:\\laragon\\www\\citypeso\\app\\Views\\employer\\pages\\home.php', 148)
 2 SYSTEMPATH\View\View.php(228): include('C:\\laragon\\www\\citypeso\\app\\Views\\employer\\pages\\home.php')
 3 SYSTEMPATH\View\View.php(231): CodeIgniter\View\View->CodeIgniter\View\{closure}()
 4 SYSTEMPATH\Common.php(1178): CodeIgniter\View\View->render('employer/pages/home', [], true)
 5 APPPATH\Controllers\EmployerController.php(133): view('employer/pages/home', [...])
 6 SYSTEMPATH\CodeIgniter.php(941): App\Controllers\EmployerController->employerhome()
 7 SYSTEMPATH\CodeIgniter.php(502): CodeIgniter\CodeIgniter->runController(Object(App\Controllers\EmployerController))
 8 SYSTEMPATH\CodeIgniter.php(361): CodeIgniter\CodeIgniter->handleRequest(null, Object(Config\Cache), false)
 9 FCPATH\index.php(79): CodeIgniter\CodeIgniter->run()
10 SYSTEMPATH\Commands\Server\rewrite.php(47): require_once('C:\\laragon\\www\\citypeso\\public\\index.php')
CRITICAL - 2024-05-14 04:13:45 --> ErrorException: Undefined variable $appliedJob
in APPPATH\Views\employer\pages\home.php on line 148.
 1 APPPATH\Views\employer\pages\home.php(148): CodeIgniter\Debug\Exceptions->errorHandler(2, 'Undefined variable $appliedJob', 'C:\\laragon\\www\\citypeso\\app\\Views\\employer\\pages\\home.php', 148)
 2 SYSTEMPATH\View\View.php(228): include('C:\\laragon\\www\\citypeso\\app\\Views\\employer\\pages\\home.php')
 3 SYSTEMPATH\View\View.php(231): CodeIgniter\View\View->CodeIgniter\View\{closure}()
 4 SYSTEMPATH\Common.php(1178): CodeIgniter\View\View->render('employer/pages/home', [], true)
 5 APPPATH\Controllers\EmployerController.php(133): view('employer/pages/home', [...])
 6 SYSTEMPATH\CodeIgniter.php(941): App\Controllers\EmployerController->employerhome()
 7 SYSTEMPATH\CodeIgniter.php(502): CodeIgniter\CodeIgniter->runController(Object(App\Controllers\EmployerController))
 8 SYSTEMPATH\CodeIgniter.php(361): CodeIgniter\CodeIgniter->handleRequest(null, Object(Config\Cache), false)
 9 FCPATH\index.php(79): CodeIgniter\CodeIgniter->run()
10 SYSTEMPATH\Commands\Server\rewrite.php(47): require_once('C:\\laragon\\www\\citypeso\\public\\index.php')
CRITICAL - 2024-05-14 04:52:58 --> Error: Call to undefined function App\Controllers\route()
in APPPATH\Controllers\EmployerController.php on line 135.
 1 SYSTEMPATH\CodeIgniter.php(941): App\Controllers\EmployerController->employerhome()
 2 SYSTEMPATH\CodeIgniter.php(502): CodeIgniter\CodeIgniter->runController(Object(App\Controllers\EmployerController))
 3 SYSTEMPATH\CodeIgniter.php(361): CodeIgniter\CodeIgniter->handleRequest(null, Object(Config\Cache), false)
 4 FCPATH\index.php(79): CodeIgniter\CodeIgniter->run()
 5 SYSTEMPATH\Commands\Server\rewrite.php(47): require_once('C:\\laragon\\www\\citypeso\\public\\index.php')
CRITICAL - 2024-05-14 05:03:05 --> Error: Call to undefined function App\Controllers\route()
in APPPATH\Controllers\EmployerController.php on line 135.
 1 SYSTEMPATH\CodeIgniter.php(941): App\Controllers\EmployerController->employerhome()
 2 SYSTEMPATH\CodeIgniter.php(502): CodeIgniter\CodeIgniter->runController(Object(App\Controllers\EmployerController))
 3 SYSTEMPATH\CodeIgniter.php(361): CodeIgniter\CodeIgniter->handleRequest(null, Object(Config\Cache), false)
 4 FCPATH\index.php(79): CodeIgniter\CodeIgniter->run()
 5 SYSTEMPATH\Commands\Server\rewrite.php(47): require_once('C:\\laragon\\www\\citypeso\\public\\index.php')
CRITICAL - 2024-05-14 05:03:50 --> Error: Call to undefined function App\Controllers\route()
in APPPATH\Controllers\EmployerController.php on line 135.
 1 SYSTEMPATH\CodeIgniter.php(941): App\Controllers\EmployerController->employerhome()
 2 SYSTEMPATH\CodeIgniter.php(502): CodeIgniter\CodeIgniter->runController(Object(App\Controllers\EmployerController))
 3 SYSTEMPATH\CodeIgniter.php(361): CodeIgniter\CodeIgniter->handleRequest(null, Object(Config\Cache), false)
 4 FCPATH\index.php(79): CodeIgniter\CodeIgniter->run()
 5 SYSTEMPATH\Commands\Server\rewrite.php(47): require_once('C:\\laragon\\www\\citypeso\\public\\index.php')
CRITICAL - 2024-05-14 05:03:51 --> Error: Call to undefined function App\Controllers\route()
in APPPATH\Controllers\EmployerController.php on line 135.
 1 SYSTEMPATH\CodeIgniter.php(941): App\Controllers\EmployerController->employerhome()
 2 SYSTEMPATH\CodeIgniter.php(502): CodeIgniter\CodeIgniter->runController(Object(App\Controllers\EmployerController))
 3 SYSTEMPATH\CodeIgniter.php(361): CodeIgniter\CodeIgniter->handleRequest(null, Object(Config\Cache), false)
 4 FCPATH\index.php(79): CodeIgniter\CodeIgniter->run()
 5 SYSTEMPATH\Commands\Server\rewrite.php(47): require_once('C:\\laragon\\www\\citypeso\\public\\index.php')
CRITICAL - 2024-05-14 05:08:50 --> Error: Call to undefined function App\Controllers\route()
in APPPATH\Controllers\EmployerController.php on line 135.
 1 SYSTEMPATH\CodeIgniter.php(941): App\Controllers\EmployerController->employerhome()
 2 SYSTEMPATH\CodeIgniter.php(502): CodeIgniter\CodeIgniter->runController(Object(App\Controllers\EmployerController))
 3 SYSTEMPATH\CodeIgniter.php(361): CodeIgniter\CodeIgniter->handleRequest(null, Object(Config\Cache), false)
 4 FCPATH\index.php(79): CodeIgniter\CodeIgniter->run()
 5 SYSTEMPATH\Commands\Server\rewrite.php(47): require_once('C:\\laragon\\www\\citypeso\\public\\index.php')
CRITICAL - 2024-05-14 05:08:50 --> Error: Call to undefined function App\Controllers\route()
in APPPATH\Controllers\EmployerController.php on line 135.
 1 SYSTEMPATH\CodeIgniter.php(941): App\Controllers\EmployerController->employerhome()
 2 SYSTEMPATH\CodeIgniter.php(502): CodeIgniter\CodeIgniter->runController(Object(App\Controllers\EmployerController))
 3 SYSTEMPATH\CodeIgniter.php(361): CodeIgniter\CodeIgniter->handleRequest(null, Object(Config\Cache), false)
 4 FCPATH\index.php(79): CodeIgniter\CodeIgniter->run()
 5 SYSTEMPATH\Commands\Server\rewrite.php(47): require_once('C:\\laragon\\www\\citypeso\\public\\index.php')
CRITICAL - 2024-05-14 05:08:51 --> Error: Call to undefined function App\Controllers\route()
in APPPATH\Controllers\EmployerController.php on line 135.
 1 SYSTEMPATH\CodeIgniter.php(941): App\Controllers\EmployerController->employerhome()
 2 SYSTEMPATH\CodeIgniter.php(502): CodeIgniter\CodeIgniter->runController(Object(App\Controllers\EmployerController))
 3 SYSTEMPATH\CodeIgniter.php(361): CodeIgniter\CodeIgniter->handleRequest(null, Object(Config\Cache), false)
 4 FCPATH\index.php(79): CodeIgniter\CodeIgniter->run()
 5 SYSTEMPATH\Commands\Server\rewrite.php(47): require_once('C:\\laragon\\www\\citypeso\\public\\index.php')
CRITICAL - 2024-05-14 05:10:09 --> Error: Call to undefined function App\Controllers\route()
in APPPATH\Controllers\EmployerController.php on line 135.
 1 SYSTEMPATH\CodeIgniter.php(941): App\Controllers\EmployerController->employerhome()
 2 SYSTEMPATH\CodeIgniter.php(502): CodeIgniter\CodeIgniter->runController(Object(App\Controllers\EmployerController))
 3 SYSTEMPATH\CodeIgniter.php(361): CodeIgniter\CodeIgniter->handleRequest(null, Object(Config\Cache), false)
 4 FCPATH\index.php(79): CodeIgniter\CodeIgniter->run()
 5 SYSTEMPATH\Commands\Server\rewrite.php(47): require_once('C:\\laragon\\www\\citypeso\\public\\index.php')
