CRITICAL - 2024-02-18 15:19:41 --> ErrorException: Undefined variable $companyAddress
in APPPATH\Controllers\EmployerController.php on line 371.
 1 APPPATH\Controllers\EmployerController.php(371): CodeIgniter\Debug\Exceptions->errorHandler(2, 'Undefined variable $companyAddress', 'D:\\laragon\\www\\citypeso\\app\\Controllers\\EmployerController.php', 371)
 2 SYSTEMPATH\CodeIgniter.php(941): App\Controllers\EmployerController->companyProfileProcess()
 3 SYSTEMPATH\CodeIgniter.php(502): CodeIgniter\CodeIgniter->runController(Object(App\Controllers\EmployerController))
 4 SYSTEMPATH\CodeIgniter.php(361): CodeIgniter\CodeIgniter->handleRequest(null, Object(Config\Cache), false)
 5 FCPATH\index.php(79): CodeIgniter\CodeIgniter->run()
 6 SYSTEMPATH\Commands\Server\rewrite.php(47): require_once('D:\\laragon\\www\\citypeso\\public\\index.php')
CRITICAL - 2024-02-18 15:21:03 --> Error: Undefined constant "App\Controllers\companyName"
in APPPATH\Controllers\EmployerController.php on line 368.
 1 SYSTEMPATH\CodeIgniter.php(941): App\Controllers\EmployerController->companyProfileProcess()
 2 SYSTEMPATH\CodeIgniter.php(502): CodeIgniter\CodeIgniter->runController(Object(App\Controllers\EmployerController))
 3 SYSTEMPATH\CodeIgniter.php(361): CodeIgniter\CodeIgniter->handleRequest(null, Object(Config\Cache), false)
 4 FCPATH\index.php(79): CodeIgniter\CodeIgniter->run()
 5 SYSTEMPATH\Commands\Server\rewrite.php(47): require_once('D:\\laragon\\www\\citypeso\\public\\index.php')
CRITICAL - 2024-02-18 15:32:41 --> Error: Undefined constant "App\Controllers\companyName"
in APPPATH\Controllers\EmployerController.php on line 368.
 1 SYSTEMPATH\CodeIgniter.php(941): App\Controllers\EmployerController->companyProfileProcess()
 2 SYSTEMPATH\CodeIgniter.php(502): CodeIgniter\CodeIgniter->runController(Object(App\Controllers\EmployerController))
 3 SYSTEMPATH\CodeIgniter.php(361): CodeIgniter\CodeIgniter->handleRequest(null, Object(Config\Cache), false)
 4 FCPATH\index.php(79): CodeIgniter\CodeIgniter->run()
 5 SYSTEMPATH\Commands\Server\rewrite.php(47): require_once('D:\\laragon\\www\\citypeso\\public\\index.php')
CRITICAL - 2024-02-18 15:36:22 --> Error: Undefined constant "App\Controllers\companyName"
in APPPATH\Controllers\EmployerController.php on line 368.
 1 SYSTEMPATH\CodeIgniter.php(941): App\Controllers\EmployerController->companyProfileProcess()
 2 SYSTEMPATH\CodeIgniter.php(502): CodeIgniter\CodeIgniter->runController(Object(App\Controllers\EmployerController))
 3 SYSTEMPATH\CodeIgniter.php(361): CodeIgniter\CodeIgniter->handleRequest(null, Object(Config\Cache), false)
 4 FCPATH\index.php(79): CodeIgniter\CodeIgniter->run()
 5 SYSTEMPATH\Commands\Server\rewrite.php(47): require_once('D:\\laragon\\www\\citypeso\\public\\index.php')
ERROR - 2024-02-18 15:38:46 --> mysqli_sql_exception: Column 'address' cannot be null in D:\laragon\www\citypeso\system\Database\MySQLi\Connection.php:306
Stack trace:
#0 D:\laragon\www\citypeso\system\Database\MySQLi\Connection.php(306): mysqli->query('INSERT INTO `em...', 0)
#1 D:\laragon\www\citypeso\system\Database\BaseConnection.php(693): CodeIgniter\Database\MySQLi\Connection->execute('INSERT INTO `em...')
#2 D:\laragon\www\citypeso\system\Database\BaseConnection.php(607): CodeIgniter\Database\BaseConnection->simpleQuery('INSERT INTO `em...')
#3 D:\laragon\www\citypeso\system\Database\BaseBuilder.php(2302): CodeIgniter\Database\BaseConnection->query('INSERT INTO `em...', Array, false)
#4 D:\laragon\www\citypeso\system\Model.php(326): CodeIgniter\Database\BaseBuilder->insert()
#5 D:\laragon\www\citypeso\system\BaseModel.php(802): CodeIgniter\Model->doInsert(Array)
#6 D:\laragon\www\citypeso\system\Model.php(744): CodeIgniter\BaseModel->insert(Array, true)
#7 D:\laragon\www\citypeso\app\Controllers\EmployerController.php(388): CodeIgniter\Model->insert(Array)
#8 D:\laragon\www\citypeso\system\CodeIgniter.php(941): App\Controllers\EmployerController->companyProfileProcess()
#9 D:\laragon\www\citypeso\system\CodeIgniter.php(502): CodeIgniter\CodeIgniter->runController(Object(App\Controllers\EmployerController))
#10 D:\laragon\www\citypeso\system\CodeIgniter.php(361): CodeIgniter\CodeIgniter->handleRequest(NULL, Object(Config\Cache), false)
#11 D:\laragon\www\citypeso\public\index.php(79): CodeIgniter\CodeIgniter->run()
#12 D:\laragon\www\citypeso\system\Commands\Server\rewrite.php(47): require_once('D:\\laragon\\www\\...')
#13 {main}
CRITICAL - 2024-02-18 15:38:46 --> CodeIgniter\Database\Exceptions\DatabaseException: Column 'address' cannot be null
in SYSTEMPATH\Database\BaseConnection.php on line 647.
 1 SYSTEMPATH\Database\BaseBuilder.php(2302): CodeIgniter\Database\BaseConnection->query('INSERT INTO `employercompanyprofile` (`companyName`, `workForce`, `industry`, `address`, `barangay`, `city`, `province`, `renewalLicense`, `jobOrder`, `certificationRegistration`, `exchangeCommission`, `letterIntent`, `accreditation`, `poea`, `employerId`, `employerName`) VALUES (:companyName:, :workForce:, :industry:, :address:, :barangay:, :city:, :province:, :renewalLicense:, :jobOrder:, :certificationRegistration:, :exchangeCommission:, :letterIntent:, :accreditation:, :poea:, :employerId:, :employerName:)', [...], false)
 2 SYSTEMPATH\Model.php(326): CodeIgniter\Database\BaseBuilder->insert()
 3 SYSTEMPATH\BaseModel.php(802): CodeIgniter\Model->doInsert([...])
 4 SYSTEMPATH\Model.php(744): CodeIgniter\BaseModel->insert([...], true)
 5 APPPATH\Controllers\EmployerController.php(388): CodeIgniter\Model->insert([...])
 6 SYSTEMPATH\CodeIgniter.php(941): App\Controllers\EmployerController->companyProfileProcess()
 7 SYSTEMPATH\CodeIgniter.php(502): CodeIgniter\CodeIgniter->runController(Object(App\Controllers\EmployerController))
 8 SYSTEMPATH\CodeIgniter.php(361): CodeIgniter\CodeIgniter->handleRequest(null, Object(Config\Cache), false)
 9 FCPATH\index.php(79): CodeIgniter\CodeIgniter->run()
10 SYSTEMPATH\Commands\Server\rewrite.php(47): require_once('D:\\laragon\\www\\citypeso\\public\\index.php')
CRITICAL - 2024-02-18 15:38:46 --> [Caused by] CodeIgniter\Database\Exceptions\DatabaseException: Column 'address' cannot be null
in SYSTEMPATH\Database\MySQLi\Connection.php on line 311.
 1 SYSTEMPATH\Database\BaseConnection.php(693): CodeIgniter\Database\MySQLi\Connection->execute('INSERT INTO `employercompanyprofile` (`companyName`, `workForce`, `industry`, `address`, `barangay`, `city`, `province`, `renewalLicense`, `jobOrder`, `certificationRegistration`, `exchangeCommission`, `letterIntent`, `accreditation`, `poea`, `employerId`, `employerName`) VALUES (\'jhg\', \'g\', \'jhg\', NULL, \'g\', \'oiu\', \'oi\', \'D:\\\\wamp\\\\tmp\\\\php1212.tmp\', \'D:\\\\wamp\\\\tmp\\\\php1213.tmp\', \'D:\\\\wamp\\\\tmp\\\\php1224.tmp\', \'D:\\\\wamp\\\\tmp\\\\php1244.tmp\', \'D:\\\\wamp\\\\tmp\\\\php1245.tmp\', \'D:\\\\wamp\\\\tmp\\\\php1246.tmp\', \'D:\\\\wamp\\\\tmp\\\\php1247.tmp\', \'1\', \'Lemuel Cueto\')')
 2 SYSTEMPATH\Database\BaseConnection.php(607): CodeIgniter\Database\BaseConnection->simpleQuery('INSERT INTO `employercompanyprofile` (`companyName`, `workForce`, `industry`, `address`, `barangay`, `city`, `province`, `renewalLicense`, `jobOrder`, `certificationRegistration`, `exchangeCommission`, `letterIntent`, `accreditation`, `poea`, `employerId`, `employerName`) VALUES (\'jhg\', \'g\', \'jhg\', NULL, \'g\', \'oiu\', \'oi\', \'D:\\\\wamp\\\\tmp\\\\php1212.tmp\', \'D:\\\\wamp\\\\tmp\\\\php1213.tmp\', \'D:\\\\wamp\\\\tmp\\\\php1224.tmp\', \'D:\\\\wamp\\\\tmp\\\\php1244.tmp\', \'D:\\\\wamp\\\\tmp\\\\php1245.tmp\', \'D:\\\\wamp\\\\tmp\\\\php1246.tmp\', \'D:\\\\wamp\\\\tmp\\\\php1247.tmp\', \'1\', \'Lemuel Cueto\')')
 3 SYSTEMPATH\Database\BaseBuilder.php(2302): CodeIgniter\Database\BaseConnection->query('INSERT INTO `employercompanyprofile` (`companyName`, `workForce`, `industry`, `address`, `barangay`, `city`, `province`, `renewalLicense`, `jobOrder`, `certificationRegistration`, `exchangeCommission`, `letterIntent`, `accreditation`, `poea`, `employerId`, `employerName`) VALUES (:companyName:, :workForce:, :industry:, :address:, :barangay:, :city:, :province:, :renewalLicense:, :jobOrder:, :certificationRegistration:, :exchangeCommission:, :letterIntent:, :accreditation:, :poea:, :employerId:, :employerName:)', [...], false)
 4 SYSTEMPATH\Model.php(326): CodeIgniter\Database\BaseBuilder->insert()
 5 SYSTEMPATH\BaseModel.php(802): CodeIgniter\Model->doInsert([...])
 6 SYSTEMPATH\Model.php(744): CodeIgniter\BaseModel->insert([...], true)
 7 APPPATH\Controllers\EmployerController.php(388): CodeIgniter\Model->insert([...])
 8 SYSTEMPATH\CodeIgniter.php(941): App\Controllers\EmployerController->companyProfileProcess()
 9 SYSTEMPATH\CodeIgniter.php(502): CodeIgniter\CodeIgniter->runController(Object(App\Controllers\EmployerController))
10 SYSTEMPATH\CodeIgniter.php(361): CodeIgniter\CodeIgniter->handleRequest(null, Object(Config\Cache), false)
11 FCPATH\index.php(79): CodeIgniter\CodeIgniter->run()
12 SYSTEMPATH\Commands\Server\rewrite.php(47): require_once('D:\\laragon\\www\\citypeso\\public\\index.php')
CRITICAL - 2024-02-18 15:38:46 --> [Caused by] mysqli_sql_exception: Column 'address' cannot be null
in SYSTEMPATH\Database\MySQLi\Connection.php on line 306.
 1 SYSTEMPATH\Database\MySQLi\Connection.php(306): mysqli->query('INSERT INTO `employercompanyprofile` (`companyName`, `workForce`, `industry`, `address`, `barangay`, `city`, `province`, `renewalLicense`, `jobOrder`, `certificationRegistration`, `exchangeCommission`, `letterIntent`, `accreditation`, `poea`, `employerId`, `employerName`) VALUES (\'jhg\', \'g\', \'jhg\', NULL, \'g\', \'oiu\', \'oi\', \'D:\\\\wamp\\\\tmp\\\\php1212.tmp\', \'D:\\\\wamp\\\\tmp\\\\php1213.tmp\', \'D:\\\\wamp\\\\tmp\\\\php1224.tmp\', \'D:\\\\wamp\\\\tmp\\\\php1244.tmp\', \'D:\\\\wamp\\\\tmp\\\\php1245.tmp\', \'D:\\\\wamp\\\\tmp\\\\php1246.tmp\', \'D:\\\\wamp\\\\tmp\\\\php1247.tmp\', \'1\', \'Lemuel Cueto\')', 0)
 2 SYSTEMPATH\Database\BaseConnection.php(693): CodeIgniter\Database\MySQLi\Connection->execute('INSERT INTO `employercompanyprofile` (`companyName`, `workForce`, `industry`, `address`, `barangay`, `city`, `province`, `renewalLicense`, `jobOrder`, `certificationRegistration`, `exchangeCommission`, `letterIntent`, `accreditation`, `poea`, `employerId`, `employerName`) VALUES (\'jhg\', \'g\', \'jhg\', NULL, \'g\', \'oiu\', \'oi\', \'D:\\\\wamp\\\\tmp\\\\php1212.tmp\', \'D:\\\\wamp\\\\tmp\\\\php1213.tmp\', \'D:\\\\wamp\\\\tmp\\\\php1224.tmp\', \'D:\\\\wamp\\\\tmp\\\\php1244.tmp\', \'D:\\\\wamp\\\\tmp\\\\php1245.tmp\', \'D:\\\\wamp\\\\tmp\\\\php1246.tmp\', \'D:\\\\wamp\\\\tmp\\\\php1247.tmp\', \'1\', \'Lemuel Cueto\')')
 3 SYSTEMPATH\Database\BaseConnection.php(607): CodeIgniter\Database\BaseConnection->simpleQuery('INSERT INTO `employercompanyprofile` (`companyName`, `workForce`, `industry`, `address`, `barangay`, `city`, `province`, `renewalLicense`, `jobOrder`, `certificationRegistration`, `exchangeCommission`, `letterIntent`, `accreditation`, `poea`, `employerId`, `employerName`) VALUES (\'jhg\', \'g\', \'jhg\', NULL, \'g\', \'oiu\', \'oi\', \'D:\\\\wamp\\\\tmp\\\\php1212.tmp\', \'D:\\\\wamp\\\\tmp\\\\php1213.tmp\', \'D:\\\\wamp\\\\tmp\\\\php1224.tmp\', \'D:\\\\wamp\\\\tmp\\\\php1244.tmp\', \'D:\\\\wamp\\\\tmp\\\\php1245.tmp\', \'D:\\\\wamp\\\\tmp\\\\php1246.tmp\', \'D:\\\\wamp\\\\tmp\\\\php1247.tmp\', \'1\', \'Lemuel Cueto\')')
 4 SYSTEMPATH\Database\BaseBuilder.php(2302): CodeIgniter\Database\BaseConnection->query('INSERT INTO `employercompanyprofile` (`companyName`, `workForce`, `industry`, `address`, `barangay`, `city`, `province`, `renewalLicense`, `jobOrder`, `certificationRegistration`, `exchangeCommission`, `letterIntent`, `accreditation`, `poea`, `employerId`, `employerName`) VALUES (:companyName:, :workForce:, :industry:, :address:, :barangay:, :city:, :province:, :renewalLicense:, :jobOrder:, :certificationRegistration:, :exchangeCommission:, :letterIntent:, :accreditation:, :poea:, :employerId:, :employerName:)', [...], false)
 5 SYSTEMPATH\Model.php(326): CodeIgniter\Database\BaseBuilder->insert()
 6 SYSTEMPATH\BaseModel.php(802): CodeIgniter\Model->doInsert([...])
 7 SYSTEMPATH\Model.php(744): CodeIgniter\BaseModel->insert([...], true)
 8 APPPATH\Controllers\EmployerController.php(388): CodeIgniter\Model->insert([...])
 9 SYSTEMPATH\CodeIgniter.php(941): App\Controllers\EmployerController->companyProfileProcess()
10 SYSTEMPATH\CodeIgniter.php(502): CodeIgniter\CodeIgniter->runController(Object(App\Controllers\EmployerController))
11 SYSTEMPATH\CodeIgniter.php(361): CodeIgniter\CodeIgniter->handleRequest(null, Object(Config\Cache), false)
12 FCPATH\index.php(79): CodeIgniter\CodeIgniter->run()
13 SYSTEMPATH\Commands\Server\rewrite.php(47): require_once('D:\\laragon\\www\\citypeso\\public\\index.php')
ERROR - 2024-02-18 15:39:33 --> mysqli_sql_exception: Column 'address' cannot be null in D:\laragon\www\citypeso\system\Database\MySQLi\Connection.php:306
Stack trace:
#0 D:\laragon\www\citypeso\system\Database\MySQLi\Connection.php(306): mysqli->query('INSERT INTO `em...', 0)
#1 D:\laragon\www\citypeso\system\Database\BaseConnection.php(693): CodeIgniter\Database\MySQLi\Connection->execute('INSERT INTO `em...')
#2 D:\laragon\www\citypeso\system\Database\BaseConnection.php(607): CodeIgniter\Database\BaseConnection->simpleQuery('INSERT INTO `em...')
#3 D:\laragon\www\citypeso\system\Database\BaseBuilder.php(2302): CodeIgniter\Database\BaseConnection->query('INSERT INTO `em...', Array, false)
#4 D:\laragon\www\citypeso\system\Model.php(326): CodeIgniter\Database\BaseBuilder->insert()
#5 D:\laragon\www\citypeso\system\BaseModel.php(802): CodeIgniter\Model->doInsert(Array)
#6 D:\laragon\www\citypeso\system\Model.php(744): CodeIgniter\BaseModel->insert(Array, true)
#7 D:\laragon\www\citypeso\app\Controllers\EmployerController.php(388): CodeIgniter\Model->insert(Array)
#8 D:\laragon\www\citypeso\system\CodeIgniter.php(941): App\Controllers\EmployerController->companyProfileProcess()
#9 D:\laragon\www\citypeso\system\CodeIgniter.php(502): CodeIgniter\CodeIgniter->runController(Object(App\Controllers\EmployerController))
#10 D:\laragon\www\citypeso\system\CodeIgniter.php(361): CodeIgniter\CodeIgniter->handleRequest(NULL, Object(Config\Cache), false)
#11 D:\laragon\www\citypeso\public\index.php(79): CodeIgniter\CodeIgniter->run()
#12 D:\laragon\www\citypeso\system\Commands\Server\rewrite.php(47): require_once('D:\\laragon\\www\\...')
#13 {main}
CRITICAL - 2024-02-18 15:39:33 --> CodeIgniter\Database\Exceptions\DatabaseException: Column 'address' cannot be null
in SYSTEMPATH\Database\BaseConnection.php on line 647.
 1 SYSTEMPATH\Database\BaseBuilder.php(2302): CodeIgniter\Database\BaseConnection->query('INSERT INTO `employercompanyprofile` (`companyName`, `workForce`, `industry`, `address`, `barangay`, `city`, `province`, `renewalLicense`, `jobOrder`, `certificationRegistration`, `exchangeCommission`, `letterIntent`, `accreditation`, `poea`, `employerId`, `employerName`) VALUES (:companyName:, :workForce:, :industry:, :address:, :barangay:, :city:, :province:, :renewalLicense:, :jobOrder:, :certificationRegistration:, :exchangeCommission:, :letterIntent:, :accreditation:, :poea:, :employerId:, :employerName:)', [...], false)
 2 SYSTEMPATH\Model.php(326): CodeIgniter\Database\BaseBuilder->insert()
 3 SYSTEMPATH\BaseModel.php(802): CodeIgniter\Model->doInsert([...])
 4 SYSTEMPATH\Model.php(744): CodeIgniter\BaseModel->insert([...], true)
 5 APPPATH\Controllers\EmployerController.php(388): CodeIgniter\Model->insert([...])
 6 SYSTEMPATH\CodeIgniter.php(941): App\Controllers\EmployerController->companyProfileProcess()
 7 SYSTEMPATH\CodeIgniter.php(502): CodeIgniter\CodeIgniter->runController(Object(App\Controllers\EmployerController))
 8 SYSTEMPATH\CodeIgniter.php(361): CodeIgniter\CodeIgniter->handleRequest(null, Object(Config\Cache), false)
 9 FCPATH\index.php(79): CodeIgniter\CodeIgniter->run()
10 SYSTEMPATH\Commands\Server\rewrite.php(47): require_once('D:\\laragon\\www\\citypeso\\public\\index.php')
CRITICAL - 2024-02-18 15:39:33 --> [Caused by] CodeIgniter\Database\Exceptions\DatabaseException: Column 'address' cannot be null
in SYSTEMPATH\Database\MySQLi\Connection.php on line 311.
 1 SYSTEMPATH\Database\BaseConnection.php(693): CodeIgniter\Database\MySQLi\Connection->execute('INSERT INTO `employercompanyprofile` (`companyName`, `workForce`, `industry`, `address`, `barangay`, `city`, `province`, `renewalLicense`, `jobOrder`, `certificationRegistration`, `exchangeCommission`, `letterIntent`, `accreditation`, `poea`, `employerId`, `employerName`) VALUES (\'jhg\', \'g\', \'jhg\', NULL, \'g\', \'oiu\', \'oi\', \'D:\\\\wamp\\\\tmp\\\\phpCC9F.tmp\', \'D:\\\\wamp\\\\tmp\\\\phpCCA0.tmp\', \'D:\\\\wamp\\\\tmp\\\\phpCCA1.tmp\', \'D:\\\\wamp\\\\tmp\\\\phpCCD1.tmp\', \'D:\\\\wamp\\\\tmp\\\\phpCCD2.tmp\', \'D:\\\\wamp\\\\tmp\\\\phpCCD3.tmp\', \'D:\\\\wamp\\\\tmp\\\\phpCCD4.tmp\', \'1\', \'Lemuel Cueto\')')
 2 SYSTEMPATH\Database\BaseConnection.php(607): CodeIgniter\Database\BaseConnection->simpleQuery('INSERT INTO `employercompanyprofile` (`companyName`, `workForce`, `industry`, `address`, `barangay`, `city`, `province`, `renewalLicense`, `jobOrder`, `certificationRegistration`, `exchangeCommission`, `letterIntent`, `accreditation`, `poea`, `employerId`, `employerName`) VALUES (\'jhg\', \'g\', \'jhg\', NULL, \'g\', \'oiu\', \'oi\', \'D:\\\\wamp\\\\tmp\\\\phpCC9F.tmp\', \'D:\\\\wamp\\\\tmp\\\\phpCCA0.tmp\', \'D:\\\\wamp\\\\tmp\\\\phpCCA1.tmp\', \'D:\\\\wamp\\\\tmp\\\\phpCCD1.tmp\', \'D:\\\\wamp\\\\tmp\\\\phpCCD2.tmp\', \'D:\\\\wamp\\\\tmp\\\\phpCCD3.tmp\', \'D:\\\\wamp\\\\tmp\\\\phpCCD4.tmp\', \'1\', \'Lemuel Cueto\')')
 3 SYSTEMPATH\Database\BaseBuilder.php(2302): CodeIgniter\Database\BaseConnection->query('INSERT INTO `employercompanyprofile` (`companyName`, `workForce`, `industry`, `address`, `barangay`, `city`, `province`, `renewalLicense`, `jobOrder`, `certificationRegistration`, `exchangeCommission`, `letterIntent`, `accreditation`, `poea`, `employerId`, `employerName`) VALUES (:companyName:, :workForce:, :industry:, :address:, :barangay:, :city:, :province:, :renewalLicense:, :jobOrder:, :certificationRegistration:, :exchangeCommission:, :letterIntent:, :accreditation:, :poea:, :employerId:, :employerName:)', [...], false)
 4 SYSTEMPATH\Model.php(326): CodeIgniter\Database\BaseBuilder->insert()
 5 SYSTEMPATH\BaseModel.php(802): CodeIgniter\Model->doInsert([...])
 6 SYSTEMPATH\Model.php(744): CodeIgniter\BaseModel->insert([...], true)
 7 APPPATH\Controllers\EmployerController.php(388): CodeIgniter\Model->insert([...])
 8 SYSTEMPATH\CodeIgniter.php(941): App\Controllers\EmployerController->companyProfileProcess()
 9 SYSTEMPATH\CodeIgniter.php(502): CodeIgniter\CodeIgniter->runController(Object(App\Controllers\EmployerController))
10 SYSTEMPATH\CodeIgniter.php(361): CodeIgniter\CodeIgniter->handleRequest(null, Object(Config\Cache), false)
11 FCPATH\index.php(79): CodeIgniter\CodeIgniter->run()
12 SYSTEMPATH\Commands\Server\rewrite.php(47): require_once('D:\\laragon\\www\\citypeso\\public\\index.php')
CRITICAL - 2024-02-18 15:39:33 --> [Caused by] mysqli_sql_exception: Column 'address' cannot be null
in SYSTEMPATH\Database\MySQLi\Connection.php on line 306.
 1 SYSTEMPATH\Database\MySQLi\Connection.php(306): mysqli->query('INSERT INTO `employercompanyprofile` (`companyName`, `workForce`, `industry`, `address`, `barangay`, `city`, `province`, `renewalLicense`, `jobOrder`, `certificationRegistration`, `exchangeCommission`, `letterIntent`, `accreditation`, `poea`, `employerId`, `employerName`) VALUES (\'jhg\', \'g\', \'jhg\', NULL, \'g\', \'oiu\', \'oi\', \'D:\\\\wamp\\\\tmp\\\\phpCC9F.tmp\', \'D:\\\\wamp\\\\tmp\\\\phpCCA0.tmp\', \'D:\\\\wamp\\\\tmp\\\\phpCCA1.tmp\', \'D:\\\\wamp\\\\tmp\\\\phpCCD1.tmp\', \'D:\\\\wamp\\\\tmp\\\\phpCCD2.tmp\', \'D:\\\\wamp\\\\tmp\\\\phpCCD3.tmp\', \'D:\\\\wamp\\\\tmp\\\\phpCCD4.tmp\', \'1\', \'Lemuel Cueto\')', 0)
 2 SYSTEMPATH\Database\BaseConnection.php(693): CodeIgniter\Database\MySQLi\Connection->execute('INSERT INTO `employercompanyprofile` (`companyName`, `workForce`, `industry`, `address`, `barangay`, `city`, `province`, `renewalLicense`, `jobOrder`, `certificationRegistration`, `exchangeCommission`, `letterIntent`, `accreditation`, `poea`, `employerId`, `employerName`) VALUES (\'jhg\', \'g\', \'jhg\', NULL, \'g\', \'oiu\', \'oi\', \'D:\\\\wamp\\\\tmp\\\\phpCC9F.tmp\', \'D:\\\\wamp\\\\tmp\\\\phpCCA0.tmp\', \'D:\\\\wamp\\\\tmp\\\\phpCCA1.tmp\', \'D:\\\\wamp\\\\tmp\\\\phpCCD1.tmp\', \'D:\\\\wamp\\\\tmp\\\\phpCCD2.tmp\', \'D:\\\\wamp\\\\tmp\\\\phpCCD3.tmp\', \'D:\\\\wamp\\\\tmp\\\\phpCCD4.tmp\', \'1\', \'Lemuel Cueto\')')
 3 SYSTEMPATH\Database\BaseConnection.php(607): CodeIgniter\Database\BaseConnection->simpleQuery('INSERT INTO `employercompanyprofile` (`companyName`, `workForce`, `industry`, `address`, `barangay`, `city`, `province`, `renewalLicense`, `jobOrder`, `certificationRegistration`, `exchangeCommission`, `letterIntent`, `accreditation`, `poea`, `employerId`, `employerName`) VALUES (\'jhg\', \'g\', \'jhg\', NULL, \'g\', \'oiu\', \'oi\', \'D:\\\\wamp\\\\tmp\\\\phpCC9F.tmp\', \'D:\\\\wamp\\\\tmp\\\\phpCCA0.tmp\', \'D:\\\\wamp\\\\tmp\\\\phpCCA1.tmp\', \'D:\\\\wamp\\\\tmp\\\\phpCCD1.tmp\', \'D:\\\\wamp\\\\tmp\\\\phpCCD2.tmp\', \'D:\\\\wamp\\\\tmp\\\\phpCCD3.tmp\', \'D:\\\\wamp\\\\tmp\\\\phpCCD4.tmp\', \'1\', \'Lemuel Cueto\')')
 4 SYSTEMPATH\Database\BaseBuilder.php(2302): CodeIgniter\Database\BaseConnection->query('INSERT INTO `employercompanyprofile` (`companyName`, `workForce`, `industry`, `address`, `barangay`, `city`, `province`, `renewalLicense`, `jobOrder`, `certificationRegistration`, `exchangeCommission`, `letterIntent`, `accreditation`, `poea`, `employerId`, `employerName`) VALUES (:companyName:, :workForce:, :industry:, :address:, :barangay:, :city:, :province:, :renewalLicense:, :jobOrder:, :certificationRegistration:, :exchangeCommission:, :letterIntent:, :accreditation:, :poea:, :employerId:, :employerName:)', [...], false)
 5 SYSTEMPATH\Model.php(326): CodeIgniter\Database\BaseBuilder->insert()
 6 SYSTEMPATH\BaseModel.php(802): CodeIgniter\Model->doInsert([...])
 7 SYSTEMPATH\Model.php(744): CodeIgniter\BaseModel->insert([...], true)
 8 APPPATH\Controllers\EmployerController.php(388): CodeIgniter\Model->insert([...])
 9 SYSTEMPATH\CodeIgniter.php(941): App\Controllers\EmployerController->companyProfileProcess()
10 SYSTEMPATH\CodeIgniter.php(502): CodeIgniter\CodeIgniter->runController(Object(App\Controllers\EmployerController))
11 SYSTEMPATH\CodeIgniter.php(361): CodeIgniter\CodeIgniter->handleRequest(null, Object(Config\Cache), false)
12 FCPATH\index.php(79): CodeIgniter\CodeIgniter->run()
13 SYSTEMPATH\Commands\Server\rewrite.php(47): require_once('D:\\laragon\\www\\citypeso\\public\\index.php')
ERROR - 2024-02-18 15:39:37 --> mysqli_sql_exception: Column 'address' cannot be null in D:\laragon\www\citypeso\system\Database\MySQLi\Connection.php:306
Stack trace:
#0 D:\laragon\www\citypeso\system\Database\MySQLi\Connection.php(306): mysqli->query('INSERT INTO `em...', 0)
#1 D:\laragon\www\citypeso\system\Database\BaseConnection.php(693): CodeIgniter\Database\MySQLi\Connection->execute('INSERT INTO `em...')
#2 D:\laragon\www\citypeso\system\Database\BaseConnection.php(607): CodeIgniter\Database\BaseConnection->simpleQuery('INSERT INTO `em...')
#3 D:\laragon\www\citypeso\system\Database\BaseBuilder.php(2302): CodeIgniter\Database\BaseConnection->query('INSERT INTO `em...', Array, false)
#4 D:\laragon\www\citypeso\system\Model.php(326): CodeIgniter\Database\BaseBuilder->insert()
#5 D:\laragon\www\citypeso\system\BaseModel.php(802): CodeIgniter\Model->doInsert(Array)
#6 D:\laragon\www\citypeso\system\Model.php(744): CodeIgniter\BaseModel->insert(Array, true)
#7 D:\laragon\www\citypeso\app\Controllers\EmployerController.php(388): CodeIgniter\Model->insert(Array)
#8 D:\laragon\www\citypeso\system\CodeIgniter.php(941): App\Controllers\EmployerController->companyProfileProcess()
#9 D:\laragon\www\citypeso\system\CodeIgniter.php(502): CodeIgniter\CodeIgniter->runController(Object(App\Controllers\EmployerController))
#10 D:\laragon\www\citypeso\system\CodeIgniter.php(361): CodeIgniter\CodeIgniter->handleRequest(NULL, Object(Config\Cache), false)
#11 D:\laragon\www\citypeso\public\index.php(79): CodeIgniter\CodeIgniter->run()
#12 D:\laragon\www\citypeso\system\Commands\Server\rewrite.php(47): require_once('D:\\laragon\\www\\...')
#13 {main}
CRITICAL - 2024-02-18 15:39:37 --> CodeIgniter\Database\Exceptions\DatabaseException: Column 'address' cannot be null
in SYSTEMPATH\Database\BaseConnection.php on line 647.
 1 SYSTEMPATH\Database\BaseBuilder.php(2302): CodeIgniter\Database\BaseConnection->query('INSERT INTO `employercompanyprofile` (`companyName`, `workForce`, `industry`, `address`, `barangay`, `city`, `province`, `renewalLicense`, `jobOrder`, `certificationRegistration`, `exchangeCommission`, `letterIntent`, `accreditation`, `poea`, `employerId`, `employerName`) VALUES (:companyName:, :workForce:, :industry:, :address:, :barangay:, :city:, :province:, :renewalLicense:, :jobOrder:, :certificationRegistration:, :exchangeCommission:, :letterIntent:, :accreditation:, :poea:, :employerId:, :employerName:)', [...], false)
 2 SYSTEMPATH\Model.php(326): CodeIgniter\Database\BaseBuilder->insert()
 3 SYSTEMPATH\BaseModel.php(802): CodeIgniter\Model->doInsert([...])
 4 SYSTEMPATH\Model.php(744): CodeIgniter\BaseModel->insert([...], true)
 5 APPPATH\Controllers\EmployerController.php(388): CodeIgniter\Model->insert([...])
 6 SYSTEMPATH\CodeIgniter.php(941): App\Controllers\EmployerController->companyProfileProcess()
 7 SYSTEMPATH\CodeIgniter.php(502): CodeIgniter\CodeIgniter->runController(Object(App\Controllers\EmployerController))
 8 SYSTEMPATH\CodeIgniter.php(361): CodeIgniter\CodeIgniter->handleRequest(null, Object(Config\Cache), false)
 9 FCPATH\index.php(79): CodeIgniter\CodeIgniter->run()
10 SYSTEMPATH\Commands\Server\rewrite.php(47): require_once('D:\\laragon\\www\\citypeso\\public\\index.php')
CRITICAL - 2024-02-18 15:39:37 --> [Caused by] CodeIgniter\Database\Exceptions\DatabaseException: Column 'address' cannot be null
in SYSTEMPATH\Database\MySQLi\Connection.php on line 311.
 1 SYSTEMPATH\Database\BaseConnection.php(693): CodeIgniter\Database\MySQLi\Connection->execute('INSERT INTO `employercompanyprofile` (`companyName`, `workForce`, `industry`, `address`, `barangay`, `city`, `province`, `renewalLicense`, `jobOrder`, `certificationRegistration`, `exchangeCommission`, `letterIntent`, `accreditation`, `poea`, `employerId`, `employerName`) VALUES (\'jhg\', \'g\', \'jhg\', NULL, \'g\', \'oiu\', \'oi\', \'D:\\\\wamp\\\\tmp\\\\phpD9A7.tmp\', \'D:\\\\wamp\\\\tmp\\\\phpD9A8.tmp\', \'D:\\\\wamp\\\\tmp\\\\phpD9A9.tmp\', \'D:\\\\wamp\\\\tmp\\\\phpD9AA.tmp\', \'D:\\\\wamp\\\\tmp\\\\phpD9BA.tmp\', \'D:\\\\wamp\\\\tmp\\\\phpD9BB.tmp\', \'D:\\\\wamp\\\\tmp\\\\phpD9BC.tmp\', \'1\', \'Lemuel Cueto\')')
 2 SYSTEMPATH\Database\BaseConnection.php(607): CodeIgniter\Database\BaseConnection->simpleQuery('INSERT INTO `employercompanyprofile` (`companyName`, `workForce`, `industry`, `address`, `barangay`, `city`, `province`, `renewalLicense`, `jobOrder`, `certificationRegistration`, `exchangeCommission`, `letterIntent`, `accreditation`, `poea`, `employerId`, `employerName`) VALUES (\'jhg\', \'g\', \'jhg\', NULL, \'g\', \'oiu\', \'oi\', \'D:\\\\wamp\\\\tmp\\\\phpD9A7.tmp\', \'D:\\\\wamp\\\\tmp\\\\phpD9A8.tmp\', \'D:\\\\wamp\\\\tmp\\\\phpD9A9.tmp\', \'D:\\\\wamp\\\\tmp\\\\phpD9AA.tmp\', \'D:\\\\wamp\\\\tmp\\\\phpD9BA.tmp\', \'D:\\\\wamp\\\\tmp\\\\phpD9BB.tmp\', \'D:\\\\wamp\\\\tmp\\\\phpD9BC.tmp\', \'1\', \'Lemuel Cueto\')')
 3 SYSTEMPATH\Database\BaseBuilder.php(2302): CodeIgniter\Database\BaseConnection->query('INSERT INTO `employercompanyprofile` (`companyName`, `workForce`, `industry`, `address`, `barangay`, `city`, `province`, `renewalLicense`, `jobOrder`, `certificationRegistration`, `exchangeCommission`, `letterIntent`, `accreditation`, `poea`, `employerId`, `employerName`) VALUES (:companyName:, :workForce:, :industry:, :address:, :barangay:, :city:, :province:, :renewalLicense:, :jobOrder:, :certificationRegistration:, :exchangeCommission:, :letterIntent:, :accreditation:, :poea:, :employerId:, :employerName:)', [...], false)
 4 SYSTEMPATH\Model.php(326): CodeIgniter\Database\BaseBuilder->insert()
 5 SYSTEMPATH\BaseModel.php(802): CodeIgniter\Model->doInsert([...])
 6 SYSTEMPATH\Model.php(744): CodeIgniter\BaseModel->insert([...], true)
 7 APPPATH\Controllers\EmployerController.php(388): CodeIgniter\Model->insert([...])
 8 SYSTEMPATH\CodeIgniter.php(941): App\Controllers\EmployerController->companyProfileProcess()
 9 SYSTEMPATH\CodeIgniter.php(502): CodeIgniter\CodeIgniter->runController(Object(App\Controllers\EmployerController))
10 SYSTEMPATH\CodeIgniter.php(361): CodeIgniter\CodeIgniter->handleRequest(null, Object(Config\Cache), false)
11 FCPATH\index.php(79): CodeIgniter\CodeIgniter->run()
12 SYSTEMPATH\Commands\Server\rewrite.php(47): require_once('D:\\laragon\\www\\citypeso\\public\\index.php')
CRITICAL - 2024-02-18 15:39:37 --> [Caused by] mysqli_sql_exception: Column 'address' cannot be null
in SYSTEMPATH\Database\MySQLi\Connection.php on line 306.
 1 SYSTEMPATH\Database\MySQLi\Connection.php(306): mysqli->query('INSERT INTO `employercompanyprofile` (`companyName`, `workForce`, `industry`, `address`, `barangay`, `city`, `province`, `renewalLicense`, `jobOrder`, `certificationRegistration`, `exchangeCommission`, `letterIntent`, `accreditation`, `poea`, `employerId`, `employerName`) VALUES (\'jhg\', \'g\', \'jhg\', NULL, \'g\', \'oiu\', \'oi\', \'D:\\\\wamp\\\\tmp\\\\phpD9A7.tmp\', \'D:\\\\wamp\\\\tmp\\\\phpD9A8.tmp\', \'D:\\\\wamp\\\\tmp\\\\phpD9A9.tmp\', \'D:\\\\wamp\\\\tmp\\\\phpD9AA.tmp\', \'D:\\\\wamp\\\\tmp\\\\phpD9BA.tmp\', \'D:\\\\wamp\\\\tmp\\\\phpD9BB.tmp\', \'D:\\\\wamp\\\\tmp\\\\phpD9BC.tmp\', \'1\', \'Lemuel Cueto\')', 0)
 2 SYSTEMPATH\Database\BaseConnection.php(693): CodeIgniter\Database\MySQLi\Connection->execute('INSERT INTO `employercompanyprofile` (`companyName`, `workForce`, `industry`, `address`, `barangay`, `city`, `province`, `renewalLicense`, `jobOrder`, `certificationRegistration`, `exchangeCommission`, `letterIntent`, `accreditation`, `poea`, `employerId`, `employerName`) VALUES (\'jhg\', \'g\', \'jhg\', NULL, \'g\', \'oiu\', \'oi\', \'D:\\\\wamp\\\\tmp\\\\phpD9A7.tmp\', \'D:\\\\wamp\\\\tmp\\\\phpD9A8.tmp\', \'D:\\\\wamp\\\\tmp\\\\phpD9A9.tmp\', \'D:\\\\wamp\\\\tmp\\\\phpD9AA.tmp\', \'D:\\\\wamp\\\\tmp\\\\phpD9BA.tmp\', \'D:\\\\wamp\\\\tmp\\\\phpD9BB.tmp\', \'D:\\\\wamp\\\\tmp\\\\phpD9BC.tmp\', \'1\', \'Lemuel Cueto\')')
 3 SYSTEMPATH\Database\BaseConnection.php(607): CodeIgniter\Database\BaseConnection->simpleQuery('INSERT INTO `employercompanyprofile` (`companyName`, `workForce`, `industry`, `address`, `barangay`, `city`, `province`, `renewalLicense`, `jobOrder`, `certificationRegistration`, `exchangeCommission`, `letterIntent`, `accreditation`, `poea`, `employerId`, `employerName`) VALUES (\'jhg\', \'g\', \'jhg\', NULL, \'g\', \'oiu\', \'oi\', \'D:\\\\wamp\\\\tmp\\\\phpD9A7.tmp\', \'D:\\\\wamp\\\\tmp\\\\phpD9A8.tmp\', \'D:\\\\wamp\\\\tmp\\\\phpD9A9.tmp\', \'D:\\\\wamp\\\\tmp\\\\phpD9AA.tmp\', \'D:\\\\wamp\\\\tmp\\\\phpD9BA.tmp\', \'D:\\\\wamp\\\\tmp\\\\phpD9BB.tmp\', \'D:\\\\wamp\\\\tmp\\\\phpD9BC.tmp\', \'1\', \'Lemuel Cueto\')')
 4 SYSTEMPATH\Database\BaseBuilder.php(2302): CodeIgniter\Database\BaseConnection->query('INSERT INTO `employercompanyprofile` (`companyName`, `workForce`, `industry`, `address`, `barangay`, `city`, `province`, `renewalLicense`, `jobOrder`, `certificationRegistration`, `exchangeCommission`, `letterIntent`, `accreditation`, `poea`, `employerId`, `employerName`) VALUES (:companyName:, :workForce:, :industry:, :address:, :barangay:, :city:, :province:, :renewalLicense:, :jobOrder:, :certificationRegistration:, :exchangeCommission:, :letterIntent:, :accreditation:, :poea:, :employerId:, :employerName:)', [...], false)
 5 SYSTEMPATH\Model.php(326): CodeIgniter\Database\BaseBuilder->insert()
 6 SYSTEMPATH\BaseModel.php(802): CodeIgniter\Model->doInsert([...])
 7 SYSTEMPATH\Model.php(744): CodeIgniter\BaseModel->insert([...], true)
 8 APPPATH\Controllers\EmployerController.php(388): CodeIgniter\Model->insert([...])
 9 SYSTEMPATH\CodeIgniter.php(941): App\Controllers\EmployerController->companyProfileProcess()
10 SYSTEMPATH\CodeIgniter.php(502): CodeIgniter\CodeIgniter->runController(Object(App\Controllers\EmployerController))
11 SYSTEMPATH\CodeIgniter.php(361): CodeIgniter\CodeIgniter->handleRequest(null, Object(Config\Cache), false)
12 FCPATH\index.php(79): CodeIgniter\CodeIgniter->run()
13 SYSTEMPATH\Commands\Server\rewrite.php(47): require_once('D:\\laragon\\www\\citypeso\\public\\index.php')
CRITICAL - 2024-02-18 21:53:51 --> ErrorException: Undefined array key "companyAddress"
in APPPATH\Views\admin\pages\employers.php on line 99.
 1 APPPATH\Views\admin\pages\employers.php(99): CodeIgniter\Debug\Exceptions->errorHandler(2, 'Undefined array key "companyAddress"', 'D:\\laragon\\www\\citypeso\\app\\Views\\admin\\pages\\employers.php', 99)
 2 SYSTEMPATH\View\View.php(228): include('D:\\laragon\\www\\citypeso\\app\\Views\\admin\\pages\\employers.php')
 3 SYSTEMPATH\View\View.php(231): CodeIgniter\View\View->CodeIgniter\View\{closure}()
 4 SYSTEMPATH\Common.php(1178): CodeIgniter\View\View->render('admin/pages/employers', [], true)
 5 APPPATH\Controllers\AdminController.php(35): view('admin/pages/employers', [...])
 6 SYSTEMPATH\CodeIgniter.php(941): App\Controllers\AdminController->employer()
 7 SYSTEMPATH\CodeIgniter.php(502): CodeIgniter\CodeIgniter->runController(Object(App\Controllers\AdminController))
 8 SYSTEMPATH\CodeIgniter.php(361): CodeIgniter\CodeIgniter->handleRequest(null, Object(Config\Cache), false)
 9 FCPATH\index.php(79): CodeIgniter\CodeIgniter->run()
10 SYSTEMPATH\Commands\Server\rewrite.php(47): require_once('D:\\laragon\\www\\citypeso\\public\\index.php')
CRITICAL - 2024-02-18 21:54:52 --> ErrorException: Undefined array key "companyAddress"
in APPPATH\Views\admin\pages\employers.php on line 99.
 1 APPPATH\Views\admin\pages\employers.php(99): CodeIgniter\Debug\Exceptions->errorHandler(2, 'Undefined array key "companyAddress"', 'D:\\laragon\\www\\citypeso\\app\\Views\\admin\\pages\\employers.php', 99)
 2 SYSTEMPATH\View\View.php(228): include('D:\\laragon\\www\\citypeso\\app\\Views\\admin\\pages\\employers.php')
 3 SYSTEMPATH\View\View.php(231): CodeIgniter\View\View->CodeIgniter\View\{closure}()
 4 SYSTEMPATH\Common.php(1178): CodeIgniter\View\View->render('admin/pages/employers', [], true)
 5 APPPATH\Controllers\AdminController.php(35): view('admin/pages/employers', [...])
 6 SYSTEMPATH\CodeIgniter.php(941): App\Controllers\AdminController->employer()
 7 SYSTEMPATH\CodeIgniter.php(502): CodeIgniter\CodeIgniter->runController(Object(App\Controllers\AdminController))
 8 SYSTEMPATH\CodeIgniter.php(361): CodeIgniter\CodeIgniter->handleRequest(null, Object(Config\Cache), false)
 9 FCPATH\index.php(79): CodeIgniter\CodeIgniter->run()
10 SYSTEMPATH\Commands\Server\rewrite.php(47): require_once('D:\\laragon\\www\\citypeso\\public\\index.php')
CRITICAL - 2024-02-18 21:54:54 --> ErrorException: Undefined array key "companyAddress"
in APPPATH\Views\admin\pages\employers.php on line 99.
 1 APPPATH\Views\admin\pages\employers.php(99): CodeIgniter\Debug\Exceptions->errorHandler(2, 'Undefined array key "companyAddress"', 'D:\\laragon\\www\\citypeso\\app\\Views\\admin\\pages\\employers.php', 99)
 2 SYSTEMPATH\View\View.php(228): include('D:\\laragon\\www\\citypeso\\app\\Views\\admin\\pages\\employers.php')
 3 SYSTEMPATH\View\View.php(231): CodeIgniter\View\View->CodeIgniter\View\{closure}()
 4 SYSTEMPATH\Common.php(1178): CodeIgniter\View\View->render('admin/pages/employers', [], true)
 5 APPPATH\Controllers\AdminController.php(35): view('admin/pages/employers', [...])
 6 SYSTEMPATH\CodeIgniter.php(941): App\Controllers\AdminController->employer()
 7 SYSTEMPATH\CodeIgniter.php(502): CodeIgniter\CodeIgniter->runController(Object(App\Controllers\AdminController))
 8 SYSTEMPATH\CodeIgniter.php(361): CodeIgniter\CodeIgniter->handleRequest(null, Object(Config\Cache), false)
 9 FCPATH\index.php(79): CodeIgniter\CodeIgniter->run()
10 SYSTEMPATH\Commands\Server\rewrite.php(47): require_once('D:\\laragon\\www\\citypeso\\public\\index.php')
CRITICAL - 2024-02-18 21:54:54 --> ErrorException: Undefined array key "companyAddress"
in APPPATH\Views\admin\pages\employers.php on line 99.
 1 APPPATH\Views\admin\pages\employers.php(99): CodeIgniter\Debug\Exceptions->errorHandler(2, 'Undefined array key "companyAddress"', 'D:\\laragon\\www\\citypeso\\app\\Views\\admin\\pages\\employers.php', 99)
 2 SYSTEMPATH\View\View.php(228): include('D:\\laragon\\www\\citypeso\\app\\Views\\admin\\pages\\employers.php')
 3 SYSTEMPATH\View\View.php(231): CodeIgniter\View\View->CodeIgniter\View\{closure}()
 4 SYSTEMPATH\Common.php(1178): CodeIgniter\View\View->render('admin/pages/employers', [], true)
 5 APPPATH\Controllers\AdminController.php(35): view('admin/pages/employers', [...])
 6 SYSTEMPATH\CodeIgniter.php(941): App\Controllers\AdminController->employer()
 7 SYSTEMPATH\CodeIgniter.php(502): CodeIgniter\CodeIgniter->runController(Object(App\Controllers\AdminController))
 8 SYSTEMPATH\CodeIgniter.php(361): CodeIgniter\CodeIgniter->handleRequest(null, Object(Config\Cache), false)
 9 FCPATH\index.php(79): CodeIgniter\CodeIgniter->run()
10 SYSTEMPATH\Commands\Server\rewrite.php(47): require_once('D:\\laragon\\www\\citypeso\\public\\index.php')
CRITICAL - 2024-02-18 21:54:54 --> ErrorException: Undefined array key "companyAddress"
in APPPATH\Views\admin\pages\employers.php on line 99.
 1 APPPATH\Views\admin\pages\employers.php(99): CodeIgniter\Debug\Exceptions->errorHandler(2, 'Undefined array key "companyAddress"', 'D:\\laragon\\www\\citypeso\\app\\Views\\admin\\pages\\employers.php', 99)
 2 SYSTEMPATH\View\View.php(228): include('D:\\laragon\\www\\citypeso\\app\\Views\\admin\\pages\\employers.php')
 3 SYSTEMPATH\View\View.php(231): CodeIgniter\View\View->CodeIgniter\View\{closure}()
 4 SYSTEMPATH\Common.php(1178): CodeIgniter\View\View->render('admin/pages/employers', [], true)
 5 APPPATH\Controllers\AdminController.php(35): view('admin/pages/employers', [...])
 6 SYSTEMPATH\CodeIgniter.php(941): App\Controllers\AdminController->employer()
 7 SYSTEMPATH\CodeIgniter.php(502): CodeIgniter\CodeIgniter->runController(Object(App\Controllers\AdminController))
 8 SYSTEMPATH\CodeIgniter.php(361): CodeIgniter\CodeIgniter->handleRequest(null, Object(Config\Cache), false)
 9 FCPATH\index.php(79): CodeIgniter\CodeIgniter->run()
10 SYSTEMPATH\Commands\Server\rewrite.php(47): require_once('D:\\laragon\\www\\citypeso\\public\\index.php')
CRITICAL - 2024-02-18 21:54:55 --> ErrorException: Undefined array key "companyAddress"
in APPPATH\Views\admin\pages\employers.php on line 99.
 1 APPPATH\Views\admin\pages\employers.php(99): CodeIgniter\Debug\Exceptions->errorHandler(2, 'Undefined array key "companyAddress"', 'D:\\laragon\\www\\citypeso\\app\\Views\\admin\\pages\\employers.php', 99)
 2 SYSTEMPATH\View\View.php(228): include('D:\\laragon\\www\\citypeso\\app\\Views\\admin\\pages\\employers.php')
 3 SYSTEMPATH\View\View.php(231): CodeIgniter\View\View->CodeIgniter\View\{closure}()
 4 SYSTEMPATH\Common.php(1178): CodeIgniter\View\View->render('admin/pages/employers', [], true)
 5 APPPATH\Controllers\AdminController.php(35): view('admin/pages/employers', [...])
 6 SYSTEMPATH\CodeIgniter.php(941): App\Controllers\AdminController->employer()
 7 SYSTEMPATH\CodeIgniter.php(502): CodeIgniter\CodeIgniter->runController(Object(App\Controllers\AdminController))
 8 SYSTEMPATH\CodeIgniter.php(361): CodeIgniter\CodeIgniter->handleRequest(null, Object(Config\Cache), false)
 9 FCPATH\index.php(79): CodeIgniter\CodeIgniter->run()
10 SYSTEMPATH\Commands\Server\rewrite.php(47): require_once('D:\\laragon\\www\\citypeso\\public\\index.php')
CRITICAL - 2024-02-18 21:54:55 --> ErrorException: Undefined array key "companyAddress"
in APPPATH\Views\admin\pages\employers.php on line 99.
 1 APPPATH\Views\admin\pages\employers.php(99): CodeIgniter\Debug\Exceptions->errorHandler(2, 'Undefined array key "companyAddress"', 'D:\\laragon\\www\\citypeso\\app\\Views\\admin\\pages\\employers.php', 99)
 2 SYSTEMPATH\View\View.php(228): include('D:\\laragon\\www\\citypeso\\app\\Views\\admin\\pages\\employers.php')
 3 SYSTEMPATH\View\View.php(231): CodeIgniter\View\View->CodeIgniter\View\{closure}()
 4 SYSTEMPATH\Common.php(1178): CodeIgniter\View\View->render('admin/pages/employers', [], true)
 5 APPPATH\Controllers\AdminController.php(35): view('admin/pages/employers', [...])
 6 SYSTEMPATH\CodeIgniter.php(941): App\Controllers\AdminController->employer()
 7 SYSTEMPATH\CodeIgniter.php(502): CodeIgniter\CodeIgniter->runController(Object(App\Controllers\AdminController))
 8 SYSTEMPATH\CodeIgniter.php(361): CodeIgniter\CodeIgniter->handleRequest(null, Object(Config\Cache), false)
 9 FCPATH\index.php(79): CodeIgniter\CodeIgniter->run()
10 SYSTEMPATH\Commands\Server\rewrite.php(47): require_once('D:\\laragon\\www\\citypeso\\public\\index.php')
CRITICAL - 2024-02-18 21:54:55 --> ErrorException: Undefined array key "companyAddress"
in APPPATH\Views\admin\pages\employers.php on line 99.
 1 APPPATH\Views\admin\pages\employers.php(99): CodeIgniter\Debug\Exceptions->errorHandler(2, 'Undefined array key "companyAddress"', 'D:\\laragon\\www\\citypeso\\app\\Views\\admin\\pages\\employers.php', 99)
 2 SYSTEMPATH\View\View.php(228): include('D:\\laragon\\www\\citypeso\\app\\Views\\admin\\pages\\employers.php')
 3 SYSTEMPATH\View\View.php(231): CodeIgniter\View\View->CodeIgniter\View\{closure}()
 4 SYSTEMPATH\Common.php(1178): CodeIgniter\View\View->render('admin/pages/employers', [], true)
 5 APPPATH\Controllers\AdminController.php(35): view('admin/pages/employers', [...])
 6 SYSTEMPATH\CodeIgniter.php(941): App\Controllers\AdminController->employer()
 7 SYSTEMPATH\CodeIgniter.php(502): CodeIgniter\CodeIgniter->runController(Object(App\Controllers\AdminController))
 8 SYSTEMPATH\CodeIgniter.php(361): CodeIgniter\CodeIgniter->handleRequest(null, Object(Config\Cache), false)
 9 FCPATH\index.php(79): CodeIgniter\CodeIgniter->run()
10 SYSTEMPATH\Commands\Server\rewrite.php(47): require_once('D:\\laragon\\www\\citypeso\\public\\index.php')
CRITICAL - 2024-02-18 21:55:07 --> ErrorException: Undefined array key "companyAddress"
in APPPATH\Views\admin\pages\employers.php on line 99.
 1 APPPATH\Views\admin\pages\employers.php(99): CodeIgniter\Debug\Exceptions->errorHandler(2, 'Undefined array key "companyAddress"', 'D:\\laragon\\www\\citypeso\\app\\Views\\admin\\pages\\employers.php', 99)
 2 SYSTEMPATH\View\View.php(228): include('D:\\laragon\\www\\citypeso\\app\\Views\\admin\\pages\\employers.php')
 3 SYSTEMPATH\View\View.php(231): CodeIgniter\View\View->CodeIgniter\View\{closure}()
 4 SYSTEMPATH\Common.php(1178): CodeIgniter\View\View->render('admin/pages/employers', [], true)
 5 APPPATH\Controllers\AdminController.php(35): view('admin/pages/employers', [...])
 6 SYSTEMPATH\CodeIgniter.php(941): App\Controllers\AdminController->employer()
 7 SYSTEMPATH\CodeIgniter.php(502): CodeIgniter\CodeIgniter->runController(Object(App\Controllers\AdminController))
 8 SYSTEMPATH\CodeIgniter.php(361): CodeIgniter\CodeIgniter->handleRequest(null, Object(Config\Cache), false)
 9 FCPATH\index.php(79): CodeIgniter\CodeIgniter->run()
10 SYSTEMPATH\Commands\Server\rewrite.php(47): require_once('D:\\laragon\\www\\citypeso\\public\\index.php')
CRITICAL - 2024-02-18 21:55:08 --> ErrorException: Undefined array key "companyAddress"
in APPPATH\Views\admin\pages\employers.php on line 99.
 1 APPPATH\Views\admin\pages\employers.php(99): CodeIgniter\Debug\Exceptions->errorHandler(2, 'Undefined array key "companyAddress"', 'D:\\laragon\\www\\citypeso\\app\\Views\\admin\\pages\\employers.php', 99)
 2 SYSTEMPATH\View\View.php(228): include('D:\\laragon\\www\\citypeso\\app\\Views\\admin\\pages\\employers.php')
 3 SYSTEMPATH\View\View.php(231): CodeIgniter\View\View->CodeIgniter\View\{closure}()
 4 SYSTEMPATH\Common.php(1178): CodeIgniter\View\View->render('admin/pages/employers', [], true)
 5 APPPATH\Controllers\AdminController.php(35): view('admin/pages/employers', [...])
 6 SYSTEMPATH\CodeIgniter.php(941): App\Controllers\AdminController->employer()
 7 SYSTEMPATH\CodeIgniter.php(502): CodeIgniter\CodeIgniter->runController(Object(App\Controllers\AdminController))
 8 SYSTEMPATH\CodeIgniter.php(361): CodeIgniter\CodeIgniter->handleRequest(null, Object(Config\Cache), false)
 9 FCPATH\index.php(79): CodeIgniter\CodeIgniter->run()
10 SYSTEMPATH\Commands\Server\rewrite.php(47): require_once('D:\\laragon\\www\\citypeso\\public\\index.php')
CRITICAL - 2024-02-18 21:55:12 --> ErrorException: Undefined array key "companyAddress"
in APPPATH\Views\admin\pages\employers.php on line 99.
 1 APPPATH\Views\admin\pages\employers.php(99): CodeIgniter\Debug\Exceptions->errorHandler(2, 'Undefined array key "companyAddress"', 'D:\\laragon\\www\\citypeso\\app\\Views\\admin\\pages\\employers.php', 99)
 2 SYSTEMPATH\View\View.php(228): include('D:\\laragon\\www\\citypeso\\app\\Views\\admin\\pages\\employers.php')
 3 SYSTEMPATH\View\View.php(231): CodeIgniter\View\View->CodeIgniter\View\{closure}()
 4 SYSTEMPATH\Common.php(1178): CodeIgniter\View\View->render('admin/pages/employers', [], true)
 5 APPPATH\Controllers\AdminController.php(35): view('admin/pages/employers', [...])
 6 SYSTEMPATH\CodeIgniter.php(941): App\Controllers\AdminController->employer()
 7 SYSTEMPATH\CodeIgniter.php(502): CodeIgniter\CodeIgniter->runController(Object(App\Controllers\AdminController))
 8 SYSTEMPATH\CodeIgniter.php(361): CodeIgniter\CodeIgniter->handleRequest(null, Object(Config\Cache), false)
 9 FCPATH\index.php(79): CodeIgniter\CodeIgniter->run()
10 SYSTEMPATH\Commands\Server\rewrite.php(47): require_once('D:\\laragon\\www\\citypeso\\public\\index.php')
CRITICAL - 2024-02-18 21:55:53 --> ErrorException: Undefined array key "companyAddress"
in APPPATH\Views\admin\pages\employers.php on line 99.
 1 APPPATH\Views\admin\pages\employers.php(99): CodeIgniter\Debug\Exceptions->errorHandler(2, 'Undefined array key "companyAddress"', 'D:\\laragon\\www\\citypeso\\app\\Views\\admin\\pages\\employers.php', 99)
 2 SYSTEMPATH\View\View.php(228): include('D:\\laragon\\www\\citypeso\\app\\Views\\admin\\pages\\employers.php')
 3 SYSTEMPATH\View\View.php(231): CodeIgniter\View\View->CodeIgniter\View\{closure}()
 4 SYSTEMPATH\Common.php(1178): CodeIgniter\View\View->render('admin/pages/employers', [], true)
 5 APPPATH\Controllers\AdminController.php(35): view('admin/pages/employers', [...])
 6 SYSTEMPATH\CodeIgniter.php(941): App\Controllers\AdminController->employer()
 7 SYSTEMPATH\CodeIgniter.php(502): CodeIgniter\CodeIgniter->runController(Object(App\Controllers\AdminController))
 8 SYSTEMPATH\CodeIgniter.php(361): CodeIgniter\CodeIgniter->handleRequest(null, Object(Config\Cache), false)
 9 FCPATH\index.php(79): CodeIgniter\CodeIgniter->run()
10 SYSTEMPATH\Commands\Server\rewrite.php(47): require_once('D:\\laragon\\www\\citypeso\\public\\index.php')
CRITICAL - 2024-02-18 21:56:06 --> ErrorException: Undefined array key "companyAddress"
in APPPATH\Views\admin\pages\employers.php on line 99.
 1 APPPATH\Views\admin\pages\employers.php(99): CodeIgniter\Debug\Exceptions->errorHandler(2, 'Undefined array key "companyAddress"', 'D:\\laragon\\www\\citypeso\\app\\Views\\admin\\pages\\employers.php', 99)
 2 SYSTEMPATH\View\View.php(228): include('D:\\laragon\\www\\citypeso\\app\\Views\\admin\\pages\\employers.php')
 3 SYSTEMPATH\View\View.php(231): CodeIgniter\View\View->CodeIgniter\View\{closure}()
 4 SYSTEMPATH\Common.php(1178): CodeIgniter\View\View->render('admin/pages/employers', [], true)
 5 APPPATH\Controllers\AdminController.php(35): view('admin/pages/employers', [...])
 6 SYSTEMPATH\CodeIgniter.php(941): App\Controllers\AdminController->employer()
 7 SYSTEMPATH\CodeIgniter.php(502): CodeIgniter\CodeIgniter->runController(Object(App\Controllers\AdminController))
 8 SYSTEMPATH\CodeIgniter.php(361): CodeIgniter\CodeIgniter->handleRequest(null, Object(Config\Cache), false)
 9 FCPATH\index.php(79): CodeIgniter\CodeIgniter->run()
10 SYSTEMPATH\Commands\Server\rewrite.php(47): require_once('D:\\laragon\\www\\citypeso\\public\\index.php')
CRITICAL - 2024-02-18 21:57:08 --> ErrorException: Undefined array key "companyAddress"
in APPPATH\Views\admin\pages\employers.php on line 99.
 1 APPPATH\Views\admin\pages\employers.php(99): CodeIgniter\Debug\Exceptions->errorHandler(2, 'Undefined array key "companyAddress"', 'D:\\laragon\\www\\citypeso\\app\\Views\\admin\\pages\\employers.php', 99)
 2 SYSTEMPATH\View\View.php(228): include('D:\\laragon\\www\\citypeso\\app\\Views\\admin\\pages\\employers.php')
 3 SYSTEMPATH\View\View.php(231): CodeIgniter\View\View->CodeIgniter\View\{closure}()
 4 SYSTEMPATH\Common.php(1178): CodeIgniter\View\View->render('admin/pages/employers', [], true)
 5 APPPATH\Controllers\AdminController.php(35): view('admin/pages/employers', [...])
 6 SYSTEMPATH\CodeIgniter.php(941): App\Controllers\AdminController->employer()
 7 SYSTEMPATH\CodeIgniter.php(502): CodeIgniter\CodeIgniter->runController(Object(App\Controllers\AdminController))
 8 SYSTEMPATH\CodeIgniter.php(361): CodeIgniter\CodeIgniter->handleRequest(null, Object(Config\Cache), false)
 9 FCPATH\index.php(79): CodeIgniter\CodeIgniter->run()
10 SYSTEMPATH\Commands\Server\rewrite.php(47): require_once('D:\\laragon\\www\\citypeso\\public\\index.php')
CRITICAL - 2024-02-18 21:57:09 --> ErrorException: Undefined array key "companyAddress"
in APPPATH\Views\admin\pages\employers.php on line 99.
 1 APPPATH\Views\admin\pages\employers.php(99): CodeIgniter\Debug\Exceptions->errorHandler(2, 'Undefined array key "companyAddress"', 'D:\\laragon\\www\\citypeso\\app\\Views\\admin\\pages\\employers.php', 99)
 2 SYSTEMPATH\View\View.php(228): include('D:\\laragon\\www\\citypeso\\app\\Views\\admin\\pages\\employers.php')
 3 SYSTEMPATH\View\View.php(231): CodeIgniter\View\View->CodeIgniter\View\{closure}()
 4 SYSTEMPATH\Common.php(1178): CodeIgniter\View\View->render('admin/pages/employers', [], true)
 5 APPPATH\Controllers\AdminController.php(35): view('admin/pages/employers', [...])
 6 SYSTEMPATH\CodeIgniter.php(941): App\Controllers\AdminController->employer()
 7 SYSTEMPATH\CodeIgniter.php(502): CodeIgniter\CodeIgniter->runController(Object(App\Controllers\AdminController))
 8 SYSTEMPATH\CodeIgniter.php(361): CodeIgniter\CodeIgniter->handleRequest(null, Object(Config\Cache), false)
 9 FCPATH\index.php(79): CodeIgniter\CodeIgniter->run()
10 SYSTEMPATH\Commands\Server\rewrite.php(47): require_once('D:\\laragon\\www\\citypeso\\public\\index.php')
CRITICAL - 2024-02-18 21:57:54 --> ErrorException: Undefined array key "companyAddress"
in APPPATH\Views\admin\pages\employers.php on line 99.
 1 APPPATH\Views\admin\pages\employers.php(99): CodeIgniter\Debug\Exceptions->errorHandler(2, 'Undefined array key "companyAddress"', 'D:\\laragon\\www\\citypeso\\app\\Views\\admin\\pages\\employers.php', 99)
 2 SYSTEMPATH\View\View.php(228): include('D:\\laragon\\www\\citypeso\\app\\Views\\admin\\pages\\employers.php')
 3 SYSTEMPATH\View\View.php(231): CodeIgniter\View\View->CodeIgniter\View\{closure}()
 4 SYSTEMPATH\Common.php(1178): CodeIgniter\View\View->render('admin/pages/employers', [], true)
 5 APPPATH\Controllers\AdminController.php(35): view('admin/pages/employers', [...])
 6 SYSTEMPATH\CodeIgniter.php(941): App\Controllers\AdminController->employer()
 7 SYSTEMPATH\CodeIgniter.php(502): CodeIgniter\CodeIgniter->runController(Object(App\Controllers\AdminController))
 8 SYSTEMPATH\CodeIgniter.php(361): CodeIgniter\CodeIgniter->handleRequest(null, Object(Config\Cache), false)
 9 FCPATH\index.php(79): CodeIgniter\CodeIgniter->run()
10 SYSTEMPATH\Commands\Server\rewrite.php(47): require_once('D:\\laragon\\www\\citypeso\\public\\index.php')
CRITICAL - 2024-02-18 22:00:08 --> ErrorException: Undefined array key "companyAddress"
in APPPATH\Views\admin\pages\employers.php on line 99.
 1 APPPATH\Views\admin\pages\employers.php(99): CodeIgniter\Debug\Exceptions->errorHandler(2, 'Undefined array key "companyAddress"', 'D:\\laragon\\www\\citypeso\\app\\Views\\admin\\pages\\employers.php', 99)
 2 SYSTEMPATH\View\View.php(228): include('D:\\laragon\\www\\citypeso\\app\\Views\\admin\\pages\\employers.php')
 3 SYSTEMPATH\View\View.php(231): CodeIgniter\View\View->CodeIgniter\View\{closure}()
 4 SYSTEMPATH\Common.php(1178): CodeIgniter\View\View->render('admin/pages/employers', [], true)
 5 APPPATH\Controllers\AdminController.php(35): view('admin/pages/employers', [...])
 6 SYSTEMPATH\CodeIgniter.php(941): App\Controllers\AdminController->employer()
 7 SYSTEMPATH\CodeIgniter.php(502): CodeIgniter\CodeIgniter->runController(Object(App\Controllers\AdminController))
 8 SYSTEMPATH\CodeIgniter.php(361): CodeIgniter\CodeIgniter->handleRequest(null, Object(Config\Cache), false)
 9 FCPATH\index.php(79): CodeIgniter\CodeIgniter->run()
10 SYSTEMPATH\Commands\Server\rewrite.php(47): require_once('D:\\laragon\\www\\citypeso\\public\\index.php')
CRITICAL - 2024-02-18 22:03:51 --> ErrorException: Undefined array key "companyAddress"
in APPPATH\Views\admin\pages\employers.php on line 99.
 1 APPPATH\Views\admin\pages\employers.php(99): CodeIgniter\Debug\Exceptions->errorHandler(2, 'Undefined array key "companyAddress"', 'D:\\laragon\\www\\citypeso\\app\\Views\\admin\\pages\\employers.php', 99)
 2 SYSTEMPATH\View\View.php(228): include('D:\\laragon\\www\\citypeso\\app\\Views\\admin\\pages\\employers.php')
 3 SYSTEMPATH\View\View.php(231): CodeIgniter\View\View->CodeIgniter\View\{closure}()
 4 SYSTEMPATH\Common.php(1178): CodeIgniter\View\View->render('admin/pages/employers', [], true)
 5 APPPATH\Controllers\AdminController.php(35): view('admin/pages/employers', [...])
 6 SYSTEMPATH\CodeIgniter.php(941): App\Controllers\AdminController->employer()
 7 SYSTEMPATH\CodeIgniter.php(502): CodeIgniter\CodeIgniter->runController(Object(App\Controllers\AdminController))
 8 SYSTEMPATH\CodeIgniter.php(361): CodeIgniter\CodeIgniter->handleRequest(null, Object(Config\Cache), false)
 9 FCPATH\index.php(79): CodeIgniter\CodeIgniter->run()
10 SYSTEMPATH\Commands\Server\rewrite.php(47): require_once('D:\\laragon\\www\\citypeso\\public\\index.php')
CRITICAL - 2024-02-18 22:15:02 --> ParseError: syntax error, unexpected token "echo"
in APPPATH\Views\admin\pages\employers.php on line 101.
 1 SYSTEMPATH\View\View.php(231): CodeIgniter\View\View->CodeIgniter\View\{closure}()
 2 SYSTEMPATH\Common.php(1178): CodeIgniter\View\View->render('admin/pages/employers', [], true)
 3 APPPATH\Controllers\AdminController.php(35): view('admin/pages/employers', [...])
 4 SYSTEMPATH\CodeIgniter.php(941): App\Controllers\AdminController->employer()
 5 SYSTEMPATH\CodeIgniter.php(502): CodeIgniter\CodeIgniter->runController(Object(App\Controllers\AdminController))
 6 SYSTEMPATH\CodeIgniter.php(361): CodeIgniter\CodeIgniter->handleRequest(null, Object(Config\Cache), false)
 7 FCPATH\index.php(79): CodeIgniter\CodeIgniter->run()
 8 SYSTEMPATH\Commands\Server\rewrite.php(47): require_once('D:\\laragon\\www\\citypeso\\public\\index.php')
CRITICAL - 2024-02-18 22:34:24 --> ErrorException: Undefined property: App\Controllers\AdminController::$ecodel
in APPPATH\Controllers\AdminController.php on line 219.
 1 APPPATH\Controllers\AdminController.php(219): CodeIgniter\Debug\Exceptions->errorHandler(2, 'Undefined property: App\\Controllers\\AdminController::$ecodel', 'D:\\laragon\\www\\citypeso\\app\\Controllers\\AdminController.php', 219)
 2 SYSTEMPATH\CodeIgniter.php(941): App\Controllers\AdminController->getEmployer('5')
 3 SYSTEMPATH\CodeIgniter.php(502): CodeIgniter\CodeIgniter->runController(Object(App\Controllers\AdminController))
 4 SYSTEMPATH\CodeIgniter.php(361): CodeIgniter\CodeIgniter->handleRequest(null, Object(Config\Cache), false)
 5 FCPATH\index.php(79): CodeIgniter\CodeIgniter->run()
 6 SYSTEMPATH\Commands\Server\rewrite.php(47): require_once('D:\\laragon\\www\\citypeso\\public\\index.php')
CRITICAL - 2024-02-18 22:43:07 --> ErrorException: Undefined property: App\Controllers\AdminController::$ecodel
in APPPATH\Controllers\AdminController.php on line 220.
 1 APPPATH\Controllers\AdminController.php(220): CodeIgniter\Debug\Exceptions->errorHandler(2, 'Undefined property: App\\Controllers\\AdminController::$ecodel', 'D:\\laragon\\www\\citypeso\\app\\Controllers\\AdminController.php', 220)
 2 SYSTEMPATH\CodeIgniter.php(941): App\Controllers\AdminController->getEmployer()
 3 SYSTEMPATH\CodeIgniter.php(502): CodeIgniter\CodeIgniter->runController(Object(App\Controllers\AdminController))
 4 SYSTEMPATH\CodeIgniter.php(361): CodeIgniter\CodeIgniter->handleRequest(null, Object(Config\Cache), false)
 5 FCPATH\index.php(79): CodeIgniter\CodeIgniter->run()
 6 SYSTEMPATH\Commands\Server\rewrite.php(47): require_once('D:\\laragon\\www\\citypeso\\public\\index.php')
CRITICAL - 2024-02-18 22:47:12 --> ErrorException: Undefined property: App\Controllers\AdminController::$ecodel
in APPPATH\Controllers\AdminController.php on line 220.
 1 APPPATH\Controllers\AdminController.php(220): CodeIgniter\Debug\Exceptions->errorHandler(2, 'Undefined property: App\\Controllers\\AdminController::$ecodel', 'D:\\laragon\\www\\citypeso\\app\\Controllers\\AdminController.php', 220)
 2 SYSTEMPATH\CodeIgniter.php(941): App\Controllers\AdminController->getEmployer()
 3 SYSTEMPATH\CodeIgniter.php(502): CodeIgniter\CodeIgniter->runController(Object(App\Controllers\AdminController))
 4 SYSTEMPATH\CodeIgniter.php(361): CodeIgniter\CodeIgniter->handleRequest(null, Object(Config\Cache), false)
 5 FCPATH\index.php(79): CodeIgniter\CodeIgniter->run()
 6 SYSTEMPATH\Commands\Server\rewrite.php(47): require_once('D:\\laragon\\www\\citypeso\\public\\index.php')
CRITICAL - 2024-02-18 22:52:19 --> ErrorException: Undefined property: App\Controllers\AdminController::$ecodel
in APPPATH\Controllers\AdminController.php on line 220.
 1 APPPATH\Controllers\AdminController.php(220): CodeIgniter\Debug\Exceptions->errorHandler(2, 'Undefined property: App\\Controllers\\AdminController::$ecodel', 'D:\\laragon\\www\\citypeso\\app\\Controllers\\AdminController.php', 220)
 2 SYSTEMPATH\CodeIgniter.php(941): App\Controllers\AdminController->getEmployer()
 3 SYSTEMPATH\CodeIgniter.php(502): CodeIgniter\CodeIgniter->runController(Object(App\Controllers\AdminController))
 4 SYSTEMPATH\CodeIgniter.php(361): CodeIgniter\CodeIgniter->handleRequest(null, Object(Config\Cache), false)
 5 FCPATH\index.php(79): CodeIgniter\CodeIgniter->run()
 6 SYSTEMPATH\Commands\Server\rewrite.php(47): require_once('D:\\laragon\\www\\citypeso\\public\\index.php')
CRITICAL - 2024-02-18 22:53:05 --> ErrorException: Undefined variable $employers
in APPPATH\Views\admin\pages\employerdata.php on line 50.
 1 APPPATH\Views\admin\pages\employerdata.php(50): CodeIgniter\Debug\Exceptions->errorHandler(2, 'Undefined variable $employers', 'D:\\laragon\\www\\citypeso\\app\\Views\\admin\\pages\\employerdata.php', 50)
 2 SYSTEMPATH\View\View.php(228): include('D:\\laragon\\www\\citypeso\\app\\Views\\admin\\pages\\employerdata.php')
 3 SYSTEMPATH\View\View.php(231): CodeIgniter\View\View->CodeIgniter\View\{closure}()
 4 SYSTEMPATH\Common.php(1178): CodeIgniter\View\View->render('admin/pages/employerdata', [], true)
 5 APPPATH\Controllers\AdminController.php(221): view('admin/pages/employerdata', [...])
 6 SYSTEMPATH\CodeIgniter.php(941): App\Controllers\AdminController->getEmployer()
 7 SYSTEMPATH\CodeIgniter.php(502): CodeIgniter\CodeIgniter->runController(Object(App\Controllers\AdminController))
 8 SYSTEMPATH\CodeIgniter.php(361): CodeIgniter\CodeIgniter->handleRequest(null, Object(Config\Cache), false)
 9 FCPATH\index.php(79): CodeIgniter\CodeIgniter->run()
10 SYSTEMPATH\Commands\Server\rewrite.php(47): require_once('D:\\laragon\\www\\citypeso\\public\\index.php')
