CRITICAL - 2024-02-01 23:27:13 --> ParseError: syntax error, unexpected variable "$ifNoWilling"
in APPPATH\Controllers\JobseekerController.php on line 256.
 1 SYSTEMPATH\Autoloader\Autoloader.php(288): CodeIgniter\Autoloader\Autoloader->includeFile('D:\\laragon\\www\\citypeso\\app\\Controllers\\JobseekerController.php')
 2 SYSTEMPATH\Autoloader\Autoloader.php(266): CodeIgniter\Autoloader\Autoloader->loadInNamespace('App\\Controllers\\JobseekerController')
 3 [internal function]: CodeIgniter\Autoloader\Autoloader->loadClass('App\\Controllers\\JobseekerController')
 4 SYSTEMPATH\CodeIgniter.php(899): class_exists('\\App\\Controllers\\JobseekerController', true)
 5 SYSTEMPATH\CodeIgniter.php(489): CodeIgniter\CodeIgniter->startController()
 6 SYSTEMPATH\CodeIgniter.php(361): CodeIgniter\CodeIgniter->handleRequest(null, Object(Config\Cache), false)
 7 FCPATH\index.php(79): CodeIgniter\CodeIgniter->run()
 8 SYSTEMPATH\Commands\Server\rewrite.php(47): require_once('D:\\laragon\\www\\citypeso\\public\\index.php')
CRITICAL - 2024-02-01 23:29:13 --> Error: Undefined constant "App\Controllers\surName"
in APPPATH\Controllers\JobseekerController.php on line 261.
 1 SYSTEMPATH\CodeIgniter.php(941): App\Controllers\JobseekerController->personalInformation()
 2 SYSTEMPATH\CodeIgniter.php(502): CodeIgniter\CodeIgniter->runController(Object(App\Controllers\JobseekerController))
 3 SYSTEMPATH\CodeIgniter.php(361): CodeIgniter\CodeIgniter->handleRequest(null, Object(Config\Cache), false)
 4 FCPATH\index.php(79): CodeIgniter\CodeIgniter->run()
 5 SYSTEMPATH\Commands\Server\rewrite.php(47): require_once('D:\\laragon\\www\\citypeso\\public\\index.php')
CRITICAL - 2024-02-01 23:29:50 --> Error: Undefined constant "App\Controllers\pimodel"
in APPPATH\Controllers\JobseekerController.php on line 294.
 1 SYSTEMPATH\CodeIgniter.php(941): App\Controllers\JobseekerController->personalInformation()
 2 SYSTEMPATH\CodeIgniter.php(502): CodeIgniter\CodeIgniter->runController(Object(App\Controllers\JobseekerController))
 3 SYSTEMPATH\CodeIgniter.php(361): CodeIgniter\CodeIgniter->handleRequest(null, Object(Config\Cache), false)
 4 FCPATH\index.php(79): CodeIgniter\CodeIgniter->run()
 5 SYSTEMPATH\Commands\Server\rewrite.php(47): require_once('D:\\laragon\\www\\citypeso\\public\\index.php')
CRITICAL - 2024-02-01 23:39:17 --> Error: Undefined constant "App\Controllers\pimodel"
in APPPATH\Controllers\JobseekerController.php on line 295.
 1 SYSTEMPATH\CodeIgniter.php(941): App\Controllers\JobseekerController->personalInformation()
 2 SYSTEMPATH\CodeIgniter.php(502): CodeIgniter\CodeIgniter->runController(Object(App\Controllers\JobseekerController))
 3 SYSTEMPATH\CodeIgniter.php(361): CodeIgniter\CodeIgniter->handleRequest(null, Object(Config\Cache), false)
 4 FCPATH\index.php(79): CodeIgniter\CodeIgniter->run()
 5 SYSTEMPATH\Commands\Server\rewrite.php(47): require_once('D:\\laragon\\www\\citypeso\\public\\index.php')
CRITICAL - 2024-02-01 23:40:25 --> Error: Undefined constant "App\Controllers\pimodel"
in APPPATH\Controllers\JobseekerController.php on line 296.
 1 SYSTEMPATH\CodeIgniter.php(941): App\Controllers\JobseekerController->personalInformation()
 2 SYSTEMPATH\CodeIgniter.php(502): CodeIgniter\CodeIgniter->runController(Object(App\Controllers\JobseekerController))
 3 SYSTEMPATH\CodeIgniter.php(361): CodeIgniter\CodeIgniter->handleRequest(null, Object(Config\Cache), false)
 4 FCPATH\index.php(79): CodeIgniter\CodeIgniter->run()
 5 SYSTEMPATH\Commands\Server\rewrite.php(47): require_once('D:\\laragon\\www\\citypeso\\public\\index.php')
CRITICAL - 2024-02-01 23:41:38 --> Error: Undefined constant "App\Controllers\pimodel"
in APPPATH\Controllers\JobseekerController.php on line 296.
 1 SYSTEMPATH\CodeIgniter.php(941): App\Controllers\JobseekerController->personalInformation()
 2 SYSTEMPATH\CodeIgniter.php(502): CodeIgniter\CodeIgniter->runController(Object(App\Controllers\JobseekerController))
 3 SYSTEMPATH\CodeIgniter.php(361): CodeIgniter\CodeIgniter->handleRequest(null, Object(Config\Cache), false)
 4 FCPATH\index.php(79): CodeIgniter\CodeIgniter->run()
 5 SYSTEMPATH\Commands\Server\rewrite.php(47): require_once('D:\\laragon\\www\\citypeso\\public\\index.php')
ERROR - 2024-02-01 23:44:37 --> mysqli_sql_exception: Unknown column 'InFo' in 'field list' in D:\laragon\www\citypeso\system\Database\MySQLi\Connection.php:306
Stack trace:
#0 D:\laragon\www\citypeso\system\Database\MySQLi\Connection.php(306): mysqli->query('INSERT INTO `jo...', 0)
#1 D:\laragon\www\citypeso\system\Database\BaseConnection.php(693): CodeIgniter\Database\MySQLi\Connection->execute('INSERT INTO `jo...')
#2 D:\laragon\www\citypeso\system\Database\BaseConnection.php(607): CodeIgniter\Database\BaseConnection->simpleQuery('INSERT INTO `jo...')
#3 D:\laragon\www\citypeso\system\Database\BaseBuilder.php(2302): CodeIgniter\Database\BaseConnection->query('INSERT INTO `jo...', Array, false)
#4 D:\laragon\www\citypeso\system\Model.php(326): CodeIgniter\Database\BaseBuilder->insert()
#5 D:\laragon\www\citypeso\system\BaseModel.php(802): CodeIgniter\Model->doInsert(Array)
#6 D:\laragon\www\citypeso\system\Model.php(744): CodeIgniter\BaseModel->insert(Array, true)
#7 D:\laragon\www\citypeso\app\Controllers\JobseekerController.php(296): CodeIgniter\Model->insert(Array)
#8 D:\laragon\www\citypeso\system\CodeIgniter.php(941): App\Controllers\JobseekerController->personalInformation()
#9 D:\laragon\www\citypeso\system\CodeIgniter.php(502): CodeIgniter\CodeIgniter->runController(Object(App\Controllers\JobseekerController))
#10 D:\laragon\www\citypeso\system\CodeIgniter.php(361): CodeIgniter\CodeIgniter->handleRequest(NULL, Object(Config\Cache), false)
#11 D:\laragon\www\citypeso\public\index.php(79): CodeIgniter\CodeIgniter->run()
#12 D:\laragon\www\citypeso\system\Commands\Server\rewrite.php(47): require_once('D:\\laragon\\www\\...')
#13 {main}
CRITICAL - 2024-02-01 23:44:37 --> CodeIgniter\Database\Exceptions\DatabaseException: Unknown column 'InFo' in 'field list'
in SYSTEMPATH\Database\BaseConnection.php on line 647.
 1 SYSTEMPATH\Database\BaseBuilder.php(2302): CodeIgniter\Database\BaseConnection->query('INSERT INTO `jobseekerperinfo` (`SurName`, `FirstName`, `MiddleName`, `Suffix`, `DateOfBirth`, `PlaceOfBirth`, `Sex`, `PresentAddress`, `Religion`, `HouseNoOrStreet`, `CivilStatus`, `Barangay`, `MunicipalityOrCity`, `Province`, `TinNo`, `GsisOrSssNo`, `PagibigNo`, `PhilhealthNo`, `Height`, `EmailAddress`, `LandlineNo`, `CellphoneNo`, `Disability`, `EmploymentStatus`, `Type`, `ActivelyLooking`, `LookingWork`, `WillingWork`, `InFo`, `Beneficiary`, `IfYesHousehold`) VALUES (:SurName:, :FirstName:, :MiddleName:, :Suffix:, :DateOfBirth:, :PlaceOfBirth:, :Sex:, :PresentAddress:, :Religion:, :HouseNoOrStreet:, :CivilStatus:, :Barangay:, :MunicipalityOrCity:, :Province:, :TinNo:, :GsisOrSssNo:, :PagibigNo:, :PhilhealthNo:, :Height:, :EmailAddress:, :LandlineNo:, :CellphoneNo:, :Disability:, :EmploymentStatus:, :Type:, :ActivelyLooking:, :LookingWork:, :WillingWork:, :InFo:, :Beneficiary:, :IfYesHousehold:)', [...], false)
 2 SYSTEMPATH\Model.php(326): CodeIgniter\Database\BaseBuilder->insert()
 3 SYSTEMPATH\BaseModel.php(802): CodeIgniter\Model->doInsert([...])
 4 SYSTEMPATH\Model.php(744): CodeIgniter\BaseModel->insert([...], true)
 5 APPPATH\Controllers\JobseekerController.php(296): CodeIgniter\Model->insert([...])
 6 SYSTEMPATH\CodeIgniter.php(941): App\Controllers\JobseekerController->personalInformation()
 7 SYSTEMPATH\CodeIgniter.php(502): CodeIgniter\CodeIgniter->runController(Object(App\Controllers\JobseekerController))
 8 SYSTEMPATH\CodeIgniter.php(361): CodeIgniter\CodeIgniter->handleRequest(null, Object(Config\Cache), false)
 9 FCPATH\index.php(79): CodeIgniter\CodeIgniter->run()
10 SYSTEMPATH\Commands\Server\rewrite.php(47): require_once('D:\\laragon\\www\\citypeso\\public\\index.php')
CRITICAL - 2024-02-01 23:44:37 --> [Caused by] CodeIgniter\Database\Exceptions\DatabaseException: Unknown column 'InFo' in 'field list'
in SYSTEMPATH\Database\MySQLi\Connection.php on line 311.
 1 SYSTEMPATH\Database\BaseConnection.php(693): CodeIgniter\Database\MySQLi\Connection->execute('INSERT INTO `jobseekerperinfo` (`SurName`, `FirstName`, `MiddleName`, `Suffix`, `DateOfBirth`, `PlaceOfBirth`, `Sex`, `PresentAddress`, `Religion`, `HouseNoOrStreet`, `CivilStatus`, `Barangay`, `MunicipalityOrCity`, `Province`, `TinNo`, `GsisOrSssNo`, `PagibigNo`, `PhilhealthNo`, `Height`, `EmailAddress`, `LandlineNo`, `CellphoneNo`, `Disability`, `EmploymentStatus`, `Type`, `ActivelyLooking`, `LookingWork`, `WillingWork`, `InFo`, `Beneficiary`, `IfYesHousehold`) VALUES (\'KRUNG\', \'KRUNG\', \'KRUNG\', \'\', NULL, \'dfgfd\', \'male\', \'KRUNG\', \'fdgdg\', \'dfdf\', \'Single\', \'dfgfd\', \'fdgdf\', \'dfgdf\', \'54645\', \'5465456\', \'456456\', \'456456\', \'56\', \'rty\', \'6575\', \'56756765\', \'\', \'Unemployed\', \'Students\', \'Yes\', \'4\', \'No\', \'6\', \'Yes\', \'6565\')')
 2 SYSTEMPATH\Database\BaseConnection.php(607): CodeIgniter\Database\BaseConnection->simpleQuery('INSERT INTO `jobseekerperinfo` (`SurName`, `FirstName`, `MiddleName`, `Suffix`, `DateOfBirth`, `PlaceOfBirth`, `Sex`, `PresentAddress`, `Religion`, `HouseNoOrStreet`, `CivilStatus`, `Barangay`, `MunicipalityOrCity`, `Province`, `TinNo`, `GsisOrSssNo`, `PagibigNo`, `PhilhealthNo`, `Height`, `EmailAddress`, `LandlineNo`, `CellphoneNo`, `Disability`, `EmploymentStatus`, `Type`, `ActivelyLooking`, `LookingWork`, `WillingWork`, `InFo`, `Beneficiary`, `IfYesHousehold`) VALUES (\'KRUNG\', \'KRUNG\', \'KRUNG\', \'\', NULL, \'dfgfd\', \'male\', \'KRUNG\', \'fdgdg\', \'dfdf\', \'Single\', \'dfgfd\', \'fdgdf\', \'dfgdf\', \'54645\', \'5465456\', \'456456\', \'456456\', \'56\', \'rty\', \'6575\', \'56756765\', \'\', \'Unemployed\', \'Students\', \'Yes\', \'4\', \'No\', \'6\', \'Yes\', \'6565\')')
 3 SYSTEMPATH\Database\BaseBuilder.php(2302): CodeIgniter\Database\BaseConnection->query('INSERT INTO `jobseekerperinfo` (`SurName`, `FirstName`, `MiddleName`, `Suffix`, `DateOfBirth`, `PlaceOfBirth`, `Sex`, `PresentAddress`, `Religion`, `HouseNoOrStreet`, `CivilStatus`, `Barangay`, `MunicipalityOrCity`, `Province`, `TinNo`, `GsisOrSssNo`, `PagibigNo`, `PhilhealthNo`, `Height`, `EmailAddress`, `LandlineNo`, `CellphoneNo`, `Disability`, `EmploymentStatus`, `Type`, `ActivelyLooking`, `LookingWork`, `WillingWork`, `InFo`, `Beneficiary`, `IfYesHousehold`) VALUES (:SurName:, :FirstName:, :MiddleName:, :Suffix:, :DateOfBirth:, :PlaceOfBirth:, :Sex:, :PresentAddress:, :Religion:, :HouseNoOrStreet:, :CivilStatus:, :Barangay:, :MunicipalityOrCity:, :Province:, :TinNo:, :GsisOrSssNo:, :PagibigNo:, :PhilhealthNo:, :Height:, :EmailAddress:, :LandlineNo:, :CellphoneNo:, :Disability:, :EmploymentStatus:, :Type:, :ActivelyLooking:, :LookingWork:, :WillingWork:, :InFo:, :Beneficiary:, :IfYesHousehold:)', [...], false)
 4 SYSTEMPATH\Model.php(326): CodeIgniter\Database\BaseBuilder->insert()
 5 SYSTEMPATH\BaseModel.php(802): CodeIgniter\Model->doInsert([...])
 6 SYSTEMPATH\Model.php(744): CodeIgniter\BaseModel->insert([...], true)
 7 APPPATH\Controllers\JobseekerController.php(296): CodeIgniter\Model->insert([...])
 8 SYSTEMPATH\CodeIgniter.php(941): App\Controllers\JobseekerController->personalInformation()
 9 SYSTEMPATH\CodeIgniter.php(502): CodeIgniter\CodeIgniter->runController(Object(App\Controllers\JobseekerController))
10 SYSTEMPATH\CodeIgniter.php(361): CodeIgniter\CodeIgniter->handleRequest(null, Object(Config\Cache), false)
11 FCPATH\index.php(79): CodeIgniter\CodeIgniter->run()
12 SYSTEMPATH\Commands\Server\rewrite.php(47): require_once('D:\\laragon\\www\\citypeso\\public\\index.php')
CRITICAL - 2024-02-01 23:44:37 --> [Caused by] mysqli_sql_exception: Unknown column 'InFo' in 'field list'
in SYSTEMPATH\Database\MySQLi\Connection.php on line 306.
 1 SYSTEMPATH\Database\MySQLi\Connection.php(306): mysqli->query('INSERT INTO `jobseekerperinfo` (`SurName`, `FirstName`, `MiddleName`, `Suffix`, `DateOfBirth`, `PlaceOfBirth`, `Sex`, `PresentAddress`, `Religion`, `HouseNoOrStreet`, `CivilStatus`, `Barangay`, `MunicipalityOrCity`, `Province`, `TinNo`, `GsisOrSssNo`, `PagibigNo`, `PhilhealthNo`, `Height`, `EmailAddress`, `LandlineNo`, `CellphoneNo`, `Disability`, `EmploymentStatus`, `Type`, `ActivelyLooking`, `LookingWork`, `WillingWork`, `InFo`, `Beneficiary`, `IfYesHousehold`) VALUES (\'KRUNG\', \'KRUNG\', \'KRUNG\', \'\', NULL, \'dfgfd\', \'male\', \'KRUNG\', \'fdgdg\', \'dfdf\', \'Single\', \'dfgfd\', \'fdgdf\', \'dfgdf\', \'54645\', \'5465456\', \'456456\', \'456456\', \'56\', \'rty\', \'6575\', \'56756765\', \'\', \'Unemployed\', \'Students\', \'Yes\', \'4\', \'No\', \'6\', \'Yes\', \'6565\')', 0)
 2 SYSTEMPATH\Database\BaseConnection.php(693): CodeIgniter\Database\MySQLi\Connection->execute('INSERT INTO `jobseekerperinfo` (`SurName`, `FirstName`, `MiddleName`, `Suffix`, `DateOfBirth`, `PlaceOfBirth`, `Sex`, `PresentAddress`, `Religion`, `HouseNoOrStreet`, `CivilStatus`, `Barangay`, `MunicipalityOrCity`, `Province`, `TinNo`, `GsisOrSssNo`, `PagibigNo`, `PhilhealthNo`, `Height`, `EmailAddress`, `LandlineNo`, `CellphoneNo`, `Disability`, `EmploymentStatus`, `Type`, `ActivelyLooking`, `LookingWork`, `WillingWork`, `InFo`, `Beneficiary`, `IfYesHousehold`) VALUES (\'KRUNG\', \'KRUNG\', \'KRUNG\', \'\', NULL, \'dfgfd\', \'male\', \'KRUNG\', \'fdgdg\', \'dfdf\', \'Single\', \'dfgfd\', \'fdgdf\', \'dfgdf\', \'54645\', \'5465456\', \'456456\', \'456456\', \'56\', \'rty\', \'6575\', \'56756765\', \'\', \'Unemployed\', \'Students\', \'Yes\', \'4\', \'No\', \'6\', \'Yes\', \'6565\')')
 3 SYSTEMPATH\Database\BaseConnection.php(607): CodeIgniter\Database\BaseConnection->simpleQuery('INSERT INTO `jobseekerperinfo` (`SurName`, `FirstName`, `MiddleName`, `Suffix`, `DateOfBirth`, `PlaceOfBirth`, `Sex`, `PresentAddress`, `Religion`, `HouseNoOrStreet`, `CivilStatus`, `Barangay`, `MunicipalityOrCity`, `Province`, `TinNo`, `GsisOrSssNo`, `PagibigNo`, `PhilhealthNo`, `Height`, `EmailAddress`, `LandlineNo`, `CellphoneNo`, `Disability`, `EmploymentStatus`, `Type`, `ActivelyLooking`, `LookingWork`, `WillingWork`, `InFo`, `Beneficiary`, `IfYesHousehold`) VALUES (\'KRUNG\', \'KRUNG\', \'KRUNG\', \'\', NULL, \'dfgfd\', \'male\', \'KRUNG\', \'fdgdg\', \'dfdf\', \'Single\', \'dfgfd\', \'fdgdf\', \'dfgdf\', \'54645\', \'5465456\', \'456456\', \'456456\', \'56\', \'rty\', \'6575\', \'56756765\', \'\', \'Unemployed\', \'Students\', \'Yes\', \'4\', \'No\', \'6\', \'Yes\', \'6565\')')
 4 SYSTEMPATH\Database\BaseBuilder.php(2302): CodeIgniter\Database\BaseConnection->query('INSERT INTO `jobseekerperinfo` (`SurName`, `FirstName`, `MiddleName`, `Suffix`, `DateOfBirth`, `PlaceOfBirth`, `Sex`, `PresentAddress`, `Religion`, `HouseNoOrStreet`, `CivilStatus`, `Barangay`, `MunicipalityOrCity`, `Province`, `TinNo`, `GsisOrSssNo`, `PagibigNo`, `PhilhealthNo`, `Height`, `EmailAddress`, `LandlineNo`, `CellphoneNo`, `Disability`, `EmploymentStatus`, `Type`, `ActivelyLooking`, `LookingWork`, `WillingWork`, `InFo`, `Beneficiary`, `IfYesHousehold`) VALUES (:SurName:, :FirstName:, :MiddleName:, :Suffix:, :DateOfBirth:, :PlaceOfBirth:, :Sex:, :PresentAddress:, :Religion:, :HouseNoOrStreet:, :CivilStatus:, :Barangay:, :MunicipalityOrCity:, :Province:, :TinNo:, :GsisOrSssNo:, :PagibigNo:, :PhilhealthNo:, :Height:, :EmailAddress:, :LandlineNo:, :CellphoneNo:, :Disability:, :EmploymentStatus:, :Type:, :ActivelyLooking:, :LookingWork:, :WillingWork:, :InFo:, :Beneficiary:, :IfYesHousehold:)', [...], false)
 5 SYSTEMPATH\Model.php(326): CodeIgniter\Database\BaseBuilder->insert()
 6 SYSTEMPATH\BaseModel.php(802): CodeIgniter\Model->doInsert([...])
 7 SYSTEMPATH\Model.php(744): CodeIgniter\BaseModel->insert([...], true)
 8 APPPATH\Controllers\JobseekerController.php(296): CodeIgniter\Model->insert([...])
 9 SYSTEMPATH\CodeIgniter.php(941): App\Controllers\JobseekerController->personalInformation()
10 SYSTEMPATH\CodeIgniter.php(502): CodeIgniter\CodeIgniter->runController(Object(App\Controllers\JobseekerController))
11 SYSTEMPATH\CodeIgniter.php(361): CodeIgniter\CodeIgniter->handleRequest(null, Object(Config\Cache), false)
12 FCPATH\index.php(79): CodeIgniter\CodeIgniter->run()
13 SYSTEMPATH\Commands\Server\rewrite.php(47): require_once('D:\\laragon\\www\\citypeso\\public\\index.php')
ERROR - 2024-02-01 23:45:53 --> mysqli_sql_exception: Column 'DateOfBirth' cannot be null in D:\laragon\www\citypeso\system\Database\MySQLi\Connection.php:306
Stack trace:
#0 D:\laragon\www\citypeso\system\Database\MySQLi\Connection.php(306): mysqli->query('INSERT INTO `jo...', 0)
#1 D:\laragon\www\citypeso\system\Database\BaseConnection.php(693): CodeIgniter\Database\MySQLi\Connection->execute('INSERT INTO `jo...')
#2 D:\laragon\www\citypeso\system\Database\BaseConnection.php(607): CodeIgniter\Database\BaseConnection->simpleQuery('INSERT INTO `jo...')
#3 D:\laragon\www\citypeso\system\Database\BaseBuilder.php(2302): CodeIgniter\Database\BaseConnection->query('INSERT INTO `jo...', Array, false)
#4 D:\laragon\www\citypeso\system\Model.php(326): CodeIgniter\Database\BaseBuilder->insert()
#5 D:\laragon\www\citypeso\system\BaseModel.php(802): CodeIgniter\Model->doInsert(Array)
#6 D:\laragon\www\citypeso\system\Model.php(744): CodeIgniter\BaseModel->insert(Array, true)
#7 D:\laragon\www\citypeso\app\Controllers\JobseekerController.php(296): CodeIgniter\Model->insert(Array)
#8 D:\laragon\www\citypeso\system\CodeIgniter.php(941): App\Controllers\JobseekerController->personalInformation()
#9 D:\laragon\www\citypeso\system\CodeIgniter.php(502): CodeIgniter\CodeIgniter->runController(Object(App\Controllers\JobseekerController))
#10 D:\laragon\www\citypeso\system\CodeIgniter.php(361): CodeIgniter\CodeIgniter->handleRequest(NULL, Object(Config\Cache), false)
#11 D:\laragon\www\citypeso\public\index.php(79): CodeIgniter\CodeIgniter->run()
#12 D:\laragon\www\citypeso\system\Commands\Server\rewrite.php(47): require_once('D:\\laragon\\www\\...')
#13 {main}
CRITICAL - 2024-02-01 23:45:53 --> CodeIgniter\Database\Exceptions\DatabaseException: Column 'DateOfBirth' cannot be null
in SYSTEMPATH\Database\BaseConnection.php on line 647.
 1 SYSTEMPATH\Database\BaseBuilder.php(2302): CodeIgniter\Database\BaseConnection->query('INSERT INTO `jobseekerperinfo` (`SurName`, `FirstName`, `MiddleName`, `Suffix`, `DateOfBirth`, `PlaceOfBirth`, `Sex`, `PresentAddress`, `Religion`, `HouseNoOrStreet`, `CivilStatus`, `Barangay`, `MunicipalityOrCity`, `Province`, `TinNo`, `GsisOrSssNo`, `PagibigNo`, `PhilhealthNo`, `Height`, `EmailAddress`, `LandlineNo`, `CellphoneNo`, `Disability`, `EmploymentStatus`, `Type`, `ActivelyLooking`, `LookingWork`, `WillingWork`, `IfNo`, `Beneficiary`, `IfYesHousehold`) VALUES (:SurName:, :FirstName:, :MiddleName:, :Suffix:, :DateOfBirth:, :PlaceOfBirth:, :Sex:, :PresentAddress:, :Religion:, :HouseNoOrStreet:, :CivilStatus:, :Barangay:, :MunicipalityOrCity:, :Province:, :TinNo:, :GsisOrSssNo:, :PagibigNo:, :PhilhealthNo:, :Height:, :EmailAddress:, :LandlineNo:, :CellphoneNo:, :Disability:, :EmploymentStatus:, :Type:, :ActivelyLooking:, :LookingWork:, :WillingWork:, :IfNo:, :Beneficiary:, :IfYesHousehold:)', [...], false)
 2 SYSTEMPATH\Model.php(326): CodeIgniter\Database\BaseBuilder->insert()
 3 SYSTEMPATH\BaseModel.php(802): CodeIgniter\Model->doInsert([...])
 4 SYSTEMPATH\Model.php(744): CodeIgniter\BaseModel->insert([...], true)
 5 APPPATH\Controllers\JobseekerController.php(296): CodeIgniter\Model->insert([...])
 6 SYSTEMPATH\CodeIgniter.php(941): App\Controllers\JobseekerController->personalInformation()
 7 SYSTEMPATH\CodeIgniter.php(502): CodeIgniter\CodeIgniter->runController(Object(App\Controllers\JobseekerController))
 8 SYSTEMPATH\CodeIgniter.php(361): CodeIgniter\CodeIgniter->handleRequest(null, Object(Config\Cache), false)
 9 FCPATH\index.php(79): CodeIgniter\CodeIgniter->run()
10 SYSTEMPATH\Commands\Server\rewrite.php(47): require_once('D:\\laragon\\www\\citypeso\\public\\index.php')
CRITICAL - 2024-02-01 23:45:53 --> [Caused by] CodeIgniter\Database\Exceptions\DatabaseException: Column 'DateOfBirth' cannot be null
in SYSTEMPATH\Database\MySQLi\Connection.php on line 311.
 1 SYSTEMPATH\Database\BaseConnection.php(693): CodeIgniter\Database\MySQLi\Connection->execute('INSERT INTO `jobseekerperinfo` (`SurName`, `FirstName`, `MiddleName`, `Suffix`, `DateOfBirth`, `PlaceOfBirth`, `Sex`, `PresentAddress`, `Religion`, `HouseNoOrStreet`, `CivilStatus`, `Barangay`, `MunicipalityOrCity`, `Province`, `TinNo`, `GsisOrSssNo`, `PagibigNo`, `PhilhealthNo`, `Height`, `EmailAddress`, `LandlineNo`, `CellphoneNo`, `Disability`, `EmploymentStatus`, `Type`, `ActivelyLooking`, `LookingWork`, `WillingWork`, `IfNo`, `Beneficiary`, `IfYesHousehold`) VALUES (\'KRUNG\', \'KRUNG\', \'KRUNG\', \'\', NULL, \'dfgfd\', \'male\', \'KRUNG\', \'fdgdg\', \'dfdf\', \'Single\', \'dfgfd\', \'fdgdf\', \'dfgdf\', \'54645\', \'5465456\', \'456456\', \'456456\', \'56\', \'rty\', \'6575\', \'56756765\', \'\', \'Unemployed\', \'Students\', \'Yes\', \'4\', \'No\', \'6\', \'Yes\', \'6565\')')
 2 SYSTEMPATH\Database\BaseConnection.php(607): CodeIgniter\Database\BaseConnection->simpleQuery('INSERT INTO `jobseekerperinfo` (`SurName`, `FirstName`, `MiddleName`, `Suffix`, `DateOfBirth`, `PlaceOfBirth`, `Sex`, `PresentAddress`, `Religion`, `HouseNoOrStreet`, `CivilStatus`, `Barangay`, `MunicipalityOrCity`, `Province`, `TinNo`, `GsisOrSssNo`, `PagibigNo`, `PhilhealthNo`, `Height`, `EmailAddress`, `LandlineNo`, `CellphoneNo`, `Disability`, `EmploymentStatus`, `Type`, `ActivelyLooking`, `LookingWork`, `WillingWork`, `IfNo`, `Beneficiary`, `IfYesHousehold`) VALUES (\'KRUNG\', \'KRUNG\', \'KRUNG\', \'\', NULL, \'dfgfd\', \'male\', \'KRUNG\', \'fdgdg\', \'dfdf\', \'Single\', \'dfgfd\', \'fdgdf\', \'dfgdf\', \'54645\', \'5465456\', \'456456\', \'456456\', \'56\', \'rty\', \'6575\', \'56756765\', \'\', \'Unemployed\', \'Students\', \'Yes\', \'4\', \'No\', \'6\', \'Yes\', \'6565\')')
 3 SYSTEMPATH\Database\BaseBuilder.php(2302): CodeIgniter\Database\BaseConnection->query('INSERT INTO `jobseekerperinfo` (`SurName`, `FirstName`, `MiddleName`, `Suffix`, `DateOfBirth`, `PlaceOfBirth`, `Sex`, `PresentAddress`, `Religion`, `HouseNoOrStreet`, `CivilStatus`, `Barangay`, `MunicipalityOrCity`, `Province`, `TinNo`, `GsisOrSssNo`, `PagibigNo`, `PhilhealthNo`, `Height`, `EmailAddress`, `LandlineNo`, `CellphoneNo`, `Disability`, `EmploymentStatus`, `Type`, `ActivelyLooking`, `LookingWork`, `WillingWork`, `IfNo`, `Beneficiary`, `IfYesHousehold`) VALUES (:SurName:, :FirstName:, :MiddleName:, :Suffix:, :DateOfBirth:, :PlaceOfBirth:, :Sex:, :PresentAddress:, :Religion:, :HouseNoOrStreet:, :CivilStatus:, :Barangay:, :MunicipalityOrCity:, :Province:, :TinNo:, :GsisOrSssNo:, :PagibigNo:, :PhilhealthNo:, :Height:, :EmailAddress:, :LandlineNo:, :CellphoneNo:, :Disability:, :EmploymentStatus:, :Type:, :ActivelyLooking:, :LookingWork:, :WillingWork:, :IfNo:, :Beneficiary:, :IfYesHousehold:)', [...], false)
 4 SYSTEMPATH\Model.php(326): CodeIgniter\Database\BaseBuilder->insert()
 5 SYSTEMPATH\BaseModel.php(802): CodeIgniter\Model->doInsert([...])
 6 SYSTEMPATH\Model.php(744): CodeIgniter\BaseModel->insert([...], true)
 7 APPPATH\Controllers\JobseekerController.php(296): CodeIgniter\Model->insert([...])
 8 SYSTEMPATH\CodeIgniter.php(941): App\Controllers\JobseekerController->personalInformation()
 9 SYSTEMPATH\CodeIgniter.php(502): CodeIgniter\CodeIgniter->runController(Object(App\Controllers\JobseekerController))
10 SYSTEMPATH\CodeIgniter.php(361): CodeIgniter\CodeIgniter->handleRequest(null, Object(Config\Cache), false)
11 FCPATH\index.php(79): CodeIgniter\CodeIgniter->run()
12 SYSTEMPATH\Commands\Server\rewrite.php(47): require_once('D:\\laragon\\www\\citypeso\\public\\index.php')
CRITICAL - 2024-02-01 23:45:53 --> [Caused by] mysqli_sql_exception: Column 'DateOfBirth' cannot be null
in SYSTEMPATH\Database\MySQLi\Connection.php on line 306.
 1 SYSTEMPATH\Database\MySQLi\Connection.php(306): mysqli->query('INSERT INTO `jobseekerperinfo` (`SurName`, `FirstName`, `MiddleName`, `Suffix`, `DateOfBirth`, `PlaceOfBirth`, `Sex`, `PresentAddress`, `Religion`, `HouseNoOrStreet`, `CivilStatus`, `Barangay`, `MunicipalityOrCity`, `Province`, `TinNo`, `GsisOrSssNo`, `PagibigNo`, `PhilhealthNo`, `Height`, `EmailAddress`, `LandlineNo`, `CellphoneNo`, `Disability`, `EmploymentStatus`, `Type`, `ActivelyLooking`, `LookingWork`, `WillingWork`, `IfNo`, `Beneficiary`, `IfYesHousehold`) VALUES (\'KRUNG\', \'KRUNG\', \'KRUNG\', \'\', NULL, \'dfgfd\', \'male\', \'KRUNG\', \'fdgdg\', \'dfdf\', \'Single\', \'dfgfd\', \'fdgdf\', \'dfgdf\', \'54645\', \'5465456\', \'456456\', \'456456\', \'56\', \'rty\', \'6575\', \'56756765\', \'\', \'Unemployed\', \'Students\', \'Yes\', \'4\', \'No\', \'6\', \'Yes\', \'6565\')', 0)
 2 SYSTEMPATH\Database\BaseConnection.php(693): CodeIgniter\Database\MySQLi\Connection->execute('INSERT INTO `jobseekerperinfo` (`SurName`, `FirstName`, `MiddleName`, `Suffix`, `DateOfBirth`, `PlaceOfBirth`, `Sex`, `PresentAddress`, `Religion`, `HouseNoOrStreet`, `CivilStatus`, `Barangay`, `MunicipalityOrCity`, `Province`, `TinNo`, `GsisOrSssNo`, `PagibigNo`, `PhilhealthNo`, `Height`, `EmailAddress`, `LandlineNo`, `CellphoneNo`, `Disability`, `EmploymentStatus`, `Type`, `ActivelyLooking`, `LookingWork`, `WillingWork`, `IfNo`, `Beneficiary`, `IfYesHousehold`) VALUES (\'KRUNG\', \'KRUNG\', \'KRUNG\', \'\', NULL, \'dfgfd\', \'male\', \'KRUNG\', \'fdgdg\', \'dfdf\', \'Single\', \'dfgfd\', \'fdgdf\', \'dfgdf\', \'54645\', \'5465456\', \'456456\', \'456456\', \'56\', \'rty\', \'6575\', \'56756765\', \'\', \'Unemployed\', \'Students\', \'Yes\', \'4\', \'No\', \'6\', \'Yes\', \'6565\')')
 3 SYSTEMPATH\Database\BaseConnection.php(607): CodeIgniter\Database\BaseConnection->simpleQuery('INSERT INTO `jobseekerperinfo` (`SurName`, `FirstName`, `MiddleName`, `Suffix`, `DateOfBirth`, `PlaceOfBirth`, `Sex`, `PresentAddress`, `Religion`, `HouseNoOrStreet`, `CivilStatus`, `Barangay`, `MunicipalityOrCity`, `Province`, `TinNo`, `GsisOrSssNo`, `PagibigNo`, `PhilhealthNo`, `Height`, `EmailAddress`, `LandlineNo`, `CellphoneNo`, `Disability`, `EmploymentStatus`, `Type`, `ActivelyLooking`, `LookingWork`, `WillingWork`, `IfNo`, `Beneficiary`, `IfYesHousehold`) VALUES (\'KRUNG\', \'KRUNG\', \'KRUNG\', \'\', NULL, \'dfgfd\', \'male\', \'KRUNG\', \'fdgdg\', \'dfdf\', \'Single\', \'dfgfd\', \'fdgdf\', \'dfgdf\', \'54645\', \'5465456\', \'456456\', \'456456\', \'56\', \'rty\', \'6575\', \'56756765\', \'\', \'Unemployed\', \'Students\', \'Yes\', \'4\', \'No\', \'6\', \'Yes\', \'6565\')')
 4 SYSTEMPATH\Database\BaseBuilder.php(2302): CodeIgniter\Database\BaseConnection->query('INSERT INTO `jobseekerperinfo` (`SurName`, `FirstName`, `MiddleName`, `Suffix`, `DateOfBirth`, `PlaceOfBirth`, `Sex`, `PresentAddress`, `Religion`, `HouseNoOrStreet`, `CivilStatus`, `Barangay`, `MunicipalityOrCity`, `Province`, `TinNo`, `GsisOrSssNo`, `PagibigNo`, `PhilhealthNo`, `Height`, `EmailAddress`, `LandlineNo`, `CellphoneNo`, `Disability`, `EmploymentStatus`, `Type`, `ActivelyLooking`, `LookingWork`, `WillingWork`, `IfNo`, `Beneficiary`, `IfYesHousehold`) VALUES (:SurName:, :FirstName:, :MiddleName:, :Suffix:, :DateOfBirth:, :PlaceOfBirth:, :Sex:, :PresentAddress:, :Religion:, :HouseNoOrStreet:, :CivilStatus:, :Barangay:, :MunicipalityOrCity:, :Province:, :TinNo:, :GsisOrSssNo:, :PagibigNo:, :PhilhealthNo:, :Height:, :EmailAddress:, :LandlineNo:, :CellphoneNo:, :Disability:, :EmploymentStatus:, :Type:, :ActivelyLooking:, :LookingWork:, :WillingWork:, :IfNo:, :Beneficiary:, :IfYesHousehold:)', [...], false)
 5 SYSTEMPATH\Model.php(326): CodeIgniter\Database\BaseBuilder->insert()
 6 SYSTEMPATH\BaseModel.php(802): CodeIgniter\Model->doInsert([...])
 7 SYSTEMPATH\Model.php(744): CodeIgniter\BaseModel->insert([...], true)
 8 APPPATH\Controllers\JobseekerController.php(296): CodeIgniter\Model->insert([...])
 9 SYSTEMPATH\CodeIgniter.php(941): App\Controllers\JobseekerController->personalInformation()
10 SYSTEMPATH\CodeIgniter.php(502): CodeIgniter\CodeIgniter->runController(Object(App\Controllers\JobseekerController))
11 SYSTEMPATH\CodeIgniter.php(361): CodeIgniter\CodeIgniter->handleRequest(null, Object(Config\Cache), false)
12 FCPATH\index.php(79): CodeIgniter\CodeIgniter->run()
13 SYSTEMPATH\Commands\Server\rewrite.php(47): require_once('D:\\laragon\\www\\citypeso\\public\\index.php')
ERROR - 2024-02-01 23:46:50 --> mysqli_sql_exception: Column 'DateOfBirth' cannot be null in D:\laragon\www\citypeso\system\Database\MySQLi\Connection.php:306
Stack trace:
#0 D:\laragon\www\citypeso\system\Database\MySQLi\Connection.php(306): mysqli->query('INSERT INTO `jo...', 0)
#1 D:\laragon\www\citypeso\system\Database\BaseConnection.php(693): CodeIgniter\Database\MySQLi\Connection->execute('INSERT INTO `jo...')
#2 D:\laragon\www\citypeso\system\Database\BaseConnection.php(607): CodeIgniter\Database\BaseConnection->simpleQuery('INSERT INTO `jo...')
#3 D:\laragon\www\citypeso\system\Database\BaseBuilder.php(2302): CodeIgniter\Database\BaseConnection->query('INSERT INTO `jo...', Array, false)
#4 D:\laragon\www\citypeso\system\Model.php(326): CodeIgniter\Database\BaseBuilder->insert()
#5 D:\laragon\www\citypeso\system\BaseModel.php(802): CodeIgniter\Model->doInsert(Array)
#6 D:\laragon\www\citypeso\system\Model.php(744): CodeIgniter\BaseModel->insert(Array, true)
#7 D:\laragon\www\citypeso\app\Controllers\JobseekerController.php(296): CodeIgniter\Model->insert(Array)
#8 D:\laragon\www\citypeso\system\CodeIgniter.php(941): App\Controllers\JobseekerController->personalInformation()
#9 D:\laragon\www\citypeso\system\CodeIgniter.php(502): CodeIgniter\CodeIgniter->runController(Object(App\Controllers\JobseekerController))
#10 D:\laragon\www\citypeso\system\CodeIgniter.php(361): CodeIgniter\CodeIgniter->handleRequest(NULL, Object(Config\Cache), false)
#11 D:\laragon\www\citypeso\public\index.php(79): CodeIgniter\CodeIgniter->run()
#12 D:\laragon\www\citypeso\system\Commands\Server\rewrite.php(47): require_once('D:\\laragon\\www\\...')
#13 {main}
CRITICAL - 2024-02-01 23:46:50 --> CodeIgniter\Database\Exceptions\DatabaseException: Column 'DateOfBirth' cannot be null
in SYSTEMPATH\Database\BaseConnection.php on line 647.
 1 SYSTEMPATH\Database\BaseBuilder.php(2302): CodeIgniter\Database\BaseConnection->query('INSERT INTO `jobseekerperinfo` (`SurName`, `FirstName`, `MiddleName`, `Suffix`, `DateOfBirth`, `PlaceOfBirth`, `Sex`, `PresentAddress`, `Religion`, `HouseNoOrStreet`, `CivilStatus`, `Barangay`, `MunicipalityOrCity`, `Province`, `TinNo`, `GsisOrSssNo`, `PagibigNo`, `PhilhealthNo`, `Height`, `EmailAddress`, `LandlineNo`, `CellphoneNo`, `Disability`, `EmploymentStatus`, `Type`, `ActivelyLooking`, `LookingWork`, `WillingWork`, `IfNo`, `Beneficiary`, `IfYesHousehold`) VALUES (:SurName:, :FirstName:, :MiddleName:, :Suffix:, :DateOfBirth:, :PlaceOfBirth:, :Sex:, :PresentAddress:, :Religion:, :HouseNoOrStreet:, :CivilStatus:, :Barangay:, :MunicipalityOrCity:, :Province:, :TinNo:, :GsisOrSssNo:, :PagibigNo:, :PhilhealthNo:, :Height:, :EmailAddress:, :LandlineNo:, :CellphoneNo:, :Disability:, :EmploymentStatus:, :Type:, :ActivelyLooking:, :LookingWork:, :WillingWork:, :IfNo:, :Beneficiary:, :IfYesHousehold:)', [...], false)
 2 SYSTEMPATH\Model.php(326): CodeIgniter\Database\BaseBuilder->insert()
 3 SYSTEMPATH\BaseModel.php(802): CodeIgniter\Model->doInsert([...])
 4 SYSTEMPATH\Model.php(744): CodeIgniter\BaseModel->insert([...], true)
 5 APPPATH\Controllers\JobseekerController.php(296): CodeIgniter\Model->insert([...])
 6 SYSTEMPATH\CodeIgniter.php(941): App\Controllers\JobseekerController->personalInformation()
 7 SYSTEMPATH\CodeIgniter.php(502): CodeIgniter\CodeIgniter->runController(Object(App\Controllers\JobseekerController))
 8 SYSTEMPATH\CodeIgniter.php(361): CodeIgniter\CodeIgniter->handleRequest(null, Object(Config\Cache), false)
 9 FCPATH\index.php(79): CodeIgniter\CodeIgniter->run()
10 SYSTEMPATH\Commands\Server\rewrite.php(47): require_once('D:\\laragon\\www\\citypeso\\public\\index.php')
CRITICAL - 2024-02-01 23:46:50 --> [Caused by] CodeIgniter\Database\Exceptions\DatabaseException: Column 'DateOfBirth' cannot be null
in SYSTEMPATH\Database\MySQLi\Connection.php on line 311.
 1 SYSTEMPATH\Database\BaseConnection.php(693): CodeIgniter\Database\MySQLi\Connection->execute('INSERT INTO `jobseekerperinfo` (`SurName`, `FirstName`, `MiddleName`, `Suffix`, `DateOfBirth`, `PlaceOfBirth`, `Sex`, `PresentAddress`, `Religion`, `HouseNoOrStreet`, `CivilStatus`, `Barangay`, `MunicipalityOrCity`, `Province`, `TinNo`, `GsisOrSssNo`, `PagibigNo`, `PhilhealthNo`, `Height`, `EmailAddress`, `LandlineNo`, `CellphoneNo`, `Disability`, `EmploymentStatus`, `Type`, `ActivelyLooking`, `LookingWork`, `WillingWork`, `IfNo`, `Beneficiary`, `IfYesHousehold`) VALUES (\'KRUNG\', \'KRUNG\', \'KRUNG\', \'\', NULL, \'dfgfd\', \'male\', \'KRUNG\', \'fdgdg\', \'dfdf\', \'Single\', \'dfgfd\', \'fdgdf\', \'dfgdf\', \'54645\', \'5465456\', \'456456\', \'456456\', \'56\', \'rty\', \'6575\', \'56756765\', \'\', \'Unemployed\', \'Students\', \'Yes\', \'4\', \'No\', \'6\', \'Yes\', \'6565\')')
 2 SYSTEMPATH\Database\BaseConnection.php(607): CodeIgniter\Database\BaseConnection->simpleQuery('INSERT INTO `jobseekerperinfo` (`SurName`, `FirstName`, `MiddleName`, `Suffix`, `DateOfBirth`, `PlaceOfBirth`, `Sex`, `PresentAddress`, `Religion`, `HouseNoOrStreet`, `CivilStatus`, `Barangay`, `MunicipalityOrCity`, `Province`, `TinNo`, `GsisOrSssNo`, `PagibigNo`, `PhilhealthNo`, `Height`, `EmailAddress`, `LandlineNo`, `CellphoneNo`, `Disability`, `EmploymentStatus`, `Type`, `ActivelyLooking`, `LookingWork`, `WillingWork`, `IfNo`, `Beneficiary`, `IfYesHousehold`) VALUES (\'KRUNG\', \'KRUNG\', \'KRUNG\', \'\', NULL, \'dfgfd\', \'male\', \'KRUNG\', \'fdgdg\', \'dfdf\', \'Single\', \'dfgfd\', \'fdgdf\', \'dfgdf\', \'54645\', \'5465456\', \'456456\', \'456456\', \'56\', \'rty\', \'6575\', \'56756765\', \'\', \'Unemployed\', \'Students\', \'Yes\', \'4\', \'No\', \'6\', \'Yes\', \'6565\')')
 3 SYSTEMPATH\Database\BaseBuilder.php(2302): CodeIgniter\Database\BaseConnection->query('INSERT INTO `jobseekerperinfo` (`SurName`, `FirstName`, `MiddleName`, `Suffix`, `DateOfBirth`, `PlaceOfBirth`, `Sex`, `PresentAddress`, `Religion`, `HouseNoOrStreet`, `CivilStatus`, `Barangay`, `MunicipalityOrCity`, `Province`, `TinNo`, `GsisOrSssNo`, `PagibigNo`, `PhilhealthNo`, `Height`, `EmailAddress`, `LandlineNo`, `CellphoneNo`, `Disability`, `EmploymentStatus`, `Type`, `ActivelyLooking`, `LookingWork`, `WillingWork`, `IfNo`, `Beneficiary`, `IfYesHousehold`) VALUES (:SurName:, :FirstName:, :MiddleName:, :Suffix:, :DateOfBirth:, :PlaceOfBirth:, :Sex:, :PresentAddress:, :Religion:, :HouseNoOrStreet:, :CivilStatus:, :Barangay:, :MunicipalityOrCity:, :Province:, :TinNo:, :GsisOrSssNo:, :PagibigNo:, :PhilhealthNo:, :Height:, :EmailAddress:, :LandlineNo:, :CellphoneNo:, :Disability:, :EmploymentStatus:, :Type:, :ActivelyLooking:, :LookingWork:, :WillingWork:, :IfNo:, :Beneficiary:, :IfYesHousehold:)', [...], false)
 4 SYSTEMPATH\Model.php(326): CodeIgniter\Database\BaseBuilder->insert()
 5 SYSTEMPATH\BaseModel.php(802): CodeIgniter\Model->doInsert([...])
 6 SYSTEMPATH\Model.php(744): CodeIgniter\BaseModel->insert([...], true)
 7 APPPATH\Controllers\JobseekerController.php(296): CodeIgniter\Model->insert([...])
 8 SYSTEMPATH\CodeIgniter.php(941): App\Controllers\JobseekerController->personalInformation()
 9 SYSTEMPATH\CodeIgniter.php(502): CodeIgniter\CodeIgniter->runController(Object(App\Controllers\JobseekerController))
10 SYSTEMPATH\CodeIgniter.php(361): CodeIgniter\CodeIgniter->handleRequest(null, Object(Config\Cache), false)
11 FCPATH\index.php(79): CodeIgniter\CodeIgniter->run()
12 SYSTEMPATH\Commands\Server\rewrite.php(47): require_once('D:\\laragon\\www\\citypeso\\public\\index.php')
CRITICAL - 2024-02-01 23:46:50 --> [Caused by] mysqli_sql_exception: Column 'DateOfBirth' cannot be null
in SYSTEMPATH\Database\MySQLi\Connection.php on line 306.
 1 SYSTEMPATH\Database\MySQLi\Connection.php(306): mysqli->query('INSERT INTO `jobseekerperinfo` (`SurName`, `FirstName`, `MiddleName`, `Suffix`, `DateOfBirth`, `PlaceOfBirth`, `Sex`, `PresentAddress`, `Religion`, `HouseNoOrStreet`, `CivilStatus`, `Barangay`, `MunicipalityOrCity`, `Province`, `TinNo`, `GsisOrSssNo`, `PagibigNo`, `PhilhealthNo`, `Height`, `EmailAddress`, `LandlineNo`, `CellphoneNo`, `Disability`, `EmploymentStatus`, `Type`, `ActivelyLooking`, `LookingWork`, `WillingWork`, `IfNo`, `Beneficiary`, `IfYesHousehold`) VALUES (\'KRUNG\', \'KRUNG\', \'KRUNG\', \'\', NULL, \'dfgfd\', \'male\', \'KRUNG\', \'fdgdg\', \'dfdf\', \'Single\', \'dfgfd\', \'fdgdf\', \'dfgdf\', \'54645\', \'5465456\', \'456456\', \'456456\', \'56\', \'rty\', \'6575\', \'56756765\', \'\', \'Unemployed\', \'Students\', \'Yes\', \'4\', \'No\', \'6\', \'Yes\', \'6565\')', 0)
 2 SYSTEMPATH\Database\BaseConnection.php(693): CodeIgniter\Database\MySQLi\Connection->execute('INSERT INTO `jobseekerperinfo` (`SurName`, `FirstName`, `MiddleName`, `Suffix`, `DateOfBirth`, `PlaceOfBirth`, `Sex`, `PresentAddress`, `Religion`, `HouseNoOrStreet`, `CivilStatus`, `Barangay`, `MunicipalityOrCity`, `Province`, `TinNo`, `GsisOrSssNo`, `PagibigNo`, `PhilhealthNo`, `Height`, `EmailAddress`, `LandlineNo`, `CellphoneNo`, `Disability`, `EmploymentStatus`, `Type`, `ActivelyLooking`, `LookingWork`, `WillingWork`, `IfNo`, `Beneficiary`, `IfYesHousehold`) VALUES (\'KRUNG\', \'KRUNG\', \'KRUNG\', \'\', NULL, \'dfgfd\', \'male\', \'KRUNG\', \'fdgdg\', \'dfdf\', \'Single\', \'dfgfd\', \'fdgdf\', \'dfgdf\', \'54645\', \'5465456\', \'456456\', \'456456\', \'56\', \'rty\', \'6575\', \'56756765\', \'\', \'Unemployed\', \'Students\', \'Yes\', \'4\', \'No\', \'6\', \'Yes\', \'6565\')')
 3 SYSTEMPATH\Database\BaseConnection.php(607): CodeIgniter\Database\BaseConnection->simpleQuery('INSERT INTO `jobseekerperinfo` (`SurName`, `FirstName`, `MiddleName`, `Suffix`, `DateOfBirth`, `PlaceOfBirth`, `Sex`, `PresentAddress`, `Religion`, `HouseNoOrStreet`, `CivilStatus`, `Barangay`, `MunicipalityOrCity`, `Province`, `TinNo`, `GsisOrSssNo`, `PagibigNo`, `PhilhealthNo`, `Height`, `EmailAddress`, `LandlineNo`, `CellphoneNo`, `Disability`, `EmploymentStatus`, `Type`, `ActivelyLooking`, `LookingWork`, `WillingWork`, `IfNo`, `Beneficiary`, `IfYesHousehold`) VALUES (\'KRUNG\', \'KRUNG\', \'KRUNG\', \'\', NULL, \'dfgfd\', \'male\', \'KRUNG\', \'fdgdg\', \'dfdf\', \'Single\', \'dfgfd\', \'fdgdf\', \'dfgdf\', \'54645\', \'5465456\', \'456456\', \'456456\', \'56\', \'rty\', \'6575\', \'56756765\', \'\', \'Unemployed\', \'Students\', \'Yes\', \'4\', \'No\', \'6\', \'Yes\', \'6565\')')
 4 SYSTEMPATH\Database\BaseBuilder.php(2302): CodeIgniter\Database\BaseConnection->query('INSERT INTO `jobseekerperinfo` (`SurName`, `FirstName`, `MiddleName`, `Suffix`, `DateOfBirth`, `PlaceOfBirth`, `Sex`, `PresentAddress`, `Religion`, `HouseNoOrStreet`, `CivilStatus`, `Barangay`, `MunicipalityOrCity`, `Province`, `TinNo`, `GsisOrSssNo`, `PagibigNo`, `PhilhealthNo`, `Height`, `EmailAddress`, `LandlineNo`, `CellphoneNo`, `Disability`, `EmploymentStatus`, `Type`, `ActivelyLooking`, `LookingWork`, `WillingWork`, `IfNo`, `Beneficiary`, `IfYesHousehold`) VALUES (:SurName:, :FirstName:, :MiddleName:, :Suffix:, :DateOfBirth:, :PlaceOfBirth:, :Sex:, :PresentAddress:, :Religion:, :HouseNoOrStreet:, :CivilStatus:, :Barangay:, :MunicipalityOrCity:, :Province:, :TinNo:, :GsisOrSssNo:, :PagibigNo:, :PhilhealthNo:, :Height:, :EmailAddress:, :LandlineNo:, :CellphoneNo:, :Disability:, :EmploymentStatus:, :Type:, :ActivelyLooking:, :LookingWork:, :WillingWork:, :IfNo:, :Beneficiary:, :IfYesHousehold:)', [...], false)
 5 SYSTEMPATH\Model.php(326): CodeIgniter\Database\BaseBuilder->insert()
 6 SYSTEMPATH\BaseModel.php(802): CodeIgniter\Model->doInsert([...])
 7 SYSTEMPATH\Model.php(744): CodeIgniter\BaseModel->insert([...], true)
 8 APPPATH\Controllers\JobseekerController.php(296): CodeIgniter\Model->insert([...])
 9 SYSTEMPATH\CodeIgniter.php(941): App\Controllers\JobseekerController->personalInformation()
10 SYSTEMPATH\CodeIgniter.php(502): CodeIgniter\CodeIgniter->runController(Object(App\Controllers\JobseekerController))
11 SYSTEMPATH\CodeIgniter.php(361): CodeIgniter\CodeIgniter->handleRequest(null, Object(Config\Cache), false)
12 FCPATH\index.php(79): CodeIgniter\CodeIgniter->run()
13 SYSTEMPATH\Commands\Server\rewrite.php(47): require_once('D:\\laragon\\www\\citypeso\\public\\index.php')
ERROR - 2024-02-01 23:51:14 --> mysqli_sql_exception: Column 'DateOfBirth' cannot be null in D:\laragon\www\citypeso\system\Database\MySQLi\Connection.php:306
Stack trace:
#0 D:\laragon\www\citypeso\system\Database\MySQLi\Connection.php(306): mysqli->query('INSERT INTO `jo...', 0)
#1 D:\laragon\www\citypeso\system\Database\BaseConnection.php(693): CodeIgniter\Database\MySQLi\Connection->execute('INSERT INTO `jo...')
#2 D:\laragon\www\citypeso\system\Database\BaseConnection.php(607): CodeIgniter\Database\BaseConnection->simpleQuery('INSERT INTO `jo...')
#3 D:\laragon\www\citypeso\system\Database\BaseBuilder.php(2302): CodeIgniter\Database\BaseConnection->query('INSERT INTO `jo...', Array, false)
#4 D:\laragon\www\citypeso\system\Model.php(326): CodeIgniter\Database\BaseBuilder->insert()
#5 D:\laragon\www\citypeso\system\BaseModel.php(802): CodeIgniter\Model->doInsert(Array)
#6 D:\laragon\www\citypeso\system\Model.php(744): CodeIgniter\BaseModel->insert(Array, true)
#7 D:\laragon\www\citypeso\app\Controllers\JobseekerController.php(296): CodeIgniter\Model->insert(Array)
#8 D:\laragon\www\citypeso\system\CodeIgniter.php(941): App\Controllers\JobseekerController->personalInformation()
#9 D:\laragon\www\citypeso\system\CodeIgniter.php(502): CodeIgniter\CodeIgniter->runController(Object(App\Controllers\JobseekerController))
#10 D:\laragon\www\citypeso\system\CodeIgniter.php(361): CodeIgniter\CodeIgniter->handleRequest(NULL, Object(Config\Cache), false)
#11 D:\laragon\www\citypeso\public\index.php(79): CodeIgniter\CodeIgniter->run()
#12 D:\laragon\www\citypeso\system\Commands\Server\rewrite.php(47): require_once('D:\\laragon\\www\\...')
#13 {main}
CRITICAL - 2024-02-01 23:51:14 --> CodeIgniter\Database\Exceptions\DatabaseException: Column 'DateOfBirth' cannot be null
in SYSTEMPATH\Database\BaseConnection.php on line 647.
 1 SYSTEMPATH\Database\BaseBuilder.php(2302): CodeIgniter\Database\BaseConnection->query('INSERT INTO `jobseekerperinfo` (`SurName`, `FirstName`, `MiddleName`, `Suffix`, `DateOfBirth`, `PlaceOfBirth`, `Sex`, `PresentAddress`, `Religion`, `HouseNoOrStreet`, `CivilStatus`, `Barangay`, `MunicipalityOrCity`, `Province`, `TinNo`, `GsisOrSssNo`, `PagibigNo`, `PhilhealthNo`, `Height`, `EmailAddress`, `LandlineNo`, `CellphoneNo`, `Disability`, `EmploymentStatus`, `Type`, `ActivelyLooking`, `LookingWork`, `WillingWork`, `IfNo`, `Beneficiary`, `IfYesHousehold`) VALUES (:SurName:, :FirstName:, :MiddleName:, :Suffix:, :DateOfBirth:, :PlaceOfBirth:, :Sex:, :PresentAddress:, :Religion:, :HouseNoOrStreet:, :CivilStatus:, :Barangay:, :MunicipalityOrCity:, :Province:, :TinNo:, :GsisOrSssNo:, :PagibigNo:, :PhilhealthNo:, :Height:, :EmailAddress:, :LandlineNo:, :CellphoneNo:, :Disability:, :EmploymentStatus:, :Type:, :ActivelyLooking:, :LookingWork:, :WillingWork:, :IfNo:, :Beneficiary:, :IfYesHousehold:)', [...], false)
 2 SYSTEMPATH\Model.php(326): CodeIgniter\Database\BaseBuilder->insert()
 3 SYSTEMPATH\BaseModel.php(802): CodeIgniter\Model->doInsert([...])
 4 SYSTEMPATH\Model.php(744): CodeIgniter\BaseModel->insert([...], true)
 5 APPPATH\Controllers\JobseekerController.php(296): CodeIgniter\Model->insert([...])
 6 SYSTEMPATH\CodeIgniter.php(941): App\Controllers\JobseekerController->personalInformation()
 7 SYSTEMPATH\CodeIgniter.php(502): CodeIgniter\CodeIgniter->runController(Object(App\Controllers\JobseekerController))
 8 SYSTEMPATH\CodeIgniter.php(361): CodeIgniter\CodeIgniter->handleRequest(null, Object(Config\Cache), false)
 9 FCPATH\index.php(79): CodeIgniter\CodeIgniter->run()
10 SYSTEMPATH\Commands\Server\rewrite.php(47): require_once('D:\\laragon\\www\\citypeso\\public\\index.php')
CRITICAL - 2024-02-01 23:51:14 --> [Caused by] CodeIgniter\Database\Exceptions\DatabaseException: Column 'DateOfBirth' cannot be null
in SYSTEMPATH\Database\MySQLi\Connection.php on line 311.
 1 SYSTEMPATH\Database\BaseConnection.php(693): CodeIgniter\Database\MySQLi\Connection->execute('INSERT INTO `jobseekerperinfo` (`SurName`, `FirstName`, `MiddleName`, `Suffix`, `DateOfBirth`, `PlaceOfBirth`, `Sex`, `PresentAddress`, `Religion`, `HouseNoOrStreet`, `CivilStatus`, `Barangay`, `MunicipalityOrCity`, `Province`, `TinNo`, `GsisOrSssNo`, `PagibigNo`, `PhilhealthNo`, `Height`, `EmailAddress`, `LandlineNo`, `CellphoneNo`, `Disability`, `EmploymentStatus`, `Type`, `ActivelyLooking`, `LookingWork`, `WillingWork`, `IfNo`, `Beneficiary`, `IfYesHousehold`) VALUES (\'KRUNG\', \'KRUNG\', \'KRUNG\', \'\', NULL, \'dfgfd\', \'male\', \'KRUNG\', \'KLKL\', \'435\', \'Single\', \'dg\', \'BACO\', \'ORIENTAL MINDORO\', \'54645\', \'4564\', \'4564\', \'4564\', \'5\', \'fhgfh\', \'6575\', \'56756765\', \'\', \'Unemployed\', \'Students\', \'Yes\', \'5\', \'No\', \'next year\', \'Yes\', \'6565\')')
 2 SYSTEMPATH\Database\BaseConnection.php(607): CodeIgniter\Database\BaseConnection->simpleQuery('INSERT INTO `jobseekerperinfo` (`SurName`, `FirstName`, `MiddleName`, `Suffix`, `DateOfBirth`, `PlaceOfBirth`, `Sex`, `PresentAddress`, `Religion`, `HouseNoOrStreet`, `CivilStatus`, `Barangay`, `MunicipalityOrCity`, `Province`, `TinNo`, `GsisOrSssNo`, `PagibigNo`, `PhilhealthNo`, `Height`, `EmailAddress`, `LandlineNo`, `CellphoneNo`, `Disability`, `EmploymentStatus`, `Type`, `ActivelyLooking`, `LookingWork`, `WillingWork`, `IfNo`, `Beneficiary`, `IfYesHousehold`) VALUES (\'KRUNG\', \'KRUNG\', \'KRUNG\', \'\', NULL, \'dfgfd\', \'male\', \'KRUNG\', \'KLKL\', \'435\', \'Single\', \'dg\', \'BACO\', \'ORIENTAL MINDORO\', \'54645\', \'4564\', \'4564\', \'4564\', \'5\', \'fhgfh\', \'6575\', \'56756765\', \'\', \'Unemployed\', \'Students\', \'Yes\', \'5\', \'No\', \'next year\', \'Yes\', \'6565\')')
 3 SYSTEMPATH\Database\BaseBuilder.php(2302): CodeIgniter\Database\BaseConnection->query('INSERT INTO `jobseekerperinfo` (`SurName`, `FirstName`, `MiddleName`, `Suffix`, `DateOfBirth`, `PlaceOfBirth`, `Sex`, `PresentAddress`, `Religion`, `HouseNoOrStreet`, `CivilStatus`, `Barangay`, `MunicipalityOrCity`, `Province`, `TinNo`, `GsisOrSssNo`, `PagibigNo`, `PhilhealthNo`, `Height`, `EmailAddress`, `LandlineNo`, `CellphoneNo`, `Disability`, `EmploymentStatus`, `Type`, `ActivelyLooking`, `LookingWork`, `WillingWork`, `IfNo`, `Beneficiary`, `IfYesHousehold`) VALUES (:SurName:, :FirstName:, :MiddleName:, :Suffix:, :DateOfBirth:, :PlaceOfBirth:, :Sex:, :PresentAddress:, :Religion:, :HouseNoOrStreet:, :CivilStatus:, :Barangay:, :MunicipalityOrCity:, :Province:, :TinNo:, :GsisOrSssNo:, :PagibigNo:, :PhilhealthNo:, :Height:, :EmailAddress:, :LandlineNo:, :CellphoneNo:, :Disability:, :EmploymentStatus:, :Type:, :ActivelyLooking:, :LookingWork:, :WillingWork:, :IfNo:, :Beneficiary:, :IfYesHousehold:)', [...], false)
 4 SYSTEMPATH\Model.php(326): CodeIgniter\Database\BaseBuilder->insert()
 5 SYSTEMPATH\BaseModel.php(802): CodeIgniter\Model->doInsert([...])
 6 SYSTEMPATH\Model.php(744): CodeIgniter\BaseModel->insert([...], true)
 7 APPPATH\Controllers\JobseekerController.php(296): CodeIgniter\Model->insert([...])
 8 SYSTEMPATH\CodeIgniter.php(941): App\Controllers\JobseekerController->personalInformation()
 9 SYSTEMPATH\CodeIgniter.php(502): CodeIgniter\CodeIgniter->runController(Object(App\Controllers\JobseekerController))
10 SYSTEMPATH\CodeIgniter.php(361): CodeIgniter\CodeIgniter->handleRequest(null, Object(Config\Cache), false)
11 FCPATH\index.php(79): CodeIgniter\CodeIgniter->run()
12 SYSTEMPATH\Commands\Server\rewrite.php(47): require_once('D:\\laragon\\www\\citypeso\\public\\index.php')
CRITICAL - 2024-02-01 23:51:14 --> [Caused by] mysqli_sql_exception: Column 'DateOfBirth' cannot be null
in SYSTEMPATH\Database\MySQLi\Connection.php on line 306.
 1 SYSTEMPATH\Database\MySQLi\Connection.php(306): mysqli->query('INSERT INTO `jobseekerperinfo` (`SurName`, `FirstName`, `MiddleName`, `Suffix`, `DateOfBirth`, `PlaceOfBirth`, `Sex`, `PresentAddress`, `Religion`, `HouseNoOrStreet`, `CivilStatus`, `Barangay`, `MunicipalityOrCity`, `Province`, `TinNo`, `GsisOrSssNo`, `PagibigNo`, `PhilhealthNo`, `Height`, `EmailAddress`, `LandlineNo`, `CellphoneNo`, `Disability`, `EmploymentStatus`, `Type`, `ActivelyLooking`, `LookingWork`, `WillingWork`, `IfNo`, `Beneficiary`, `IfYesHousehold`) VALUES (\'KRUNG\', \'KRUNG\', \'KRUNG\', \'\', NULL, \'dfgfd\', \'male\', \'KRUNG\', \'KLKL\', \'435\', \'Single\', \'dg\', \'BACO\', \'ORIENTAL MINDORO\', \'54645\', \'4564\', \'4564\', \'4564\', \'5\', \'fhgfh\', \'6575\', \'56756765\', \'\', \'Unemployed\', \'Students\', \'Yes\', \'5\', \'No\', \'next year\', \'Yes\', \'6565\')', 0)
 2 SYSTEMPATH\Database\BaseConnection.php(693): CodeIgniter\Database\MySQLi\Connection->execute('INSERT INTO `jobseekerperinfo` (`SurName`, `FirstName`, `MiddleName`, `Suffix`, `DateOfBirth`, `PlaceOfBirth`, `Sex`, `PresentAddress`, `Religion`, `HouseNoOrStreet`, `CivilStatus`, `Barangay`, `MunicipalityOrCity`, `Province`, `TinNo`, `GsisOrSssNo`, `PagibigNo`, `PhilhealthNo`, `Height`, `EmailAddress`, `LandlineNo`, `CellphoneNo`, `Disability`, `EmploymentStatus`, `Type`, `ActivelyLooking`, `LookingWork`, `WillingWork`, `IfNo`, `Beneficiary`, `IfYesHousehold`) VALUES (\'KRUNG\', \'KRUNG\', \'KRUNG\', \'\', NULL, \'dfgfd\', \'male\', \'KRUNG\', \'KLKL\', \'435\', \'Single\', \'dg\', \'BACO\', \'ORIENTAL MINDORO\', \'54645\', \'4564\', \'4564\', \'4564\', \'5\', \'fhgfh\', \'6575\', \'56756765\', \'\', \'Unemployed\', \'Students\', \'Yes\', \'5\', \'No\', \'next year\', \'Yes\', \'6565\')')
 3 SYSTEMPATH\Database\BaseConnection.php(607): CodeIgniter\Database\BaseConnection->simpleQuery('INSERT INTO `jobseekerperinfo` (`SurName`, `FirstName`, `MiddleName`, `Suffix`, `DateOfBirth`, `PlaceOfBirth`, `Sex`, `PresentAddress`, `Religion`, `HouseNoOrStreet`, `CivilStatus`, `Barangay`, `MunicipalityOrCity`, `Province`, `TinNo`, `GsisOrSssNo`, `PagibigNo`, `PhilhealthNo`, `Height`, `EmailAddress`, `LandlineNo`, `CellphoneNo`, `Disability`, `EmploymentStatus`, `Type`, `ActivelyLooking`, `LookingWork`, `WillingWork`, `IfNo`, `Beneficiary`, `IfYesHousehold`) VALUES (\'KRUNG\', \'KRUNG\', \'KRUNG\', \'\', NULL, \'dfgfd\', \'male\', \'KRUNG\', \'KLKL\', \'435\', \'Single\', \'dg\', \'BACO\', \'ORIENTAL MINDORO\', \'54645\', \'4564\', \'4564\', \'4564\', \'5\', \'fhgfh\', \'6575\', \'56756765\', \'\', \'Unemployed\', \'Students\', \'Yes\', \'5\', \'No\', \'next year\', \'Yes\', \'6565\')')
 4 SYSTEMPATH\Database\BaseBuilder.php(2302): CodeIgniter\Database\BaseConnection->query('INSERT INTO `jobseekerperinfo` (`SurName`, `FirstName`, `MiddleName`, `Suffix`, `DateOfBirth`, `PlaceOfBirth`, `Sex`, `PresentAddress`, `Religion`, `HouseNoOrStreet`, `CivilStatus`, `Barangay`, `MunicipalityOrCity`, `Province`, `TinNo`, `GsisOrSssNo`, `PagibigNo`, `PhilhealthNo`, `Height`, `EmailAddress`, `LandlineNo`, `CellphoneNo`, `Disability`, `EmploymentStatus`, `Type`, `ActivelyLooking`, `LookingWork`, `WillingWork`, `IfNo`, `Beneficiary`, `IfYesHousehold`) VALUES (:SurName:, :FirstName:, :MiddleName:, :Suffix:, :DateOfBirth:, :PlaceOfBirth:, :Sex:, :PresentAddress:, :Religion:, :HouseNoOrStreet:, :CivilStatus:, :Barangay:, :MunicipalityOrCity:, :Province:, :TinNo:, :GsisOrSssNo:, :PagibigNo:, :PhilhealthNo:, :Height:, :EmailAddress:, :LandlineNo:, :CellphoneNo:, :Disability:, :EmploymentStatus:, :Type:, :ActivelyLooking:, :LookingWork:, :WillingWork:, :IfNo:, :Beneficiary:, :IfYesHousehold:)', [...], false)
 5 SYSTEMPATH\Model.php(326): CodeIgniter\Database\BaseBuilder->insert()
 6 SYSTEMPATH\BaseModel.php(802): CodeIgniter\Model->doInsert([...])
 7 SYSTEMPATH\Model.php(744): CodeIgniter\BaseModel->insert([...], true)
 8 APPPATH\Controllers\JobseekerController.php(296): CodeIgniter\Model->insert([...])
 9 SYSTEMPATH\CodeIgniter.php(941): App\Controllers\JobseekerController->personalInformation()
10 SYSTEMPATH\CodeIgniter.php(502): CodeIgniter\CodeIgniter->runController(Object(App\Controllers\JobseekerController))
11 SYSTEMPATH\CodeIgniter.php(361): CodeIgniter\CodeIgniter->handleRequest(null, Object(Config\Cache), false)
12 FCPATH\index.php(79): CodeIgniter\CodeIgniter->run()
13 SYSTEMPATH\Commands\Server\rewrite.php(47): require_once('D:\\laragon\\www\\citypeso\\public\\index.php')
ERROR - 2024-02-01 23:55:21 --> mysqli_sql_exception: Column 'DateOfBirth' cannot be null in D:\laragon\www\citypeso\system\Database\MySQLi\Connection.php:306
Stack trace:
#0 D:\laragon\www\citypeso\system\Database\MySQLi\Connection.php(306): mysqli->query('INSERT INTO `jo...', 0)
#1 D:\laragon\www\citypeso\system\Database\BaseConnection.php(693): CodeIgniter\Database\MySQLi\Connection->execute('INSERT INTO `jo...')
#2 D:\laragon\www\citypeso\system\Database\BaseConnection.php(607): CodeIgniter\Database\BaseConnection->simpleQuery('INSERT INTO `jo...')
#3 D:\laragon\www\citypeso\system\Database\BaseBuilder.php(2302): CodeIgniter\Database\BaseConnection->query('INSERT INTO `jo...', Array, false)
#4 D:\laragon\www\citypeso\system\Model.php(326): CodeIgniter\Database\BaseBuilder->insert()
#5 D:\laragon\www\citypeso\system\BaseModel.php(802): CodeIgniter\Model->doInsert(Array)
#6 D:\laragon\www\citypeso\system\Model.php(744): CodeIgniter\BaseModel->insert(Array, true)
#7 D:\laragon\www\citypeso\app\Controllers\JobseekerController.php(296): CodeIgniter\Model->insert(Array)
#8 D:\laragon\www\citypeso\system\CodeIgniter.php(941): App\Controllers\JobseekerController->personalInformation()
#9 D:\laragon\www\citypeso\system\CodeIgniter.php(502): CodeIgniter\CodeIgniter->runController(Object(App\Controllers\JobseekerController))
#10 D:\laragon\www\citypeso\system\CodeIgniter.php(361): CodeIgniter\CodeIgniter->handleRequest(NULL, Object(Config\Cache), false)
#11 D:\laragon\www\citypeso\public\index.php(79): CodeIgniter\CodeIgniter->run()
#12 D:\laragon\www\citypeso\system\Commands\Server\rewrite.php(47): require_once('D:\\laragon\\www\\...')
#13 {main}
CRITICAL - 2024-02-01 23:55:21 --> CodeIgniter\Database\Exceptions\DatabaseException: Column 'DateOfBirth' cannot be null
in SYSTEMPATH\Database\BaseConnection.php on line 647.
 1 SYSTEMPATH\Database\BaseBuilder.php(2302): CodeIgniter\Database\BaseConnection->query('INSERT INTO `jobseekerperinfo` (`SurName`, `FirstName`, `MiddleName`, `Suffix`, `DateOfBirth`, `PlaceOfBirth`, `Sex`, `PresentAddress`, `Religion`, `HouseNoOrStreet`, `CivilStatus`, `Barangay`, `MunicipalityOrCity`, `Province`, `TinNo`, `GsisOrSssNo`, `PagibigNo`, `PhilhealthNo`, `Height`, `EmailAddress`, `LandlineNo`, `CellphoneNo`, `Disability`, `EmploymentStatus`, `Type`, `ActivelyLooking`, `LookingWork`, `WillingWork`, `IfNo`, `Beneficiary`, `IfYesHousehold`) VALUES (:SurName:, :FirstName:, :MiddleName:, :Suffix:, :DateOfBirth:, :PlaceOfBirth:, :Sex:, :PresentAddress:, :Religion:, :HouseNoOrStreet:, :CivilStatus:, :Barangay:, :MunicipalityOrCity:, :Province:, :TinNo:, :GsisOrSssNo:, :PagibigNo:, :PhilhealthNo:, :Height:, :EmailAddress:, :LandlineNo:, :CellphoneNo:, :Disability:, :EmploymentStatus:, :Type:, :ActivelyLooking:, :LookingWork:, :WillingWork:, :IfNo:, :Beneficiary:, :IfYesHousehold:)', [...], false)
 2 SYSTEMPATH\Model.php(326): CodeIgniter\Database\BaseBuilder->insert()
 3 SYSTEMPATH\BaseModel.php(802): CodeIgniter\Model->doInsert([...])
 4 SYSTEMPATH\Model.php(744): CodeIgniter\BaseModel->insert([...], true)
 5 APPPATH\Controllers\JobseekerController.php(296): CodeIgniter\Model->insert([...])
 6 SYSTEMPATH\CodeIgniter.php(941): App\Controllers\JobseekerController->personalInformation()
 7 SYSTEMPATH\CodeIgniter.php(502): CodeIgniter\CodeIgniter->runController(Object(App\Controllers\JobseekerController))
 8 SYSTEMPATH\CodeIgniter.php(361): CodeIgniter\CodeIgniter->handleRequest(null, Object(Config\Cache), false)
 9 FCPATH\index.php(79): CodeIgniter\CodeIgniter->run()
10 SYSTEMPATH\Commands\Server\rewrite.php(47): require_once('D:\\laragon\\www\\citypeso\\public\\index.php')
CRITICAL - 2024-02-01 23:55:21 --> [Caused by] CodeIgniter\Database\Exceptions\DatabaseException: Column 'DateOfBirth' cannot be null
in SYSTEMPATH\Database\MySQLi\Connection.php on line 311.
 1 SYSTEMPATH\Database\BaseConnection.php(693): CodeIgniter\Database\MySQLi\Connection->execute('INSERT INTO `jobseekerperinfo` (`SurName`, `FirstName`, `MiddleName`, `Suffix`, `DateOfBirth`, `PlaceOfBirth`, `Sex`, `PresentAddress`, `Religion`, `HouseNoOrStreet`, `CivilStatus`, `Barangay`, `MunicipalityOrCity`, `Province`, `TinNo`, `GsisOrSssNo`, `PagibigNo`, `PhilhealthNo`, `Height`, `EmailAddress`, `LandlineNo`, `CellphoneNo`, `Disability`, `EmploymentStatus`, `Type`, `ActivelyLooking`, `LookingWork`, `WillingWork`, `IfNo`, `Beneficiary`, `IfYesHousehold`) VALUES (\'KRUNG\', \'KRUNG\', \'KRUNG\', \'\', NULL, \'dfgfd\', \'male\', \'KRUNG\', \'KLKL\', \'435\', \'Single\', \'dg\', \'BACO\', \'ORIENTAL MINDORO\', \'54645\', \'4564\', \'4564\', \'4564\', \'5\', \'fhgfh\', \'6575\', \'56756765\', \'\', \'Unemployed\', \'Students\', \'Yes\', \'5\', \'No\', \'next year\', \'Yes\', \'6565\')')
 2 SYSTEMPATH\Database\BaseConnection.php(607): CodeIgniter\Database\BaseConnection->simpleQuery('INSERT INTO `jobseekerperinfo` (`SurName`, `FirstName`, `MiddleName`, `Suffix`, `DateOfBirth`, `PlaceOfBirth`, `Sex`, `PresentAddress`, `Religion`, `HouseNoOrStreet`, `CivilStatus`, `Barangay`, `MunicipalityOrCity`, `Province`, `TinNo`, `GsisOrSssNo`, `PagibigNo`, `PhilhealthNo`, `Height`, `EmailAddress`, `LandlineNo`, `CellphoneNo`, `Disability`, `EmploymentStatus`, `Type`, `ActivelyLooking`, `LookingWork`, `WillingWork`, `IfNo`, `Beneficiary`, `IfYesHousehold`) VALUES (\'KRUNG\', \'KRUNG\', \'KRUNG\', \'\', NULL, \'dfgfd\', \'male\', \'KRUNG\', \'KLKL\', \'435\', \'Single\', \'dg\', \'BACO\', \'ORIENTAL MINDORO\', \'54645\', \'4564\', \'4564\', \'4564\', \'5\', \'fhgfh\', \'6575\', \'56756765\', \'\', \'Unemployed\', \'Students\', \'Yes\', \'5\', \'No\', \'next year\', \'Yes\', \'6565\')')
 3 SYSTEMPATH\Database\BaseBuilder.php(2302): CodeIgniter\Database\BaseConnection->query('INSERT INTO `jobseekerperinfo` (`SurName`, `FirstName`, `MiddleName`, `Suffix`, `DateOfBirth`, `PlaceOfBirth`, `Sex`, `PresentAddress`, `Religion`, `HouseNoOrStreet`, `CivilStatus`, `Barangay`, `MunicipalityOrCity`, `Province`, `TinNo`, `GsisOrSssNo`, `PagibigNo`, `PhilhealthNo`, `Height`, `EmailAddress`, `LandlineNo`, `CellphoneNo`, `Disability`, `EmploymentStatus`, `Type`, `ActivelyLooking`, `LookingWork`, `WillingWork`, `IfNo`, `Beneficiary`, `IfYesHousehold`) VALUES (:SurName:, :FirstName:, :MiddleName:, :Suffix:, :DateOfBirth:, :PlaceOfBirth:, :Sex:, :PresentAddress:, :Religion:, :HouseNoOrStreet:, :CivilStatus:, :Barangay:, :MunicipalityOrCity:, :Province:, :TinNo:, :GsisOrSssNo:, :PagibigNo:, :PhilhealthNo:, :Height:, :EmailAddress:, :LandlineNo:, :CellphoneNo:, :Disability:, :EmploymentStatus:, :Type:, :ActivelyLooking:, :LookingWork:, :WillingWork:, :IfNo:, :Beneficiary:, :IfYesHousehold:)', [...], false)
 4 SYSTEMPATH\Model.php(326): CodeIgniter\Database\BaseBuilder->insert()
 5 SYSTEMPATH\BaseModel.php(802): CodeIgniter\Model->doInsert([...])
 6 SYSTEMPATH\Model.php(744): CodeIgniter\BaseModel->insert([...], true)
 7 APPPATH\Controllers\JobseekerController.php(296): CodeIgniter\Model->insert([...])
 8 SYSTEMPATH\CodeIgniter.php(941): App\Controllers\JobseekerController->personalInformation()
 9 SYSTEMPATH\CodeIgniter.php(502): CodeIgniter\CodeIgniter->runController(Object(App\Controllers\JobseekerController))
10 SYSTEMPATH\CodeIgniter.php(361): CodeIgniter\CodeIgniter->handleRequest(null, Object(Config\Cache), false)
11 FCPATH\index.php(79): CodeIgniter\CodeIgniter->run()
12 SYSTEMPATH\Commands\Server\rewrite.php(47): require_once('D:\\laragon\\www\\citypeso\\public\\index.php')
CRITICAL - 2024-02-01 23:55:21 --> [Caused by] mysqli_sql_exception: Column 'DateOfBirth' cannot be null
in SYSTEMPATH\Database\MySQLi\Connection.php on line 306.
 1 SYSTEMPATH\Database\MySQLi\Connection.php(306): mysqli->query('INSERT INTO `jobseekerperinfo` (`SurName`, `FirstName`, `MiddleName`, `Suffix`, `DateOfBirth`, `PlaceOfBirth`, `Sex`, `PresentAddress`, `Religion`, `HouseNoOrStreet`, `CivilStatus`, `Barangay`, `MunicipalityOrCity`, `Province`, `TinNo`, `GsisOrSssNo`, `PagibigNo`, `PhilhealthNo`, `Height`, `EmailAddress`, `LandlineNo`, `CellphoneNo`, `Disability`, `EmploymentStatus`, `Type`, `ActivelyLooking`, `LookingWork`, `WillingWork`, `IfNo`, `Beneficiary`, `IfYesHousehold`) VALUES (\'KRUNG\', \'KRUNG\', \'KRUNG\', \'\', NULL, \'dfgfd\', \'male\', \'KRUNG\', \'KLKL\', \'435\', \'Single\', \'dg\', \'BACO\', \'ORIENTAL MINDORO\', \'54645\', \'4564\', \'4564\', \'4564\', \'5\', \'fhgfh\', \'6575\', \'56756765\', \'\', \'Unemployed\', \'Students\', \'Yes\', \'5\', \'No\', \'next year\', \'Yes\', \'6565\')', 0)
 2 SYSTEMPATH\Database\BaseConnection.php(693): CodeIgniter\Database\MySQLi\Connection->execute('INSERT INTO `jobseekerperinfo` (`SurName`, `FirstName`, `MiddleName`, `Suffix`, `DateOfBirth`, `PlaceOfBirth`, `Sex`, `PresentAddress`, `Religion`, `HouseNoOrStreet`, `CivilStatus`, `Barangay`, `MunicipalityOrCity`, `Province`, `TinNo`, `GsisOrSssNo`, `PagibigNo`, `PhilhealthNo`, `Height`, `EmailAddress`, `LandlineNo`, `CellphoneNo`, `Disability`, `EmploymentStatus`, `Type`, `ActivelyLooking`, `LookingWork`, `WillingWork`, `IfNo`, `Beneficiary`, `IfYesHousehold`) VALUES (\'KRUNG\', \'KRUNG\', \'KRUNG\', \'\', NULL, \'dfgfd\', \'male\', \'KRUNG\', \'KLKL\', \'435\', \'Single\', \'dg\', \'BACO\', \'ORIENTAL MINDORO\', \'54645\', \'4564\', \'4564\', \'4564\', \'5\', \'fhgfh\', \'6575\', \'56756765\', \'\', \'Unemployed\', \'Students\', \'Yes\', \'5\', \'No\', \'next year\', \'Yes\', \'6565\')')
 3 SYSTEMPATH\Database\BaseConnection.php(607): CodeIgniter\Database\BaseConnection->simpleQuery('INSERT INTO `jobseekerperinfo` (`SurName`, `FirstName`, `MiddleName`, `Suffix`, `DateOfBirth`, `PlaceOfBirth`, `Sex`, `PresentAddress`, `Religion`, `HouseNoOrStreet`, `CivilStatus`, `Barangay`, `MunicipalityOrCity`, `Province`, `TinNo`, `GsisOrSssNo`, `PagibigNo`, `PhilhealthNo`, `Height`, `EmailAddress`, `LandlineNo`, `CellphoneNo`, `Disability`, `EmploymentStatus`, `Type`, `ActivelyLooking`, `LookingWork`, `WillingWork`, `IfNo`, `Beneficiary`, `IfYesHousehold`) VALUES (\'KRUNG\', \'KRUNG\', \'KRUNG\', \'\', NULL, \'dfgfd\', \'male\', \'KRUNG\', \'KLKL\', \'435\', \'Single\', \'dg\', \'BACO\', \'ORIENTAL MINDORO\', \'54645\', \'4564\', \'4564\', \'4564\', \'5\', \'fhgfh\', \'6575\', \'56756765\', \'\', \'Unemployed\', \'Students\', \'Yes\', \'5\', \'No\', \'next year\', \'Yes\', \'6565\')')
 4 SYSTEMPATH\Database\BaseBuilder.php(2302): CodeIgniter\Database\BaseConnection->query('INSERT INTO `jobseekerperinfo` (`SurName`, `FirstName`, `MiddleName`, `Suffix`, `DateOfBirth`, `PlaceOfBirth`, `Sex`, `PresentAddress`, `Religion`, `HouseNoOrStreet`, `CivilStatus`, `Barangay`, `MunicipalityOrCity`, `Province`, `TinNo`, `GsisOrSssNo`, `PagibigNo`, `PhilhealthNo`, `Height`, `EmailAddress`, `LandlineNo`, `CellphoneNo`, `Disability`, `EmploymentStatus`, `Type`, `ActivelyLooking`, `LookingWork`, `WillingWork`, `IfNo`, `Beneficiary`, `IfYesHousehold`) VALUES (:SurName:, :FirstName:, :MiddleName:, :Suffix:, :DateOfBirth:, :PlaceOfBirth:, :Sex:, :PresentAddress:, :Religion:, :HouseNoOrStreet:, :CivilStatus:, :Barangay:, :MunicipalityOrCity:, :Province:, :TinNo:, :GsisOrSssNo:, :PagibigNo:, :PhilhealthNo:, :Height:, :EmailAddress:, :LandlineNo:, :CellphoneNo:, :Disability:, :EmploymentStatus:, :Type:, :ActivelyLooking:, :LookingWork:, :WillingWork:, :IfNo:, :Beneficiary:, :IfYesHousehold:)', [...], false)
 5 SYSTEMPATH\Model.php(326): CodeIgniter\Database\BaseBuilder->insert()
 6 SYSTEMPATH\BaseModel.php(802): CodeIgniter\Model->doInsert([...])
 7 SYSTEMPATH\Model.php(744): CodeIgniter\BaseModel->insert([...], true)
 8 APPPATH\Controllers\JobseekerController.php(296): CodeIgniter\Model->insert([...])
 9 SYSTEMPATH\CodeIgniter.php(941): App\Controllers\JobseekerController->personalInformation()
10 SYSTEMPATH\CodeIgniter.php(502): CodeIgniter\CodeIgniter->runController(Object(App\Controllers\JobseekerController))
11 SYSTEMPATH\CodeIgniter.php(361): CodeIgniter\CodeIgniter->handleRequest(null, Object(Config\Cache), false)
12 FCPATH\index.php(79): CodeIgniter\CodeIgniter->run()
13 SYSTEMPATH\Commands\Server\rewrite.php(47): require_once('D:\\laragon\\www\\citypeso\\public\\index.php')
