CRITICAL - 2024-02-09 07:59:10 --> Error: Call to a member function isValid() on null
in APPPATH\Controllers\AdminController.php on line 179.
 1 SYSTEMPATH\CodeIgniter.php(941): App\Controllers\AdminController->activitiespost()
 2 SYSTEMPATH\CodeIgniter.php(502): CodeIgniter\CodeIgniter->runController(Object(App\Controllers\AdminController))
 3 SYSTEMPATH\CodeIgniter.php(361): CodeIgniter\CodeIgniter->handleRequest(null, Object(Config\Cache), false)
 4 FCPATH\index.php(79): CodeIgniter\CodeIgniter->run()
 5 SYSTEMPATH\Commands\Server\rewrite.php(47): require_once('D:\\laragon\\www\\citypeso\\public\\index.php')
CRITICAL - 2024-02-09 11:48:50 --> ParseError: Unclosed '{' on line 94
in APPPATH\Config\Routes.php on line 100.
 1 SYSTEMPATH\CodeIgniter.php(810): CodeIgniter\Router\RouteCollection->loadRoutes()
 2 SYSTEMPATH\CodeIgniter.php(450): CodeIgniter\CodeIgniter->tryToRouteIt(null)
 3 SYSTEMPATH\CodeIgniter.php(361): CodeIgniter\CodeIgniter->handleRequest(null, Object(Config\Cache), false)
 4 FCPATH\index.php(79): CodeIgniter\CodeIgniter->run()
 5 SYSTEMPATH\Commands\Server\rewrite.php(47): require_once('D:\\laragon\\www\\citypeso\\public\\index.php')
ERROR - 2024-02-09 12:57:16 --> mysqli_sql_exception: Unknown column 'jobseekerId' in 'field list' in D:\laragon\www\citypeso\system\Database\MySQLi\Connection.php:306
Stack trace:
#0 D:\laragon\www\citypeso\system\Database\MySQLi\Connection.php(306): mysqli->query('INSERT INTO `jo...', 0)
#1 D:\laragon\www\citypeso\system\Database\BaseConnection.php(693): CodeIgniter\Database\MySQLi\Connection->execute('INSERT INTO `jo...')
#2 D:\laragon\www\citypeso\system\Database\BaseConnection.php(607): CodeIgniter\Database\BaseConnection->simpleQuery('INSERT INTO `jo...')
#3 D:\laragon\www\citypeso\system\Database\BaseBuilder.php(2302): CodeIgniter\Database\BaseConnection->query('INSERT INTO `jo...', Array, false)
#4 D:\laragon\www\citypeso\system\Model.php(326): CodeIgniter\Database\BaseBuilder->insert()
#5 D:\laragon\www\citypeso\system\BaseModel.php(802): CodeIgniter\Model->doInsert(Array)
#6 D:\laragon\www\citypeso\system\Model.php(744): CodeIgniter\BaseModel->insert(Array, true)
#7 D:\laragon\www\citypeso\app\Controllers\JobseekerController.php(336): CodeIgniter\Model->insert(Array)
#8 D:\laragon\www\citypeso\system\CodeIgniter.php(941): App\Controllers\JobseekerController->jsignupprocess()
#9 D:\laragon\www\citypeso\system\CodeIgniter.php(502): CodeIgniter\CodeIgniter->runController(Object(App\Controllers\JobseekerController))
#10 D:\laragon\www\citypeso\system\CodeIgniter.php(361): CodeIgniter\CodeIgniter->handleRequest(NULL, Object(Config\Cache), false)
#11 D:\laragon\www\citypeso\public\index.php(79): CodeIgniter\CodeIgniter->run()
#12 D:\laragon\www\citypeso\system\Commands\Server\rewrite.php(47): require_once('D:\\laragon\\www\\...')
#13 {main}
CRITICAL - 2024-02-09 12:57:16 --> CodeIgniter\Database\Exceptions\DatabaseException: Unknown column 'jobseekerId' in 'field list'
in SYSTEMPATH\Database\BaseConnection.php on line 647.
 1 SYSTEMPATH\Database\BaseBuilder.php(2302): CodeIgniter\Database\BaseConnection->query('INSERT INTO `jobseekerjobpre` (`jobseekerId`) VALUES (:jobseekerId:)', [...], false)
 2 SYSTEMPATH\Model.php(326): CodeIgniter\Database\BaseBuilder->insert()
 3 SYSTEMPATH\BaseModel.php(802): CodeIgniter\Model->doInsert([...])
 4 SYSTEMPATH\Model.php(744): CodeIgniter\BaseModel->insert([...], true)
 5 APPPATH\Controllers\JobseekerController.php(336): CodeIgniter\Model->insert([...])
 6 SYSTEMPATH\CodeIgniter.php(941): App\Controllers\JobseekerController->jsignupprocess()
 7 SYSTEMPATH\CodeIgniter.php(502): CodeIgniter\CodeIgniter->runController(Object(App\Controllers\JobseekerController))
 8 SYSTEMPATH\CodeIgniter.php(361): CodeIgniter\CodeIgniter->handleRequest(null, Object(Config\Cache), false)
 9 FCPATH\index.php(79): CodeIgniter\CodeIgniter->run()
10 SYSTEMPATH\Commands\Server\rewrite.php(47): require_once('D:\\laragon\\www\\citypeso\\public\\index.php')
CRITICAL - 2024-02-09 12:57:16 --> [Caused by] CodeIgniter\Database\Exceptions\DatabaseException: Unknown column 'jobseekerId' in 'field list'
in SYSTEMPATH\Database\MySQLi\Connection.php on line 311.
 1 SYSTEMPATH\Database\BaseConnection.php(693): CodeIgniter\Database\MySQLi\Connection->execute('INSERT INTO `jobseekerjobpre` (`jobseekerId`) VALUES (\'20\')')
 2 SYSTEMPATH\Database\BaseConnection.php(607): CodeIgniter\Database\BaseConnection->simpleQuery('INSERT INTO `jobseekerjobpre` (`jobseekerId`) VALUES (\'20\')')
 3 SYSTEMPATH\Database\BaseBuilder.php(2302): CodeIgniter\Database\BaseConnection->query('INSERT INTO `jobseekerjobpre` (`jobseekerId`) VALUES (:jobseekerId:)', [...], false)
 4 SYSTEMPATH\Model.php(326): CodeIgniter\Database\BaseBuilder->insert()
 5 SYSTEMPATH\BaseModel.php(802): CodeIgniter\Model->doInsert([...])
 6 SYSTEMPATH\Model.php(744): CodeIgniter\BaseModel->insert([...], true)
 7 APPPATH\Controllers\JobseekerController.php(336): CodeIgniter\Model->insert([...])
 8 SYSTEMPATH\CodeIgniter.php(941): App\Controllers\JobseekerController->jsignupprocess()
 9 SYSTEMPATH\CodeIgniter.php(502): CodeIgniter\CodeIgniter->runController(Object(App\Controllers\JobseekerController))
10 SYSTEMPATH\CodeIgniter.php(361): CodeIgniter\CodeIgniter->handleRequest(null, Object(Config\Cache), false)
11 FCPATH\index.php(79): CodeIgniter\CodeIgniter->run()
12 SYSTEMPATH\Commands\Server\rewrite.php(47): require_once('D:\\laragon\\www\\citypeso\\public\\index.php')
CRITICAL - 2024-02-09 12:57:16 --> [Caused by] mysqli_sql_exception: Unknown column 'jobseekerId' in 'field list'
in SYSTEMPATH\Database\MySQLi\Connection.php on line 306.
 1 SYSTEMPATH\Database\MySQLi\Connection.php(306): mysqli->query('INSERT INTO `jobseekerjobpre` (`jobseekerId`) VALUES (\'20\')', 0)
 2 SYSTEMPATH\Database\BaseConnection.php(693): CodeIgniter\Database\MySQLi\Connection->execute('INSERT INTO `jobseekerjobpre` (`jobseekerId`) VALUES (\'20\')')
 3 SYSTEMPATH\Database\BaseConnection.php(607): CodeIgniter\Database\BaseConnection->simpleQuery('INSERT INTO `jobseekerjobpre` (`jobseekerId`) VALUES (\'20\')')
 4 SYSTEMPATH\Database\BaseBuilder.php(2302): CodeIgniter\Database\BaseConnection->query('INSERT INTO `jobseekerjobpre` (`jobseekerId`) VALUES (:jobseekerId:)', [...], false)
 5 SYSTEMPATH\Model.php(326): CodeIgniter\Database\BaseBuilder->insert()
 6 SYSTEMPATH\BaseModel.php(802): CodeIgniter\Model->doInsert([...])
 7 SYSTEMPATH\Model.php(744): CodeIgniter\BaseModel->insert([...], true)
 8 APPPATH\Controllers\JobseekerController.php(336): CodeIgniter\Model->insert([...])
 9 SYSTEMPATH\CodeIgniter.php(941): App\Controllers\JobseekerController->jsignupprocess()
10 SYSTEMPATH\CodeIgniter.php(502): CodeIgniter\CodeIgniter->runController(Object(App\Controllers\JobseekerController))
11 SYSTEMPATH\CodeIgniter.php(361): CodeIgniter\CodeIgniter->handleRequest(null, Object(Config\Cache), false)
12 FCPATH\index.php(79): CodeIgniter\CodeIgniter->run()
13 SYSTEMPATH\Commands\Server\rewrite.php(47): require_once('D:\\laragon\\www\\citypeso\\public\\index.php')
ERROR - 2024-02-09 13:10:42 --> Email: Unable to send email using SMTP. Your server might not be configured to send mail using this method.
ERROR - 2024-02-09 13:10:42 --> 220 smtp.googlemail.com ESMTP m19-20020a170902c45300b001d960a29da2sm1476990plm.62 - gsmtp

hello: 250-smtp.googlemail.com at your service, [110.54.193.8]
250-SIZE 35882577
250-8BITMIME
250-AUTH LOGIN PLAIN XOAUTH2 PLAIN-CLIENTTOKEN OAUTHBEARER XOAUTH
250-ENHANCEDSTATUSCODES
250-PIPELINING
250-CHUNKING
250 SMTPUTF8

Failed to authenticate password. Error: 454-4.7.0 Cannot authenticate due to temporary system problem. Try again later.
454-4.7.0 For more information, go to
454 4.7.0  https://support.google.com/a/answer/3221692 m19-20020a170902c45300b001d960a29da2sm1476990plm.62 - gsmtp

CRITICAL - 2024-02-09 13:31:14 --> ErrorException: Trying to access array offset on value of type null
in APPPATH\Controllers\JobseekerController.php on line 320.
 1 APPPATH\Controllers\JobseekerController.php(320): CodeIgniter\Debug\Exceptions->errorHandler(2, 'Trying to access array offset on value of type null', 'D:\\laragon\\www\\citypeso\\app\\Controllers\\JobseekerController.php', 320)
 2 SYSTEMPATH\CodeIgniter.php(941): App\Controllers\JobseekerController->jsignupprocess()
 3 SYSTEMPATH\CodeIgniter.php(502): CodeIgniter\CodeIgniter->runController(Object(App\Controllers\JobseekerController))
 4 SYSTEMPATH\CodeIgniter.php(361): CodeIgniter\CodeIgniter->handleRequest(null, Object(Config\Cache), false)
 5 FCPATH\index.php(79): CodeIgniter\CodeIgniter->run()
 6 SYSTEMPATH\Commands\Server\rewrite.php(47): require_once('D:\\laragon\\www\\citypeso\\public\\index.php')
CRITICAL - 2024-02-09 13:50:01 --> ErrorException: Trying to access array offset on value of type null
in APPPATH\Controllers\JobseekerController.php on line 323.
 1 APPPATH\Controllers\JobseekerController.php(323): CodeIgniter\Debug\Exceptions->errorHandler(2, 'Trying to access array offset on value of type null', 'D:\\laragon\\www\\citypeso\\app\\Controllers\\JobseekerController.php', 323)
 2 SYSTEMPATH\CodeIgniter.php(941): App\Controllers\JobseekerController->jsignupprocess()
 3 SYSTEMPATH\CodeIgniter.php(502): CodeIgniter\CodeIgniter->runController(Object(App\Controllers\JobseekerController))
 4 SYSTEMPATH\CodeIgniter.php(361): CodeIgniter\CodeIgniter->handleRequest(null, Object(Config\Cache), false)
 5 FCPATH\index.php(79): CodeIgniter\CodeIgniter->run()
 6 SYSTEMPATH\Commands\Server\rewrite.php(47): require_once('D:\\laragon\\www\\citypeso\\public\\index.php')
CRITICAL - 2024-02-09 13:52:35 --> ErrorException: Trying to access array offset on value of type null
in APPPATH\Controllers\JobseekerController.php on line 338.
 1 APPPATH\Controllers\JobseekerController.php(338): CodeIgniter\Debug\Exceptions->errorHandler(2, 'Trying to access array offset on value of type null', 'D:\\laragon\\www\\citypeso\\app\\Controllers\\JobseekerController.php', 338)
 2 SYSTEMPATH\CodeIgniter.php(941): App\Controllers\JobseekerController->jsignupprocess()
 3 SYSTEMPATH\CodeIgniter.php(502): CodeIgniter\CodeIgniter->runController(Object(App\Controllers\JobseekerController))
 4 SYSTEMPATH\CodeIgniter.php(361): CodeIgniter\CodeIgniter->handleRequest(null, Object(Config\Cache), false)
 5 FCPATH\index.php(79): CodeIgniter\CodeIgniter->run()
 6 SYSTEMPATH\Commands\Server\rewrite.php(47): require_once('D:\\laragon\\www\\citypeso\\public\\index.php')
ERROR - 2024-02-09 14:19:20 --> mysqli_sql_exception: Column 'PresentAddress' cannot be null in D:\laragon\www\citypeso\system\Database\MySQLi\Connection.php:306
Stack trace:
#0 D:\laragon\www\citypeso\system\Database\MySQLi\Connection.php(306): mysqli->query('INSERT INTO `jo...', 0)
#1 D:\laragon\www\citypeso\system\Database\BaseConnection.php(693): CodeIgniter\Database\MySQLi\Connection->execute('INSERT INTO `jo...')
#2 D:\laragon\www\citypeso\system\Database\BaseConnection.php(607): CodeIgniter\Database\BaseConnection->simpleQuery('INSERT INTO `jo...')
#3 D:\laragon\www\citypeso\system\Database\BaseBuilder.php(2302): CodeIgniter\Database\BaseConnection->query('INSERT INTO `jo...', Array, false)
#4 D:\laragon\www\citypeso\system\Model.php(326): CodeIgniter\Database\BaseBuilder->insert()
#5 D:\laragon\www\citypeso\system\BaseModel.php(802): CodeIgniter\Model->doInsert(Array)
#6 D:\laragon\www\citypeso\system\Model.php(744): CodeIgniter\BaseModel->insert(Array, true)
#7 D:\laragon\www\citypeso\app\Controllers\JobseekerController.php(455): CodeIgniter\Model->insert(Array)
#8 D:\laragon\www\citypeso\system\CodeIgniter.php(941): App\Controllers\JobseekerController->personalInformation()
#9 D:\laragon\www\citypeso\system\CodeIgniter.php(502): CodeIgniter\CodeIgniter->runController(Object(App\Controllers\JobseekerController))
#10 D:\laragon\www\citypeso\system\CodeIgniter.php(361): CodeIgniter\CodeIgniter->handleRequest(NULL, Object(Config\Cache), false)
#11 D:\laragon\www\citypeso\public\index.php(79): CodeIgniter\CodeIgniter->run()
#12 D:\laragon\www\citypeso\system\Commands\Server\rewrite.php(47): require_once('D:\\laragon\\www\\...')
#13 {main}
CRITICAL - 2024-02-09 14:19:20 --> CodeIgniter\Database\Exceptions\DatabaseException: Column 'PresentAddress' cannot be null
in SYSTEMPATH\Database\BaseConnection.php on line 647.
 1 SYSTEMPATH\Database\BaseBuilder.php(2302): CodeIgniter\Database\BaseConnection->query('INSERT INTO `jobseekerperinfo` (`SurName`, `FirstName`, `MiddleName`, `Suffix`, `DateOfBirth`, `PlaceOfBirth`, `Sex`, `PresentAddress`, `Religion`, `HouseNoOrStreet`, `CivilStatus`, `Barangay`, `MunicipalityOrCity`, `Province`, `TinNo`, `GsisOrSssNo`, `PagibigNo`, `PhilhealthNo`, `Height`, `EmailAddress`, `LandlineNo`, `CellphoneNo`, `Disability`, `EmploymentStatus`, `Type`, `ActivelyLooking`, `LookingWork`, `WillingWork`, `IfNo`, `Beneficiary`, `IfYesHousehold`) VALUES (:SurName:, :FirstName:, :MiddleName:, :Suffix:, :DateOfBirth:, :PlaceOfBirth:, :Sex:, :PresentAddress:, :Religion:, :HouseNoOrStreet:, :CivilStatus:, :Barangay:, :MunicipalityOrCity:, :Province:, :TinNo:, :GsisOrSssNo:, :PagibigNo:, :PhilhealthNo:, :Height:, :EmailAddress:, :LandlineNo:, :CellphoneNo:, :Disability:, :EmploymentStatus:, :Type:, :ActivelyLooking:, :LookingWork:, :WillingWork:, :IfNo:, :Beneficiary:, :IfYesHousehold:)', [...], false)
 2 SYSTEMPATH\Model.php(326): CodeIgniter\Database\BaseBuilder->insert()
 3 SYSTEMPATH\BaseModel.php(802): CodeIgniter\Model->doInsert([...])
 4 SYSTEMPATH\Model.php(744): CodeIgniter\BaseModel->insert([...], true)
 5 APPPATH\Controllers\JobseekerController.php(455): CodeIgniter\Model->insert([...])
 6 SYSTEMPATH\CodeIgniter.php(941): App\Controllers\JobseekerController->personalInformation()
 7 SYSTEMPATH\CodeIgniter.php(502): CodeIgniter\CodeIgniter->runController(Object(App\Controllers\JobseekerController))
 8 SYSTEMPATH\CodeIgniter.php(361): CodeIgniter\CodeIgniter->handleRequest(null, Object(Config\Cache), false)
 9 FCPATH\index.php(79): CodeIgniter\CodeIgniter->run()
10 SYSTEMPATH\Commands\Server\rewrite.php(47): require_once('D:\\laragon\\www\\citypeso\\public\\index.php')
CRITICAL - 2024-02-09 14:19:20 --> [Caused by] CodeIgniter\Database\Exceptions\DatabaseException: Column 'PresentAddress' cannot be null
in SYSTEMPATH\Database\MySQLi\Connection.php on line 311.
 1 SYSTEMPATH\Database\BaseConnection.php(693): CodeIgniter\Database\MySQLi\Connection->execute('INSERT INTO `jobseekerperinfo` (`SurName`, `FirstName`, `MiddleName`, `Suffix`, `DateOfBirth`, `PlaceOfBirth`, `Sex`, `PresentAddress`, `Religion`, `HouseNoOrStreet`, `CivilStatus`, `Barangay`, `MunicipalityOrCity`, `Province`, `TinNo`, `GsisOrSssNo`, `PagibigNo`, `PhilhealthNo`, `Height`, `EmailAddress`, `LandlineNo`, `CellphoneNo`, `Disability`, `EmploymentStatus`, `Type`, `ActivelyLooking`, `LookingWork`, `WillingWork`, `IfNo`, `Beneficiary`, `IfYesHousehold`) VALUES (\'KRUNG\', \'KRUNG\', \'KRUNG\', \'fd\', \'jhghj\', \'ggggggg\', \'male\', NULL, \'hg\', \'uyg\', \'Single\', \'hg\', \'hgj\', \'ORIENTAL MINDORO\', \'i9\', \'9\', \'98\', \'98\', \'98\', \'fvfd@gmail.com\', \'iu\', \'0\', \'\', \'Employed\', \'\', \'Yes\', \'4\', \'Yes\', \'\', \'No\', \'\')')
 2 SYSTEMPATH\Database\BaseConnection.php(607): CodeIgniter\Database\BaseConnection->simpleQuery('INSERT INTO `jobseekerperinfo` (`SurName`, `FirstName`, `MiddleName`, `Suffix`, `DateOfBirth`, `PlaceOfBirth`, `Sex`, `PresentAddress`, `Religion`, `HouseNoOrStreet`, `CivilStatus`, `Barangay`, `MunicipalityOrCity`, `Province`, `TinNo`, `GsisOrSssNo`, `PagibigNo`, `PhilhealthNo`, `Height`, `EmailAddress`, `LandlineNo`, `CellphoneNo`, `Disability`, `EmploymentStatus`, `Type`, `ActivelyLooking`, `LookingWork`, `WillingWork`, `IfNo`, `Beneficiary`, `IfYesHousehold`) VALUES (\'KRUNG\', \'KRUNG\', \'KRUNG\', \'fd\', \'jhghj\', \'ggggggg\', \'male\', NULL, \'hg\', \'uyg\', \'Single\', \'hg\', \'hgj\', \'ORIENTAL MINDORO\', \'i9\', \'9\', \'98\', \'98\', \'98\', \'fvfd@gmail.com\', \'iu\', \'0\', \'\', \'Employed\', \'\', \'Yes\', \'4\', \'Yes\', \'\', \'No\', \'\')')
 3 SYSTEMPATH\Database\BaseBuilder.php(2302): CodeIgniter\Database\BaseConnection->query('INSERT INTO `jobseekerperinfo` (`SurName`, `FirstName`, `MiddleName`, `Suffix`, `DateOfBirth`, `PlaceOfBirth`, `Sex`, `PresentAddress`, `Religion`, `HouseNoOrStreet`, `CivilStatus`, `Barangay`, `MunicipalityOrCity`, `Province`, `TinNo`, `GsisOrSssNo`, `PagibigNo`, `PhilhealthNo`, `Height`, `EmailAddress`, `LandlineNo`, `CellphoneNo`, `Disability`, `EmploymentStatus`, `Type`, `ActivelyLooking`, `LookingWork`, `WillingWork`, `IfNo`, `Beneficiary`, `IfYesHousehold`) VALUES (:SurName:, :FirstName:, :MiddleName:, :Suffix:, :DateOfBirth:, :PlaceOfBirth:, :Sex:, :PresentAddress:, :Religion:, :HouseNoOrStreet:, :CivilStatus:, :Barangay:, :MunicipalityOrCity:, :Province:, :TinNo:, :GsisOrSssNo:, :PagibigNo:, :PhilhealthNo:, :Height:, :EmailAddress:, :LandlineNo:, :CellphoneNo:, :Disability:, :EmploymentStatus:, :Type:, :ActivelyLooking:, :LookingWork:, :WillingWork:, :IfNo:, :Beneficiary:, :IfYesHousehold:)', [...], false)
 4 SYSTEMPATH\Model.php(326): CodeIgniter\Database\BaseBuilder->insert()
 5 SYSTEMPATH\BaseModel.php(802): CodeIgniter\Model->doInsert([...])
 6 SYSTEMPATH\Model.php(744): CodeIgniter\BaseModel->insert([...], true)
 7 APPPATH\Controllers\JobseekerController.php(455): CodeIgniter\Model->insert([...])
 8 SYSTEMPATH\CodeIgniter.php(941): App\Controllers\JobseekerController->personalInformation()
 9 SYSTEMPATH\CodeIgniter.php(502): CodeIgniter\CodeIgniter->runController(Object(App\Controllers\JobseekerController))
10 SYSTEMPATH\CodeIgniter.php(361): CodeIgniter\CodeIgniter->handleRequest(null, Object(Config\Cache), false)
11 FCPATH\index.php(79): CodeIgniter\CodeIgniter->run()
12 SYSTEMPATH\Commands\Server\rewrite.php(47): require_once('D:\\laragon\\www\\citypeso\\public\\index.php')
CRITICAL - 2024-02-09 14:19:20 --> [Caused by] mysqli_sql_exception: Column 'PresentAddress' cannot be null
in SYSTEMPATH\Database\MySQLi\Connection.php on line 306.
 1 SYSTEMPATH\Database\MySQLi\Connection.php(306): mysqli->query('INSERT INTO `jobseekerperinfo` (`SurName`, `FirstName`, `MiddleName`, `Suffix`, `DateOfBirth`, `PlaceOfBirth`, `Sex`, `PresentAddress`, `Religion`, `HouseNoOrStreet`, `CivilStatus`, `Barangay`, `MunicipalityOrCity`, `Province`, `TinNo`, `GsisOrSssNo`, `PagibigNo`, `PhilhealthNo`, `Height`, `EmailAddress`, `LandlineNo`, `CellphoneNo`, `Disability`, `EmploymentStatus`, `Type`, `ActivelyLooking`, `LookingWork`, `WillingWork`, `IfNo`, `Beneficiary`, `IfYesHousehold`) VALUES (\'KRUNG\', \'KRUNG\', \'KRUNG\', \'fd\', \'jhghj\', \'ggggggg\', \'male\', NULL, \'hg\', \'uyg\', \'Single\', \'hg\', \'hgj\', \'ORIENTAL MINDORO\', \'i9\', \'9\', \'98\', \'98\', \'98\', \'fvfd@gmail.com\', \'iu\', \'0\', \'\', \'Employed\', \'\', \'Yes\', \'4\', \'Yes\', \'\', \'No\', \'\')', 0)
 2 SYSTEMPATH\Database\BaseConnection.php(693): CodeIgniter\Database\MySQLi\Connection->execute('INSERT INTO `jobseekerperinfo` (`SurName`, `FirstName`, `MiddleName`, `Suffix`, `DateOfBirth`, `PlaceOfBirth`, `Sex`, `PresentAddress`, `Religion`, `HouseNoOrStreet`, `CivilStatus`, `Barangay`, `MunicipalityOrCity`, `Province`, `TinNo`, `GsisOrSssNo`, `PagibigNo`, `PhilhealthNo`, `Height`, `EmailAddress`, `LandlineNo`, `CellphoneNo`, `Disability`, `EmploymentStatus`, `Type`, `ActivelyLooking`, `LookingWork`, `WillingWork`, `IfNo`, `Beneficiary`, `IfYesHousehold`) VALUES (\'KRUNG\', \'KRUNG\', \'KRUNG\', \'fd\', \'jhghj\', \'ggggggg\', \'male\', NULL, \'hg\', \'uyg\', \'Single\', \'hg\', \'hgj\', \'ORIENTAL MINDORO\', \'i9\', \'9\', \'98\', \'98\', \'98\', \'fvfd@gmail.com\', \'iu\', \'0\', \'\', \'Employed\', \'\', \'Yes\', \'4\', \'Yes\', \'\', \'No\', \'\')')
 3 SYSTEMPATH\Database\BaseConnection.php(607): CodeIgniter\Database\BaseConnection->simpleQuery('INSERT INTO `jobseekerperinfo` (`SurName`, `FirstName`, `MiddleName`, `Suffix`, `DateOfBirth`, `PlaceOfBirth`, `Sex`, `PresentAddress`, `Religion`, `HouseNoOrStreet`, `CivilStatus`, `Barangay`, `MunicipalityOrCity`, `Province`, `TinNo`, `GsisOrSssNo`, `PagibigNo`, `PhilhealthNo`, `Height`, `EmailAddress`, `LandlineNo`, `CellphoneNo`, `Disability`, `EmploymentStatus`, `Type`, `ActivelyLooking`, `LookingWork`, `WillingWork`, `IfNo`, `Beneficiary`, `IfYesHousehold`) VALUES (\'KRUNG\', \'KRUNG\', \'KRUNG\', \'fd\', \'jhghj\', \'ggggggg\', \'male\', NULL, \'hg\', \'uyg\', \'Single\', \'hg\', \'hgj\', \'ORIENTAL MINDORO\', \'i9\', \'9\', \'98\', \'98\', \'98\', \'fvfd@gmail.com\', \'iu\', \'0\', \'\', \'Employed\', \'\', \'Yes\', \'4\', \'Yes\', \'\', \'No\', \'\')')
 4 SYSTEMPATH\Database\BaseBuilder.php(2302): CodeIgniter\Database\BaseConnection->query('INSERT INTO `jobseekerperinfo` (`SurName`, `FirstName`, `MiddleName`, `Suffix`, `DateOfBirth`, `PlaceOfBirth`, `Sex`, `PresentAddress`, `Religion`, `HouseNoOrStreet`, `CivilStatus`, `Barangay`, `MunicipalityOrCity`, `Province`, `TinNo`, `GsisOrSssNo`, `PagibigNo`, `PhilhealthNo`, `Height`, `EmailAddress`, `LandlineNo`, `CellphoneNo`, `Disability`, `EmploymentStatus`, `Type`, `ActivelyLooking`, `LookingWork`, `WillingWork`, `IfNo`, `Beneficiary`, `IfYesHousehold`) VALUES (:SurName:, :FirstName:, :MiddleName:, :Suffix:, :DateOfBirth:, :PlaceOfBirth:, :Sex:, :PresentAddress:, :Religion:, :HouseNoOrStreet:, :CivilStatus:, :Barangay:, :MunicipalityOrCity:, :Province:, :TinNo:, :GsisOrSssNo:, :PagibigNo:, :PhilhealthNo:, :Height:, :EmailAddress:, :LandlineNo:, :CellphoneNo:, :Disability:, :EmploymentStatus:, :Type:, :ActivelyLooking:, :LookingWork:, :WillingWork:, :IfNo:, :Beneficiary:, :IfYesHousehold:)', [...], false)
 5 SYSTEMPATH\Model.php(326): CodeIgniter\Database\BaseBuilder->insert()
 6 SYSTEMPATH\BaseModel.php(802): CodeIgniter\Model->doInsert([...])
 7 SYSTEMPATH\Model.php(744): CodeIgniter\BaseModel->insert([...], true)
 8 APPPATH\Controllers\JobseekerController.php(455): CodeIgniter\Model->insert([...])
 9 SYSTEMPATH\CodeIgniter.php(941): App\Controllers\JobseekerController->personalInformation()
10 SYSTEMPATH\CodeIgniter.php(502): CodeIgniter\CodeIgniter->runController(Object(App\Controllers\JobseekerController))
11 SYSTEMPATH\CodeIgniter.php(361): CodeIgniter\CodeIgniter->handleRequest(null, Object(Config\Cache), false)
12 FCPATH\index.php(79): CodeIgniter\CodeIgniter->run()
13 SYSTEMPATH\Commands\Server\rewrite.php(47): require_once('D:\\laragon\\www\\citypeso\\public\\index.php')
CRITICAL - 2024-02-09 14:24:21 --> CodeIgniter\Database\Exceptions\DataException: There is no data to update.
in SYSTEMPATH\BaseModel.php on line 1778.
 1 SYSTEMPATH\BaseModel.php(1778): CodeIgniter\Database\Exceptions\DataException::forEmptyDataset('update')
 2 SYSTEMPATH\BaseModel.php(956): CodeIgniter\BaseModel->transformDataToArray(null, 'update')
 3 SYSTEMPATH\Model.php(807): CodeIgniter\BaseModel->update([...], null)
 4 APPPATH\Controllers\JobseekerController.php(455): CodeIgniter\Model->update([...])
 5 SYSTEMPATH\CodeIgniter.php(941): App\Controllers\JobseekerController->personalInformation()
 6 SYSTEMPATH\CodeIgniter.php(502): CodeIgniter\CodeIgniter->runController(Object(App\Controllers\JobseekerController))
 7 SYSTEMPATH\CodeIgniter.php(361): CodeIgniter\CodeIgniter->handleRequest(null, Object(Config\Cache), false)
 8 FCPATH\index.php(79): CodeIgniter\CodeIgniter->run()
 9 SYSTEMPATH\Commands\Server\rewrite.php(47): require_once('D:\\laragon\\www\\citypeso\\public\\index.php')
CRITICAL - 2024-02-09 14:24:53 --> CodeIgniter\Database\Exceptions\DataException: There is no data to update.
in SYSTEMPATH\BaseModel.php on line 1778.
 1 SYSTEMPATH\BaseModel.php(1778): CodeIgniter\Database\Exceptions\DataException::forEmptyDataset('update')
 2 SYSTEMPATH\BaseModel.php(956): CodeIgniter\BaseModel->transformDataToArray(null, 'update')
 3 SYSTEMPATH\Model.php(807): CodeIgniter\BaseModel->update([...], null)
 4 APPPATH\Controllers\JobseekerController.php(455): CodeIgniter\Model->update([...])
 5 SYSTEMPATH\CodeIgniter.php(941): App\Controllers\JobseekerController->personalInformation()
 6 SYSTEMPATH\CodeIgniter.php(502): CodeIgniter\CodeIgniter->runController(Object(App\Controllers\JobseekerController))
 7 SYSTEMPATH\CodeIgniter.php(361): CodeIgniter\CodeIgniter->handleRequest(null, Object(Config\Cache), false)
 8 FCPATH\index.php(79): CodeIgniter\CodeIgniter->run()
 9 SYSTEMPATH\Commands\Server\rewrite.php(47): require_once('D:\\laragon\\www\\citypeso\\public\\index.php')
CRITICAL - 2024-02-09 14:25:00 --> CodeIgniter\Database\Exceptions\DataException: There is no data to update.
in SYSTEMPATH\BaseModel.php on line 1778.
 1 SYSTEMPATH\BaseModel.php(1778): CodeIgniter\Database\Exceptions\DataException::forEmptyDataset('update')
 2 SYSTEMPATH\BaseModel.php(956): CodeIgniter\BaseModel->transformDataToArray(null, 'update')
 3 SYSTEMPATH\Model.php(807): CodeIgniter\BaseModel->update([...], null)
 4 APPPATH\Controllers\JobseekerController.php(455): CodeIgniter\Model->update([...])
 5 SYSTEMPATH\CodeIgniter.php(941): App\Controllers\JobseekerController->personalInformation()
 6 SYSTEMPATH\CodeIgniter.php(502): CodeIgniter\CodeIgniter->runController(Object(App\Controllers\JobseekerController))
 7 SYSTEMPATH\CodeIgniter.php(361): CodeIgniter\CodeIgniter->handleRequest(null, Object(Config\Cache), false)
 8 FCPATH\index.php(79): CodeIgniter\CodeIgniter->run()
 9 SYSTEMPATH\Commands\Server\rewrite.php(47): require_once('D:\\laragon\\www\\citypeso\\public\\index.php')
CRITICAL - 2024-02-09 14:25:56 --> CodeIgniter\Database\Exceptions\DataException: There is no data to update.
in SYSTEMPATH\BaseModel.php on line 1778.
 1 SYSTEMPATH\BaseModel.php(1778): CodeIgniter\Database\Exceptions\DataException::forEmptyDataset('update')
 2 SYSTEMPATH\BaseModel.php(956): CodeIgniter\BaseModel->transformDataToArray(null, 'update')
 3 SYSTEMPATH\Model.php(807): CodeIgniter\BaseModel->update([...], null)
 4 APPPATH\Controllers\JobseekerController.php(455): CodeIgniter\Model->update([...])
 5 SYSTEMPATH\CodeIgniter.php(941): App\Controllers\JobseekerController->personalInformation()
 6 SYSTEMPATH\CodeIgniter.php(502): CodeIgniter\CodeIgniter->runController(Object(App\Controllers\JobseekerController))
 7 SYSTEMPATH\CodeIgniter.php(361): CodeIgniter\CodeIgniter->handleRequest(null, Object(Config\Cache), false)
 8 FCPATH\index.php(79): CodeIgniter\CodeIgniter->run()
 9 SYSTEMPATH\Commands\Server\rewrite.php(47): require_once('D:\\laragon\\www\\citypeso\\public\\index.php')
CRITICAL - 2024-02-09 14:27:35 --> CodeIgniter\Database\Exceptions\DataException: There is no data to update.
in SYSTEMPATH\BaseModel.php on line 1778.
 1 SYSTEMPATH\BaseModel.php(1778): CodeIgniter\Database\Exceptions\DataException::forEmptyDataset('update')
 2 SYSTEMPATH\BaseModel.php(956): CodeIgniter\BaseModel->transformDataToArray(null, 'update')
 3 SYSTEMPATH\Model.php(807): CodeIgniter\BaseModel->update([...], null)
 4 APPPATH\Controllers\JobseekerController.php(455): CodeIgniter\Model->update([...])
 5 SYSTEMPATH\CodeIgniter.php(941): App\Controllers\JobseekerController->personalInformation()
 6 SYSTEMPATH\CodeIgniter.php(502): CodeIgniter\CodeIgniter->runController(Object(App\Controllers\JobseekerController))
 7 SYSTEMPATH\CodeIgniter.php(361): CodeIgniter\CodeIgniter->handleRequest(null, Object(Config\Cache), false)
 8 FCPATH\index.php(79): CodeIgniter\CodeIgniter->run()
 9 SYSTEMPATH\Commands\Server\rewrite.php(47): require_once('D:\\laragon\\www\\citypeso\\public\\index.php')
CRITICAL - 2024-02-09 14:34:26 --> CodeIgniter\Database\Exceptions\DataException: There is no data to update.
in SYSTEMPATH\BaseModel.php on line 1778.
 1 SYSTEMPATH\BaseModel.php(1778): CodeIgniter\Database\Exceptions\DataException::forEmptyDataset('update')
 2 SYSTEMPATH\BaseModel.php(956): CodeIgniter\BaseModel->transformDataToArray(null, 'update')
 3 SYSTEMPATH\Model.php(807): CodeIgniter\BaseModel->update([...], null)
 4 APPPATH\Controllers\JobseekerController.php(460): CodeIgniter\Model->update([...])
 5 SYSTEMPATH\CodeIgniter.php(941): App\Controllers\JobseekerController->personalInformation()
 6 SYSTEMPATH\CodeIgniter.php(502): CodeIgniter\CodeIgniter->runController(Object(App\Controllers\JobseekerController))
 7 SYSTEMPATH\CodeIgniter.php(361): CodeIgniter\CodeIgniter->handleRequest(null, Object(Config\Cache), false)
 8 FCPATH\index.php(79): CodeIgniter\CodeIgniter->run()
 9 SYSTEMPATH\Commands\Server\rewrite.php(47): require_once('D:\\laragon\\www\\citypeso\\public\\index.php')
CRITICAL - 2024-02-09 14:35:18 --> CodeIgniter\Database\Exceptions\DataException: There is no data to update.
in SYSTEMPATH\BaseModel.php on line 1778.
 1 SYSTEMPATH\BaseModel.php(1778): CodeIgniter\Database\Exceptions\DataException::forEmptyDataset('update')
 2 SYSTEMPATH\BaseModel.php(956): CodeIgniter\BaseModel->transformDataToArray(null, 'update')
 3 SYSTEMPATH\Model.php(807): CodeIgniter\BaseModel->update([...], null)
 4 APPPATH\Controllers\JobseekerController.php(460): CodeIgniter\Model->update([...])
 5 SYSTEMPATH\CodeIgniter.php(941): App\Controllers\JobseekerController->personalInformation()
 6 SYSTEMPATH\CodeIgniter.php(502): CodeIgniter\CodeIgniter->runController(Object(App\Controllers\JobseekerController))
 7 SYSTEMPATH\CodeIgniter.php(361): CodeIgniter\CodeIgniter->handleRequest(null, Object(Config\Cache), false)
 8 FCPATH\index.php(79): CodeIgniter\CodeIgniter->run()
 9 SYSTEMPATH\Commands\Server\rewrite.php(47): require_once('D:\\laragon\\www\\citypeso\\public\\index.php')
CRITICAL - 2024-02-09 14:48:33 --> ErrorException: Undefined variable $id
in APPPATH\Controllers\JobseekerController.php on line 390.
 1 APPPATH\Controllers\JobseekerController.php(390): CodeIgniter\Debug\Exceptions->errorHandler(2, 'Undefined variable $id', 'D:\\laragon\\www\\citypeso\\app\\Controllers\\JobseekerController.php', 390)
 2 SYSTEMPATH\CodeIgniter.php(941): App\Controllers\JobseekerController->personalInformation()
 3 SYSTEMPATH\CodeIgniter.php(502): CodeIgniter\CodeIgniter->runController(Object(App\Controllers\JobseekerController))
 4 SYSTEMPATH\CodeIgniter.php(361): CodeIgniter\CodeIgniter->handleRequest(null, Object(Config\Cache), false)
 5 FCPATH\index.php(79): CodeIgniter\CodeIgniter->run()
 6 SYSTEMPATH\Commands\Server\rewrite.php(47): require_once('D:\\laragon\\www\\citypeso\\public\\index.php')
CRITICAL - 2024-02-09 14:55:59 --> CodeIgniter\Database\Exceptions\DataException: There is no data to update.
in SYSTEMPATH\BaseModel.php on line 1778.
 1 SYSTEMPATH\BaseModel.php(1778): CodeIgniter\Database\Exceptions\DataException::forEmptyDataset('update')
 2 SYSTEMPATH\BaseModel.php(956): CodeIgniter\BaseModel->transformDataToArray(null, 'update')
 3 SYSTEMPATH\Model.php(807): CodeIgniter\BaseModel->update([...], null)
 4 APPPATH\Controllers\JobseekerController.php(463): CodeIgniter\Model->update([...])
 5 SYSTEMPATH\CodeIgniter.php(941): App\Controllers\JobseekerController->personalInformation()
 6 SYSTEMPATH\CodeIgniter.php(502): CodeIgniter\CodeIgniter->runController(Object(App\Controllers\JobseekerController))
 7 SYSTEMPATH\CodeIgniter.php(361): CodeIgniter\CodeIgniter->handleRequest(null, Object(Config\Cache), false)
 8 FCPATH\index.php(79): CodeIgniter\CodeIgniter->run()
 9 SYSTEMPATH\Commands\Server\rewrite.php(47): require_once('D:\\laragon\\www\\citypeso\\public\\index.php')
CRITICAL - 2024-02-09 14:57:41 --> ErrorException: Undefined variable $result
in APPPATH\Controllers\JobseekerController.php on line 466.
 1 APPPATH\Controllers\JobseekerController.php(466): CodeIgniter\Debug\Exceptions->errorHandler(2, 'Undefined variable $result', 'D:\\laragon\\www\\citypeso\\app\\Controllers\\JobseekerController.php', 466)
 2 SYSTEMPATH\CodeIgniter.php(941): App\Controllers\JobseekerController->personalInformation()
 3 SYSTEMPATH\CodeIgniter.php(502): CodeIgniter\CodeIgniter->runController(Object(App\Controllers\JobseekerController))
 4 SYSTEMPATH\CodeIgniter.php(361): CodeIgniter\CodeIgniter->handleRequest(null, Object(Config\Cache), false)
 5 FCPATH\index.php(79): CodeIgniter\CodeIgniter->run()
 6 SYSTEMPATH\Commands\Server\rewrite.php(47): require_once('D:\\laragon\\www\\citypeso\\public\\index.php')
CRITICAL - 2024-02-09 15:04:28 --> CodeIgniter\Database\Exceptions\DataException: There is no data to update.
in SYSTEMPATH\BaseModel.php on line 1778.
 1 SYSTEMPATH\BaseModel.php(1778): CodeIgniter\Database\Exceptions\DataException::forEmptyDataset('update')
 2 SYSTEMPATH\BaseModel.php(956): CodeIgniter\BaseModel->transformDataToArray(null, 'update')
 3 SYSTEMPATH\Model.php(807): CodeIgniter\BaseModel->update([...], null)
 4 APPPATH\Controllers\JobseekerController.php(464): CodeIgniter\Model->update([...])
 5 SYSTEMPATH\CodeIgniter.php(941): App\Controllers\JobseekerController->personalInformation()
 6 SYSTEMPATH\CodeIgniter.php(502): CodeIgniter\CodeIgniter->runController(Object(App\Controllers\JobseekerController))
 7 SYSTEMPATH\CodeIgniter.php(361): CodeIgniter\CodeIgniter->handleRequest(null, Object(Config\Cache), false)
 8 FCPATH\index.php(79): CodeIgniter\CodeIgniter->run()
 9 SYSTEMPATH\Commands\Server\rewrite.php(47): require_once('D:\\laragon\\www\\citypeso\\public\\index.php')
CRITICAL - 2024-02-09 15:04:35 --> CodeIgniter\Database\Exceptions\DataException: There is no data to update.
in SYSTEMPATH\BaseModel.php on line 1778.
 1 SYSTEMPATH\BaseModel.php(1778): CodeIgniter\Database\Exceptions\DataException::forEmptyDataset('update')
 2 SYSTEMPATH\BaseModel.php(956): CodeIgniter\BaseModel->transformDataToArray(null, 'update')
 3 SYSTEMPATH\Model.php(807): CodeIgniter\BaseModel->update([...], null)
 4 APPPATH\Controllers\JobseekerController.php(464): CodeIgniter\Model->update([...])
 5 SYSTEMPATH\CodeIgniter.php(941): App\Controllers\JobseekerController->personalInformation()
 6 SYSTEMPATH\CodeIgniter.php(502): CodeIgniter\CodeIgniter->runController(Object(App\Controllers\JobseekerController))
 7 SYSTEMPATH\CodeIgniter.php(361): CodeIgniter\CodeIgniter->handleRequest(null, Object(Config\Cache), false)
 8 FCPATH\index.php(79): CodeIgniter\CodeIgniter->run()
 9 SYSTEMPATH\Commands\Server\rewrite.php(47): require_once('D:\\laragon\\www\\citypeso\\public\\index.php')
CRITICAL - 2024-02-09 15:04:51 --> CodeIgniter\Database\Exceptions\DataException: There is no data to update.
in SYSTEMPATH\BaseModel.php on line 1778.
 1 SYSTEMPATH\BaseModel.php(1778): CodeIgniter\Database\Exceptions\DataException::forEmptyDataset('update')
 2 SYSTEMPATH\BaseModel.php(956): CodeIgniter\BaseModel->transformDataToArray(null, 'update')
 3 SYSTEMPATH\Model.php(807): CodeIgniter\BaseModel->update([...], null)
 4 APPPATH\Controllers\JobseekerController.php(464): CodeIgniter\Model->update([...])
 5 SYSTEMPATH\CodeIgniter.php(941): App\Controllers\JobseekerController->personalInformation()
 6 SYSTEMPATH\CodeIgniter.php(502): CodeIgniter\CodeIgniter->runController(Object(App\Controllers\JobseekerController))
 7 SYSTEMPATH\CodeIgniter.php(361): CodeIgniter\CodeIgniter->handleRequest(null, Object(Config\Cache), false)
 8 FCPATH\index.php(79): CodeIgniter\CodeIgniter->run()
 9 SYSTEMPATH\Commands\Server\rewrite.php(47): require_once('D:\\laragon\\www\\citypeso\\public\\index.php')
CRITICAL - 2024-02-09 15:05:44 --> CodeIgniter\Database\Exceptions\DataException: There is no data to update.
in SYSTEMPATH\BaseModel.php on line 1778.
 1 SYSTEMPATH\BaseModel.php(1778): CodeIgniter\Database\Exceptions\DataException::forEmptyDataset('update')
 2 SYSTEMPATH\BaseModel.php(956): CodeIgniter\BaseModel->transformDataToArray(null, 'update')
 3 SYSTEMPATH\Model.php(807): CodeIgniter\BaseModel->update([...], null)
 4 APPPATH\Controllers\JobseekerController.php(464): CodeIgniter\Model->update([...])
 5 SYSTEMPATH\CodeIgniter.php(941): App\Controllers\JobseekerController->personalInformation()
 6 SYSTEMPATH\CodeIgniter.php(502): CodeIgniter\CodeIgniter->runController(Object(App\Controllers\JobseekerController))
 7 SYSTEMPATH\CodeIgniter.php(361): CodeIgniter\CodeIgniter->handleRequest(null, Object(Config\Cache), false)
 8 FCPATH\index.php(79): CodeIgniter\CodeIgniter->run()
 9 SYSTEMPATH\Commands\Server\rewrite.php(47): require_once('D:\\laragon\\www\\citypeso\\public\\index.php')
CRITICAL - 2024-02-09 15:05:50 --> CodeIgniter\Database\Exceptions\DataException: There is no data to update.
in SYSTEMPATH\BaseModel.php on line 1778.
 1 SYSTEMPATH\BaseModel.php(1778): CodeIgniter\Database\Exceptions\DataException::forEmptyDataset('update')
 2 SYSTEMPATH\BaseModel.php(956): CodeIgniter\BaseModel->transformDataToArray(null, 'update')
 3 SYSTEMPATH\Model.php(807): CodeIgniter\BaseModel->update([...], null)
 4 APPPATH\Controllers\JobseekerController.php(464): CodeIgniter\Model->update([...])
 5 SYSTEMPATH\CodeIgniter.php(941): App\Controllers\JobseekerController->personalInformation()
 6 SYSTEMPATH\CodeIgniter.php(502): CodeIgniter\CodeIgniter->runController(Object(App\Controllers\JobseekerController))
 7 SYSTEMPATH\CodeIgniter.php(361): CodeIgniter\CodeIgniter->handleRequest(null, Object(Config\Cache), false)
 8 FCPATH\index.php(79): CodeIgniter\CodeIgniter->run()
 9 SYSTEMPATH\Commands\Server\rewrite.php(47): require_once('D:\\laragon\\www\\citypeso\\public\\index.php')
CRITICAL - 2024-02-09 15:09:35 --> ErrorException: Array to string conversion
in SYSTEMPATH\Database\Query.php on line 327.
 1 [internal function]: CodeIgniter\Debug\Exceptions->errorHandler(2, 'Array to string conversion', 'D:\\laragon\\www\\citypeso\\system\\Database\\Query.php', 327)
 2 SYSTEMPATH\Database\Query.php(327): implode(',', [...])
 3 SYSTEMPATH\Database\Query.php(308): CodeIgniter\Database\Query->matchNamedBinds('UPDATE `jobseekerperinfo` SET `SurName` = :SurName:, `FirstName` = :FirstName:, `MiddleName` = :MiddleName:, `Suffix` = :Suffix:, `DateOfBirth` = :DateOfBirth:, `PlaceOfBirth` = :PlaceOfBirth:, `Sex` = :Sex:, `Religion` = :Religion:, `HouseNoOrStreet` = :HouseNoOrStreet:, `CivilStatus` = :CivilStatus:, `Barangay` = :Barangay:, `MunicipalityOrCity` = :MunicipalityOrCity:, `Province` = :Province:, `TinNo` = :TinNo:, `GsisOrSssNo` = :GsisOrSssNo:, `PagibigNo` = :PagibigNo:, `PhilhealthNo` = :PhilhealthNo:, `Height` = :Height:, `EmailAddress` = :EmailAddress:, `LandlineNo` = :LandlineNo:, `CellphoneNo` = :CellphoneNo:, `Disability` = :Disability:, `EmploymentStatus` = :EmploymentStatus:, `Type` = :Type:, `ActivelyLooking` = :ActivelyLooking:, `LookingWork` = :LookingWork:, `WillingWork` = :WillingWork:, `IfNo` = :IfNo:, `Beneficiary` = :Beneficiary:, `IfYesHousehold` = :IfYesHousehold:
WHERE `jobseekerperinfo`.`id` IN :jobseekerperinfo.id:', [...])
 4 SYSTEMPATH\Database\Query.php(159): CodeIgniter\Database\Query->compileBinds()
 5 SYSTEMPATH\Database\BaseConnection.php(607): CodeIgniter\Database\Query->getQuery()
 6 SYSTEMPATH\Database\BaseBuilder.php(2469): CodeIgniter\Database\BaseConnection->query('UPDATE `jobseekerperinfo` SET `SurName` = :SurName:, `FirstName` = :FirstName:, `MiddleName` = :MiddleName:, `Suffix` = :Suffix:, `DateOfBirth` = :DateOfBirth:, `PlaceOfBirth` = :PlaceOfBirth:, `Sex` = :Sex:, `Religion` = :Religion:, `HouseNoOrStreet` = :HouseNoOrStreet:, `CivilStatus` = :CivilStatus:, `Barangay` = :Barangay:, `MunicipalityOrCity` = :MunicipalityOrCity:, `Province` = :Province:, `TinNo` = :TinNo:, `GsisOrSssNo` = :GsisOrSssNo:, `PagibigNo` = :PagibigNo:, `PhilhealthNo` = :PhilhealthNo:, `Height` = :Height:, `EmailAddress` = :EmailAddress:, `LandlineNo` = :LandlineNo:, `CellphoneNo` = :CellphoneNo:, `Disability` = :Disability:, `EmploymentStatus` = :EmploymentStatus:, `Type` = :Type:, `ActivelyLooking` = :ActivelyLooking:, `LookingWork` = :LookingWork:, `WillingWork` = :WillingWork:, `IfNo` = :IfNo:, `Beneficiary` = :Beneficiary:, `IfYesHousehold` = :IfYesHousehold:
WHERE `jobseekerperinfo`.`id` IN :jobseekerperinfo.id:', [...], false)
 7 SYSTEMPATH\Model.php(393): CodeIgniter\Database\BaseBuilder->update()
 8 SYSTEMPATH\BaseModel.php(987): CodeIgniter\Model->doUpdate([...], [...])
 9 SYSTEMPATH\Model.php(807): CodeIgniter\BaseModel->update([...], [...])
10 APPPATH\Controllers\JobseekerController.php(465): CodeIgniter\Model->update([...], [...])
11 SYSTEMPATH\CodeIgniter.php(941): App\Controllers\JobseekerController->personalInformation()
12 SYSTEMPATH\CodeIgniter.php(502): CodeIgniter\CodeIgniter->runController(Object(App\Controllers\JobseekerController))
13 SYSTEMPATH\CodeIgniter.php(361): CodeIgniter\CodeIgniter->handleRequest(null, Object(Config\Cache), false)
14 FCPATH\index.php(79): CodeIgniter\CodeIgniter->run()
15 SYSTEMPATH\Commands\Server\rewrite.php(47): require_once('D:\\laragon\\www\\citypeso\\public\\index.php')
CRITICAL - 2024-02-09 15:09:41 --> ErrorException: Array to string conversion
in SYSTEMPATH\Database\Query.php on line 327.
 1 [internal function]: CodeIgniter\Debug\Exceptions->errorHandler(2, 'Array to string conversion', 'D:\\laragon\\www\\citypeso\\system\\Database\\Query.php', 327)
 2 SYSTEMPATH\Database\Query.php(327): implode(',', [...])
 3 SYSTEMPATH\Database\Query.php(308): CodeIgniter\Database\Query->matchNamedBinds('UPDATE `jobseekerperinfo` SET `SurName` = :SurName:, `FirstName` = :FirstName:, `MiddleName` = :MiddleName:, `Suffix` = :Suffix:, `DateOfBirth` = :DateOfBirth:, `PlaceOfBirth` = :PlaceOfBirth:, `Sex` = :Sex:, `Religion` = :Religion:, `HouseNoOrStreet` = :HouseNoOrStreet:, `CivilStatus` = :CivilStatus:, `Barangay` = :Barangay:, `MunicipalityOrCity` = :MunicipalityOrCity:, `Province` = :Province:, `TinNo` = :TinNo:, `GsisOrSssNo` = :GsisOrSssNo:, `PagibigNo` = :PagibigNo:, `PhilhealthNo` = :PhilhealthNo:, `Height` = :Height:, `EmailAddress` = :EmailAddress:, `LandlineNo` = :LandlineNo:, `CellphoneNo` = :CellphoneNo:, `Disability` = :Disability:, `EmploymentStatus` = :EmploymentStatus:, `Type` = :Type:, `ActivelyLooking` = :ActivelyLooking:, `LookingWork` = :LookingWork:, `WillingWork` = :WillingWork:, `IfNo` = :IfNo:, `Beneficiary` = :Beneficiary:, `IfYesHousehold` = :IfYesHousehold:
WHERE `jobseekerperinfo`.`id` IN :jobseekerperinfo.id:', [...])
 4 SYSTEMPATH\Database\Query.php(159): CodeIgniter\Database\Query->compileBinds()
 5 SYSTEMPATH\Database\BaseConnection.php(607): CodeIgniter\Database\Query->getQuery()
 6 SYSTEMPATH\Database\BaseBuilder.php(2469): CodeIgniter\Database\BaseConnection->query('UPDATE `jobseekerperinfo` SET `SurName` = :SurName:, `FirstName` = :FirstName:, `MiddleName` = :MiddleName:, `Suffix` = :Suffix:, `DateOfBirth` = :DateOfBirth:, `PlaceOfBirth` = :PlaceOfBirth:, `Sex` = :Sex:, `Religion` = :Religion:, `HouseNoOrStreet` = :HouseNoOrStreet:, `CivilStatus` = :CivilStatus:, `Barangay` = :Barangay:, `MunicipalityOrCity` = :MunicipalityOrCity:, `Province` = :Province:, `TinNo` = :TinNo:, `GsisOrSssNo` = :GsisOrSssNo:, `PagibigNo` = :PagibigNo:, `PhilhealthNo` = :PhilhealthNo:, `Height` = :Height:, `EmailAddress` = :EmailAddress:, `LandlineNo` = :LandlineNo:, `CellphoneNo` = :CellphoneNo:, `Disability` = :Disability:, `EmploymentStatus` = :EmploymentStatus:, `Type` = :Type:, `ActivelyLooking` = :ActivelyLooking:, `LookingWork` = :LookingWork:, `WillingWork` = :WillingWork:, `IfNo` = :IfNo:, `Beneficiary` = :Beneficiary:, `IfYesHousehold` = :IfYesHousehold:
WHERE `jobseekerperinfo`.`id` IN :jobseekerperinfo.id:', [...], false)
 7 SYSTEMPATH\Model.php(393): CodeIgniter\Database\BaseBuilder->update()
 8 SYSTEMPATH\BaseModel.php(987): CodeIgniter\Model->doUpdate([...], [...])
 9 SYSTEMPATH\Model.php(807): CodeIgniter\BaseModel->update([...], [...])
10 APPPATH\Controllers\JobseekerController.php(465): CodeIgniter\Model->update([...], [...])
11 SYSTEMPATH\CodeIgniter.php(941): App\Controllers\JobseekerController->personalInformation()
12 SYSTEMPATH\CodeIgniter.php(502): CodeIgniter\CodeIgniter->runController(Object(App\Controllers\JobseekerController))
13 SYSTEMPATH\CodeIgniter.php(361): CodeIgniter\CodeIgniter->handleRequest(null, Object(Config\Cache), false)
14 FCPATH\index.php(79): CodeIgniter\CodeIgniter->run()
15 SYSTEMPATH\Commands\Server\rewrite.php(47): require_once('D:\\laragon\\www\\citypeso\\public\\index.php')
ERROR - 2024-02-09 15:55:59 --> mysqli_sql_exception: Unknown column 'LicenseUntil1' in 'field list' in D:\laragon\www\citypeso\system\Database\MySQLi\Connection.php:306
Stack trace:
#0 D:\laragon\www\citypeso\system\Database\MySQLi\Connection.php(306): mysqli->query('UPDATE `jobseek...', 0)
#1 D:\laragon\www\citypeso\system\Database\BaseConnection.php(693): CodeIgniter\Database\MySQLi\Connection->execute('UPDATE `jobseek...')
#2 D:\laragon\www\citypeso\system\Database\BaseConnection.php(607): CodeIgniter\Database\BaseConnection->simpleQuery('UPDATE `jobseek...')
#3 D:\laragon\www\citypeso\system\Database\BaseBuilder.php(2469): CodeIgniter\Database\BaseConnection->query('UPDATE `jobseek...', Array, false)
#4 D:\laragon\www\citypeso\system\Model.php(393): CodeIgniter\Database\BaseBuilder->update()
#5 D:\laragon\www\citypeso\system\BaseModel.php(987): CodeIgniter\Model->doUpdate(Array, Array)
#6 D:\laragon\www\citypeso\system\Model.php(807): CodeIgniter\BaseModel->update(Array, Array)
#7 D:\laragon\www\citypeso\app\Controllers\JobseekerController.php(764): CodeIgniter\Model->update('5', Array)
#8 D:\laragon\www\citypeso\system\CodeIgniter.php(941): App\Controllers\JobseekerController->eligibilityLicense()
#9 D:\laragon\www\citypeso\system\CodeIgniter.php(502): CodeIgniter\CodeIgniter->runController(Object(App\Controllers\JobseekerController))
#10 D:\laragon\www\citypeso\system\CodeIgniter.php(361): CodeIgniter\CodeIgniter->handleRequest(NULL, Object(Config\Cache), false)
#11 D:\laragon\www\citypeso\public\index.php(79): CodeIgniter\CodeIgniter->run()
#12 D:\laragon\www\citypeso\system\Commands\Server\rewrite.php(47): require_once('D:\\laragon\\www\\...')
#13 {main}
CRITICAL - 2024-02-09 15:55:59 --> CodeIgniter\Database\Exceptions\DatabaseException: Unknown column 'LicenseUntil1' in 'field list'
in SYSTEMPATH\Database\BaseConnection.php on line 647.
 1 SYSTEMPATH\Database\BaseBuilder.php(2469): CodeIgniter\Database\BaseConnection->query('UPDATE `jobseekereligibility` SET `EligibilityTitle1` = :EligibilityTitle1:, `EligibilityRating1` = :EligibilityRating1:, `EligibilityDate1` = :EligibilityDate1:, `EligibilityTitle2` = :EligibilityTitle2:, `EligibilityRating2` = :EligibilityRating2:, `EligibilityDate2` = :EligibilityDate2:, `LicenseTitle1` = :LicenseTitle1:, `LicenseUntil1` = :LicenseUntil1:, `LicenseTitle2` = :LicenseTitle2:, `LicenseUntil2` = :LicenseUntil2:
WHERE `jobseekereligibility`.`id` IN :jobseekereligibility.id:', [...], false)
 2 SYSTEMPATH\Model.php(393): CodeIgniter\Database\BaseBuilder->update()
 3 SYSTEMPATH\BaseModel.php(987): CodeIgniter\Model->doUpdate([...], [...])
 4 SYSTEMPATH\Model.php(807): CodeIgniter\BaseModel->update([...], [...])
 5 APPPATH\Controllers\JobseekerController.php(764): CodeIgniter\Model->update('5', [...])
 6 SYSTEMPATH\CodeIgniter.php(941): App\Controllers\JobseekerController->eligibilityLicense()
 7 SYSTEMPATH\CodeIgniter.php(502): CodeIgniter\CodeIgniter->runController(Object(App\Controllers\JobseekerController))
 8 SYSTEMPATH\CodeIgniter.php(361): CodeIgniter\CodeIgniter->handleRequest(null, Object(Config\Cache), false)
 9 FCPATH\index.php(79): CodeIgniter\CodeIgniter->run()
10 SYSTEMPATH\Commands\Server\rewrite.php(47): require_once('D:\\laragon\\www\\citypeso\\public\\index.php')
CRITICAL - 2024-02-09 15:55:59 --> [Caused by] CodeIgniter\Database\Exceptions\DatabaseException: Unknown column 'LicenseUntil1' in 'field list'
in SYSTEMPATH\Database\MySQLi\Connection.php on line 311.
 1 SYSTEMPATH\Database\BaseConnection.php(693): CodeIgniter\Database\MySQLi\Connection->execute('UPDATE `jobseekereligibility` SET `EligibilityTitle1` = NULL, `EligibilityRating1` = NULL, `EligibilityDate1` = NULL, `EligibilityTitle2` = NULL, `EligibilityRating2` = NULL, `EligibilityDate2` = NULL, `LicenseTitle1` = NULL, `LicenseUntil1` = NULL, `LicenseTitle2` = NULL, `LicenseUntil2` = NULL
WHERE `jobseekereligibility`.`id` IN (\'5\')')
 2 SYSTEMPATH\Database\BaseConnection.php(607): CodeIgniter\Database\BaseConnection->simpleQuery('UPDATE `jobseekereligibility` SET `EligibilityTitle1` = NULL, `EligibilityRating1` = NULL, `EligibilityDate1` = NULL, `EligibilityTitle2` = NULL, `EligibilityRating2` = NULL, `EligibilityDate2` = NULL, `LicenseTitle1` = NULL, `LicenseUntil1` = NULL, `LicenseTitle2` = NULL, `LicenseUntil2` = NULL
WHERE `jobseekereligibility`.`id` IN (\'5\')')
 3 SYSTEMPATH\Database\BaseBuilder.php(2469): CodeIgniter\Database\BaseConnection->query('UPDATE `jobseekereligibility` SET `EligibilityTitle1` = :EligibilityTitle1:, `EligibilityRating1` = :EligibilityRating1:, `EligibilityDate1` = :EligibilityDate1:, `EligibilityTitle2` = :EligibilityTitle2:, `EligibilityRating2` = :EligibilityRating2:, `EligibilityDate2` = :EligibilityDate2:, `LicenseTitle1` = :LicenseTitle1:, `LicenseUntil1` = :LicenseUntil1:, `LicenseTitle2` = :LicenseTitle2:, `LicenseUntil2` = :LicenseUntil2:
WHERE `jobseekereligibility`.`id` IN :jobseekereligibility.id:', [...], false)
 4 SYSTEMPATH\Model.php(393): CodeIgniter\Database\BaseBuilder->update()
 5 SYSTEMPATH\BaseModel.php(987): CodeIgniter\Model->doUpdate([...], [...])
 6 SYSTEMPATH\Model.php(807): CodeIgniter\BaseModel->update([...], [...])
 7 APPPATH\Controllers\JobseekerController.php(764): CodeIgniter\Model->update('5', [...])
 8 SYSTEMPATH\CodeIgniter.php(941): App\Controllers\JobseekerController->eligibilityLicense()
 9 SYSTEMPATH\CodeIgniter.php(502): CodeIgniter\CodeIgniter->runController(Object(App\Controllers\JobseekerController))
10 SYSTEMPATH\CodeIgniter.php(361): CodeIgniter\CodeIgniter->handleRequest(null, Object(Config\Cache), false)
11 FCPATH\index.php(79): CodeIgniter\CodeIgniter->run()
12 SYSTEMPATH\Commands\Server\rewrite.php(47): require_once('D:\\laragon\\www\\citypeso\\public\\index.php')
CRITICAL - 2024-02-09 15:55:59 --> [Caused by] mysqli_sql_exception: Unknown column 'LicenseUntil1' in 'field list'
in SYSTEMPATH\Database\MySQLi\Connection.php on line 306.
 1 SYSTEMPATH\Database\MySQLi\Connection.php(306): mysqli->query('UPDATE `jobseekereligibility` SET `EligibilityTitle1` = NULL, `EligibilityRating1` = NULL, `EligibilityDate1` = NULL, `EligibilityTitle2` = NULL, `EligibilityRating2` = NULL, `EligibilityDate2` = NULL, `LicenseTitle1` = NULL, `LicenseUntil1` = NULL, `LicenseTitle2` = NULL, `LicenseUntil2` = NULL
WHERE `jobseekereligibility`.`id` IN (\'5\')', 0)
 2 SYSTEMPATH\Database\BaseConnection.php(693): CodeIgniter\Database\MySQLi\Connection->execute('UPDATE `jobseekereligibility` SET `EligibilityTitle1` = NULL, `EligibilityRating1` = NULL, `EligibilityDate1` = NULL, `EligibilityTitle2` = NULL, `EligibilityRating2` = NULL, `EligibilityDate2` = NULL, `LicenseTitle1` = NULL, `LicenseUntil1` = NULL, `LicenseTitle2` = NULL, `LicenseUntil2` = NULL
WHERE `jobseekereligibility`.`id` IN (\'5\')')
 3 SYSTEMPATH\Database\BaseConnection.php(607): CodeIgniter\Database\BaseConnection->simpleQuery('UPDATE `jobseekereligibility` SET `EligibilityTitle1` = NULL, `EligibilityRating1` = NULL, `EligibilityDate1` = NULL, `EligibilityTitle2` = NULL, `EligibilityRating2` = NULL, `EligibilityDate2` = NULL, `LicenseTitle1` = NULL, `LicenseUntil1` = NULL, `LicenseTitle2` = NULL, `LicenseUntil2` = NULL
WHERE `jobseekereligibility`.`id` IN (\'5\')')
 4 SYSTEMPATH\Database\BaseBuilder.php(2469): CodeIgniter\Database\BaseConnection->query('UPDATE `jobseekereligibility` SET `EligibilityTitle1` = :EligibilityTitle1:, `EligibilityRating1` = :EligibilityRating1:, `EligibilityDate1` = :EligibilityDate1:, `EligibilityTitle2` = :EligibilityTitle2:, `EligibilityRating2` = :EligibilityRating2:, `EligibilityDate2` = :EligibilityDate2:, `LicenseTitle1` = :LicenseTitle1:, `LicenseUntil1` = :LicenseUntil1:, `LicenseTitle2` = :LicenseTitle2:, `LicenseUntil2` = :LicenseUntil2:
WHERE `jobseekereligibility`.`id` IN :jobseekereligibility.id:', [...], false)
 5 SYSTEMPATH\Model.php(393): CodeIgniter\Database\BaseBuilder->update()
 6 SYSTEMPATH\BaseModel.php(987): CodeIgniter\Model->doUpdate([...], [...])
 7 SYSTEMPATH\Model.php(807): CodeIgniter\BaseModel->update([...], [...])
 8 APPPATH\Controllers\JobseekerController.php(764): CodeIgniter\Model->update('5', [...])
 9 SYSTEMPATH\CodeIgniter.php(941): App\Controllers\JobseekerController->eligibilityLicense()
10 SYSTEMPATH\CodeIgniter.php(502): CodeIgniter\CodeIgniter->runController(Object(App\Controllers\JobseekerController))
11 SYSTEMPATH\CodeIgniter.php(361): CodeIgniter\CodeIgniter->handleRequest(null, Object(Config\Cache), false)
12 FCPATH\index.php(79): CodeIgniter\CodeIgniter->run()
13 SYSTEMPATH\Commands\Server\rewrite.php(47): require_once('D:\\laragon\\www\\citypeso\\public\\index.php')
ERROR - 2024-02-09 17:16:47 --> mysqli_sql_exception: Unknown column 'LicenseUnit1' in 'field list' in D:\laragon\www\citypeso\system\Database\MySQLi\Connection.php:306
Stack trace:
#0 D:\laragon\www\citypeso\system\Database\MySQLi\Connection.php(306): mysqli->query('UPDATE `jobseek...', 0)
#1 D:\laragon\www\citypeso\system\Database\BaseConnection.php(693): CodeIgniter\Database\MySQLi\Connection->execute('UPDATE `jobseek...')
#2 D:\laragon\www\citypeso\system\Database\BaseConnection.php(607): CodeIgniter\Database\BaseConnection->simpleQuery('UPDATE `jobseek...')
#3 D:\laragon\www\citypeso\system\Database\BaseBuilder.php(2469): CodeIgniter\Database\BaseConnection->query('UPDATE `jobseek...', Array, false)
#4 D:\laragon\www\citypeso\system\Model.php(393): CodeIgniter\Database\BaseBuilder->update()
#5 D:\laragon\www\citypeso\system\BaseModel.php(987): CodeIgniter\Model->doUpdate(Array, Array)
#6 D:\laragon\www\citypeso\system\Model.php(807): CodeIgniter\BaseModel->update(Array, Array)
#7 D:\laragon\www\citypeso\app\Controllers\JobseekerController.php(764): CodeIgniter\Model->update('5', Array)
#8 D:\laragon\www\citypeso\system\CodeIgniter.php(941): App\Controllers\JobseekerController->eligibilityLicense()
#9 D:\laragon\www\citypeso\system\CodeIgniter.php(502): CodeIgniter\CodeIgniter->runController(Object(App\Controllers\JobseekerController))
#10 D:\laragon\www\citypeso\system\CodeIgniter.php(361): CodeIgniter\CodeIgniter->handleRequest(NULL, Object(Config\Cache), false)
#11 D:\laragon\www\citypeso\public\index.php(79): CodeIgniter\CodeIgniter->run()
#12 D:\laragon\www\citypeso\system\Commands\Server\rewrite.php(47): require_once('D:\\laragon\\www\\...')
#13 {main}
CRITICAL - 2024-02-09 17:16:47 --> CodeIgniter\Database\Exceptions\DatabaseException: Unknown column 'LicenseUnit1' in 'field list'
in SYSTEMPATH\Database\BaseConnection.php on line 647.
 1 SYSTEMPATH\Database\BaseBuilder.php(2469): CodeIgniter\Database\BaseConnection->query('UPDATE `jobseekereligibility` SET `EligibilityTitle1` = :EligibilityTitle1:, `EligibilityRating1` = :EligibilityRating1:, `EligibilityDate1` = :EligibilityDate1:, `EligibilityTitle2` = :EligibilityTitle2:, `EligibilityRating2` = :EligibilityRating2:, `EligibilityDate2` = :EligibilityDate2:, `LicenseTitle1` = :LicenseTitle1:, `LicenseUnit1` = :LicenseUnit1:, `LicenseTitle2` = :LicenseTitle2:, `LicenseUnit2` = :LicenseUnit2:
WHERE `jobseekereligibility`.`id` IN :jobseekereligibility.id:', [...], false)
 2 SYSTEMPATH\Model.php(393): CodeIgniter\Database\BaseBuilder->update()
 3 SYSTEMPATH\BaseModel.php(987): CodeIgniter\Model->doUpdate([...], [...])
 4 SYSTEMPATH\Model.php(807): CodeIgniter\BaseModel->update([...], [...])
 5 APPPATH\Controllers\JobseekerController.php(764): CodeIgniter\Model->update('5', [...])
 6 SYSTEMPATH\CodeIgniter.php(941): App\Controllers\JobseekerController->eligibilityLicense()
 7 SYSTEMPATH\CodeIgniter.php(502): CodeIgniter\CodeIgniter->runController(Object(App\Controllers\JobseekerController))
 8 SYSTEMPATH\CodeIgniter.php(361): CodeIgniter\CodeIgniter->handleRequest(null, Object(Config\Cache), false)
 9 FCPATH\index.php(79): CodeIgniter\CodeIgniter->run()
10 SYSTEMPATH\Commands\Server\rewrite.php(47): require_once('D:\\laragon\\www\\citypeso\\public\\index.php')
CRITICAL - 2024-02-09 17:16:47 --> [Caused by] CodeIgniter\Database\Exceptions\DatabaseException: Unknown column 'LicenseUnit1' in 'field list'
in SYSTEMPATH\Database\MySQLi\Connection.php on line 311.
 1 SYSTEMPATH\Database\BaseConnection.php(693): CodeIgniter\Database\MySQLi\Connection->execute('UPDATE `jobseekereligibility` SET `EligibilityTitle1` = NULL, `EligibilityRating1` = NULL, `EligibilityDate1` = NULL, `EligibilityTitle2` = NULL, `EligibilityRating2` = NULL, `EligibilityDate2` = NULL, `LicenseTitle1` = NULL, `LicenseUnit1` = NULL, `LicenseTitle2` = NULL, `LicenseUnit2` = NULL
WHERE `jobseekereligibility`.`id` IN (\'5\')')
 2 SYSTEMPATH\Database\BaseConnection.php(607): CodeIgniter\Database\BaseConnection->simpleQuery('UPDATE `jobseekereligibility` SET `EligibilityTitle1` = NULL, `EligibilityRating1` = NULL, `EligibilityDate1` = NULL, `EligibilityTitle2` = NULL, `EligibilityRating2` = NULL, `EligibilityDate2` = NULL, `LicenseTitle1` = NULL, `LicenseUnit1` = NULL, `LicenseTitle2` = NULL, `LicenseUnit2` = NULL
WHERE `jobseekereligibility`.`id` IN (\'5\')')
 3 SYSTEMPATH\Database\BaseBuilder.php(2469): CodeIgniter\Database\BaseConnection->query('UPDATE `jobseekereligibility` SET `EligibilityTitle1` = :EligibilityTitle1:, `EligibilityRating1` = :EligibilityRating1:, `EligibilityDate1` = :EligibilityDate1:, `EligibilityTitle2` = :EligibilityTitle2:, `EligibilityRating2` = :EligibilityRating2:, `EligibilityDate2` = :EligibilityDate2:, `LicenseTitle1` = :LicenseTitle1:, `LicenseUnit1` = :LicenseUnit1:, `LicenseTitle2` = :LicenseTitle2:, `LicenseUnit2` = :LicenseUnit2:
WHERE `jobseekereligibility`.`id` IN :jobseekereligibility.id:', [...], false)
 4 SYSTEMPATH\Model.php(393): CodeIgniter\Database\BaseBuilder->update()
 5 SYSTEMPATH\BaseModel.php(987): CodeIgniter\Model->doUpdate([...], [...])
 6 SYSTEMPATH\Model.php(807): CodeIgniter\BaseModel->update([...], [...])
 7 APPPATH\Controllers\JobseekerController.php(764): CodeIgniter\Model->update('5', [...])
 8 SYSTEMPATH\CodeIgniter.php(941): App\Controllers\JobseekerController->eligibilityLicense()
 9 SYSTEMPATH\CodeIgniter.php(502): CodeIgniter\CodeIgniter->runController(Object(App\Controllers\JobseekerController))
10 SYSTEMPATH\CodeIgniter.php(361): CodeIgniter\CodeIgniter->handleRequest(null, Object(Config\Cache), false)
11 FCPATH\index.php(79): CodeIgniter\CodeIgniter->run()
12 SYSTEMPATH\Commands\Server\rewrite.php(47): require_once('D:\\laragon\\www\\citypeso\\public\\index.php')
CRITICAL - 2024-02-09 17:16:47 --> [Caused by] mysqli_sql_exception: Unknown column 'LicenseUnit1' in 'field list'
in SYSTEMPATH\Database\MySQLi\Connection.php on line 306.
 1 SYSTEMPATH\Database\MySQLi\Connection.php(306): mysqli->query('UPDATE `jobseekereligibility` SET `EligibilityTitle1` = NULL, `EligibilityRating1` = NULL, `EligibilityDate1` = NULL, `EligibilityTitle2` = NULL, `EligibilityRating2` = NULL, `EligibilityDate2` = NULL, `LicenseTitle1` = NULL, `LicenseUnit1` = NULL, `LicenseTitle2` = NULL, `LicenseUnit2` = NULL
WHERE `jobseekereligibility`.`id` IN (\'5\')', 0)
 2 SYSTEMPATH\Database\BaseConnection.php(693): CodeIgniter\Database\MySQLi\Connection->execute('UPDATE `jobseekereligibility` SET `EligibilityTitle1` = NULL, `EligibilityRating1` = NULL, `EligibilityDate1` = NULL, `EligibilityTitle2` = NULL, `EligibilityRating2` = NULL, `EligibilityDate2` = NULL, `LicenseTitle1` = NULL, `LicenseUnit1` = NULL, `LicenseTitle2` = NULL, `LicenseUnit2` = NULL
WHERE `jobseekereligibility`.`id` IN (\'5\')')
 3 SYSTEMPATH\Database\BaseConnection.php(607): CodeIgniter\Database\BaseConnection->simpleQuery('UPDATE `jobseekereligibility` SET `EligibilityTitle1` = NULL, `EligibilityRating1` = NULL, `EligibilityDate1` = NULL, `EligibilityTitle2` = NULL, `EligibilityRating2` = NULL, `EligibilityDate2` = NULL, `LicenseTitle1` = NULL, `LicenseUnit1` = NULL, `LicenseTitle2` = NULL, `LicenseUnit2` = NULL
WHERE `jobseekereligibility`.`id` IN (\'5\')')
 4 SYSTEMPATH\Database\BaseBuilder.php(2469): CodeIgniter\Database\BaseConnection->query('UPDATE `jobseekereligibility` SET `EligibilityTitle1` = :EligibilityTitle1:, `EligibilityRating1` = :EligibilityRating1:, `EligibilityDate1` = :EligibilityDate1:, `EligibilityTitle2` = :EligibilityTitle2:, `EligibilityRating2` = :EligibilityRating2:, `EligibilityDate2` = :EligibilityDate2:, `LicenseTitle1` = :LicenseTitle1:, `LicenseUnit1` = :LicenseUnit1:, `LicenseTitle2` = :LicenseTitle2:, `LicenseUnit2` = :LicenseUnit2:
WHERE `jobseekereligibility`.`id` IN :jobseekereligibility.id:', [...], false)
 5 SYSTEMPATH\Model.php(393): CodeIgniter\Database\BaseBuilder->update()
 6 SYSTEMPATH\BaseModel.php(987): CodeIgniter\Model->doUpdate([...], [...])
 7 SYSTEMPATH\Model.php(807): CodeIgniter\BaseModel->update([...], [...])
 8 APPPATH\Controllers\JobseekerController.php(764): CodeIgniter\Model->update('5', [...])
 9 SYSTEMPATH\CodeIgniter.php(941): App\Controllers\JobseekerController->eligibilityLicense()
10 SYSTEMPATH\CodeIgniter.php(502): CodeIgniter\CodeIgniter->runController(Object(App\Controllers\JobseekerController))
11 SYSTEMPATH\CodeIgniter.php(361): CodeIgniter\CodeIgniter->handleRequest(null, Object(Config\Cache), false)
12 FCPATH\index.php(79): CodeIgniter\CodeIgniter->run()
13 SYSTEMPATH\Commands\Server\rewrite.php(47): require_once('D:\\laragon\\www\\citypeso\\public\\index.php')
ERROR - 2024-02-09 17:17:58 --> mysqli_sql_exception: Unknown column 'LicenseUnit1' in 'field list' in D:\laragon\www\citypeso\system\Database\MySQLi\Connection.php:306
Stack trace:
#0 D:\laragon\www\citypeso\system\Database\MySQLi\Connection.php(306): mysqli->query('UPDATE `jobseek...', 0)
#1 D:\laragon\www\citypeso\system\Database\BaseConnection.php(693): CodeIgniter\Database\MySQLi\Connection->execute('UPDATE `jobseek...')
#2 D:\laragon\www\citypeso\system\Database\BaseConnection.php(607): CodeIgniter\Database\BaseConnection->simpleQuery('UPDATE `jobseek...')
#3 D:\laragon\www\citypeso\system\Database\BaseBuilder.php(2469): CodeIgniter\Database\BaseConnection->query('UPDATE `jobseek...', Array, false)
#4 D:\laragon\www\citypeso\system\Model.php(393): CodeIgniter\Database\BaseBuilder->update()
#5 D:\laragon\www\citypeso\system\BaseModel.php(987): CodeIgniter\Model->doUpdate(Array, Array)
#6 D:\laragon\www\citypeso\system\Model.php(807): CodeIgniter\BaseModel->update(Array, Array)
#7 D:\laragon\www\citypeso\app\Controllers\JobseekerController.php(764): CodeIgniter\Model->update('5', Array)
#8 D:\laragon\www\citypeso\system\CodeIgniter.php(941): App\Controllers\JobseekerController->eligibilityLicense()
#9 D:\laragon\www\citypeso\system\CodeIgniter.php(502): CodeIgniter\CodeIgniter->runController(Object(App\Controllers\JobseekerController))
#10 D:\laragon\www\citypeso\system\CodeIgniter.php(361): CodeIgniter\CodeIgniter->handleRequest(NULL, Object(Config\Cache), false)
#11 D:\laragon\www\citypeso\public\index.php(79): CodeIgniter\CodeIgniter->run()
#12 D:\laragon\www\citypeso\system\Commands\Server\rewrite.php(47): require_once('D:\\laragon\\www\\...')
#13 {main}
CRITICAL - 2024-02-09 17:17:58 --> CodeIgniter\Database\Exceptions\DatabaseException: Unknown column 'LicenseUnit1' in 'field list'
in SYSTEMPATH\Database\BaseConnection.php on line 647.
 1 SYSTEMPATH\Database\BaseBuilder.php(2469): CodeIgniter\Database\BaseConnection->query('UPDATE `jobseekereligibility` SET `EligibilityTitle1` = :EligibilityTitle1:, `EligibilityRating1` = :EligibilityRating1:, `EligibilityDate1` = :EligibilityDate1:, `EligibilityTitle2` = :EligibilityTitle2:, `EligibilityRating2` = :EligibilityRating2:, `EligibilityDate2` = :EligibilityDate2:, `LicenseTitle1` = :LicenseTitle1:, `LicenseUnit1` = :LicenseUnit1:, `LicenseTitle2` = :LicenseTitle2:, `LicenseUnit2` = :LicenseUnit2:
WHERE `jobseekereligibility`.`id` IN :jobseekereligibility.id:', [...], false)
 2 SYSTEMPATH\Model.php(393): CodeIgniter\Database\BaseBuilder->update()
 3 SYSTEMPATH\BaseModel.php(987): CodeIgniter\Model->doUpdate([...], [...])
 4 SYSTEMPATH\Model.php(807): CodeIgniter\BaseModel->update([...], [...])
 5 APPPATH\Controllers\JobseekerController.php(764): CodeIgniter\Model->update('5', [...])
 6 SYSTEMPATH\CodeIgniter.php(941): App\Controllers\JobseekerController->eligibilityLicense()
 7 SYSTEMPATH\CodeIgniter.php(502): CodeIgniter\CodeIgniter->runController(Object(App\Controllers\JobseekerController))
 8 SYSTEMPATH\CodeIgniter.php(361): CodeIgniter\CodeIgniter->handleRequest(null, Object(Config\Cache), false)
 9 FCPATH\index.php(79): CodeIgniter\CodeIgniter->run()
10 SYSTEMPATH\Commands\Server\rewrite.php(47): require_once('D:\\laragon\\www\\citypeso\\public\\index.php')
CRITICAL - 2024-02-09 17:17:58 --> [Caused by] CodeIgniter\Database\Exceptions\DatabaseException: Unknown column 'LicenseUnit1' in 'field list'
in SYSTEMPATH\Database\MySQLi\Connection.php on line 311.
 1 SYSTEMPATH\Database\BaseConnection.php(693): CodeIgniter\Database\MySQLi\Connection->execute('UPDATE `jobseekereligibility` SET `EligibilityTitle1` = NULL, `EligibilityRating1` = NULL, `EligibilityDate1` = NULL, `EligibilityTitle2` = NULL, `EligibilityRating2` = NULL, `EligibilityDate2` = NULL, `LicenseTitle1` = NULL, `LicenseUnit1` = NULL, `LicenseTitle2` = NULL, `LicenseUnit2` = NULL
WHERE `jobseekereligibility`.`id` IN (\'5\')')
 2 SYSTEMPATH\Database\BaseConnection.php(607): CodeIgniter\Database\BaseConnection->simpleQuery('UPDATE `jobseekereligibility` SET `EligibilityTitle1` = NULL, `EligibilityRating1` = NULL, `EligibilityDate1` = NULL, `EligibilityTitle2` = NULL, `EligibilityRating2` = NULL, `EligibilityDate2` = NULL, `LicenseTitle1` = NULL, `LicenseUnit1` = NULL, `LicenseTitle2` = NULL, `LicenseUnit2` = NULL
WHERE `jobseekereligibility`.`id` IN (\'5\')')
 3 SYSTEMPATH\Database\BaseBuilder.php(2469): CodeIgniter\Database\BaseConnection->query('UPDATE `jobseekereligibility` SET `EligibilityTitle1` = :EligibilityTitle1:, `EligibilityRating1` = :EligibilityRating1:, `EligibilityDate1` = :EligibilityDate1:, `EligibilityTitle2` = :EligibilityTitle2:, `EligibilityRating2` = :EligibilityRating2:, `EligibilityDate2` = :EligibilityDate2:, `LicenseTitle1` = :LicenseTitle1:, `LicenseUnit1` = :LicenseUnit1:, `LicenseTitle2` = :LicenseTitle2:, `LicenseUnit2` = :LicenseUnit2:
WHERE `jobseekereligibility`.`id` IN :jobseekereligibility.id:', [...], false)
 4 SYSTEMPATH\Model.php(393): CodeIgniter\Database\BaseBuilder->update()
 5 SYSTEMPATH\BaseModel.php(987): CodeIgniter\Model->doUpdate([...], [...])
 6 SYSTEMPATH\Model.php(807): CodeIgniter\BaseModel->update([...], [...])
 7 APPPATH\Controllers\JobseekerController.php(764): CodeIgniter\Model->update('5', [...])
 8 SYSTEMPATH\CodeIgniter.php(941): App\Controllers\JobseekerController->eligibilityLicense()
 9 SYSTEMPATH\CodeIgniter.php(502): CodeIgniter\CodeIgniter->runController(Object(App\Controllers\JobseekerController))
10 SYSTEMPATH\CodeIgniter.php(361): CodeIgniter\CodeIgniter->handleRequest(null, Object(Config\Cache), false)
11 FCPATH\index.php(79): CodeIgniter\CodeIgniter->run()
12 SYSTEMPATH\Commands\Server\rewrite.php(47): require_once('D:\\laragon\\www\\citypeso\\public\\index.php')
CRITICAL - 2024-02-09 17:17:58 --> [Caused by] mysqli_sql_exception: Unknown column 'LicenseUnit1' in 'field list'
in SYSTEMPATH\Database\MySQLi\Connection.php on line 306.
 1 SYSTEMPATH\Database\MySQLi\Connection.php(306): mysqli->query('UPDATE `jobseekereligibility` SET `EligibilityTitle1` = NULL, `EligibilityRating1` = NULL, `EligibilityDate1` = NULL, `EligibilityTitle2` = NULL, `EligibilityRating2` = NULL, `EligibilityDate2` = NULL, `LicenseTitle1` = NULL, `LicenseUnit1` = NULL, `LicenseTitle2` = NULL, `LicenseUnit2` = NULL
WHERE `jobseekereligibility`.`id` IN (\'5\')', 0)
 2 SYSTEMPATH\Database\BaseConnection.php(693): CodeIgniter\Database\MySQLi\Connection->execute('UPDATE `jobseekereligibility` SET `EligibilityTitle1` = NULL, `EligibilityRating1` = NULL, `EligibilityDate1` = NULL, `EligibilityTitle2` = NULL, `EligibilityRating2` = NULL, `EligibilityDate2` = NULL, `LicenseTitle1` = NULL, `LicenseUnit1` = NULL, `LicenseTitle2` = NULL, `LicenseUnit2` = NULL
WHERE `jobseekereligibility`.`id` IN (\'5\')')
 3 SYSTEMPATH\Database\BaseConnection.php(607): CodeIgniter\Database\BaseConnection->simpleQuery('UPDATE `jobseekereligibility` SET `EligibilityTitle1` = NULL, `EligibilityRating1` = NULL, `EligibilityDate1` = NULL, `EligibilityTitle2` = NULL, `EligibilityRating2` = NULL, `EligibilityDate2` = NULL, `LicenseTitle1` = NULL, `LicenseUnit1` = NULL, `LicenseTitle2` = NULL, `LicenseUnit2` = NULL
WHERE `jobseekereligibility`.`id` IN (\'5\')')
 4 SYSTEMPATH\Database\BaseBuilder.php(2469): CodeIgniter\Database\BaseConnection->query('UPDATE `jobseekereligibility` SET `EligibilityTitle1` = :EligibilityTitle1:, `EligibilityRating1` = :EligibilityRating1:, `EligibilityDate1` = :EligibilityDate1:, `EligibilityTitle2` = :EligibilityTitle2:, `EligibilityRating2` = :EligibilityRating2:, `EligibilityDate2` = :EligibilityDate2:, `LicenseTitle1` = :LicenseTitle1:, `LicenseUnit1` = :LicenseUnit1:, `LicenseTitle2` = :LicenseTitle2:, `LicenseUnit2` = :LicenseUnit2:
WHERE `jobseekereligibility`.`id` IN :jobseekereligibility.id:', [...], false)
 5 SYSTEMPATH\Model.php(393): CodeIgniter\Database\BaseBuilder->update()
 6 SYSTEMPATH\BaseModel.php(987): CodeIgniter\Model->doUpdate([...], [...])
 7 SYSTEMPATH\Model.php(807): CodeIgniter\BaseModel->update([...], [...])
 8 APPPATH\Controllers\JobseekerController.php(764): CodeIgniter\Model->update('5', [...])
 9 SYSTEMPATH\CodeIgniter.php(941): App\Controllers\JobseekerController->eligibilityLicense()
10 SYSTEMPATH\CodeIgniter.php(502): CodeIgniter\CodeIgniter->runController(Object(App\Controllers\JobseekerController))
11 SYSTEMPATH\CodeIgniter.php(361): CodeIgniter\CodeIgniter->handleRequest(null, Object(Config\Cache), false)
12 FCPATH\index.php(79): CodeIgniter\CodeIgniter->run()
13 SYSTEMPATH\Commands\Server\rewrite.php(47): require_once('D:\\laragon\\www\\citypeso\\public\\index.php')
