CRITICAL - 2024-03-27 01:34:53 --> TypeError: Cannot access offset of type string on string
in APPPATH\Views\jobseeker\pages\appliedjobs.php on line 106.
 1 SYSTEMPATH\View\View.php(228): include()
 2 SYSTEMPATH\View\View.php(231): CodeIgniter\View\View->CodeIgniter\View\{closure}()
 3 SYSTEMPATH\Common.php(1178): CodeIgniter\View\View->render('jobseeker/pages/appliedjobs', [], true)
 4 APPPATH\Controllers\JobseekerController.php(187): view('jobseeker/pages/appliedjobs', [...])
 5 SYSTEMPATH\CodeIgniter.php(941): App\Controllers\JobseekerController->myappliedjobs()
 6 SYSTEMPATH\CodeIgniter.php(502): CodeIgniter\CodeIgniter->runController(Object(App\Controllers\JobseekerController))
 7 SYSTEMPATH\CodeIgniter.php(361): CodeIgniter\CodeIgniter->handleRequest(null, Object(Config\Cache), false)
 8 FCPATH\index.php(79): CodeIgniter\CodeIgniter->run()
 9 SYSTEMPATH\Commands\Server\rewrite.php(47): require_once('D:\\laragon\\www\\citypeso\\public\\index.php')
CRITICAL - 2024-03-27 08:32:51 --> ParseError: syntax error, unexpected end of file
in APPPATH\Views\admin\pages\jobseekers.php on line 79.
 1 SYSTEMPATH\View\View.php(231): CodeIgniter\View\View->CodeIgniter\View\{closure}()
 2 SYSTEMPATH\Common.php(1178): CodeIgniter\View\View->render('admin/pages/jobseekers', [], true)
 3 APPPATH\Controllers\AdminController.php(44): view('admin/pages/jobseekers', [...])
 4 SYSTEMPATH\CodeIgniter.php(941): App\Controllers\AdminController->jobseeker()
 5 SYSTEMPATH\CodeIgniter.php(502): CodeIgniter\CodeIgniter->runController(Object(App\Controllers\AdminController))
 6 SYSTEMPATH\CodeIgniter.php(361): CodeIgniter\CodeIgniter->handleRequest(null, Object(Config\Cache), false)
 7 FCPATH\index.php(79): CodeIgniter\CodeIgniter->run()
 8 SYSTEMPATH\Commands\Server\rewrite.php(47): require_once('D:\\laragon\\www\\citypeso\\public\\index.php')
CRITICAL - 2024-03-27 08:34:56 --> ParseError: syntax error, unexpected single-quoted string " ", expecting "," or ";"
in APPPATH\Views\admin\pages\jobseekers.php on line 46.
 1 SYSTEMPATH\View\View.php(231): CodeIgniter\View\View->CodeIgniter\View\{closure}()
 2 SYSTEMPATH\Common.php(1178): CodeIgniter\View\View->render('admin/pages/jobseekers', [], true)
 3 APPPATH\Controllers\AdminController.php(44): view('admin/pages/jobseekers', [...])
 4 SYSTEMPATH\CodeIgniter.php(941): App\Controllers\AdminController->jobseeker()
 5 SYSTEMPATH\CodeIgniter.php(502): CodeIgniter\CodeIgniter->runController(Object(App\Controllers\AdminController))
 6 SYSTEMPATH\CodeIgniter.php(361): CodeIgniter\CodeIgniter->handleRequest(null, Object(Config\Cache), false)
 7 FCPATH\index.php(79): CodeIgniter\CodeIgniter->run()
 8 SYSTEMPATH\Commands\Server\rewrite.php(47): require_once('D:\\laragon\\www\\citypeso\\public\\index.php')
CRITICAL - 2024-03-27 08:35:08 --> ParseError: syntax error, unexpected single-quoted string " ", expecting "," or ";"
in APPPATH\Views\admin\pages\jobseekers.php on line 46.
 1 SYSTEMPATH\View\View.php(231): CodeIgniter\View\View->CodeIgniter\View\{closure}()
 2 SYSTEMPATH\Common.php(1178): CodeIgniter\View\View->render('admin/pages/jobseekers', [], true)
 3 APPPATH\Controllers\AdminController.php(44): view('admin/pages/jobseekers', [...])
 4 SYSTEMPATH\CodeIgniter.php(941): App\Controllers\AdminController->jobseeker()
 5 SYSTEMPATH\CodeIgniter.php(502): CodeIgniter\CodeIgniter->runController(Object(App\Controllers\AdminController))
 6 SYSTEMPATH\CodeIgniter.php(361): CodeIgniter\CodeIgniter->handleRequest(null, Object(Config\Cache), false)
 7 FCPATH\index.php(79): CodeIgniter\CodeIgniter->run()
 8 SYSTEMPATH\Commands\Server\rewrite.php(47): require_once('D:\\laragon\\www\\citypeso\\public\\index.php')
CRITICAL - 2024-03-27 08:35:14 --> ParseError: syntax error, unexpected single-quoted string " ", expecting "," or ";"
in APPPATH\Views\admin\pages\jobseekers.php on line 46.
 1 SYSTEMPATH\View\View.php(231): CodeIgniter\View\View->CodeIgniter\View\{closure}()
 2 SYSTEMPATH\Common.php(1178): CodeIgniter\View\View->render('admin/pages/jobseekers', [], true)
 3 APPPATH\Controllers\AdminController.php(44): view('admin/pages/jobseekers', [...])
 4 SYSTEMPATH\CodeIgniter.php(941): App\Controllers\AdminController->jobseeker()
 5 SYSTEMPATH\CodeIgniter.php(502): CodeIgniter\CodeIgniter->runController(Object(App\Controllers\AdminController))
 6 SYSTEMPATH\CodeIgniter.php(361): CodeIgniter\CodeIgniter->handleRequest(null, Object(Config\Cache), false)
 7 FCPATH\index.php(79): CodeIgniter\CodeIgniter->run()
 8 SYSTEMPATH\Commands\Server\rewrite.php(47): require_once('D:\\laragon\\www\\citypeso\\public\\index.php')
CRITICAL - 2024-03-27 08:35:16 --> ParseError: syntax error, unexpected single-quoted string " ", expecting "," or ";"
in APPPATH\Views\admin\pages\jobseekers.php on line 46.
 1 SYSTEMPATH\View\View.php(231): CodeIgniter\View\View->CodeIgniter\View\{closure}()
 2 SYSTEMPATH\Common.php(1178): CodeIgniter\View\View->render('admin/pages/jobseekers', [], true)
 3 APPPATH\Controllers\AdminController.php(44): view('admin/pages/jobseekers', [...])
 4 SYSTEMPATH\CodeIgniter.php(941): App\Controllers\AdminController->jobseeker()
 5 SYSTEMPATH\CodeIgniter.php(502): CodeIgniter\CodeIgniter->runController(Object(App\Controllers\AdminController))
 6 SYSTEMPATH\CodeIgniter.php(361): CodeIgniter\CodeIgniter->handleRequest(null, Object(Config\Cache), false)
 7 FCPATH\index.php(79): CodeIgniter\CodeIgniter->run()
 8 SYSTEMPATH\Commands\Server\rewrite.php(47): require_once('D:\\laragon\\www\\citypeso\\public\\index.php')
CRITICAL - 2024-03-27 08:35:16 --> ParseError: syntax error, unexpected single-quoted string " ", expecting "," or ";"
in APPPATH\Views\admin\pages\jobseekers.php on line 46.
 1 SYSTEMPATH\View\View.php(231): CodeIgniter\View\View->CodeIgniter\View\{closure}()
 2 SYSTEMPATH\Common.php(1178): CodeIgniter\View\View->render('admin/pages/jobseekers', [], true)
 3 APPPATH\Controllers\AdminController.php(44): view('admin/pages/jobseekers', [...])
 4 SYSTEMPATH\CodeIgniter.php(941): App\Controllers\AdminController->jobseeker()
 5 SYSTEMPATH\CodeIgniter.php(502): CodeIgniter\CodeIgniter->runController(Object(App\Controllers\AdminController))
 6 SYSTEMPATH\CodeIgniter.php(361): CodeIgniter\CodeIgniter->handleRequest(null, Object(Config\Cache), false)
 7 FCPATH\index.php(79): CodeIgniter\CodeIgniter->run()
 8 SYSTEMPATH\Commands\Server\rewrite.php(47): require_once('D:\\laragon\\www\\citypeso\\public\\index.php')
CRITICAL - 2024-03-27 08:35:16 --> ParseError: syntax error, unexpected single-quoted string " ", expecting "," or ";"
in APPPATH\Views\admin\pages\jobseekers.php on line 46.
 1 SYSTEMPATH\View\View.php(231): CodeIgniter\View\View->CodeIgniter\View\{closure}()
 2 SYSTEMPATH\Common.php(1178): CodeIgniter\View\View->render('admin/pages/jobseekers', [], true)
 3 APPPATH\Controllers\AdminController.php(44): view('admin/pages/jobseekers', [...])
 4 SYSTEMPATH\CodeIgniter.php(941): App\Controllers\AdminController->jobseeker()
 5 SYSTEMPATH\CodeIgniter.php(502): CodeIgniter\CodeIgniter->runController(Object(App\Controllers\AdminController))
 6 SYSTEMPATH\CodeIgniter.php(361): CodeIgniter\CodeIgniter->handleRequest(null, Object(Config\Cache), false)
 7 FCPATH\index.php(79): CodeIgniter\CodeIgniter->run()
 8 SYSTEMPATH\Commands\Server\rewrite.php(47): require_once('D:\\laragon\\www\\citypeso\\public\\index.php')
CRITICAL - 2024-03-27 08:35:23 --> ParseError: syntax error, unexpected single-quoted string " ", expecting "," or ";"
in APPPATH\Views\admin\pages\jobseekers.php on line 46.
 1 SYSTEMPATH\View\View.php(231): CodeIgniter\View\View->CodeIgniter\View\{closure}()
 2 SYSTEMPATH\Common.php(1178): CodeIgniter\View\View->render('admin/pages/jobseekers', [], true)
 3 APPPATH\Controllers\AdminController.php(44): view('admin/pages/jobseekers', [...])
 4 SYSTEMPATH\CodeIgniter.php(941): App\Controllers\AdminController->jobseeker()
 5 SYSTEMPATH\CodeIgniter.php(502): CodeIgniter\CodeIgniter->runController(Object(App\Controllers\AdminController))
 6 SYSTEMPATH\CodeIgniter.php(361): CodeIgniter\CodeIgniter->handleRequest(null, Object(Config\Cache), false)
 7 FCPATH\index.php(79): CodeIgniter\CodeIgniter->run()
 8 SYSTEMPATH\Commands\Server\rewrite.php(47): require_once('D:\\laragon\\www\\citypeso\\public\\index.php')
CRITICAL - 2024-03-27 08:35:23 --> ParseError: syntax error, unexpected single-quoted string " ", expecting "," or ";"
in APPPATH\Views\admin\pages\jobseekers.php on line 46.
 1 SYSTEMPATH\View\View.php(231): CodeIgniter\View\View->CodeIgniter\View\{closure}()
 2 SYSTEMPATH\Common.php(1178): CodeIgniter\View\View->render('admin/pages/jobseekers', [], true)
 3 APPPATH\Controllers\AdminController.php(44): view('admin/pages/jobseekers', [...])
 4 SYSTEMPATH\CodeIgniter.php(941): App\Controllers\AdminController->jobseeker()
 5 SYSTEMPATH\CodeIgniter.php(502): CodeIgniter\CodeIgniter->runController(Object(App\Controllers\AdminController))
 6 SYSTEMPATH\CodeIgniter.php(361): CodeIgniter\CodeIgniter->handleRequest(null, Object(Config\Cache), false)
 7 FCPATH\index.php(79): CodeIgniter\CodeIgniter->run()
 8 SYSTEMPATH\Commands\Server\rewrite.php(47): require_once('D:\\laragon\\www\\citypeso\\public\\index.php')
CRITICAL - 2024-03-27 10:56:35 --> ParseError: syntax error, unexpected token ":", expecting ";"
in APPPATH\Views\admin\pages\jobseekers.php on line 73.
 1 SYSTEMPATH\View\View.php(231): CodeIgniter\View\View->CodeIgniter\View\{closure}()
 2 SYSTEMPATH\Common.php(1178): CodeIgniter\View\View->render('admin/pages/jobseekers', [], true)
 3 APPPATH\Controllers\AdminController.php(44): view('admin/pages/jobseekers', [...])
 4 SYSTEMPATH\CodeIgniter.php(941): App\Controllers\AdminController->jobseeker()
 5 SYSTEMPATH\CodeIgniter.php(502): CodeIgniter\CodeIgniter->runController(Object(App\Controllers\AdminController))
 6 SYSTEMPATH\CodeIgniter.php(361): CodeIgniter\CodeIgniter->handleRequest(null, Object(Config\Cache), false)
 7 FCPATH\index.php(79): CodeIgniter\CodeIgniter->run()
 8 SYSTEMPATH\Commands\Server\rewrite.php(47): require_once('D:\\laragon\\www\\citypeso\\public\\index.php')
CRITICAL - 2024-03-27 16:16:16 --> ErrorException: Array to string conversion
in APPPATH\Views\admin\pages\jobseekers.php on line 55.
 1 APPPATH\Views\admin\pages\jobseekers.php(55): CodeIgniter\Debug\Exceptions->errorHandler(2, 'Array to string conversion', 'D:\\laragon\\www\\citypeso\\app\\Views\\admin\\pages\\jobseekers.php', 55)
 2 SYSTEMPATH\View\View.php(228): include('D:\\laragon\\www\\citypeso\\app\\Views\\admin\\pages\\jobseekers.php')
 3 SYSTEMPATH\View\View.php(231): CodeIgniter\View\View->CodeIgniter\View\{closure}()
 4 SYSTEMPATH\Common.php(1178): CodeIgniter\View\View->render('admin/pages/jobseekers', [], true)
 5 APPPATH\Controllers\AdminController.php(46): view('admin/pages/jobseekers', [...])
 6 SYSTEMPATH\CodeIgniter.php(941): App\Controllers\AdminController->jobseeker()
 7 SYSTEMPATH\CodeIgniter.php(502): CodeIgniter\CodeIgniter->runController(Object(App\Controllers\AdminController))
 8 SYSTEMPATH\CodeIgniter.php(361): CodeIgniter\CodeIgniter->handleRequest(null, Object(Config\Cache), false)
 9 FCPATH\index.php(79): CodeIgniter\CodeIgniter->run()
10 SYSTEMPATH\Commands\Server\rewrite.php(47): require_once('D:\\laragon\\www\\citypeso\\public\\index.php')
CRITICAL - 2024-03-27 16:16:28 --> ErrorException: Array to string conversion
in APPPATH\Views\admin\pages\jobseekers.php on line 55.
 1 APPPATH\Views\admin\pages\jobseekers.php(55): CodeIgniter\Debug\Exceptions->errorHandler(2, 'Array to string conversion', 'D:\\laragon\\www\\citypeso\\app\\Views\\admin\\pages\\jobseekers.php', 55)
 2 SYSTEMPATH\View\View.php(228): include('D:\\laragon\\www\\citypeso\\app\\Views\\admin\\pages\\jobseekers.php')
 3 SYSTEMPATH\View\View.php(231): CodeIgniter\View\View->CodeIgniter\View\{closure}()
 4 SYSTEMPATH\Common.php(1178): CodeIgniter\View\View->render('admin/pages/jobseekers', [], true)
 5 APPPATH\Controllers\AdminController.php(46): view('admin/pages/jobseekers', [...])
 6 SYSTEMPATH\CodeIgniter.php(941): App\Controllers\AdminController->jobseeker()
 7 SYSTEMPATH\CodeIgniter.php(502): CodeIgniter\CodeIgniter->runController(Object(App\Controllers\AdminController))
 8 SYSTEMPATH\CodeIgniter.php(361): CodeIgniter\CodeIgniter->handleRequest(null, Object(Config\Cache), false)
 9 FCPATH\index.php(79): CodeIgniter\CodeIgniter->run()
10 SYSTEMPATH\Commands\Server\rewrite.php(47): require_once('D:\\laragon\\www\\citypeso\\public\\index.php')
CRITICAL - 2024-03-27 16:16:45 --> ErrorException: Array to string conversion
in APPPATH\Views\admin\pages\jobseekers.php on line 55.
 1 APPPATH\Views\admin\pages\jobseekers.php(55): CodeIgniter\Debug\Exceptions->errorHandler(2, 'Array to string conversion', 'D:\\laragon\\www\\citypeso\\app\\Views\\admin\\pages\\jobseekers.php', 55)
 2 SYSTEMPATH\View\View.php(228): include('D:\\laragon\\www\\citypeso\\app\\Views\\admin\\pages\\jobseekers.php')
 3 SYSTEMPATH\View\View.php(231): CodeIgniter\View\View->CodeIgniter\View\{closure}()
 4 SYSTEMPATH\Common.php(1178): CodeIgniter\View\View->render('admin/pages/jobseekers', [], true)
 5 APPPATH\Controllers\AdminController.php(46): view('admin/pages/jobseekers', [...])
 6 SYSTEMPATH\CodeIgniter.php(941): App\Controllers\AdminController->jobseeker()
 7 SYSTEMPATH\CodeIgniter.php(502): CodeIgniter\CodeIgniter->runController(Object(App\Controllers\AdminController))
 8 SYSTEMPATH\CodeIgniter.php(361): CodeIgniter\CodeIgniter->handleRequest(null, Object(Config\Cache), false)
 9 FCPATH\index.php(79): CodeIgniter\CodeIgniter->run()
10 SYSTEMPATH\Commands\Server\rewrite.php(47): require_once('D:\\laragon\\www\\citypeso\\public\\index.php')
CRITICAL - 2024-03-27 16:16:46 --> ErrorException: Array to string conversion
in APPPATH\Views\admin\pages\jobseekers.php on line 55.
 1 APPPATH\Views\admin\pages\jobseekers.php(55): CodeIgniter\Debug\Exceptions->errorHandler(2, 'Array to string conversion', 'D:\\laragon\\www\\citypeso\\app\\Views\\admin\\pages\\jobseekers.php', 55)
 2 SYSTEMPATH\View\View.php(228): include('D:\\laragon\\www\\citypeso\\app\\Views\\admin\\pages\\jobseekers.php')
 3 SYSTEMPATH\View\View.php(231): CodeIgniter\View\View->CodeIgniter\View\{closure}()
 4 SYSTEMPATH\Common.php(1178): CodeIgniter\View\View->render('admin/pages/jobseekers', [], true)
 5 APPPATH\Controllers\AdminController.php(46): view('admin/pages/jobseekers', [...])
 6 SYSTEMPATH\CodeIgniter.php(941): App\Controllers\AdminController->jobseeker()
 7 SYSTEMPATH\CodeIgniter.php(502): CodeIgniter\CodeIgniter->runController(Object(App\Controllers\AdminController))
 8 SYSTEMPATH\CodeIgniter.php(361): CodeIgniter\CodeIgniter->handleRequest(null, Object(Config\Cache), false)
 9 FCPATH\index.php(79): CodeIgniter\CodeIgniter->run()
10 SYSTEMPATH\Commands\Server\rewrite.php(47): require_once('D:\\laragon\\www\\citypeso\\public\\index.php')
CRITICAL - 2024-03-27 17:56:33 --> ParseError: syntax error, unexpected token ";", expecting ")"
in APPPATH\Views\admin\pages\jobseekers.php on line 72.
 1 SYSTEMPATH\View\View.php(231): CodeIgniter\View\View->CodeIgniter\View\{closure}()
 2 SYSTEMPATH\Common.php(1178): CodeIgniter\View\View->render('admin/pages/jobseekers', [], true)
 3 APPPATH\Controllers\AdminController.php(46): view('admin/pages/jobseekers', [...])
 4 SYSTEMPATH\CodeIgniter.php(941): App\Controllers\AdminController->jobseeker()
 5 SYSTEMPATH\CodeIgniter.php(502): CodeIgniter\CodeIgniter->runController(Object(App\Controllers\AdminController))
 6 SYSTEMPATH\CodeIgniter.php(361): CodeIgniter\CodeIgniter->handleRequest(null, Object(Config\Cache), false)
 7 FCPATH\index.php(79): CodeIgniter\CodeIgniter->run()
 8 SYSTEMPATH\Commands\Server\rewrite.php(47): require_once('D:\\laragon\\www\\citypeso\\public\\index.php')
CRITICAL - 2024-03-27 17:57:26 --> ParseError: syntax error, unexpected token ";", expecting ")"
in APPPATH\Views\admin\pages\jobseekers.php on line 72.
 1 SYSTEMPATH\View\View.php(231): CodeIgniter\View\View->CodeIgniter\View\{closure}()
 2 SYSTEMPATH\Common.php(1178): CodeIgniter\View\View->render('admin/pages/jobseekers', [], true)
 3 APPPATH\Controllers\AdminController.php(46): view('admin/pages/jobseekers', [...])
 4 SYSTEMPATH\CodeIgniter.php(941): App\Controllers\AdminController->jobseeker()
 5 SYSTEMPATH\CodeIgniter.php(502): CodeIgniter\CodeIgniter->runController(Object(App\Controllers\AdminController))
 6 SYSTEMPATH\CodeIgniter.php(361): CodeIgniter\CodeIgniter->handleRequest(null, Object(Config\Cache), false)
 7 FCPATH\index.php(79): CodeIgniter\CodeIgniter->run()
 8 SYSTEMPATH\Commands\Server\rewrite.php(47): require_once('D:\\laragon\\www\\citypeso\\public\\index.php')
