<<<<<<< Updated upstream
CRITICAL - 2024-04-07 05:27:13 --> ErrorException: Undefined array key "elementaryLevel"
in APPPATH\Views\jobseeker\pages\profile.php on line 783.
 1 APPPATH\Views\jobseeker\pages\profile.php(783): CodeIgniter\Debug\Exceptions->errorHandler(2, 'Undefined array key "elementaryLevel"', 'D:\\laragon\\www\\citypeso\\app\\Views\\jobseeker\\pages\\profile.php', 783)
 2 SYSTEMPATH\View\View.php(228): include('D:\\laragon\\www\\citypeso\\app\\Views\\jobseeker\\pages\\profile.php')
 3 SYSTEMPATH\View\View.php(231): CodeIgniter\View\View->CodeIgniter\View\{closure}()
 4 SYSTEMPATH\Common.php(1178): CodeIgniter\View\View->render('jobseeker/pages/profile', [], true)
 5 APPPATH\Controllers\JobseekerController.php(146): view('jobseeker/pages/profile', [...])
 6 SYSTEMPATH\CodeIgniter.php(941): App\Controllers\JobseekerController->myprofile()
 7 SYSTEMPATH\CodeIgniter.php(502): CodeIgniter\CodeIgniter->runController(Object(App\Controllers\JobseekerController))
 8 SYSTEMPATH\CodeIgniter.php(361): CodeIgniter\CodeIgniter->handleRequest(null, Object(Config\Cache), false)
 9 FCPATH\index.php(79): CodeIgniter\CodeIgniter->run()
10 SYSTEMPATH\Commands\Server\rewrite.php(47): require_once('D:\\laragon\\www\\citypeso\\public\\index.php')
CRITICAL - 2024-04-07 06:37:26 --> ErrorException: Undefined array key "SecondaryAwardsReceived"
in APPPATH\Views\jobseeker\pages\profile.php on line 863.
 1 APPPATH\Views\jobseeker\pages\profile.php(863): CodeIgniter\Debug\Exceptions->errorHandler(2, 'Undefined array key "SecondaryAwardsReceived"', 'D:\\laragon\\www\\citypeso\\app\\Views\\jobseeker\\pages\\profile.php', 863)
 2 SYSTEMPATH\View\View.php(228): include('D:\\laragon\\www\\citypeso\\app\\Views\\jobseeker\\pages\\profile.php')
 3 SYSTEMPATH\View\View.php(231): CodeIgniter\View\View->CodeIgniter\View\{closure}()
 4 SYSTEMPATH\Common.php(1178): CodeIgniter\View\View->render('jobseeker/pages/profile', [], true)
 5 APPPATH\Controllers\JobseekerController.php(146): view('jobseeker/pages/profile', [...])
 6 SYSTEMPATH\CodeIgniter.php(941): App\Controllers\JobseekerController->myprofile()
 7 SYSTEMPATH\CodeIgniter.php(502): CodeIgniter\CodeIgniter->runController(Object(App\Controllers\JobseekerController))
 8 SYSTEMPATH\CodeIgniter.php(361): CodeIgniter\CodeIgniter->handleRequest(null, Object(Config\Cache), false)
 9 FCPATH\index.php(79): CodeIgniter\CodeIgniter->run()
10 SYSTEMPATH\Commands\Server\rewrite.php(47): require_once('D:\\laragon\\www\\citypeso\\public\\index.php')
CRITICAL - 2024-04-07 07:27:17 --> ErrorException: Undefined array key "GradStudiesLevel"
in APPPATH\Views\jobseeker\pages\profile.php on line 969.
 1 APPPATH\Views\jobseeker\pages\profile.php(969): CodeIgniter\Debug\Exceptions->errorHandler(2, 'Undefined array key "GradStudiesLevel"', 'D:\\laragon\\www\\citypeso\\app\\Views\\jobseeker\\pages\\profile.php', 969)
 2 SYSTEMPATH\View\View.php(228): include('D:\\laragon\\www\\citypeso\\app\\Views\\jobseeker\\pages\\profile.php')
 3 SYSTEMPATH\View\View.php(231): CodeIgniter\View\View->CodeIgniter\View\{closure}()
 4 SYSTEMPATH\Common.php(1178): CodeIgniter\View\View->render('jobseeker/pages/profile', [], true)
 5 APPPATH\Controllers\JobseekerController.php(146): view('jobseeker/pages/profile', [...])
 6 SYSTEMPATH\CodeIgniter.php(941): App\Controllers\JobseekerController->myprofile()
 7 SYSTEMPATH\CodeIgniter.php(502): CodeIgniter\CodeIgniter->runController(Object(App\Controllers\JobseekerController))
 8 SYSTEMPATH\CodeIgniter.php(361): CodeIgniter\CodeIgniter->handleRequest(null, Object(Config\Cache), false)
 9 FCPATH\index.php(79): CodeIgniter\CodeIgniter->run()
10 SYSTEMPATH\Commands\Server\rewrite.php(47): require_once('D:\\laragon\\www\\citypeso\\public\\index.php')
CRITICAL - 2024-04-07 07:27:51 --> ErrorException: Undefined array key "GradStudiesAwards"
in APPPATH\Views\jobseeker\pages\profile.php on line 969.
 1 APPPATH\Views\jobseeker\pages\profile.php(969): CodeIgniter\Debug\Exceptions->errorHandler(2, 'Undefined array key "GradStudiesAwards"', 'D:\\laragon\\www\\citypeso\\app\\Views\\jobseeker\\pages\\profile.php', 969)
 2 SYSTEMPATH\View\View.php(228): include('D:\\laragon\\www\\citypeso\\app\\Views\\jobseeker\\pages\\profile.php')
 3 SYSTEMPATH\View\View.php(231): CodeIgniter\View\View->CodeIgniter\View\{closure}()
 4 SYSTEMPATH\Common.php(1178): CodeIgniter\View\View->render('jobseeker/pages/profile', [], true)
 5 APPPATH\Controllers\JobseekerController.php(146): view('jobseeker/pages/profile', [...])
 6 SYSTEMPATH\CodeIgniter.php(941): App\Controllers\JobseekerController->myprofile()
 7 SYSTEMPATH\CodeIgniter.php(502): CodeIgniter\CodeIgniter->runController(Object(App\Controllers\JobseekerController))
 8 SYSTEMPATH\CodeIgniter.php(361): CodeIgniter\CodeIgniter->handleRequest(null, Object(Config\Cache), false)
 9 FCPATH\index.php(79): CodeIgniter\CodeIgniter->run()
10 SYSTEMPATH\Commands\Server\rewrite.php(47): require_once('D:\\laragon\\www\\citypeso\\public\\index.php')
CRITICAL - 2024-04-07 07:46:47 --> ParseError: syntax error, unexpected token "if"
in APPPATH\Views\jobseeker\pages\profile.php on line 1008.
 1 SYSTEMPATH\View\View.php(231): CodeIgniter\View\View->CodeIgniter\View\{closure}()
 2 SYSTEMPATH\Common.php(1178): CodeIgniter\View\View->render('jobseeker/pages/profile', [], true)
 3 APPPATH\Controllers\JobseekerController.php(146): view('jobseeker/pages/profile', [...])
 4 SYSTEMPATH\CodeIgniter.php(941): App\Controllers\JobseekerController->myprofile()
 5 SYSTEMPATH\CodeIgniter.php(502): CodeIgniter\CodeIgniter->runController(Object(App\Controllers\JobseekerController))
 6 SYSTEMPATH\CodeIgniter.php(361): CodeIgniter\CodeIgniter->handleRequest(null, Object(Config\Cache), false)
 7 FCPATH\index.php(79): CodeIgniter\CodeIgniter->run()
 8 SYSTEMPATH\Commands\Server\rewrite.php(47): require_once('D:\\laragon\\www\\citypeso\\public\\index.php')
CRITICAL - 2024-04-07 08:16:46 --> ParseError: syntax error, unexpected token ")", expecting "("
in APPPATH\Views\jobseeker\pages\profile.php on line 1008.
 1 SYSTEMPATH\View\View.php(231): CodeIgniter\View\View->CodeIgniter\View\{closure}()
 2 SYSTEMPATH\Common.php(1178): CodeIgniter\View\View->render('jobseeker/pages/profile', [], true)
 3 APPPATH\Controllers\JobseekerController.php(146): view('jobseeker/pages/profile', [...])
 4 SYSTEMPATH\CodeIgniter.php(941): App\Controllers\JobseekerController->myprofile()
 5 SYSTEMPATH\CodeIgniter.php(502): CodeIgniter\CodeIgniter->runController(Object(App\Controllers\JobseekerController))
 6 SYSTEMPATH\CodeIgniter.php(361): CodeIgniter\CodeIgniter->handleRequest(null, Object(Config\Cache), false)
 7 FCPATH\index.php(79): CodeIgniter\CodeIgniter->run()
 8 SYSTEMPATH\Commands\Server\rewrite.php(47): require_once('D:\\laragon\\www\\citypeso\\public\\index.php')
=======
CRITICAL - 2024-04-07 07:27:10 --> ErrorException: Undefined variable $combinedData
in APPPATH\Controllers\EmployerController.php on line 58.
 1 APPPATH\Controllers\EmployerController.php(58): CodeIgniter\Debug\Exceptions->errorHandler(2, 'Undefined variable $combinedData', 'C:\\laragon\\www\\citypeso\\app\\Controllers\\EmployerController.php', 58)
 2 SYSTEMPATH\CodeIgniter.php(941): App\Controllers\EmployerController->employerjobs()
 3 SYSTEMPATH\CodeIgniter.php(502): CodeIgniter\CodeIgniter->runController(Object(App\Controllers\EmployerController))
 4 SYSTEMPATH\CodeIgniter.php(361): CodeIgniter\CodeIgniter->handleRequest(null, Object(Config\Cache), false)
 5 FCPATH\index.php(79): CodeIgniter\CodeIgniter->run()
 6 SYSTEMPATH\Commands\Server\rewrite.php(47): require_once('C:\\laragon\\www\\citypeso\\public\\index.php')
CRITICAL - 2024-04-07 07:27:37 --> ErrorException: Undefined variable $combinedData
in APPPATH\Controllers\EmployerController.php on line 58.
 1 APPPATH\Controllers\EmployerController.php(58): CodeIgniter\Debug\Exceptions->errorHandler(2, 'Undefined variable $combinedData', 'C:\\laragon\\www\\citypeso\\app\\Controllers\\EmployerController.php', 58)
 2 SYSTEMPATH\CodeIgniter.php(941): App\Controllers\EmployerController->employerjobs()
 3 SYSTEMPATH\CodeIgniter.php(502): CodeIgniter\CodeIgniter->runController(Object(App\Controllers\EmployerController))
 4 SYSTEMPATH\CodeIgniter.php(361): CodeIgniter\CodeIgniter->handleRequest(null, Object(Config\Cache), false)
 5 FCPATH\index.php(79): CodeIgniter\CodeIgniter->run()
 6 SYSTEMPATH\Commands\Server\rewrite.php(47): require_once('C:\\laragon\\www\\citypeso\\public\\index.php')
CRITICAL - 2024-04-07 07:27:44 --> ErrorException: Undefined variable $combinedData
in APPPATH\Controllers\EmployerController.php on line 58.
 1 APPPATH\Controllers\EmployerController.php(58): CodeIgniter\Debug\Exceptions->errorHandler(2, 'Undefined variable $combinedData', 'C:\\laragon\\www\\citypeso\\app\\Controllers\\EmployerController.php', 58)
 2 SYSTEMPATH\CodeIgniter.php(941): App\Controllers\EmployerController->employerjobs()
 3 SYSTEMPATH\CodeIgniter.php(502): CodeIgniter\CodeIgniter->runController(Object(App\Controllers\EmployerController))
 4 SYSTEMPATH\CodeIgniter.php(361): CodeIgniter\CodeIgniter->handleRequest(null, Object(Config\Cache), false)
 5 FCPATH\index.php(79): CodeIgniter\CodeIgniter->run()
 6 SYSTEMPATH\Commands\Server\rewrite.php(47): require_once('C:\\laragon\\www\\citypeso\\public\\index.php')
CRITICAL - 2024-04-07 08:52:34 --> Error: Call to a member function with() on string
in APPPATH\Controllers\EmployerController.php on line 30.
 1 SYSTEMPATH\CodeIgniter.php(941): App\Controllers\EmployerController->newemployerprofile()
 2 SYSTEMPATH\CodeIgniter.php(502): CodeIgniter\CodeIgniter->runController(Object(App\Controllers\EmployerController))
 3 SYSTEMPATH\CodeIgniter.php(361): CodeIgniter\CodeIgniter->handleRequest(null, Object(Config\Cache), false)
 4 FCPATH\index.php(79): CodeIgniter\CodeIgniter->run()
 5 SYSTEMPATH\Commands\Server\rewrite.php(47): require_once('C:\\laragon\\www\\citypeso\\public\\index.php')
CRITICAL - 2024-04-07 09:53:41 --> ErrorException: Undefined variable $combinedData
in APPPATH\Controllers\EmployerController.php on line 58.
 1 APPPATH\Controllers\EmployerController.php(58): CodeIgniter\Debug\Exceptions->errorHandler(2, 'Undefined variable $combinedData', 'C:\\laragon\\www\\citypeso\\app\\Controllers\\EmployerController.php', 58)
 2 SYSTEMPATH\CodeIgniter.php(941): App\Controllers\EmployerController->employerjobs()
 3 SYSTEMPATH\CodeIgniter.php(502): CodeIgniter\CodeIgniter->runController(Object(App\Controllers\EmployerController))
 4 SYSTEMPATH\CodeIgniter.php(361): CodeIgniter\CodeIgniter->handleRequest(null, Object(Config\Cache), false)
 5 FCPATH\index.php(79): CodeIgniter\CodeIgniter->run()
 6 SYSTEMPATH\Commands\Server\rewrite.php(47): require_once('C:\\laragon\\www\\citypeso\\public\\index.php')
ERROR - 2024-04-07 11:08:52 --> mysqli_sql_exception: You have an error in your SQL syntax; check the manual that corresponds to your MySQL server version for the right syntax to use near '`Status` = 'Approved'' at line 3 in C:\laragon\www\citypeso\system\Database\MySQLi\Connection.php:306
Stack trace:
#0 C:\laragon\www\citypeso\system\Database\MySQLi\Connection.php(306): mysqli->query('SELECT *\nFROM `...', 0)
#1 C:\laragon\www\citypeso\system\Database\BaseConnection.php(693): CodeIgniter\Database\MySQLi\Connection->execute('SELECT *\nFROM `...')
#2 C:\laragon\www\citypeso\system\Database\BaseConnection.php(607): CodeIgniter\Database\BaseConnection->simpleQuery('SELECT *\nFROM `...')
#3 C:\laragon\www\citypeso\system\Database\BaseBuilder.php(1613): CodeIgniter\Database\BaseConnection->query('SELECT *\nFROM `...', Array, false)
#4 C:\laragon\www\citypeso\system\Model.php(872): CodeIgniter\Database\BaseBuilder->get()
#5 C:\laragon\www\citypeso\app\Controllers\AdminController.php(81): CodeIgniter\Model->__call('get', Array)
#6 C:\laragon\www\citypeso\system\CodeIgniter.php(941): App\Controllers\AdminController->employer()
#7 C:\laragon\www\citypeso\system\CodeIgniter.php(502): CodeIgniter\CodeIgniter->runController(Object(App\Controllers\AdminController))
#8 C:\laragon\www\citypeso\system\CodeIgniter.php(361): CodeIgniter\CodeIgniter->handleRequest(NULL, Object(Config\Cache), false)
#9 C:\laragon\www\citypeso\public\index.php(79): CodeIgniter\CodeIgniter->run()
#10 C:\laragon\www\citypeso\system\Commands\Server\rewrite.php(47): require_once('C:\\laragon\\www\\...')
#11 {main}
CRITICAL - 2024-04-07 11:08:52 --> CodeIgniter\Database\Exceptions\DatabaseException: You have an error in your SQL syntax; check the manual that corresponds to your MySQL server version for the right syntax to use near '`Status` = 'Approved'' at line 3
in SYSTEMPATH\Database\BaseConnection.php on line 647.
 1 SYSTEMPATH\Database\BaseBuilder.php(1613): CodeIgniter\Database\BaseConnection->query('SELECT *
FROM `employercompanyprofile`
WHERE `profile` `Status` = :profile Status:', [...], false)
 2 SYSTEMPATH\Model.php(872): CodeIgniter\Database\BaseBuilder->get()
 3 APPPATH\Controllers\AdminController.php(81): CodeIgniter\Model->__call('get', [])
 4 SYSTEMPATH\CodeIgniter.php(941): App\Controllers\AdminController->employer()
 5 SYSTEMPATH\CodeIgniter.php(502): CodeIgniter\CodeIgniter->runController(Object(App\Controllers\AdminController))
 6 SYSTEMPATH\CodeIgniter.php(361): CodeIgniter\CodeIgniter->handleRequest(null, Object(Config\Cache), false)
 7 FCPATH\index.php(79): CodeIgniter\CodeIgniter->run()
 8 SYSTEMPATH\Commands\Server\rewrite.php(47): require_once('C:\\laragon\\www\\citypeso\\public\\index.php')
CRITICAL - 2024-04-07 11:08:52 --> [Caused by] CodeIgniter\Database\Exceptions\DatabaseException: You have an error in your SQL syntax; check the manual that corresponds to your MySQL server version for the right syntax to use near '`Status` = 'Approved'' at line 3
in SYSTEMPATH\Database\MySQLi\Connection.php on line 311.
 1 SYSTEMPATH\Database\BaseConnection.php(693): CodeIgniter\Database\MySQLi\Connection->execute('SELECT *
FROM `employercompanyprofile`
WHERE `profile` `Status` = \'Approved\'')
 2 SYSTEMPATH\Database\BaseConnection.php(607): CodeIgniter\Database\BaseConnection->simpleQuery('SELECT *
FROM `employercompanyprofile`
WHERE `profile` `Status` = \'Approved\'')
 3 SYSTEMPATH\Database\BaseBuilder.php(1613): CodeIgniter\Database\BaseConnection->query('SELECT *
FROM `employercompanyprofile`
WHERE `profile` `Status` = :profile Status:', [...], false)
 4 SYSTEMPATH\Model.php(872): CodeIgniter\Database\BaseBuilder->get()
 5 APPPATH\Controllers\AdminController.php(81): CodeIgniter\Model->__call('get', [])
 6 SYSTEMPATH\CodeIgniter.php(941): App\Controllers\AdminController->employer()
 7 SYSTEMPATH\CodeIgniter.php(502): CodeIgniter\CodeIgniter->runController(Object(App\Controllers\AdminController))
 8 SYSTEMPATH\CodeIgniter.php(361): CodeIgniter\CodeIgniter->handleRequest(null, Object(Config\Cache), false)
 9 FCPATH\index.php(79): CodeIgniter\CodeIgniter->run()
10 SYSTEMPATH\Commands\Server\rewrite.php(47): require_once('C:\\laragon\\www\\citypeso\\public\\index.php')
CRITICAL - 2024-04-07 11:08:52 --> [Caused by] mysqli_sql_exception: You have an error in your SQL syntax; check the manual that corresponds to your MySQL server version for the right syntax to use near '`Status` = 'Approved'' at line 3
in SYSTEMPATH\Database\MySQLi\Connection.php on line 306.
 1 SYSTEMPATH\Database\MySQLi\Connection.php(306): mysqli->query('SELECT *
FROM `employercompanyprofile`
WHERE `profile` `Status` = \'Approved\'', 0)
 2 SYSTEMPATH\Database\BaseConnection.php(693): CodeIgniter\Database\MySQLi\Connection->execute('SELECT *
FROM `employercompanyprofile`
WHERE `profile` `Status` = \'Approved\'')
 3 SYSTEMPATH\Database\BaseConnection.php(607): CodeIgniter\Database\BaseConnection->simpleQuery('SELECT *
FROM `employercompanyprofile`
WHERE `profile` `Status` = \'Approved\'')
 4 SYSTEMPATH\Database\BaseBuilder.php(1613): CodeIgniter\Database\BaseConnection->query('SELECT *
FROM `employercompanyprofile`
WHERE `profile` `Status` = :profile Status:', [...], false)
 5 SYSTEMPATH\Model.php(872): CodeIgniter\Database\BaseBuilder->get()
 6 APPPATH\Controllers\AdminController.php(81): CodeIgniter\Model->__call('get', [])
 7 SYSTEMPATH\CodeIgniter.php(941): App\Controllers\AdminController->employer()
 8 SYSTEMPATH\CodeIgniter.php(502): CodeIgniter\CodeIgniter->runController(Object(App\Controllers\AdminController))
 9 SYSTEMPATH\CodeIgniter.php(361): CodeIgniter\CodeIgniter->handleRequest(null, Object(Config\Cache), false)
10 FCPATH\index.php(79): CodeIgniter\CodeIgniter->run()
11 SYSTEMPATH\Commands\Server\rewrite.php(47): require_once('C:\\laragon\\www\\citypeso\\public\\index.php')
CRITICAL - 2024-04-07 11:13:30 --> ErrorException: Undefined variable $sumApprovedd
in APPPATH\Views\admin\pages\employers.php on line 19.
 1 APPPATH\Views\admin\pages\employers.php(19): CodeIgniter\Debug\Exceptions->errorHandler(2, 'Undefined variable $sumApprovedd', 'C:\\laragon\\www\\citypeso\\app\\Views\\admin\\pages\\employers.php', 19)
 2 SYSTEMPATH\View\View.php(228): include('C:\\laragon\\www\\citypeso\\app\\Views\\admin\\pages\\employers.php')
 3 SYSTEMPATH\View\View.php(231): CodeIgniter\View\View->CodeIgniter\View\{closure}()
 4 SYSTEMPATH\Common.php(1178): CodeIgniter\View\View->render('admin/pages/employers', [], true)
 5 APPPATH\Controllers\AdminController.php(95): view('admin/pages/employers', [...])
 6 SYSTEMPATH\CodeIgniter.php(941): App\Controllers\AdminController->employer()
 7 SYSTEMPATH\CodeIgniter.php(502): CodeIgniter\CodeIgniter->runController(Object(App\Controllers\AdminController))
 8 SYSTEMPATH\CodeIgniter.php(361): CodeIgniter\CodeIgniter->handleRequest(null, Object(Config\Cache), false)
 9 FCPATH\index.php(79): CodeIgniter\CodeIgniter->run()
10 SYSTEMPATH\Commands\Server\rewrite.php(47): require_once('C:\\laragon\\www\\citypeso\\public\\index.php')
CRITICAL - 2024-04-07 12:03:51 --> CodeIgniter\View\Exceptions\ViewException: Invalid file: "admin/pages/no_results.php"
in SYSTEMPATH\Exceptions\FrameworkException.php on line 39.
 1 SYSTEMPATH\View\View.php(216): CodeIgniter\Exceptions\FrameworkException::forInvalidFile('admin/pages/no_results.php')
 2 SYSTEMPATH\Common.php(1178): CodeIgniter\View\View->render('admin/pages/no_results', [], true)
 3 APPPATH\Controllers\AdminController.php(67): view('admin/pages/no_results')
 4 SYSTEMPATH\CodeIgniter.php(941): App\Controllers\AdminController->searchJobseekers()
 5 SYSTEMPATH\CodeIgniter.php(502): CodeIgniter\CodeIgniter->runController(Object(App\Controllers\AdminController))
 6 SYSTEMPATH\CodeIgniter.php(361): CodeIgniter\CodeIgniter->handleRequest(null, Object(Config\Cache), false)
 7 FCPATH\index.php(79): CodeIgniter\CodeIgniter->run()
 8 SYSTEMPATH\Commands\Server\rewrite.php(47): require_once('C:\\laragon\\www\\citypeso\\public\\index.php')
CRITICAL - 2024-04-07 12:59:54 --> ErrorException: Undefined variable $combinedData
in APPPATH\Controllers\EmployerController.php on line 58.
 1 APPPATH\Controllers\EmployerController.php(58): CodeIgniter\Debug\Exceptions->errorHandler(2, 'Undefined variable $combinedData', 'C:\\laragon\\www\\citypeso\\app\\Controllers\\EmployerController.php', 58)
 2 SYSTEMPATH\CodeIgniter.php(941): App\Controllers\EmployerController->employerjobs()
 3 SYSTEMPATH\CodeIgniter.php(502): CodeIgniter\CodeIgniter->runController(Object(App\Controllers\EmployerController))
 4 SYSTEMPATH\CodeIgniter.php(361): CodeIgniter\CodeIgniter->handleRequest(null, Object(Config\Cache), false)
 5 FCPATH\index.php(79): CodeIgniter\CodeIgniter->run()
 6 SYSTEMPATH\Commands\Server\rewrite.php(47): require_once('C:\\laragon\\www\\citypeso\\public\\index.php')
CRITICAL - 2024-04-07 12:59:59 --> ErrorException: Undefined variable $combinedData
in APPPATH\Controllers\EmployerController.php on line 58.
 1 APPPATH\Controllers\EmployerController.php(58): CodeIgniter\Debug\Exceptions->errorHandler(2, 'Undefined variable $combinedData', 'C:\\laragon\\www\\citypeso\\app\\Controllers\\EmployerController.php', 58)
 2 SYSTEMPATH\CodeIgniter.php(941): App\Controllers\EmployerController->employerjobs()
 3 SYSTEMPATH\CodeIgniter.php(502): CodeIgniter\CodeIgniter->runController(Object(App\Controllers\EmployerController))
 4 SYSTEMPATH\CodeIgniter.php(361): CodeIgniter\CodeIgniter->handleRequest(null, Object(Config\Cache), false)
 5 FCPATH\index.php(79): CodeIgniter\CodeIgniter->run()
 6 SYSTEMPATH\Commands\Server\rewrite.php(47): require_once('C:\\laragon\\www\\citypeso\\public\\index.php')
>>>>>>> Stashed changes
CRITICAL - 2024-04-07 15:24:40 --> ErrorException: Undefined variable $combinedData
in APPPATH\Controllers\JobseekerController.php on line 45.
 1 APPPATH\Controllers\JobseekerController.php(45): CodeIgniter\Debug\Exceptions->errorHandler(2, 'Undefined variable $combinedData', 'D:\\laragon\\www\\citypeso\\app\\Controllers\\JobseekerController.php', 45)
 2 SYSTEMPATH\CodeIgniter.php(941): App\Controllers\JobseekerController->joblists()
 3 SYSTEMPATH\CodeIgniter.php(502): CodeIgniter\CodeIgniter->runController(Object(App\Controllers\JobseekerController))
 4 SYSTEMPATH\CodeIgniter.php(361): CodeIgniter\CodeIgniter->handleRequest(null, Object(Config\Cache), false)
 5 FCPATH\index.php(79): CodeIgniter\CodeIgniter->run()
 6 SYSTEMPATH\Commands\Server\rewrite.php(47): require_once('D:\\laragon\\www\\citypeso\\public\\index.php')
CRITICAL - 2024-04-07 15:24:54 --> ErrorException: Undefined variable $jobss
in APPPATH\Views\default\lists.php on line 188.
 1 APPPATH\Views\default\lists.php(188): CodeIgniter\Debug\Exceptions->errorHandler(2, 'Undefined variable $jobss', 'D:\\laragon\\www\\citypeso\\app\\Views\\default\\lists.php', 188)
 2 SYSTEMPATH\View\View.php(228): include('D:\\laragon\\www\\citypeso\\app\\Views\\default\\lists.php')
 3 SYSTEMPATH\View\View.php(231): CodeIgniter\View\View->CodeIgniter\View\{closure}()
 4 SYSTEMPATH\Common.php(1178): CodeIgniter\View\View->render('default/lists', [], true)
 5 APPPATH\Controllers\JobseekerController.php(45): view('default/lists')
 6 SYSTEMPATH\CodeIgniter.php(941): App\Controllers\JobseekerController->joblists()
 7 SYSTEMPATH\CodeIgniter.php(502): CodeIgniter\CodeIgniter->runController(Object(App\Controllers\JobseekerController))
 8 SYSTEMPATH\CodeIgniter.php(361): CodeIgniter\CodeIgniter->handleRequest(null, Object(Config\Cache), false)
 9 FCPATH\index.php(79): CodeIgniter\CodeIgniter->run()
10 SYSTEMPATH\Commands\Server\rewrite.php(47): require_once('D:\\laragon\\www\\citypeso\\public\\index.php')
CRITICAL - 2024-04-07 15:28:14 --> ParseError: syntax error, unexpected token ";", expecting "]"
in APPPATH\Controllers\JobseekerController.php on line 45.
 1 SYSTEMPATH\Autoloader\Autoloader.php(288): CodeIgniter\Autoloader\Autoloader->includeFile('D:\\laragon\\www\\citypeso\\app\\Controllers\\JobseekerController.php')
 2 SYSTEMPATH\Autoloader\Autoloader.php(266): CodeIgniter\Autoloader\Autoloader->loadInNamespace('App\\Controllers\\JobseekerController')
 3 [internal function]: CodeIgniter\Autoloader\Autoloader->loadClass('App\\Controllers\\JobseekerController')
 4 SYSTEMPATH\CodeIgniter.php(899): class_exists('\\App\\Controllers\\JobseekerController', true)
 5 SYSTEMPATH\CodeIgniter.php(489): CodeIgniter\CodeIgniter->startController()
 6 SYSTEMPATH\CodeIgniter.php(361): CodeIgniter\CodeIgniter->handleRequest(null, Object(Config\Cache), false)
 7 FCPATH\index.php(79): CodeIgniter\CodeIgniter->run()
 8 SYSTEMPATH\Commands\Server\rewrite.php(47): require_once('D:\\laragon\\www\\citypeso\\public\\index.php')
CRITICAL - 2024-04-07 15:28:42 --> ParseError: syntax error, unexpected token "=", expecting "]"
in APPPATH\Controllers\JobseekerController.php on line 45.
 1 SYSTEMPATH\Autoloader\Autoloader.php(288): CodeIgniter\Autoloader\Autoloader->includeFile('D:\\laragon\\www\\citypeso\\app\\Controllers\\JobseekerController.php')
 2 SYSTEMPATH\Autoloader\Autoloader.php(266): CodeIgniter\Autoloader\Autoloader->loadInNamespace('App\\Controllers\\JobseekerController')
 3 [internal function]: CodeIgniter\Autoloader\Autoloader->loadClass('App\\Controllers\\JobseekerController')
 4 SYSTEMPATH\CodeIgniter.php(899): class_exists('\\App\\Controllers\\JobseekerController', true)
 5 SYSTEMPATH\CodeIgniter.php(489): CodeIgniter\CodeIgniter->startController()
 6 SYSTEMPATH\CodeIgniter.php(361): CodeIgniter\CodeIgniter->handleRequest(null, Object(Config\Cache), false)
 7 FCPATH\index.php(79): CodeIgniter\CodeIgniter->run()
 8 SYSTEMPATH\Commands\Server\rewrite.php(47): require_once('D:\\laragon\\www\\citypeso\\public\\index.php')
CRITICAL - 2024-04-07 15:34:37 --> ErrorException: Undefined variable $combinedData
in APPPATH\Controllers\JobseekerController.php on line 79.
 1 APPPATH\Controllers\JobseekerController.php(79): CodeIgniter\Debug\Exceptions->errorHandler(2, 'Undefined variable $combinedData', 'D:\\laragon\\www\\citypeso\\app\\Controllers\\JobseekerController.php', 79)
 2 SYSTEMPATH\CodeIgniter.php(941): App\Controllers\JobseekerController->joblists()
 3 SYSTEMPATH\CodeIgniter.php(502): CodeIgniter\CodeIgniter->runController(Object(App\Controllers\JobseekerController))
 4 SYSTEMPATH\CodeIgniter.php(361): CodeIgniter\CodeIgniter->handleRequest(null, Object(Config\Cache), false)
 5 FCPATH\index.php(79): CodeIgniter\CodeIgniter->run()
 6 SYSTEMPATH\Commands\Server\rewrite.php(47): require_once('D:\\laragon\\www\\citypeso\\public\\index.php')
CRITICAL - 2024-04-07 17:03:08 --> ParseError: syntax error, unexpected token "("
in APPPATH\Controllers\EmployerController.php on line 20.
 1 SYSTEMPATH\Autoloader\Autoloader.php(288): CodeIgniter\Autoloader\Autoloader->includeFile('D:\\laragon\\www\\citypeso\\app\\Controllers\\EmployerController.php')
 2 SYSTEMPATH\Autoloader\Autoloader.php(266): CodeIgniter\Autoloader\Autoloader->loadInNamespace('App\\Controllers\\EmployerController')
 3 [internal function]: CodeIgniter\Autoloader\Autoloader->loadClass('App\\Controllers\\EmployerController')
 4 SYSTEMPATH\CodeIgniter.php(899): class_exists('\\App\\Controllers\\EmployerController', true)
 5 SYSTEMPATH\CodeIgniter.php(489): CodeIgniter\CodeIgniter->startController()
 6 SYSTEMPATH\CodeIgniter.php(361): CodeIgniter\CodeIgniter->handleRequest(null, Object(Config\Cache), false)
 7 FCPATH\index.php(79): CodeIgniter\CodeIgniter->run()
 8 SYSTEMPATH\Commands\Server\rewrite.php(47): require_once('D:\\laragon\\www\\citypeso\\public\\index.php')
CRITICAL - 2024-04-07 17:06:12 --> ErrorException: Undefined variable $empdata
in APPPATH\Views\employer\inc\sidebar.php on line 27.
 1 APPPATH\Views\employer\inc\sidebar.php(27): CodeIgniter\Debug\Exceptions->errorHandler(2, 'Undefined variable $empdata', 'D:\\laragon\\www\\citypeso\\app\\Views\\employer\\inc\\sidebar.php', 27)
 2 SYSTEMPATH\View\View.php(228): include('D:\\laragon\\www\\citypeso\\app\\Views\\employer\\inc\\sidebar.php')
 3 SYSTEMPATH\View\View.php(231): CodeIgniter\View\View->CodeIgniter\View\{closure}()
 4 SYSTEMPATH\View\View.php(469): CodeIgniter\View\View->render('employer/inc/sidebar', null, true)
 5 APPPATH\Views\employer\pages\joblist.php(7): CodeIgniter\View\View->include('employer/inc/sidebar')
 6 SYSTEMPATH\View\View.php(228): include('D:\\laragon\\www\\citypeso\\app\\Views\\employer\\pages\\joblist.php')
 7 SYSTEMPATH\View\View.php(231): CodeIgniter\View\View->CodeIgniter\View\{closure}()
 8 SYSTEMPATH\Common.php(1178): CodeIgniter\View\View->render('employer/pages/joblist', [], true)
 9 APPPATH\Controllers\EmployerController.php(55): view('employer/pages/joblist', [...])
10 SYSTEMPATH\CodeIgniter.php(941): App\Controllers\EmployerController->employerjobs()
11 SYSTEMPATH\CodeIgniter.php(502): CodeIgniter\CodeIgniter->runController(Object(App\Controllers\EmployerController))
12 SYSTEMPATH\CodeIgniter.php(361): CodeIgniter\CodeIgniter->handleRequest(null, Object(Config\Cache), false)
13 FCPATH\index.php(79): CodeIgniter\CodeIgniter->run()
14 SYSTEMPATH\Commands\Server\rewrite.php(47): require_once('D:\\laragon\\www\\citypeso\\public\\index.php')
CRITICAL - 2024-04-07 17:08:18 --> ErrorException: Undefined variable $empdata
in APPPATH\Views\employer\inc\sidebar.php on line 27.
 1 APPPATH\Views\employer\inc\sidebar.php(27): CodeIgniter\Debug\Exceptions->errorHandler(2, 'Undefined variable $empdata', 'D:\\laragon\\www\\citypeso\\app\\Views\\employer\\inc\\sidebar.php', 27)
 2 SYSTEMPATH\View\View.php(228): include('D:\\laragon\\www\\citypeso\\app\\Views\\employer\\inc\\sidebar.php')
 3 SYSTEMPATH\View\View.php(231): CodeIgniter\View\View->CodeIgniter\View\{closure}()
 4 SYSTEMPATH\View\View.php(469): CodeIgniter\View\View->render('employer/inc/sidebar', null, true)
 5 APPPATH\Views\employer\pages\joblist.php(7): CodeIgniter\View\View->include('employer/inc/sidebar')
 6 SYSTEMPATH\View\View.php(228): include('D:\\laragon\\www\\citypeso\\app\\Views\\employer\\pages\\joblist.php')
 7 SYSTEMPATH\View\View.php(231): CodeIgniter\View\View->CodeIgniter\View\{closure}()
 8 SYSTEMPATH\Common.php(1178): CodeIgniter\View\View->render('employer/pages/joblist', [], true)
 9 APPPATH\Controllers\EmployerController.php(55): view('employer/pages/joblist', [...])
10 SYSTEMPATH\CodeIgniter.php(941): App\Controllers\EmployerController->employerjobs()
11 SYSTEMPATH\CodeIgniter.php(502): CodeIgniter\CodeIgniter->runController(Object(App\Controllers\EmployerController))
12 SYSTEMPATH\CodeIgniter.php(361): CodeIgniter\CodeIgniter->handleRequest(null, Object(Config\Cache), false)
13 FCPATH\index.php(79): CodeIgniter\CodeIgniter->run()
14 SYSTEMPATH\Commands\Server\rewrite.php(47): require_once('D:\\laragon\\www\\citypeso\\public\\index.php')
CRITICAL - 2024-04-07 17:14:10 --> ErrorException: Undefined variable $empdata
in APPPATH\Views\employer\inc\sidebar.php on line 27.
 1 APPPATH\Views\employer\inc\sidebar.php(27): CodeIgniter\Debug\Exceptions->errorHandler(2, 'Undefined variable $empdata', 'D:\\laragon\\www\\citypeso\\app\\Views\\employer\\inc\\sidebar.php', 27)
 2 SYSTEMPATH\View\View.php(228): include('D:\\laragon\\www\\citypeso\\app\\Views\\employer\\inc\\sidebar.php')
 3 SYSTEMPATH\View\View.php(231): CodeIgniter\View\View->CodeIgniter\View\{closure}()
 4 SYSTEMPATH\View\View.php(469): CodeIgniter\View\View->render('employer/inc/sidebar', null, true)
 5 APPPATH\Views\employer\pages\applicants.php(7): CodeIgniter\View\View->include('employer/inc/sidebar')
 6 SYSTEMPATH\View\View.php(228): include('D:\\laragon\\www\\citypeso\\app\\Views\\employer\\pages\\applicants.php')
 7 SYSTEMPATH\View\View.php(231): CodeIgniter\View\View->CodeIgniter\View\{closure}()
 8 SYSTEMPATH\Common.php(1178): CodeIgniter\View\View->render('employer/pages/applicants', [], true)
 9 APPPATH\Controllers\EmployerController.php(63): view('employer/pages/applicants', [...])
10 SYSTEMPATH\CodeIgniter.php(941): App\Controllers\EmployerController->employerapplicants()
11 SYSTEMPATH\CodeIgniter.php(502): CodeIgniter\CodeIgniter->runController(Object(App\Controllers\EmployerController))
12 SYSTEMPATH\CodeIgniter.php(361): CodeIgniter\CodeIgniter->handleRequest(null, Object(Config\Cache), false)
13 FCPATH\index.php(79): CodeIgniter\CodeIgniter->run()
14 SYSTEMPATH\Commands\Server\rewrite.php(47): require_once('D:\\laragon\\www\\citypeso\\public\\index.php')
CRITICAL - 2024-04-07 17:22:36 --> ErrorException: Undefined variable $empdata
in APPPATH\Controllers\EmployerController.php on line 52.
 1 APPPATH\Controllers\EmployerController.php(52): CodeIgniter\Debug\Exceptions->errorHandler(2, 'Undefined variable $empdata', 'D:\\laragon\\www\\citypeso\\app\\Controllers\\EmployerController.php', 52)
 2 SYSTEMPATH\CodeIgniter.php(941): App\Controllers\EmployerController->employerjobs()
 3 SYSTEMPATH\CodeIgniter.php(502): CodeIgniter\CodeIgniter->runController(Object(App\Controllers\EmployerController))
 4 SYSTEMPATH\CodeIgniter.php(361): CodeIgniter\CodeIgniter->handleRequest(null, Object(Config\Cache), false)
 5 FCPATH\index.php(79): CodeIgniter\CodeIgniter->run()
 6 SYSTEMPATH\Commands\Server\rewrite.php(47): require_once('D:\\laragon\\www\\citypeso\\public\\index.php')
CRITICAL - 2024-04-07 17:24:25 --> ErrorException: Undefined variable $empdata
in APPPATH\Controllers\EmployerController.php on line 76.
 1 APPPATH\Controllers\EmployerController.php(76): CodeIgniter\Debug\Exceptions->errorHandler(2, 'Undefined variable $empdata', 'D:\\laragon\\www\\citypeso\\app\\Controllers\\EmployerController.php', 76)
 2 SYSTEMPATH\CodeIgniter.php(941): App\Controllers\EmployerController->employerapplicants()
 3 SYSTEMPATH\CodeIgniter.php(502): CodeIgniter\CodeIgniter->runController(Object(App\Controllers\EmployerController))
 4 SYSTEMPATH\CodeIgniter.php(361): CodeIgniter\CodeIgniter->handleRequest(null, Object(Config\Cache), false)
 5 FCPATH\index.php(79): CodeIgniter\CodeIgniter->run()
 6 SYSTEMPATH\Commands\Server\rewrite.php(47): require_once('D:\\laragon\\www\\citypeso\\public\\index.php')
CRITICAL - 2024-04-07 17:24:41 --> ErrorException: Undefined variable $empdata
in APPPATH\Controllers\EmployerController.php on line 76.
 1 APPPATH\Controllers\EmployerController.php(76): CodeIgniter\Debug\Exceptions->errorHandler(2, 'Undefined variable $empdata', 'D:\\laragon\\www\\citypeso\\app\\Controllers\\EmployerController.php', 76)
 2 SYSTEMPATH\CodeIgniter.php(941): App\Controllers\EmployerController->employerapplicants()
 3 SYSTEMPATH\CodeIgniter.php(502): CodeIgniter\CodeIgniter->runController(Object(App\Controllers\EmployerController))
 4 SYSTEMPATH\CodeIgniter.php(361): CodeIgniter\CodeIgniter->handleRequest(null, Object(Config\Cache), false)
 5 FCPATH\index.php(79): CodeIgniter\CodeIgniter->run()
 6 SYSTEMPATH\Commands\Server\rewrite.php(47): require_once('D:\\laragon\\www\\citypeso\\public\\index.php')
CRITICAL - 2024-04-07 17:27:06 --> ErrorException: Undefined variable $empdata
in APPPATH\Views\employer\inc\sidebar.php on line 27.
 1 APPPATH\Views\employer\inc\sidebar.php(27): CodeIgniter\Debug\Exceptions->errorHandler(2, 'Undefined variable $empdata', 'D:\\laragon\\www\\citypeso\\app\\Views\\employer\\inc\\sidebar.php', 27)
 2 SYSTEMPATH\View\View.php(228): include('D:\\laragon\\www\\citypeso\\app\\Views\\employer\\inc\\sidebar.php')
 3 SYSTEMPATH\View\View.php(231): CodeIgniter\View\View->CodeIgniter\View\{closure}()
 4 SYSTEMPATH\View\View.php(469): CodeIgniter\View\View->render('employer/inc/sidebar', null, true)
 5 APPPATH\Views\employer\pages\home.php(7): CodeIgniter\View\View->include('employer/inc/sidebar')
 6 SYSTEMPATH\View\View.php(228): include('D:\\laragon\\www\\citypeso\\app\\Views\\employer\\pages\\home.php')
 7 SYSTEMPATH\View\View.php(231): CodeIgniter\View\View->CodeIgniter\View\{closure}()
 8 SYSTEMPATH\Common.php(1178): CodeIgniter\View\View->render('employer/pages/home', [], true)
 9 APPPATH\Controllers\EmployerController.php(24): view('employer/pages/home')
10 SYSTEMPATH\CodeIgniter.php(941): App\Controllers\EmployerController->employerhome()
11 SYSTEMPATH\CodeIgniter.php(502): CodeIgniter\CodeIgniter->runController(Object(App\Controllers\EmployerController))
12 SYSTEMPATH\CodeIgniter.php(361): CodeIgniter\CodeIgniter->handleRequest(null, Object(Config\Cache), false)
13 FCPATH\index.php(79): CodeIgniter\CodeIgniter->run()
14 SYSTEMPATH\Commands\Server\rewrite.php(47): require_once('D:\\laragon\\www\\citypeso\\public\\index.php')
CRITICAL - 2024-04-07 17:27:25 --> ErrorException: Undefined variable $empdata
in APPPATH\Views\employer\inc\sidebar.php on line 27.
 1 APPPATH\Views\employer\inc\sidebar.php(27): CodeIgniter\Debug\Exceptions->errorHandler(2, 'Undefined variable $empdata', 'D:\\laragon\\www\\citypeso\\app\\Views\\employer\\inc\\sidebar.php', 27)
 2 SYSTEMPATH\View\View.php(228): include('D:\\laragon\\www\\citypeso\\app\\Views\\employer\\inc\\sidebar.php')
 3 SYSTEMPATH\View\View.php(231): CodeIgniter\View\View->CodeIgniter\View\{closure}()
 4 SYSTEMPATH\View\View.php(469): CodeIgniter\View\View->render('employer/inc/sidebar', null, true)
 5 APPPATH\Views\employer\pages\home.php(7): CodeIgniter\View\View->include('employer/inc/sidebar')
 6 SYSTEMPATH\View\View.php(228): include('D:\\laragon\\www\\citypeso\\app\\Views\\employer\\pages\\home.php')
 7 SYSTEMPATH\View\View.php(231): CodeIgniter\View\View->CodeIgniter\View\{closure}()
 8 SYSTEMPATH\Common.php(1178): CodeIgniter\View\View->render('employer/pages/home', [], true)
 9 APPPATH\Controllers\EmployerController.php(24): view('employer/pages/home')
10 SYSTEMPATH\CodeIgniter.php(941): App\Controllers\EmployerController->employerhome()
11 SYSTEMPATH\CodeIgniter.php(502): CodeIgniter\CodeIgniter->runController(Object(App\Controllers\EmployerController))
12 SYSTEMPATH\CodeIgniter.php(361): CodeIgniter\CodeIgniter->handleRequest(null, Object(Config\Cache), false)
13 FCPATH\index.php(79): CodeIgniter\CodeIgniter->run()
14 SYSTEMPATH\Commands\Server\rewrite.php(47): require_once('D:\\laragon\\www\\citypeso\\public\\index.php')
CRITICAL - 2024-04-07 17:27:31 --> ErrorException: Undefined variable $empdata
in APPPATH\Views\employer\inc\sidebar.php on line 27.
 1 APPPATH\Views\employer\inc\sidebar.php(27): CodeIgniter\Debug\Exceptions->errorHandler(2, 'Undefined variable $empdata', 'D:\\laragon\\www\\citypeso\\app\\Views\\employer\\inc\\sidebar.php', 27)
 2 SYSTEMPATH\View\View.php(228): include('D:\\laragon\\www\\citypeso\\app\\Views\\employer\\inc\\sidebar.php')
 3 SYSTEMPATH\View\View.php(231): CodeIgniter\View\View->CodeIgniter\View\{closure}()
 4 SYSTEMPATH\View\View.php(469): CodeIgniter\View\View->render('employer/inc/sidebar', null, true)
 5 APPPATH\Views\employer\pages\home.php(7): CodeIgniter\View\View->include('employer/inc/sidebar')
 6 SYSTEMPATH\View\View.php(228): include('D:\\laragon\\www\\citypeso\\app\\Views\\employer\\pages\\home.php')
 7 SYSTEMPATH\View\View.php(231): CodeIgniter\View\View->CodeIgniter\View\{closure}()
 8 SYSTEMPATH\Common.php(1178): CodeIgniter\View\View->render('employer/pages/home', [], true)
 9 APPPATH\Controllers\EmployerController.php(24): view('employer/pages/home')
10 SYSTEMPATH\CodeIgniter.php(941): App\Controllers\EmployerController->employerhome()
11 SYSTEMPATH\CodeIgniter.php(502): CodeIgniter\CodeIgniter->runController(Object(App\Controllers\EmployerController))
12 SYSTEMPATH\CodeIgniter.php(361): CodeIgniter\CodeIgniter->handleRequest(null, Object(Config\Cache), false)
13 FCPATH\index.php(79): CodeIgniter\CodeIgniter->run()
14 SYSTEMPATH\Commands\Server\rewrite.php(47): require_once('D:\\laragon\\www\\citypeso\\public\\index.php')
