CRITICAL - 2024-05-08 02:52:17 --> ParseError: syntax error, unexpected token ";", expecting variable or "{" or "$"
in APPPATH\Views\employer\pages\home.php on line 149.
 1 SYSTEMPATH\View\View.php(231): CodeIgniter\View\View->CodeIgniter\View\{closure}()
 2 SYSTEMPATH\Common.php(1178): CodeIgniter\View\View->render('employer/pages/home', [], true)
 3 APPPATH\Controllers\EmployerController.php(92): view('employer/pages/home', [...])
 4 SYSTEMPATH\CodeIgniter.php(941): App\Controllers\EmployerController->employerhome()
 5 SYSTEMPATH\CodeIgniter.php(502): CodeIgniter\CodeIgniter->runController(Object(App\Controllers\EmployerController))
 6 SYSTEMPATH\CodeIgniter.php(361): CodeIgniter\CodeIgniter->handleRequest(null, Object(Config\Cache), false)
 7 FCPATH\index.php(79): CodeIgniter\CodeIgniter->run()
 8 SYSTEMPATH\Commands\Server\rewrite.php(47): require_once('C:\\laragon\\www\\citypeso\\public\\index.php')
CRITICAL - 2024-05-08 02:52:37 --> ErrorException: require_once(model/employercompanymodel.php): Failed to open stream: No such file or directory
in APPPATH\Views\employer\pages\home.php on line 145.
 1 APPPATH\Views\employer\pages\home.php(145): CodeIgniter\Debug\Exceptions->errorHandler(2, 'require_once(model/employercompanymodel.php): Failed to open stream: No such file or directory', 'C:\\laragon\\www\\citypeso\\app\\Views\\employer\\pages\\home.php', 145)
 2 APPPATH\Views\employer\pages\home.php(145): require_once()
 3 SYSTEMPATH\View\View.php(228): include('C:\\laragon\\www\\citypeso\\app\\Views\\employer\\pages\\home.php')
 4 SYSTEMPATH\View\View.php(231): CodeIgniter\View\View->CodeIgniter\View\{closure}()
 5 SYSTEMPATH\Common.php(1178): CodeIgniter\View\View->render('employer/pages/home', [], true)
 6 APPPATH\Controllers\EmployerController.php(92): view('employer/pages/home', [...])
 7 SYSTEMPATH\CodeIgniter.php(941): App\Controllers\EmployerController->employerhome()
 8 SYSTEMPATH\CodeIgniter.php(502): CodeIgniter\CodeIgniter->runController(Object(App\Controllers\EmployerController))
 9 SYSTEMPATH\CodeIgniter.php(361): CodeIgniter\CodeIgniter->handleRequest(null, Object(Config\Cache), false)
10 FCPATH\index.php(79): CodeIgniter\CodeIgniter->run()
11 SYSTEMPATH\Commands\Server\rewrite.php(47): require_once('C:\\laragon\\www\\citypeso\\public\\index.php')
CRITICAL - 2024-05-08 02:52:38 --> ErrorException: require_once(model/employercompanymodel.php): Failed to open stream: No such file or directory
in APPPATH\Views\employer\pages\home.php on line 145.
 1 APPPATH\Views\employer\pages\home.php(145): CodeIgniter\Debug\Exceptions->errorHandler(2, 'require_once(model/employercompanymodel.php): Failed to open stream: No such file or directory', 'C:\\laragon\\www\\citypeso\\app\\Views\\employer\\pages\\home.php', 145)
 2 APPPATH\Views\employer\pages\home.php(145): require_once()
 3 SYSTEMPATH\View\View.php(228): include('C:\\laragon\\www\\citypeso\\app\\Views\\employer\\pages\\home.php')
 4 SYSTEMPATH\View\View.php(231): CodeIgniter\View\View->CodeIgniter\View\{closure}()
 5 SYSTEMPATH\Common.php(1178): CodeIgniter\View\View->render('employer/pages/home', [], true)
 6 APPPATH\Controllers\EmployerController.php(92): view('employer/pages/home', [...])
 7 SYSTEMPATH\CodeIgniter.php(941): App\Controllers\EmployerController->employerhome()
 8 SYSTEMPATH\CodeIgniter.php(502): CodeIgniter\CodeIgniter->runController(Object(App\Controllers\EmployerController))
 9 SYSTEMPATH\CodeIgniter.php(361): CodeIgniter\CodeIgniter->handleRequest(null, Object(Config\Cache), false)
10 FCPATH\index.php(79): CodeIgniter\CodeIgniter->run()
11 SYSTEMPATH\Commands\Server\rewrite.php(47): require_once('C:\\laragon\\www\\citypeso\\public\\index.php')
CRITICAL - 2024-05-08 02:53:17 --> ErrorException: require_once(model/employercompanymodel.php): Failed to open stream: No such file or directory
in APPPATH\Views\employer\pages\home.php on line 145.
 1 APPPATH\Views\employer\pages\home.php(145): CodeIgniter\Debug\Exceptions->errorHandler(2, 'require_once(model/employercompanymodel.php): Failed to open stream: No such file or directory', 'C:\\laragon\\www\\citypeso\\app\\Views\\employer\\pages\\home.php', 145)
 2 APPPATH\Views\employer\pages\home.php(145): require_once()
 3 SYSTEMPATH\View\View.php(228): include('C:\\laragon\\www\\citypeso\\app\\Views\\employer\\pages\\home.php')
 4 SYSTEMPATH\View\View.php(231): CodeIgniter\View\View->CodeIgniter\View\{closure}()
 5 SYSTEMPATH\Common.php(1178): CodeIgniter\View\View->render('employer/pages/home', [], true)
 6 APPPATH\Controllers\EmployerController.php(92): view('employer/pages/home', [...])
 7 SYSTEMPATH\CodeIgniter.php(941): App\Controllers\EmployerController->employerhome()
 8 SYSTEMPATH\CodeIgniter.php(502): CodeIgniter\CodeIgniter->runController(Object(App\Controllers\EmployerController))
 9 SYSTEMPATH\CodeIgniter.php(361): CodeIgniter\CodeIgniter->handleRequest(null, Object(Config\Cache), false)
10 FCPATH\index.php(79): CodeIgniter\CodeIgniter->run()
11 SYSTEMPATH\Commands\Server\rewrite.php(47): require_once('C:\\laragon\\www\\citypeso\\public\\index.php')
CRITICAL - 2024-05-08 02:53:17 --> ErrorException: require_once(model/employercompanymodel.php): Failed to open stream: No such file or directory
in APPPATH\Views\employer\pages\home.php on line 145.
 1 APPPATH\Views\employer\pages\home.php(145): CodeIgniter\Debug\Exceptions->errorHandler(2, 'require_once(model/employercompanymodel.php): Failed to open stream: No such file or directory', 'C:\\laragon\\www\\citypeso\\app\\Views\\employer\\pages\\home.php', 145)
 2 APPPATH\Views\employer\pages\home.php(145): require_once()
 3 SYSTEMPATH\View\View.php(228): include('C:\\laragon\\www\\citypeso\\app\\Views\\employer\\pages\\home.php')
 4 SYSTEMPATH\View\View.php(231): CodeIgniter\View\View->CodeIgniter\View\{closure}()
 5 SYSTEMPATH\Common.php(1178): CodeIgniter\View\View->render('employer/pages/home', [], true)
 6 APPPATH\Controllers\EmployerController.php(92): view('employer/pages/home', [...])
 7 SYSTEMPATH\CodeIgniter.php(941): App\Controllers\EmployerController->employerhome()
 8 SYSTEMPATH\CodeIgniter.php(502): CodeIgniter\CodeIgniter->runController(Object(App\Controllers\EmployerController))
 9 SYSTEMPATH\CodeIgniter.php(361): CodeIgniter\CodeIgniter->handleRequest(null, Object(Config\Cache), false)
10 FCPATH\index.php(79): CodeIgniter\CodeIgniter->run()
11 SYSTEMPATH\Commands\Server\rewrite.php(47): require_once('C:\\laragon\\www\\citypeso\\public\\index.php')
CRITICAL - 2024-05-08 02:53:17 --> ErrorException: require_once(model/employercompanymodel.php): Failed to open stream: No such file or directory
in APPPATH\Views\employer\pages\home.php on line 145.
 1 APPPATH\Views\employer\pages\home.php(145): CodeIgniter\Debug\Exceptions->errorHandler(2, 'require_once(model/employercompanymodel.php): Failed to open stream: No such file or directory', 'C:\\laragon\\www\\citypeso\\app\\Views\\employer\\pages\\home.php', 145)
 2 APPPATH\Views\employer\pages\home.php(145): require_once()
 3 SYSTEMPATH\View\View.php(228): include('C:\\laragon\\www\\citypeso\\app\\Views\\employer\\pages\\home.php')
 4 SYSTEMPATH\View\View.php(231): CodeIgniter\View\View->CodeIgniter\View\{closure}()
 5 SYSTEMPATH\Common.php(1178): CodeIgniter\View\View->render('employer/pages/home', [], true)
 6 APPPATH\Controllers\EmployerController.php(92): view('employer/pages/home', [...])
 7 SYSTEMPATH\CodeIgniter.php(941): App\Controllers\EmployerController->employerhome()
 8 SYSTEMPATH\CodeIgniter.php(502): CodeIgniter\CodeIgniter->runController(Object(App\Controllers\EmployerController))
 9 SYSTEMPATH\CodeIgniter.php(361): CodeIgniter\CodeIgniter->handleRequest(null, Object(Config\Cache), false)
10 FCPATH\index.php(79): CodeIgniter\CodeIgniter->run()
11 SYSTEMPATH\Commands\Server\rewrite.php(47): require_once('C:\\laragon\\www\\citypeso\\public\\index.php')
CRITICAL - 2024-05-08 02:54:31 --> ErrorException: require_once(Models/EmployerCompanyModel.php): Failed to open stream: No such file or directory
in APPPATH\Views\employer\pages\home.php on line 145.
 1 APPPATH\Views\employer\pages\home.php(145): CodeIgniter\Debug\Exceptions->errorHandler(2, 'require_once(Models/EmployerCompanyModel.php): Failed to open stream: No such file or directory', 'C:\\laragon\\www\\citypeso\\app\\Views\\employer\\pages\\home.php', 145)
 2 APPPATH\Views\employer\pages\home.php(145): require_once()
 3 SYSTEMPATH\View\View.php(228): include('C:\\laragon\\www\\citypeso\\app\\Views\\employer\\pages\\home.php')
 4 SYSTEMPATH\View\View.php(231): CodeIgniter\View\View->CodeIgniter\View\{closure}()
 5 SYSTEMPATH\Common.php(1178): CodeIgniter\View\View->render('employer/pages/home', [], true)
 6 APPPATH\Controllers\EmployerController.php(92): view('employer/pages/home', [...])
 7 SYSTEMPATH\CodeIgniter.php(941): App\Controllers\EmployerController->employerhome()
 8 SYSTEMPATH\CodeIgniter.php(502): CodeIgniter\CodeIgniter->runController(Object(App\Controllers\EmployerController))
 9 SYSTEMPATH\CodeIgniter.php(361): CodeIgniter\CodeIgniter->handleRequest(null, Object(Config\Cache), false)
10 FCPATH\index.php(79): CodeIgniter\CodeIgniter->run()
11 SYSTEMPATH\Commands\Server\rewrite.php(47): require_once('C:\\laragon\\www\\citypeso\\public\\index.php')
CRITICAL - 2024-05-08 02:54:31 --> ErrorException: require_once(Models/EmployerCompanyModel.php): Failed to open stream: No such file or directory
in APPPATH\Views\employer\pages\home.php on line 145.
 1 APPPATH\Views\employer\pages\home.php(145): CodeIgniter\Debug\Exceptions->errorHandler(2, 'require_once(Models/EmployerCompanyModel.php): Failed to open stream: No such file or directory', 'C:\\laragon\\www\\citypeso\\app\\Views\\employer\\pages\\home.php', 145)
 2 APPPATH\Views\employer\pages\home.php(145): require_once()
 3 SYSTEMPATH\View\View.php(228): include('C:\\laragon\\www\\citypeso\\app\\Views\\employer\\pages\\home.php')
 4 SYSTEMPATH\View\View.php(231): CodeIgniter\View\View->CodeIgniter\View\{closure}()
 5 SYSTEMPATH\Common.php(1178): CodeIgniter\View\View->render('employer/pages/home', [], true)
 6 APPPATH\Controllers\EmployerController.php(92): view('employer/pages/home', [...])
 7 SYSTEMPATH\CodeIgniter.php(941): App\Controllers\EmployerController->employerhome()
 8 SYSTEMPATH\CodeIgniter.php(502): CodeIgniter\CodeIgniter->runController(Object(App\Controllers\EmployerController))
 9 SYSTEMPATH\CodeIgniter.php(361): CodeIgniter\CodeIgniter->handleRequest(null, Object(Config\Cache), false)
10 FCPATH\index.php(79): CodeIgniter\CodeIgniter->run()
11 SYSTEMPATH\Commands\Server\rewrite.php(47): require_once('C:\\laragon\\www\\citypeso\\public\\index.php')
CRITICAL - 2024-05-08 02:54:31 --> ErrorException: require_once(Models/EmployerCompanyModel.php): Failed to open stream: No such file or directory
in APPPATH\Views\employer\pages\home.php on line 145.
 1 APPPATH\Views\employer\pages\home.php(145): CodeIgniter\Debug\Exceptions->errorHandler(2, 'require_once(Models/EmployerCompanyModel.php): Failed to open stream: No such file or directory', 'C:\\laragon\\www\\citypeso\\app\\Views\\employer\\pages\\home.php', 145)
 2 APPPATH\Views\employer\pages\home.php(145): require_once()
 3 SYSTEMPATH\View\View.php(228): include('C:\\laragon\\www\\citypeso\\app\\Views\\employer\\pages\\home.php')
 4 SYSTEMPATH\View\View.php(231): CodeIgniter\View\View->CodeIgniter\View\{closure}()
 5 SYSTEMPATH\Common.php(1178): CodeIgniter\View\View->render('employer/pages/home', [], true)
 6 APPPATH\Controllers\EmployerController.php(92): view('employer/pages/home', [...])
 7 SYSTEMPATH\CodeIgniter.php(941): App\Controllers\EmployerController->employerhome()
 8 SYSTEMPATH\CodeIgniter.php(502): CodeIgniter\CodeIgniter->runController(Object(App\Controllers\EmployerController))
 9 SYSTEMPATH\CodeIgniter.php(361): CodeIgniter\CodeIgniter->handleRequest(null, Object(Config\Cache), false)
10 FCPATH\index.php(79): CodeIgniter\CodeIgniter->run()
11 SYSTEMPATH\Commands\Server\rewrite.php(47): require_once('C:\\laragon\\www\\citypeso\\public\\index.php')
CRITICAL - 2024-05-08 02:54:32 --> ErrorException: require_once(Models/EmployerCompanyModel.php): Failed to open stream: No such file or directory
in APPPATH\Views\employer\pages\home.php on line 145.
 1 APPPATH\Views\employer\pages\home.php(145): CodeIgniter\Debug\Exceptions->errorHandler(2, 'require_once(Models/EmployerCompanyModel.php): Failed to open stream: No such file or directory', 'C:\\laragon\\www\\citypeso\\app\\Views\\employer\\pages\\home.php', 145)
 2 APPPATH\Views\employer\pages\home.php(145): require_once()
 3 SYSTEMPATH\View\View.php(228): include('C:\\laragon\\www\\citypeso\\app\\Views\\employer\\pages\\home.php')
 4 SYSTEMPATH\View\View.php(231): CodeIgniter\View\View->CodeIgniter\View\{closure}()
 5 SYSTEMPATH\Common.php(1178): CodeIgniter\View\View->render('employer/pages/home', [], true)
 6 APPPATH\Controllers\EmployerController.php(92): view('employer/pages/home', [...])
 7 SYSTEMPATH\CodeIgniter.php(941): App\Controllers\EmployerController->employerhome()
 8 SYSTEMPATH\CodeIgniter.php(502): CodeIgniter\CodeIgniter->runController(Object(App\Controllers\EmployerController))
 9 SYSTEMPATH\CodeIgniter.php(361): CodeIgniter\CodeIgniter->handleRequest(null, Object(Config\Cache), false)
10 FCPATH\index.php(79): CodeIgniter\CodeIgniter->run()
11 SYSTEMPATH\Commands\Server\rewrite.php(47): require_once('C:\\laragon\\www\\citypeso\\public\\index.php')
CRITICAL - 2024-05-08 02:56:20 --> ErrorException: require_once(Models/EmployerCompanyModel.php): Failed to open stream: No such file or directory
in APPPATH\Views\employer\pages\home.php on line 145.
 1 APPPATH\Views\employer\pages\home.php(145): CodeIgniter\Debug\Exceptions->errorHandler(2, 'require_once(Models/EmployerCompanyModel.php): Failed to open stream: No such file or directory', 'C:\\laragon\\www\\citypeso\\app\\Views\\employer\\pages\\home.php', 145)
 2 APPPATH\Views\employer\pages\home.php(145): require_once()
 3 SYSTEMPATH\View\View.php(228): include('C:\\laragon\\www\\citypeso\\app\\Views\\employer\\pages\\home.php')
 4 SYSTEMPATH\View\View.php(231): CodeIgniter\View\View->CodeIgniter\View\{closure}()
 5 SYSTEMPATH\Common.php(1178): CodeIgniter\View\View->render('employer/pages/home', [], true)
 6 APPPATH\Controllers\EmployerController.php(92): view('employer/pages/home', [...])
 7 SYSTEMPATH\CodeIgniter.php(941): App\Controllers\EmployerController->employerhome()
 8 SYSTEMPATH\CodeIgniter.php(502): CodeIgniter\CodeIgniter->runController(Object(App\Controllers\EmployerController))
 9 SYSTEMPATH\CodeIgniter.php(361): CodeIgniter\CodeIgniter->handleRequest(null, Object(Config\Cache), false)
10 FCPATH\index.php(79): CodeIgniter\CodeIgniter->run()
11 SYSTEMPATH\Commands\Server\rewrite.php(47): require_once('C:\\laragon\\www\\citypeso\\public\\index.php')
CRITICAL - 2024-05-08 02:56:20 --> ErrorException: require_once(Models/EmployerCompanyModel.php): Failed to open stream: No such file or directory
in APPPATH\Views\employer\pages\home.php on line 145.
 1 APPPATH\Views\employer\pages\home.php(145): CodeIgniter\Debug\Exceptions->errorHandler(2, 'require_once(Models/EmployerCompanyModel.php): Failed to open stream: No such file or directory', 'C:\\laragon\\www\\citypeso\\app\\Views\\employer\\pages\\home.php', 145)
 2 APPPATH\Views\employer\pages\home.php(145): require_once()
 3 SYSTEMPATH\View\View.php(228): include('C:\\laragon\\www\\citypeso\\app\\Views\\employer\\pages\\home.php')
 4 SYSTEMPATH\View\View.php(231): CodeIgniter\View\View->CodeIgniter\View\{closure}()
 5 SYSTEMPATH\Common.php(1178): CodeIgniter\View\View->render('employer/pages/home', [], true)
 6 APPPATH\Controllers\EmployerController.php(92): view('employer/pages/home', [...])
 7 SYSTEMPATH\CodeIgniter.php(941): App\Controllers\EmployerController->employerhome()
 8 SYSTEMPATH\CodeIgniter.php(502): CodeIgniter\CodeIgniter->runController(Object(App\Controllers\EmployerController))
 9 SYSTEMPATH\CodeIgniter.php(361): CodeIgniter\CodeIgniter->handleRequest(null, Object(Config\Cache), false)
10 FCPATH\index.php(79): CodeIgniter\CodeIgniter->run()
11 SYSTEMPATH\Commands\Server\rewrite.php(47): require_once('C:\\laragon\\www\\citypeso\\public\\index.php')
CRITICAL - 2024-05-08 02:56:20 --> ErrorException: require_once(Models/EmployerCompanyModel.php): Failed to open stream: No such file or directory
in APPPATH\Views\employer\pages\home.php on line 145.
 1 APPPATH\Views\employer\pages\home.php(145): CodeIgniter\Debug\Exceptions->errorHandler(2, 'require_once(Models/EmployerCompanyModel.php): Failed to open stream: No such file or directory', 'C:\\laragon\\www\\citypeso\\app\\Views\\employer\\pages\\home.php', 145)
 2 APPPATH\Views\employer\pages\home.php(145): require_once()
 3 SYSTEMPATH\View\View.php(228): include('C:\\laragon\\www\\citypeso\\app\\Views\\employer\\pages\\home.php')
 4 SYSTEMPATH\View\View.php(231): CodeIgniter\View\View->CodeIgniter\View\{closure}()
 5 SYSTEMPATH\Common.php(1178): CodeIgniter\View\View->render('employer/pages/home', [], true)
 6 APPPATH\Controllers\EmployerController.php(92): view('employer/pages/home', [...])
 7 SYSTEMPATH\CodeIgniter.php(941): App\Controllers\EmployerController->employerhome()
 8 SYSTEMPATH\CodeIgniter.php(502): CodeIgniter\CodeIgniter->runController(Object(App\Controllers\EmployerController))
 9 SYSTEMPATH\CodeIgniter.php(361): CodeIgniter\CodeIgniter->handleRequest(null, Object(Config\Cache), false)
10 FCPATH\index.php(79): CodeIgniter\CodeIgniter->run()
11 SYSTEMPATH\Commands\Server\rewrite.php(47): require_once('C:\\laragon\\www\\citypeso\\public\\index.php')
CRITICAL - 2024-05-08 03:06:50 --> ErrorException: require_once(Models/EmployerCompanyModel.php): Failed to open stream: No such file or directory
in APPPATH\Views\employer\pages\home.php on line 145.
 1 APPPATH\Views\employer\pages\home.php(145): CodeIgniter\Debug\Exceptions->errorHandler(2, 'require_once(Models/EmployerCompanyModel.php): Failed to open stream: No such file or directory', 'C:\\laragon\\www\\citypeso\\app\\Views\\employer\\pages\\home.php', 145)
 2 APPPATH\Views\employer\pages\home.php(145): require_once()
 3 SYSTEMPATH\View\View.php(228): include('C:\\laragon\\www\\citypeso\\app\\Views\\employer\\pages\\home.php')
 4 SYSTEMPATH\View\View.php(231): CodeIgniter\View\View->CodeIgniter\View\{closure}()
 5 SYSTEMPATH\Common.php(1178): CodeIgniter\View\View->render('employer/pages/home', [], true)
 6 APPPATH\Controllers\EmployerController.php(92): view('employer/pages/home', [...])
 7 SYSTEMPATH\CodeIgniter.php(941): App\Controllers\EmployerController->employerhome()
 8 SYSTEMPATH\CodeIgniter.php(502): CodeIgniter\CodeIgniter->runController(Object(App\Controllers\EmployerController))
 9 SYSTEMPATH\CodeIgniter.php(361): CodeIgniter\CodeIgniter->handleRequest(null, Object(Config\Cache), false)
10 FCPATH\index.php(79): CodeIgniter\CodeIgniter->run()
11 SYSTEMPATH\Commands\Server\rewrite.php(47): require_once('C:\\laragon\\www\\citypeso\\public\\index.php')
CRITICAL - 2024-05-08 03:08:12 --> ErrorException: require_once(app/EmployerCompanyModel.php): Failed to open stream: No such file or directory
in APPPATH\Views\employer\pages\home.php on line 145.
 1 APPPATH\Views\employer\pages\home.php(145): CodeIgniter\Debug\Exceptions->errorHandler(2, 'require_once(app/EmployerCompanyModel.php): Failed to open stream: No such file or directory', 'C:\\laragon\\www\\citypeso\\app\\Views\\employer\\pages\\home.php', 145)
 2 APPPATH\Views\employer\pages\home.php(145): require_once()
 3 SYSTEMPATH\View\View.php(228): include('C:\\laragon\\www\\citypeso\\app\\Views\\employer\\pages\\home.php')
 4 SYSTEMPATH\View\View.php(231): CodeIgniter\View\View->CodeIgniter\View\{closure}()
 5 SYSTEMPATH\Common.php(1178): CodeIgniter\View\View->render('employer/pages/home', [], true)
 6 APPPATH\Controllers\EmployerController.php(92): view('employer/pages/home', [...])
 7 SYSTEMPATH\CodeIgniter.php(941): App\Controllers\EmployerController->employerhome()
 8 SYSTEMPATH\CodeIgniter.php(502): CodeIgniter\CodeIgniter->runController(Object(App\Controllers\EmployerController))
 9 SYSTEMPATH\CodeIgniter.php(361): CodeIgniter\CodeIgniter->handleRequest(null, Object(Config\Cache), false)
10 FCPATH\index.php(79): CodeIgniter\CodeIgniter->run()
11 SYSTEMPATH\Commands\Server\rewrite.php(47): require_once('C:\\laragon\\www\\citypeso\\public\\index.php')
CRITICAL - 2024-05-08 03:08:13 --> ErrorException: require_once(app/EmployerCompanyModel.php): Failed to open stream: No such file or directory
in APPPATH\Views\employer\pages\home.php on line 145.
 1 APPPATH\Views\employer\pages\home.php(145): CodeIgniter\Debug\Exceptions->errorHandler(2, 'require_once(app/EmployerCompanyModel.php): Failed to open stream: No such file or directory', 'C:\\laragon\\www\\citypeso\\app\\Views\\employer\\pages\\home.php', 145)
 2 APPPATH\Views\employer\pages\home.php(145): require_once()
 3 SYSTEMPATH\View\View.php(228): include('C:\\laragon\\www\\citypeso\\app\\Views\\employer\\pages\\home.php')
 4 SYSTEMPATH\View\View.php(231): CodeIgniter\View\View->CodeIgniter\View\{closure}()
 5 SYSTEMPATH\Common.php(1178): CodeIgniter\View\View->render('employer/pages/home', [], true)
 6 APPPATH\Controllers\EmployerController.php(92): view('employer/pages/home', [...])
 7 SYSTEMPATH\CodeIgniter.php(941): App\Controllers\EmployerController->employerhome()
 8 SYSTEMPATH\CodeIgniter.php(502): CodeIgniter\CodeIgniter->runController(Object(App\Controllers\EmployerController))
 9 SYSTEMPATH\CodeIgniter.php(361): CodeIgniter\CodeIgniter->handleRequest(null, Object(Config\Cache), false)
10 FCPATH\index.php(79): CodeIgniter\CodeIgniter->run()
11 SYSTEMPATH\Commands\Server\rewrite.php(47): require_once('C:\\laragon\\www\\citypeso\\public\\index.php')
CRITICAL - 2024-05-08 03:08:30 --> ErrorException: require_once(app/Models/EmployerCompanyModel.php): Failed to open stream: No such file or directory
in APPPATH\Views\employer\pages\home.php on line 145.
 1 APPPATH\Views\employer\pages\home.php(145): CodeIgniter\Debug\Exceptions->errorHandler(2, 'require_once(app/Models/EmployerCompanyModel.php): Failed to open stream: No such file or directory', 'C:\\laragon\\www\\citypeso\\app\\Views\\employer\\pages\\home.php', 145)
 2 APPPATH\Views\employer\pages\home.php(145): require_once()
 3 SYSTEMPATH\View\View.php(228): include('C:\\laragon\\www\\citypeso\\app\\Views\\employer\\pages\\home.php')
 4 SYSTEMPATH\View\View.php(231): CodeIgniter\View\View->CodeIgniter\View\{closure}()
 5 SYSTEMPATH\Common.php(1178): CodeIgniter\View\View->render('employer/pages/home', [], true)
 6 APPPATH\Controllers\EmployerController.php(92): view('employer/pages/home', [...])
 7 SYSTEMPATH\CodeIgniter.php(941): App\Controllers\EmployerController->employerhome()
 8 SYSTEMPATH\CodeIgniter.php(502): CodeIgniter\CodeIgniter->runController(Object(App\Controllers\EmployerController))
 9 SYSTEMPATH\CodeIgniter.php(361): CodeIgniter\CodeIgniter->handleRequest(null, Object(Config\Cache), false)
10 FCPATH\index.php(79): CodeIgniter\CodeIgniter->run()
11 SYSTEMPATH\Commands\Server\rewrite.php(47): require_once('C:\\laragon\\www\\citypeso\\public\\index.php')
CRITICAL - 2024-05-08 03:08:31 --> ErrorException: require_once(app/Models/EmployerCompanyModel.php): Failed to open stream: No such file or directory
in APPPATH\Views\employer\pages\home.php on line 145.
 1 APPPATH\Views\employer\pages\home.php(145): CodeIgniter\Debug\Exceptions->errorHandler(2, 'require_once(app/Models/EmployerCompanyModel.php): Failed to open stream: No such file or directory', 'C:\\laragon\\www\\citypeso\\app\\Views\\employer\\pages\\home.php', 145)
 2 APPPATH\Views\employer\pages\home.php(145): require_once()
 3 SYSTEMPATH\View\View.php(228): include('C:\\laragon\\www\\citypeso\\app\\Views\\employer\\pages\\home.php')
 4 SYSTEMPATH\View\View.php(231): CodeIgniter\View\View->CodeIgniter\View\{closure}()
 5 SYSTEMPATH\Common.php(1178): CodeIgniter\View\View->render('employer/pages/home', [], true)
 6 APPPATH\Controllers\EmployerController.php(92): view('employer/pages/home', [...])
 7 SYSTEMPATH\CodeIgniter.php(941): App\Controllers\EmployerController->employerhome()
 8 SYSTEMPATH\CodeIgniter.php(502): CodeIgniter\CodeIgniter->runController(Object(App\Controllers\EmployerController))
 9 SYSTEMPATH\CodeIgniter.php(361): CodeIgniter\CodeIgniter->handleRequest(null, Object(Config\Cache), false)
10 FCPATH\index.php(79): CodeIgniter\CodeIgniter->run()
11 SYSTEMPATH\Commands\Server\rewrite.php(47): require_once('C:\\laragon\\www\\citypeso\\public\\index.php')
CRITICAL - 2024-05-08 03:08:31 --> ErrorException: require_once(app/Models/EmployerCompanyModel.php): Failed to open stream: No such file or directory
in APPPATH\Views\employer\pages\home.php on line 145.
 1 APPPATH\Views\employer\pages\home.php(145): CodeIgniter\Debug\Exceptions->errorHandler(2, 'require_once(app/Models/EmployerCompanyModel.php): Failed to open stream: No such file or directory', 'C:\\laragon\\www\\citypeso\\app\\Views\\employer\\pages\\home.php', 145)
 2 APPPATH\Views\employer\pages\home.php(145): require_once()
 3 SYSTEMPATH\View\View.php(228): include('C:\\laragon\\www\\citypeso\\app\\Views\\employer\\pages\\home.php')
 4 SYSTEMPATH\View\View.php(231): CodeIgniter\View\View->CodeIgniter\View\{closure}()
 5 SYSTEMPATH\Common.php(1178): CodeIgniter\View\View->render('employer/pages/home', [], true)
 6 APPPATH\Controllers\EmployerController.php(92): view('employer/pages/home', [...])
 7 SYSTEMPATH\CodeIgniter.php(941): App\Controllers\EmployerController->employerhome()
 8 SYSTEMPATH\CodeIgniter.php(502): CodeIgniter\CodeIgniter->runController(Object(App\Controllers\EmployerController))
 9 SYSTEMPATH\CodeIgniter.php(361): CodeIgniter\CodeIgniter->handleRequest(null, Object(Config\Cache), false)
10 FCPATH\index.php(79): CodeIgniter\CodeIgniter->run()
11 SYSTEMPATH\Commands\Server\rewrite.php(47): require_once('C:\\laragon\\www\\citypeso\\public\\index.php')
CRITICAL - 2024-05-08 03:08:57 --> ErrorException: require_once(app/Models/EmployerCompanyModel.php): Failed to open stream: No such file or directory
in APPPATH\Views\employer\pages\home.php on line 145.
 1 APPPATH\Views\employer\pages\home.php(145): CodeIgniter\Debug\Exceptions->errorHandler(2, 'require_once(app/Models/EmployerCompanyModel.php): Failed to open stream: No such file or directory', 'C:\\laragon\\www\\citypeso\\app\\Views\\employer\\pages\\home.php', 145)
 2 APPPATH\Views\employer\pages\home.php(145): require_once()
 3 SYSTEMPATH\View\View.php(228): include('C:\\laragon\\www\\citypeso\\app\\Views\\employer\\pages\\home.php')
 4 SYSTEMPATH\View\View.php(231): CodeIgniter\View\View->CodeIgniter\View\{closure}()
 5 SYSTEMPATH\Common.php(1178): CodeIgniter\View\View->render('employer/pages/home', [], true)
 6 APPPATH\Controllers\EmployerController.php(92): view('employer/pages/home', [...])
 7 SYSTEMPATH\CodeIgniter.php(941): App\Controllers\EmployerController->employerhome()
 8 SYSTEMPATH\CodeIgniter.php(502): CodeIgniter\CodeIgniter->runController(Object(App\Controllers\EmployerController))
 9 SYSTEMPATH\CodeIgniter.php(361): CodeIgniter\CodeIgniter->handleRequest(null, Object(Config\Cache), false)
10 FCPATH\index.php(79): CodeIgniter\CodeIgniter->run()
11 SYSTEMPATH\Commands\Server\rewrite.php(47): require_once('C:\\laragon\\www\\citypeso\\public\\index.php')
CRITICAL - 2024-05-08 03:09:01 --> ErrorException: require_once(/Models/EmployerCompanyModel.php): Failed to open stream: No such file or directory
in APPPATH\Views\employer\pages\home.php on line 145.
 1 APPPATH\Views\employer\pages\home.php(145): CodeIgniter\Debug\Exceptions->errorHandler(2, 'require_once(/Models/EmployerCompanyModel.php): Failed to open stream: No such file or directory', 'C:\\laragon\\www\\citypeso\\app\\Views\\employer\\pages\\home.php', 145)
 2 APPPATH\Views\employer\pages\home.php(145): require_once()
 3 SYSTEMPATH\View\View.php(228): include('C:\\laragon\\www\\citypeso\\app\\Views\\employer\\pages\\home.php')
 4 SYSTEMPATH\View\View.php(231): CodeIgniter\View\View->CodeIgniter\View\{closure}()
 5 SYSTEMPATH\Common.php(1178): CodeIgniter\View\View->render('employer/pages/home', [], true)
 6 APPPATH\Controllers\EmployerController.php(92): view('employer/pages/home', [...])
 7 SYSTEMPATH\CodeIgniter.php(941): App\Controllers\EmployerController->employerhome()
 8 SYSTEMPATH\CodeIgniter.php(502): CodeIgniter\CodeIgniter->runController(Object(App\Controllers\EmployerController))
 9 SYSTEMPATH\CodeIgniter.php(361): CodeIgniter\CodeIgniter->handleRequest(null, Object(Config\Cache), false)
10 FCPATH\index.php(79): CodeIgniter\CodeIgniter->run()
11 SYSTEMPATH\Commands\Server\rewrite.php(47): require_once('C:\\laragon\\www\\citypeso\\public\\index.php')
CRITICAL - 2024-05-08 03:09:04 --> ErrorException: require_once(Models/EmployerCompanyModel.php): Failed to open stream: No such file or directory
in APPPATH\Views\employer\pages\home.php on line 145.
 1 APPPATH\Views\employer\pages\home.php(145): CodeIgniter\Debug\Exceptions->errorHandler(2, 'require_once(Models/EmployerCompanyModel.php): Failed to open stream: No such file or directory', 'C:\\laragon\\www\\citypeso\\app\\Views\\employer\\pages\\home.php', 145)
 2 APPPATH\Views\employer\pages\home.php(145): require_once()
 3 SYSTEMPATH\View\View.php(228): include('C:\\laragon\\www\\citypeso\\app\\Views\\employer\\pages\\home.php')
 4 SYSTEMPATH\View\View.php(231): CodeIgniter\View\View->CodeIgniter\View\{closure}()
 5 SYSTEMPATH\Common.php(1178): CodeIgniter\View\View->render('employer/pages/home', [], true)
 6 APPPATH\Controllers\EmployerController.php(92): view('employer/pages/home', [...])
 7 SYSTEMPATH\CodeIgniter.php(941): App\Controllers\EmployerController->employerhome()
 8 SYSTEMPATH\CodeIgniter.php(502): CodeIgniter\CodeIgniter->runController(Object(App\Controllers\EmployerController))
 9 SYSTEMPATH\CodeIgniter.php(361): CodeIgniter\CodeIgniter->handleRequest(null, Object(Config\Cache), false)
10 FCPATH\index.php(79): CodeIgniter\CodeIgniter->run()
11 SYSTEMPATH\Commands\Server\rewrite.php(47): require_once('C:\\laragon\\www\\citypeso\\public\\index.php')
CRITICAL - 2024-05-08 03:09:05 --> ErrorException: require_once(Models/EmployerCompanyModel.php): Failed to open stream: No such file or directory
in APPPATH\Views\employer\pages\home.php on line 145.
 1 APPPATH\Views\employer\pages\home.php(145): CodeIgniter\Debug\Exceptions->errorHandler(2, 'require_once(Models/EmployerCompanyModel.php): Failed to open stream: No such file or directory', 'C:\\laragon\\www\\citypeso\\app\\Views\\employer\\pages\\home.php', 145)
 2 APPPATH\Views\employer\pages\home.php(145): require_once()
 3 SYSTEMPATH\View\View.php(228): include('C:\\laragon\\www\\citypeso\\app\\Views\\employer\\pages\\home.php')
 4 SYSTEMPATH\View\View.php(231): CodeIgniter\View\View->CodeIgniter\View\{closure}()
 5 SYSTEMPATH\Common.php(1178): CodeIgniter\View\View->render('employer/pages/home', [], true)
 6 APPPATH\Controllers\EmployerController.php(92): view('employer/pages/home', [...])
 7 SYSTEMPATH\CodeIgniter.php(941): App\Controllers\EmployerController->employerhome()
 8 SYSTEMPATH\CodeIgniter.php(502): CodeIgniter\CodeIgniter->runController(Object(App\Controllers\EmployerController))
 9 SYSTEMPATH\CodeIgniter.php(361): CodeIgniter\CodeIgniter->handleRequest(null, Object(Config\Cache), false)
10 FCPATH\index.php(79): CodeIgniter\CodeIgniter->run()
11 SYSTEMPATH\Commands\Server\rewrite.php(47): require_once('C:\\laragon\\www\\citypeso\\public\\index.php')
CRITICAL - 2024-05-08 03:09:18 --> ErrorException: require_once(C:\laragon\www\citypeso): Failed to open stream: Permission denied
in APPPATH\Views\employer\pages\home.php on line 145.
 1 APPPATH\Views\employer\pages\home.php(145): CodeIgniter\Debug\Exceptions->errorHandler(2, 'require_once(C:\\laragon\\www\\citypeso): Failed to open stream: Permission denied', 'C:\\laragon\\www\\citypeso\\app\\Views\\employer\\pages\\home.php', 145)
 2 APPPATH\Views\employer\pages\home.php(145): require_once()
 3 SYSTEMPATH\View\View.php(228): include('C:\\laragon\\www\\citypeso\\app\\Views\\employer\\pages\\home.php')
 4 SYSTEMPATH\View\View.php(231): CodeIgniter\View\View->CodeIgniter\View\{closure}()
 5 SYSTEMPATH\Common.php(1178): CodeIgniter\View\View->render('employer/pages/home', [], true)
 6 APPPATH\Controllers\EmployerController.php(92): view('employer/pages/home', [...])
 7 SYSTEMPATH\CodeIgniter.php(941): App\Controllers\EmployerController->employerhome()
 8 SYSTEMPATH\CodeIgniter.php(502): CodeIgniter\CodeIgniter->runController(Object(App\Controllers\EmployerController))
 9 SYSTEMPATH\CodeIgniter.php(361): CodeIgniter\CodeIgniter->handleRequest(null, Object(Config\Cache), false)
10 FCPATH\index.php(79): CodeIgniter\CodeIgniter->run()
11 SYSTEMPATH\Commands\Server\rewrite.php(47): require_once('C:\\laragon\\www\\citypeso\\public\\index.php')
CRITICAL - 2024-05-08 03:09:19 --> ErrorException: require_once(C:\laragon\www\citypeso): Failed to open stream: Permission denied
in APPPATH\Views\employer\pages\home.php on line 145.
 1 APPPATH\Views\employer\pages\home.php(145): CodeIgniter\Debug\Exceptions->errorHandler(2, 'require_once(C:\\laragon\\www\\citypeso): Failed to open stream: Permission denied', 'C:\\laragon\\www\\citypeso\\app\\Views\\employer\\pages\\home.php', 145)
 2 APPPATH\Views\employer\pages\home.php(145): require_once()
 3 SYSTEMPATH\View\View.php(228): include('C:\\laragon\\www\\citypeso\\app\\Views\\employer\\pages\\home.php')
 4 SYSTEMPATH\View\View.php(231): CodeIgniter\View\View->CodeIgniter\View\{closure}()
 5 SYSTEMPATH\Common.php(1178): CodeIgniter\View\View->render('employer/pages/home', [], true)
 6 APPPATH\Controllers\EmployerController.php(92): view('employer/pages/home', [...])
 7 SYSTEMPATH\CodeIgniter.php(941): App\Controllers\EmployerController->employerhome()
 8 SYSTEMPATH\CodeIgniter.php(502): CodeIgniter\CodeIgniter->runController(Object(App\Controllers\EmployerController))
 9 SYSTEMPATH\CodeIgniter.php(361): CodeIgniter\CodeIgniter->handleRequest(null, Object(Config\Cache), false)
10 FCPATH\index.php(79): CodeIgniter\CodeIgniter->run()
11 SYSTEMPATH\Commands\Server\rewrite.php(47): require_once('C:\\laragon\\www\\citypeso\\public\\index.php')
CRITICAL - 2024-05-08 03:09:45 --> ErrorException: require_once(pages): Failed to open stream: No such file or directory
in APPPATH\Views\employer\pages\home.php on line 145.
 1 APPPATH\Views\employer\pages\home.php(145): CodeIgniter\Debug\Exceptions->errorHandler(2, 'require_once(pages): Failed to open stream: No such file or directory', 'C:\\laragon\\www\\citypeso\\app\\Views\\employer\\pages\\home.php', 145)
 2 APPPATH\Views\employer\pages\home.php(145): require_once()
 3 SYSTEMPATH\View\View.php(228): include('C:\\laragon\\www\\citypeso\\app\\Views\\employer\\pages\\home.php')
 4 SYSTEMPATH\View\View.php(231): CodeIgniter\View\View->CodeIgniter\View\{closure}()
 5 SYSTEMPATH\Common.php(1178): CodeIgniter\View\View->render('employer/pages/home', [], true)
 6 APPPATH\Controllers\EmployerController.php(92): view('employer/pages/home', [...])
 7 SYSTEMPATH\CodeIgniter.php(941): App\Controllers\EmployerController->employerhome()
 8 SYSTEMPATH\CodeIgniter.php(502): CodeIgniter\CodeIgniter->runController(Object(App\Controllers\EmployerController))
 9 SYSTEMPATH\CodeIgniter.php(361): CodeIgniter\CodeIgniter->handleRequest(null, Object(Config\Cache), false)
10 FCPATH\index.php(79): CodeIgniter\CodeIgniter->run()
11 SYSTEMPATH\Commands\Server\rewrite.php(47): require_once('C:\\laragon\\www\\citypeso\\public\\index.php')
CRITICAL - 2024-05-08 03:09:46 --> ErrorException: require_once(pages): Failed to open stream: No such file or directory
in APPPATH\Views\employer\pages\home.php on line 145.
 1 APPPATH\Views\employer\pages\home.php(145): CodeIgniter\Debug\Exceptions->errorHandler(2, 'require_once(pages): Failed to open stream: No such file or directory', 'C:\\laragon\\www\\citypeso\\app\\Views\\employer\\pages\\home.php', 145)
 2 APPPATH\Views\employer\pages\home.php(145): require_once()
 3 SYSTEMPATH\View\View.php(228): include('C:\\laragon\\www\\citypeso\\app\\Views\\employer\\pages\\home.php')
 4 SYSTEMPATH\View\View.php(231): CodeIgniter\View\View->CodeIgniter\View\{closure}()
 5 SYSTEMPATH\Common.php(1178): CodeIgniter\View\View->render('employer/pages/home', [], true)
 6 APPPATH\Controllers\EmployerController.php(92): view('employer/pages/home', [...])
 7 SYSTEMPATH\CodeIgniter.php(941): App\Controllers\EmployerController->employerhome()
 8 SYSTEMPATH\CodeIgniter.php(502): CodeIgniter\CodeIgniter->runController(Object(App\Controllers\EmployerController))
 9 SYSTEMPATH\CodeIgniter.php(361): CodeIgniter\CodeIgniter->handleRequest(null, Object(Config\Cache), false)
10 FCPATH\index.php(79): CodeIgniter\CodeIgniter->run()
11 SYSTEMPATH\Commands\Server\rewrite.php(47): require_once('C:\\laragon\\www\\citypeso\\public\\index.php')
CRITICAL - 2024-05-08 03:09:57 --> ErrorException: Undefined variable $conn
in APPPATH\Views\employer\pages\home.php on line 148.
 1 APPPATH\Views\employer\pages\home.php(148): CodeIgniter\Debug\Exceptions->errorHandler(2, 'Undefined variable $conn', 'C:\\laragon\\www\\citypeso\\app\\Views\\employer\\pages\\home.php', 148)
 2 SYSTEMPATH\View\View.php(228): include('C:\\laragon\\www\\citypeso\\app\\Views\\employer\\pages\\home.php')
 3 SYSTEMPATH\View\View.php(231): CodeIgniter\View\View->CodeIgniter\View\{closure}()
 4 SYSTEMPATH\Common.php(1178): CodeIgniter\View\View->render('employer/pages/home', [], true)
 5 APPPATH\Controllers\EmployerController.php(92): view('employer/pages/home', [...])
 6 SYSTEMPATH\CodeIgniter.php(941): App\Controllers\EmployerController->employerhome()
 7 SYSTEMPATH\CodeIgniter.php(502): CodeIgniter\CodeIgniter->runController(Object(App\Controllers\EmployerController))
 8 SYSTEMPATH\CodeIgniter.php(361): CodeIgniter\CodeIgniter->handleRequest(null, Object(Config\Cache), false)
 9 FCPATH\index.php(79): CodeIgniter\CodeIgniter->run()
10 SYSTEMPATH\Commands\Server\rewrite.php(47): require_once('C:\\laragon\\www\\citypeso\\public\\index.php')
CRITICAL - 2024-05-08 03:09:57 --> ErrorException: Undefined variable $conn
in APPPATH\Views\employer\pages\home.php on line 148.
 1 APPPATH\Views\employer\pages\home.php(148): CodeIgniter\Debug\Exceptions->errorHandler(2, 'Undefined variable $conn', 'C:\\laragon\\www\\citypeso\\app\\Views\\employer\\pages\\home.php', 148)
 2 SYSTEMPATH\View\View.php(228): include('C:\\laragon\\www\\citypeso\\app\\Views\\employer\\pages\\home.php')
 3 SYSTEMPATH\View\View.php(231): CodeIgniter\View\View->CodeIgniter\View\{closure}()
 4 SYSTEMPATH\Common.php(1178): CodeIgniter\View\View->render('employer/pages/home', [], true)
 5 APPPATH\Controllers\EmployerController.php(92): view('employer/pages/home', [...])
 6 SYSTEMPATH\CodeIgniter.php(941): App\Controllers\EmployerController->employerhome()
 7 SYSTEMPATH\CodeIgniter.php(502): CodeIgniter\CodeIgniter->runController(Object(App\Controllers\EmployerController))
 8 SYSTEMPATH\CodeIgniter.php(361): CodeIgniter\CodeIgniter->handleRequest(null, Object(Config\Cache), false)
 9 FCPATH\index.php(79): CodeIgniter\CodeIgniter->run()
10 SYSTEMPATH\Commands\Server\rewrite.php(47): require_once('C:\\laragon\\www\\citypeso\\public\\index.php')
CRITICAL - 2024-05-08 03:09:57 --> ErrorException: Undefined variable $conn
in APPPATH\Views\employer\pages\home.php on line 148.
 1 APPPATH\Views\employer\pages\home.php(148): CodeIgniter\Debug\Exceptions->errorHandler(2, 'Undefined variable $conn', 'C:\\laragon\\www\\citypeso\\app\\Views\\employer\\pages\\home.php', 148)
 2 SYSTEMPATH\View\View.php(228): include('C:\\laragon\\www\\citypeso\\app\\Views\\employer\\pages\\home.php')
 3 SYSTEMPATH\View\View.php(231): CodeIgniter\View\View->CodeIgniter\View\{closure}()
 4 SYSTEMPATH\Common.php(1178): CodeIgniter\View\View->render('employer/pages/home', [], true)
 5 APPPATH\Controllers\EmployerController.php(92): view('employer/pages/home', [...])
 6 SYSTEMPATH\CodeIgniter.php(941): App\Controllers\EmployerController->employerhome()
 7 SYSTEMPATH\CodeIgniter.php(502): CodeIgniter\CodeIgniter->runController(Object(App\Controllers\EmployerController))
 8 SYSTEMPATH\CodeIgniter.php(361): CodeIgniter\CodeIgniter->handleRequest(null, Object(Config\Cache), false)
 9 FCPATH\index.php(79): CodeIgniter\CodeIgniter->run()
10 SYSTEMPATH\Commands\Server\rewrite.php(47): require_once('C:\\laragon\\www\\citypeso\\public\\index.php')
CRITICAL - 2024-05-08 04:31:33 --> ErrorException: require(vendor/autoload.php): Failed to open stream: No such file or directory
in APPPATH\Views\employer\pages\home.php on line 3.
 1 APPPATH\Views\employer\pages\home.php(3): CodeIgniter\Debug\Exceptions->errorHandler(2, 'require(vendor/autoload.php): Failed to open stream: No such file or directory', 'C:\\laragon\\www\\citypeso\\app\\Views\\employer\\pages\\home.php', 3)
 2 APPPATH\Views\employer\pages\home.php(3): require()
 3 SYSTEMPATH\View\View.php(228): include('C:\\laragon\\www\\citypeso\\app\\Views\\employer\\pages\\home.php')
 4 SYSTEMPATH\View\View.php(231): CodeIgniter\View\View->CodeIgniter\View\{closure}()
 5 SYSTEMPATH\Common.php(1178): CodeIgniter\View\View->render('employer/pages/home', [], true)
 6 APPPATH\Controllers\EmployerController.php(92): view('employer/pages/home', [...])
 7 SYSTEMPATH\CodeIgniter.php(941): App\Controllers\EmployerController->employerhome()
 8 SYSTEMPATH\CodeIgniter.php(502): CodeIgniter\CodeIgniter->runController(Object(App\Controllers\EmployerController))
 9 SYSTEMPATH\CodeIgniter.php(361): CodeIgniter\CodeIgniter->handleRequest(null, Object(Config\Cache), false)
10 FCPATH\index.php(79): CodeIgniter\CodeIgniter->run()
11 SYSTEMPATH\Commands\Server\rewrite.php(47): require_once('C:\\laragon\\www\\citypeso\\public\\index.php')
CRITICAL - 2024-05-08 05:03:19 --> ErrorException: require(vendor/autoload.php): Failed to open stream: No such file or directory
in APPPATH\Views\employer\pages\home.php on line 3.
 1 APPPATH\Views\employer\pages\home.php(3): CodeIgniter\Debug\Exceptions->errorHandler(2, 'require(vendor/autoload.php): Failed to open stream: No such file or directory', 'C:\\laragon\\www\\citypeso\\app\\Views\\employer\\pages\\home.php', 3)
 2 APPPATH\Views\employer\pages\home.php(3): require()
 3 SYSTEMPATH\View\View.php(228): include('C:\\laragon\\www\\citypeso\\app\\Views\\employer\\pages\\home.php')
 4 SYSTEMPATH\View\View.php(231): CodeIgniter\View\View->CodeIgniter\View\{closure}()
 5 SYSTEMPATH\Common.php(1178): CodeIgniter\View\View->render('employer/pages/home', [], true)
 6 APPPATH\Controllers\EmployerController.php(92): view('employer/pages/home', [...])
 7 SYSTEMPATH\CodeIgniter.php(941): App\Controllers\EmployerController->employerhome()
 8 SYSTEMPATH\CodeIgniter.php(502): CodeIgniter\CodeIgniter->runController(Object(App\Controllers\EmployerController))
 9 SYSTEMPATH\CodeIgniter.php(361): CodeIgniter\CodeIgniter->handleRequest(null, Object(Config\Cache), false)
10 FCPATH\index.php(79): CodeIgniter\CodeIgniter->run()
11 SYSTEMPATH\Commands\Server\rewrite.php(47): require_once('C:\\laragon\\www\\citypeso\\public\\index.php')
CRITICAL - 2024-05-08 05:03:20 --> ErrorException: require(vendor/autoload.php): Failed to open stream: No such file or directory
in APPPATH\Views\employer\pages\home.php on line 3.
 1 APPPATH\Views\employer\pages\home.php(3): CodeIgniter\Debug\Exceptions->errorHandler(2, 'require(vendor/autoload.php): Failed to open stream: No such file or directory', 'C:\\laragon\\www\\citypeso\\app\\Views\\employer\\pages\\home.php', 3)
 2 APPPATH\Views\employer\pages\home.php(3): require()
 3 SYSTEMPATH\View\View.php(228): include('C:\\laragon\\www\\citypeso\\app\\Views\\employer\\pages\\home.php')
 4 SYSTEMPATH\View\View.php(231): CodeIgniter\View\View->CodeIgniter\View\{closure}()
 5 SYSTEMPATH\Common.php(1178): CodeIgniter\View\View->render('employer/pages/home', [], true)
 6 APPPATH\Controllers\EmployerController.php(92): view('employer/pages/home', [...])
 7 SYSTEMPATH\CodeIgniter.php(941): App\Controllers\EmployerController->employerhome()
 8 SYSTEMPATH\CodeIgniter.php(502): CodeIgniter\CodeIgniter->runController(Object(App\Controllers\EmployerController))
 9 SYSTEMPATH\CodeIgniter.php(361): CodeIgniter\CodeIgniter->handleRequest(null, Object(Config\Cache), false)
10 FCPATH\index.php(79): CodeIgniter\CodeIgniter->run()
11 SYSTEMPATH\Commands\Server\rewrite.php(47): require_once('C:\\laragon\\www\\citypeso\\public\\index.php')
CRITICAL - 2024-05-08 05:03:55 --> ErrorException: require(models/EmployerCompanyModel.php): Failed to open stream: No such file or directory
in APPPATH\Views\employer\pages\home.php on line 3.
 1 APPPATH\Views\employer\pages\home.php(3): CodeIgniter\Debug\Exceptions->errorHandler(2, 'require(models/EmployerCompanyModel.php): Failed to open stream: No such file or directory', 'C:\\laragon\\www\\citypeso\\app\\Views\\employer\\pages\\home.php', 3)
 2 APPPATH\Views\employer\pages\home.php(3): require()
 3 SYSTEMPATH\View\View.php(228): include('C:\\laragon\\www\\citypeso\\app\\Views\\employer\\pages\\home.php')
 4 SYSTEMPATH\View\View.php(231): CodeIgniter\View\View->CodeIgniter\View\{closure}()
 5 SYSTEMPATH\Common.php(1178): CodeIgniter\View\View->render('employer/pages/home', [], true)
 6 APPPATH\Controllers\EmployerController.php(92): view('employer/pages/home', [...])
 7 SYSTEMPATH\CodeIgniter.php(941): App\Controllers\EmployerController->employerhome()
 8 SYSTEMPATH\CodeIgniter.php(502): CodeIgniter\CodeIgniter->runController(Object(App\Controllers\EmployerController))
 9 SYSTEMPATH\CodeIgniter.php(361): CodeIgniter\CodeIgniter->handleRequest(null, Object(Config\Cache), false)
10 FCPATH\index.php(79): CodeIgniter\CodeIgniter->run()
11 SYSTEMPATH\Commands\Server\rewrite.php(47): require_once('C:\\laragon\\www\\citypeso\\public\\index.php')
CRITICAL - 2024-05-08 05:03:55 --> ErrorException: require(models/EmployerCompanyModel.php): Failed to open stream: No such file or directory
in APPPATH\Views\employer\pages\home.php on line 3.
 1 APPPATH\Views\employer\pages\home.php(3): CodeIgniter\Debug\Exceptions->errorHandler(2, 'require(models/EmployerCompanyModel.php): Failed to open stream: No such file or directory', 'C:\\laragon\\www\\citypeso\\app\\Views\\employer\\pages\\home.php', 3)
 2 APPPATH\Views\employer\pages\home.php(3): require()
 3 SYSTEMPATH\View\View.php(228): include('C:\\laragon\\www\\citypeso\\app\\Views\\employer\\pages\\home.php')
 4 SYSTEMPATH\View\View.php(231): CodeIgniter\View\View->CodeIgniter\View\{closure}()
 5 SYSTEMPATH\Common.php(1178): CodeIgniter\View\View->render('employer/pages/home', [], true)
 6 APPPATH\Controllers\EmployerController.php(92): view('employer/pages/home', [...])
 7 SYSTEMPATH\CodeIgniter.php(941): App\Controllers\EmployerController->employerhome()
 8 SYSTEMPATH\CodeIgniter.php(502): CodeIgniter\CodeIgniter->runController(Object(App\Controllers\EmployerController))
 9 SYSTEMPATH\CodeIgniter.php(361): CodeIgniter\CodeIgniter->handleRequest(null, Object(Config\Cache), false)
10 FCPATH\index.php(79): CodeIgniter\CodeIgniter->run()
11 SYSTEMPATH\Commands\Server\rewrite.php(47): require_once('C:\\laragon\\www\\citypeso\\public\\index.php')
CRITICAL - 2024-05-08 05:03:55 --> ErrorException: require(models/EmployerCompanyModel.php): Failed to open stream: No such file or directory
in APPPATH\Views\employer\pages\home.php on line 3.
 1 APPPATH\Views\employer\pages\home.php(3): CodeIgniter\Debug\Exceptions->errorHandler(2, 'require(models/EmployerCompanyModel.php): Failed to open stream: No such file or directory', 'C:\\laragon\\www\\citypeso\\app\\Views\\employer\\pages\\home.php', 3)
 2 APPPATH\Views\employer\pages\home.php(3): require()
 3 SYSTEMPATH\View\View.php(228): include('C:\\laragon\\www\\citypeso\\app\\Views\\employer\\pages\\home.php')
 4 SYSTEMPATH\View\View.php(231): CodeIgniter\View\View->CodeIgniter\View\{closure}()
 5 SYSTEMPATH\Common.php(1178): CodeIgniter\View\View->render('employer/pages/home', [], true)
 6 APPPATH\Controllers\EmployerController.php(92): view('employer/pages/home', [...])
 7 SYSTEMPATH\CodeIgniter.php(941): App\Controllers\EmployerController->employerhome()
 8 SYSTEMPATH\CodeIgniter.php(502): CodeIgniter\CodeIgniter->runController(Object(App\Controllers\EmployerController))
 9 SYSTEMPATH\CodeIgniter.php(361): CodeIgniter\CodeIgniter->handleRequest(null, Object(Config\Cache), false)
10 FCPATH\index.php(79): CodeIgniter\CodeIgniter->run()
11 SYSTEMPATH\Commands\Server\rewrite.php(47): require_once('C:\\laragon\\www\\citypeso\\public\\index.php')
CRITICAL - 2024-05-08 05:07:36 --> ErrorException: require(vendor/autoload.php): Failed to open stream: No such file or directory
in APPPATH\Views\employer\pages\home.php on line 94.
 1 APPPATH\Views\employer\pages\home.php(94): CodeIgniter\Debug\Exceptions->errorHandler(2, 'require(vendor/autoload.php): Failed to open stream: No such file or directory', 'C:\\laragon\\www\\citypeso\\app\\Views\\employer\\pages\\home.php', 94)
 2 APPPATH\Views\employer\pages\home.php(94): require()
 3 SYSTEMPATH\View\View.php(228): include('C:\\laragon\\www\\citypeso\\app\\Views\\employer\\pages\\home.php')
 4 SYSTEMPATH\View\View.php(231): CodeIgniter\View\View->CodeIgniter\View\{closure}()
 5 SYSTEMPATH\Common.php(1178): CodeIgniter\View\View->render('employer/pages/home', [], true)
 6 APPPATH\Controllers\EmployerController.php(92): view('employer/pages/home', [...])
 7 SYSTEMPATH\CodeIgniter.php(941): App\Controllers\EmployerController->employerhome()
 8 SYSTEMPATH\CodeIgniter.php(502): CodeIgniter\CodeIgniter->runController(Object(App\Controllers\EmployerController))
 9 SYSTEMPATH\CodeIgniter.php(361): CodeIgniter\CodeIgniter->handleRequest(null, Object(Config\Cache), false)
10 FCPATH\index.php(79): CodeIgniter\CodeIgniter->run()
11 SYSTEMPATH\Commands\Server\rewrite.php(47): require_once('C:\\laragon\\www\\citypeso\\public\\index.php')
CRITICAL - 2024-05-08 05:07:37 --> ErrorException: require(vendor/autoload.php): Failed to open stream: No such file or directory
in APPPATH\Views\employer\pages\home.php on line 94.
 1 APPPATH\Views\employer\pages\home.php(94): CodeIgniter\Debug\Exceptions->errorHandler(2, 'require(vendor/autoload.php): Failed to open stream: No such file or directory', 'C:\\laragon\\www\\citypeso\\app\\Views\\employer\\pages\\home.php', 94)
 2 APPPATH\Views\employer\pages\home.php(94): require()
 3 SYSTEMPATH\View\View.php(228): include('C:\\laragon\\www\\citypeso\\app\\Views\\employer\\pages\\home.php')
 4 SYSTEMPATH\View\View.php(231): CodeIgniter\View\View->CodeIgniter\View\{closure}()
 5 SYSTEMPATH\Common.php(1178): CodeIgniter\View\View->render('employer/pages/home', [], true)
 6 APPPATH\Controllers\EmployerController.php(92): view('employer/pages/home', [...])
 7 SYSTEMPATH\CodeIgniter.php(941): App\Controllers\EmployerController->employerhome()
 8 SYSTEMPATH\CodeIgniter.php(502): CodeIgniter\CodeIgniter->runController(Object(App\Controllers\EmployerController))
 9 SYSTEMPATH\CodeIgniter.php(361): CodeIgniter\CodeIgniter->handleRequest(null, Object(Config\Cache), false)
10 FCPATH\index.php(79): CodeIgniter\CodeIgniter->run()
11 SYSTEMPATH\Commands\Server\rewrite.php(47): require_once('C:\\laragon\\www\\citypeso\\public\\index.php')
CRITICAL - 2024-05-08 05:07:37 --> ErrorException: require(vendor/autoload.php): Failed to open stream: No such file or directory
in APPPATH\Views\employer\pages\home.php on line 94.
 1 APPPATH\Views\employer\pages\home.php(94): CodeIgniter\Debug\Exceptions->errorHandler(2, 'require(vendor/autoload.php): Failed to open stream: No such file or directory', 'C:\\laragon\\www\\citypeso\\app\\Views\\employer\\pages\\home.php', 94)
 2 APPPATH\Views\employer\pages\home.php(94): require()
 3 SYSTEMPATH\View\View.php(228): include('C:\\laragon\\www\\citypeso\\app\\Views\\employer\\pages\\home.php')
 4 SYSTEMPATH\View\View.php(231): CodeIgniter\View\View->CodeIgniter\View\{closure}()
 5 SYSTEMPATH\Common.php(1178): CodeIgniter\View\View->render('employer/pages/home', [], true)
 6 APPPATH\Controllers\EmployerController.php(92): view('employer/pages/home', [...])
 7 SYSTEMPATH\CodeIgniter.php(941): App\Controllers\EmployerController->employerhome()
 8 SYSTEMPATH\CodeIgniter.php(502): CodeIgniter\CodeIgniter->runController(Object(App\Controllers\EmployerController))
 9 SYSTEMPATH\CodeIgniter.php(361): CodeIgniter\CodeIgniter->handleRequest(null, Object(Config\Cache), false)
10 FCPATH\index.php(79): CodeIgniter\CodeIgniter->run()
11 SYSTEMPATH\Commands\Server\rewrite.php(47): require_once('C:\\laragon\\www\\citypeso\\public\\index.php')
CRITICAL - 2024-05-08 05:08:11 --> ErrorException: require(models/EmployerCompanyModel.php): Failed to open stream: No such file or directory
in APPPATH\Views\employer\pages\home.php on line 94.
 1 APPPATH\Views\employer\pages\home.php(94): CodeIgniter\Debug\Exceptions->errorHandler(2, 'require(models/EmployerCompanyModel.php): Failed to open stream: No such file or directory', 'C:\\laragon\\www\\citypeso\\app\\Views\\employer\\pages\\home.php', 94)
 2 APPPATH\Views\employer\pages\home.php(94): require()
 3 SYSTEMPATH\View\View.php(228): include('C:\\laragon\\www\\citypeso\\app\\Views\\employer\\pages\\home.php')
 4 SYSTEMPATH\View\View.php(231): CodeIgniter\View\View->CodeIgniter\View\{closure}()
 5 SYSTEMPATH\Common.php(1178): CodeIgniter\View\View->render('employer/pages/home', [], true)
 6 APPPATH\Controllers\EmployerController.php(92): view('employer/pages/home', [...])
 7 SYSTEMPATH\CodeIgniter.php(941): App\Controllers\EmployerController->employerhome()
 8 SYSTEMPATH\CodeIgniter.php(502): CodeIgniter\CodeIgniter->runController(Object(App\Controllers\EmployerController))
 9 SYSTEMPATH\CodeIgniter.php(361): CodeIgniter\CodeIgniter->handleRequest(null, Object(Config\Cache), false)
10 FCPATH\index.php(79): CodeIgniter\CodeIgniter->run()
11 SYSTEMPATH\Commands\Server\rewrite.php(47): require_once('C:\\laragon\\www\\citypeso\\public\\index.php')
CRITICAL - 2024-05-08 05:08:21 --> ErrorException: require(models/EmployerCompanyModel.php): Failed to open stream: No such file or directory
in APPPATH\Views\employer\pages\home.php on line 94.
 1 APPPATH\Views\employer\pages\home.php(94): CodeIgniter\Debug\Exceptions->errorHandler(2, 'require(models/EmployerCompanyModel.php): Failed to open stream: No such file or directory', 'C:\\laragon\\www\\citypeso\\app\\Views\\employer\\pages\\home.php', 94)
 2 APPPATH\Views\employer\pages\home.php(94): require()
 3 SYSTEMPATH\View\View.php(228): include('C:\\laragon\\www\\citypeso\\app\\Views\\employer\\pages\\home.php')
 4 SYSTEMPATH\View\View.php(231): CodeIgniter\View\View->CodeIgniter\View\{closure}()
 5 SYSTEMPATH\Common.php(1178): CodeIgniter\View\View->render('employer/pages/home', [], true)
 6 APPPATH\Controllers\EmployerController.php(92): view('employer/pages/home', [...])
 7 SYSTEMPATH\CodeIgniter.php(941): App\Controllers\EmployerController->employerhome()
 8 SYSTEMPATH\CodeIgniter.php(502): CodeIgniter\CodeIgniter->runController(Object(App\Controllers\EmployerController))
 9 SYSTEMPATH\CodeIgniter.php(361): CodeIgniter\CodeIgniter->handleRequest(null, Object(Config\Cache), false)
10 FCPATH\index.php(79): CodeIgniter\CodeIgniter->run()
11 SYSTEMPATH\Commands\Server\rewrite.php(47): require_once('C:\\laragon\\www\\citypeso\\public\\index.php')
CRITICAL - 2024-05-08 05:08:27 --> ErrorException: require(Models/EmployerCompanyModel.php): Failed to open stream: No such file or directory
in APPPATH\Views\employer\pages\home.php on line 94.
 1 APPPATH\Views\employer\pages\home.php(94): CodeIgniter\Debug\Exceptions->errorHandler(2, 'require(Models/EmployerCompanyModel.php): Failed to open stream: No such file or directory', 'C:\\laragon\\www\\citypeso\\app\\Views\\employer\\pages\\home.php', 94)
 2 APPPATH\Views\employer\pages\home.php(94): require()
 3 SYSTEMPATH\View\View.php(228): include('C:\\laragon\\www\\citypeso\\app\\Views\\employer\\pages\\home.php')
 4 SYSTEMPATH\View\View.php(231): CodeIgniter\View\View->CodeIgniter\View\{closure}()
 5 SYSTEMPATH\Common.php(1178): CodeIgniter\View\View->render('employer/pages/home', [], true)
 6 APPPATH\Controllers\EmployerController.php(92): view('employer/pages/home', [...])
 7 SYSTEMPATH\CodeIgniter.php(941): App\Controllers\EmployerController->employerhome()
 8 SYSTEMPATH\CodeIgniter.php(502): CodeIgniter\CodeIgniter->runController(Object(App\Controllers\EmployerController))
 9 SYSTEMPATH\CodeIgniter.php(361): CodeIgniter\CodeIgniter->handleRequest(null, Object(Config\Cache), false)
10 FCPATH\index.php(79): CodeIgniter\CodeIgniter->run()
11 SYSTEMPATH\Commands\Server\rewrite.php(47): require_once('C:\\laragon\\www\\citypeso\\public\\index.php')
CRITICAL - 2024-05-08 16:09:34 --> ErrorException: Undefined variable $chartData
in APPPATH\Views\employer\pages\home.php on line 77.
 1 APPPATH\Views\employer\pages\home.php(77): CodeIgniter\Debug\Exceptions->errorHandler(2, 'Undefined variable $chartData', 'C:\\laragon\\www\\citypeso\\app\\Views\\employer\\pages\\home.php', 77)
 2 SYSTEMPATH\View\View.php(228): include('C:\\laragon\\www\\citypeso\\app\\Views\\employer\\pages\\home.php')
 3 SYSTEMPATH\View\View.php(231): CodeIgniter\View\View->CodeIgniter\View\{closure}()
 4 SYSTEMPATH\Common.php(1178): CodeIgniter\View\View->render('employer/pages/home', [], true)
 5 APPPATH\Controllers\EmployerController.php(92): view('employer/pages/home', [...])
 6 SYSTEMPATH\CodeIgniter.php(941): App\Controllers\EmployerController->employerhome()
 7 SYSTEMPATH\CodeIgniter.php(502): CodeIgniter\CodeIgniter->runController(Object(App\Controllers\EmployerController))
 8 SYSTEMPATH\CodeIgniter.php(361): CodeIgniter\CodeIgniter->handleRequest(null, Object(Config\Cache), false)
 9 FCPATH\index.php(79): CodeIgniter\CodeIgniter->run()
10 SYSTEMPATH\Commands\Server\rewrite.php(47): require_once('C:\\laragon\\www\\citypeso\\public\\index.php')
CRITICAL - 2024-05-08 16:21:08 --> ErrorException: Undefined variable $employedCount
in APPPATH\Views\employer\pages\home.php on line 74.
 1 APPPATH\Views\employer\pages\home.php(74): CodeIgniter\Debug\Exceptions->errorHandler(2, 'Undefined variable $employedCount', 'C:\\laragon\\www\\citypeso\\app\\Views\\employer\\pages\\home.php', 74)
 2 SYSTEMPATH\View\View.php(228): include('C:\\laragon\\www\\citypeso\\app\\Views\\employer\\pages\\home.php')
 3 SYSTEMPATH\View\View.php(231): CodeIgniter\View\View->CodeIgniter\View\{closure}()
 4 SYSTEMPATH\Common.php(1178): CodeIgniter\View\View->render('employer/pages/home', [], true)
 5 APPPATH\Controllers\EmployerController.php(92): view('employer/pages/home', [...])
 6 SYSTEMPATH\CodeIgniter.php(941): App\Controllers\EmployerController->employerhome()
 7 SYSTEMPATH\CodeIgniter.php(502): CodeIgniter\CodeIgniter->runController(Object(App\Controllers\EmployerController))
 8 SYSTEMPATH\CodeIgniter.php(361): CodeIgniter\CodeIgniter->handleRequest(null, Object(Config\Cache), false)
 9 FCPATH\index.php(79): CodeIgniter\CodeIgniter->run()
10 SYSTEMPATH\Commands\Server\rewrite.php(47): require_once('C:\\laragon\\www\\citypeso\\public\\index.php')
CRITICAL - 2024-05-08 16:22:58 --> ErrorException: Undefined variable $employedCount
in APPPATH\Views\employer\pages\home.php on line 74.
 1 APPPATH\Views\employer\pages\home.php(74): CodeIgniter\Debug\Exceptions->errorHandler(2, 'Undefined variable $employedCount', 'C:\\laragon\\www\\citypeso\\app\\Views\\employer\\pages\\home.php', 74)
 2 SYSTEMPATH\View\View.php(228): include('C:\\laragon\\www\\citypeso\\app\\Views\\employer\\pages\\home.php')
 3 SYSTEMPATH\View\View.php(231): CodeIgniter\View\View->CodeIgniter\View\{closure}()
 4 SYSTEMPATH\Common.php(1178): CodeIgniter\View\View->render('employer/pages/home', [], true)
 5 APPPATH\Controllers\EmployerController.php(92): view('employer/pages/home', [...])
 6 SYSTEMPATH\CodeIgniter.php(941): App\Controllers\EmployerController->employerhome()
 7 SYSTEMPATH\CodeIgniter.php(502): CodeIgniter\CodeIgniter->runController(Object(App\Controllers\EmployerController))
 8 SYSTEMPATH\CodeIgniter.php(361): CodeIgniter\CodeIgniter->handleRequest(null, Object(Config\Cache), false)
 9 FCPATH\index.php(79): CodeIgniter\CodeIgniter->run()
10 SYSTEMPATH\Commands\Server\rewrite.php(47): require_once('C:\\laragon\\www\\citypeso\\public\\index.php')
CRITICAL - 2024-05-08 16:23:39 --> ErrorException: Undefined variable $employedCount
in APPPATH\Views\employer\pages\home.php on line 74.
 1 APPPATH\Views\employer\pages\home.php(74): CodeIgniter\Debug\Exceptions->errorHandler(2, 'Undefined variable $employedCount', 'C:\\laragon\\www\\citypeso\\app\\Views\\employer\\pages\\home.php', 74)
 2 SYSTEMPATH\View\View.php(228): include('C:\\laragon\\www\\citypeso\\app\\Views\\employer\\pages\\home.php')
 3 SYSTEMPATH\View\View.php(231): CodeIgniter\View\View->CodeIgniter\View\{closure}()
 4 SYSTEMPATH\Common.php(1178): CodeIgniter\View\View->render('employer/pages/home', [], true)
 5 APPPATH\Controllers\EmployerController.php(92): view('employer/pages/home', [...])
 6 SYSTEMPATH\CodeIgniter.php(941): App\Controllers\EmployerController->employerhome()
 7 SYSTEMPATH\CodeIgniter.php(502): CodeIgniter\CodeIgniter->runController(Object(App\Controllers\EmployerController))
 8 SYSTEMPATH\CodeIgniter.php(361): CodeIgniter\CodeIgniter->handleRequest(null, Object(Config\Cache), false)
 9 FCPATH\index.php(79): CodeIgniter\CodeIgniter->run()
10 SYSTEMPATH\Commands\Server\rewrite.php(47): require_once('C:\\laragon\\www\\citypeso\\public\\index.php')
CRITICAL - 2024-05-08 16:25:21 --> ErrorException: Undefined variable $employedCount
in APPPATH\Views\employer\pages\home.php on line 74.
 1 APPPATH\Views\employer\pages\home.php(74): CodeIgniter\Debug\Exceptions->errorHandler(2, 'Undefined variable $employedCount', 'C:\\laragon\\www\\citypeso\\app\\Views\\employer\\pages\\home.php', 74)
 2 SYSTEMPATH\View\View.php(228): include('C:\\laragon\\www\\citypeso\\app\\Views\\employer\\pages\\home.php')
 3 SYSTEMPATH\View\View.php(231): CodeIgniter\View\View->CodeIgniter\View\{closure}()
 4 SYSTEMPATH\Common.php(1178): CodeIgniter\View\View->render('employer/pages/home', [], true)
 5 APPPATH\Controllers\EmployerController.php(92): view('employer/pages/home', [...])
 6 SYSTEMPATH\CodeIgniter.php(941): App\Controllers\EmployerController->employerhome()
 7 SYSTEMPATH\CodeIgniter.php(502): CodeIgniter\CodeIgniter->runController(Object(App\Controllers\EmployerController))
 8 SYSTEMPATH\CodeIgniter.php(361): CodeIgniter\CodeIgniter->handleRequest(null, Object(Config\Cache), false)
 9 FCPATH\index.php(79): CodeIgniter\CodeIgniter->run()
10 SYSTEMPATH\Commands\Server\rewrite.php(47): require_once('C:\\laragon\\www\\citypeso\\public\\index.php')
CRITICAL - 2024-05-08 16:25:21 --> ErrorException: Undefined variable $employedCount
in APPPATH\Views\employer\pages\home.php on line 74.
 1 APPPATH\Views\employer\pages\home.php(74): CodeIgniter\Debug\Exceptions->errorHandler(2, 'Undefined variable $employedCount', 'C:\\laragon\\www\\citypeso\\app\\Views\\employer\\pages\\home.php', 74)
 2 SYSTEMPATH\View\View.php(228): include('C:\\laragon\\www\\citypeso\\app\\Views\\employer\\pages\\home.php')
 3 SYSTEMPATH\View\View.php(231): CodeIgniter\View\View->CodeIgniter\View\{closure}()
 4 SYSTEMPATH\Common.php(1178): CodeIgniter\View\View->render('employer/pages/home', [], true)
 5 APPPATH\Controllers\EmployerController.php(92): view('employer/pages/home', [...])
 6 SYSTEMPATH\CodeIgniter.php(941): App\Controllers\EmployerController->employerhome()
 7 SYSTEMPATH\CodeIgniter.php(502): CodeIgniter\CodeIgniter->runController(Object(App\Controllers\EmployerController))
 8 SYSTEMPATH\CodeIgniter.php(361): CodeIgniter\CodeIgniter->handleRequest(null, Object(Config\Cache), false)
 9 FCPATH\index.php(79): CodeIgniter\CodeIgniter->run()
10 SYSTEMPATH\Commands\Server\rewrite.php(47): require_once('C:\\laragon\\www\\citypeso\\public\\index.php')
CRITICAL - 2024-05-08 16:25:22 --> ErrorException: Undefined variable $employedCount
in APPPATH\Views\employer\pages\home.php on line 74.
 1 APPPATH\Views\employer\pages\home.php(74): CodeIgniter\Debug\Exceptions->errorHandler(2, 'Undefined variable $employedCount', 'C:\\laragon\\www\\citypeso\\app\\Views\\employer\\pages\\home.php', 74)
 2 SYSTEMPATH\View\View.php(228): include('C:\\laragon\\www\\citypeso\\app\\Views\\employer\\pages\\home.php')
 3 SYSTEMPATH\View\View.php(231): CodeIgniter\View\View->CodeIgniter\View\{closure}()
 4 SYSTEMPATH\Common.php(1178): CodeIgniter\View\View->render('employer/pages/home', [], true)
 5 APPPATH\Controllers\EmployerController.php(92): view('employer/pages/home', [...])
 6 SYSTEMPATH\CodeIgniter.php(941): App\Controllers\EmployerController->employerhome()
 7 SYSTEMPATH\CodeIgniter.php(502): CodeIgniter\CodeIgniter->runController(Object(App\Controllers\EmployerController))
 8 SYSTEMPATH\CodeIgniter.php(361): CodeIgniter\CodeIgniter->handleRequest(null, Object(Config\Cache), false)
 9 FCPATH\index.php(79): CodeIgniter\CodeIgniter->run()
10 SYSTEMPATH\Commands\Server\rewrite.php(47): require_once('C:\\laragon\\www\\citypeso\\public\\index.php')
CRITICAL - 2024-05-08 16:25:40 --> ErrorException: Undefined variable $employedCount
in APPPATH\Views\employer\pages\home.php on line 74.
 1 APPPATH\Views\employer\pages\home.php(74): CodeIgniter\Debug\Exceptions->errorHandler(2, 'Undefined variable $employedCount', 'C:\\laragon\\www\\citypeso\\app\\Views\\employer\\pages\\home.php', 74)
 2 SYSTEMPATH\View\View.php(228): include('C:\\laragon\\www\\citypeso\\app\\Views\\employer\\pages\\home.php')
 3 SYSTEMPATH\View\View.php(231): CodeIgniter\View\View->CodeIgniter\View\{closure}()
 4 SYSTEMPATH\Common.php(1178): CodeIgniter\View\View->render('employer/pages/home', [], true)
 5 APPPATH\Controllers\EmployerController.php(92): view('employer/pages/home', [...])
 6 SYSTEMPATH\CodeIgniter.php(941): App\Controllers\EmployerController->employerhome()
 7 SYSTEMPATH\CodeIgniter.php(502): CodeIgniter\CodeIgniter->runController(Object(App\Controllers\EmployerController))
 8 SYSTEMPATH\CodeIgniter.php(361): CodeIgniter\CodeIgniter->handleRequest(null, Object(Config\Cache), false)
 9 FCPATH\index.php(79): CodeIgniter\CodeIgniter->run()
10 SYSTEMPATH\Commands\Server\rewrite.php(47): require_once('C:\\laragon\\www\\citypeso\\public\\index.php')
CRITICAL - 2024-05-08 16:28:10 --> ErrorException: Undefined variable $employedCount
in APPPATH\Views\employer\pages\home.php on line 74.
 1 APPPATH\Views\employer\pages\home.php(74): CodeIgniter\Debug\Exceptions->errorHandler(2, 'Undefined variable $employedCount', 'C:\\laragon\\www\\citypeso\\app\\Views\\employer\\pages\\home.php', 74)
 2 SYSTEMPATH\View\View.php(228): include('C:\\laragon\\www\\citypeso\\app\\Views\\employer\\pages\\home.php')
 3 SYSTEMPATH\View\View.php(231): CodeIgniter\View\View->CodeIgniter\View\{closure}()
 4 SYSTEMPATH\Common.php(1178): CodeIgniter\View\View->render('employer/pages/home', [], true)
 5 APPPATH\Controllers\EmployerController.php(92): view('employer/pages/home', [...])
 6 SYSTEMPATH\CodeIgniter.php(941): App\Controllers\EmployerController->employerhome()
 7 SYSTEMPATH\CodeIgniter.php(502): CodeIgniter\CodeIgniter->runController(Object(App\Controllers\EmployerController))
 8 SYSTEMPATH\CodeIgniter.php(361): CodeIgniter\CodeIgniter->handleRequest(null, Object(Config\Cache), false)
 9 FCPATH\index.php(79): CodeIgniter\CodeIgniter->run()
10 SYSTEMPATH\Commands\Server\rewrite.php(47): require_once('C:\\laragon\\www\\citypeso\\public\\index.php')
CRITICAL - 2024-05-08 16:33:15 --> ErrorException: Undefined variable $employedCount
in APPPATH\Views\employer\pages\home.php on line 74.
 1 APPPATH\Views\employer\pages\home.php(74): CodeIgniter\Debug\Exceptions->errorHandler(2, 'Undefined variable $employedCount', 'C:\\laragon\\www\\citypeso\\app\\Views\\employer\\pages\\home.php', 74)
 2 SYSTEMPATH\View\View.php(228): include('C:\\laragon\\www\\citypeso\\app\\Views\\employer\\pages\\home.php')
 3 SYSTEMPATH\View\View.php(231): CodeIgniter\View\View->CodeIgniter\View\{closure}()
 4 SYSTEMPATH\Common.php(1178): CodeIgniter\View\View->render('employer/pages/home', [], true)
 5 APPPATH\Controllers\EmployerController.php(92): view('employer/pages/home', [...])
 6 SYSTEMPATH\CodeIgniter.php(941): App\Controllers\EmployerController->employerhome()
 7 SYSTEMPATH\CodeIgniter.php(502): CodeIgniter\CodeIgniter->runController(Object(App\Controllers\EmployerController))
 8 SYSTEMPATH\CodeIgniter.php(361): CodeIgniter\CodeIgniter->handleRequest(null, Object(Config\Cache), false)
 9 FCPATH\index.php(79): CodeIgniter\CodeIgniter->run()
10 SYSTEMPATH\Commands\Server\rewrite.php(47): require_once('C:\\laragon\\www\\citypeso\\public\\index.php')
